[0.049s] Invoking command in '/home/max/microros_ws4/firmware/mcu_ws/build/unique_identifier_msgs': AMENT_PREFIX_PATH=/home/max/microros_ws4/firmware/mcu_ws/install:${AMENT_PREFIX_PATH} CMAKE_PREFIX_PATH=/home/max/microros_ws4/firmware/mcu_ws/install:/home/max/microros_ws4/firmware/dev_ws/install/ament_lint_common:/home/max/microros_ws4/firmware/dev_ws/install/ament_cmake_uncrustify:/home/max/microros_ws4/firmware/dev_ws/install/uncrustify_vendor:/home/max/microros_ws4/firmware/dev_ws/install/ament_cmake_ros:/home/max/microros_ws4/firmware/dev_ws/install/ament_cmake_gmock:/home/max/microros_ws4/firmware/dev_ws/install/gmock_vendor:/home/max/microros_ws4/firmware/dev_ws/install/ament_cmake_gtest:/home/max/microros_ws4/firmware/dev_ws/install/gtest_vendor:/home/max/microros_ws4/firmware/dev_ws/install/ament_cmake_xmllint:/home/max/microros_ws4/firmware/dev_ws/install/ament_cmake_pyflakes:/home/max/microros_ws4/firmware/dev_ws/install/ament_cmake_pycodestyle:/home/max/microros_ws4/firmware/dev_ws/install/ament_cmake_pep257:/home/max/microros_ws4/firmware/dev_ws/install/ament_cmake_pclint:/home/max/microros_ws4/firmware/dev_ws/install/ament_lint_auto:/home/max/microros_ws4/firmware/dev_ws/install/ament_cmake_auto:/home/max/microros_ws4/firmware/dev_ws/install/ament_cmake:/home/max/microros_ws4/firmware/dev_ws/install/ament_cmake_version:/home/max/microros_ws4/firmware/dev_ws/install/ament_cmake_pytest:/home/max/microros_ws4/firmware/dev_ws/install/ament_cmake_nose:/home/max/microros_ws4/firmware/dev_ws/install/ament_cmake_mypy:/home/max/microros_ws4/firmware/dev_ws/install/ament_cmake_lint_cmake:/home/max/microros_ws4/firmware/dev_ws/install/ament_cmake_google_benchmark:/home/max/microros_ws4/firmware/dev_ws/install/ament_cmake_flake8:/home/max/microros_ws4/firmware/dev_ws/install/ament_cmake_cpplint:/home/max/microros_ws4/firmware/dev_ws/install/ament_cmake_cppcheck:/home/max/microros_ws4/firmware/dev_ws/install/ament_cmake_copyright:/home/max/microros_ws4/firmware/dev_ws/install/ament_cmake_clang_tidy:/home/max/microros_ws4/firmware/dev_ws/install/ament_cmake_clang_format:/home/max/microros_ws4/firmware/dev_ws/install/ament_cmake_test:/home/max/microros_ws4/firmware/dev_ws/install/ament_cmake_target_dependencies:/home/max/microros_ws4/firmware/dev_ws/install/ament_cmake_python:/home/max/microros_ws4/firmware/dev_ws/install/ament_cmake_export_dependencies:/home/max/microros_ws4/firmware/dev_ws/install/ament_cmake_libraries:/home/max/microros_ws4/firmware/dev_ws/install/ament_cmake_include_directories:/home/max/microros_ws4/firmware/dev_ws/install/ament_cmake_export_targets:/home/max/microros_ws4/firmware/dev_ws/install/ament_cmake_export_link_flags:/home/max/microros_ws4/firmware/dev_ws/install/ament_cmake_export_interfaces:/home/max/microros_ws4/firmware/dev_ws/install/ament_cmake_export_libraries:/home/max/microros_ws4/firmware/dev_ws/install/ament_cmake_export_include_directories:/home/max/microros_ws4/firmware/dev_ws/install/ament_cmake_export_definitions:/home/max/microros_ws4/firmware/dev_ws/install/ament_cmake_core:/home/max/microros_ws4/firmware/dev_ws/install/ament_index_cpp:/home/max/microros_ws4/firmware/dev_ws/install/ament_uncrustify:/home/max/microros_ws4/firmware/dev_ws/install/domain_coordinator:/home/max/microros_ws4/firmware/dev_ws/install/ament_xmllint:/home/max/microros_ws4/firmware/dev_ws/install/ament_pyflakes:/home/max/microros_ws4/firmware/dev_ws/install/ament_pycodestyle:/home/max/microros_ws4/firmware/dev_ws/install/ament_pep257:/home/max/microros_ws4/firmware/dev_ws/install/ament_pclint:/home/max/microros_ws4/firmware/dev_ws/install/ament_package:/home/max/microros_ws4/firmware/dev_ws/install/ament_mypy:/home/max/microros_ws4/firmware/dev_ws/install/ament_lint_cmake:/home/max/microros_ws4/firmware/dev_ws/install/ament_flake8:/home/max/microros_ws4/firmware/dev_ws/install/ament_copyright:/home/max/microros_ws4/firmware/dev_ws/install/ament_lint:/home/max/microros_ws4/firmware/dev_ws/install/ament_index_python:/home/max/microros_ws4/firmware/dev_ws/install/ament_cpplint:/home/max/microros_ws4/firmware/dev_ws/install/ament_cppcheck:/home/max/microros_ws4/firmware/dev_ws/install/ament_clang_tidy:/home/max/microros_ws4/firmware/dev_ws/install/ament_clang_format LD_LIBRARY_PATH=/home/max/microros_ws4/firmware/mcu_ws/install/lib:${LD_LIBRARY_PATH} PKG_CONFIG_PATH=/home/max/microros_ws4/firmware/mcu_ws/install/lib/x86_64-linux-gnu/pkgconfig:/home/max/microros_ws4/firmware/mcu_ws/install/lib/pkgconfig:${PKG_CONFIG_PATH} PYTHONPATH=/home/max/microros_ws4/firmware/mcu_ws/install/lib/python3.8/site-packages:${PYTHONPATH} /usr/bin/cmake --build /home/max/microros_ws4/firmware/mcu_ws/build/unique_identifier_msgs -- -j4 -l4
[0.076s] make[4]: Entering directory '/home/max/microros_ws4/firmware/mcu_ws/build/unique_identifier_msgs'
[0.076s] /usr/bin/cmake -S/home/max/microros_ws4/firmware/mcu_ws/ros2/unique_identifier_msgs -B/home/max/microros_ws4/firmware/mcu_ws/build/unique_identifier_msgs --check-build-system CMakeFiles/Makefile.cmake 0
[0.081s] Re-run cmake file: Makefile older than: /home/max/microros_ws4/firmware/mcu_ws/install/share/rosidl_typesupport_c/cmake/rosidl_typesupport_cExport-debug.cmake
[0.086s] -- Found ament_cmake: 0.9.11 (/home/max/microros_ws4/firmware/dev_ws/install/ament_cmake/share/ament_cmake/cmake)
[0.105s] -- Found PythonInterp: /home/max/microros_ws4/firmware/toolchain/espressif/python_env/idf4.1_py3.8_env/bin/python3 (found suitable version "3.8.10", minimum required is "3") 
[0.105s] -- Using PYTHON_EXECUTABLE: /home/max/microros_ws4/firmware/toolchain/espressif/python_env/idf4.1_py3.8_env/bin/python3
[0.257s] -- Found rosidl_default_generators: 1.0.1 (/home/max/microros_ws4/firmware/mcu_ws/install/share/rosidl_default_generators/cmake)
[0.270s] -- Using single rosidl_typesupport_c: rosidl_typesupport_microxrcedds_c
[0.274s] -- Found rosidl_adapter: 1.3.0 (/home/max/microros_ws4/firmware/mcu_ws/install/share/rosidl_adapter/cmake)
[0.291s] CMake Warning at /home/max/microros_ws4/firmware/mcu_ws/install/share/rcutils/cmake/ament_cmake_export_libraries-extras.cmake:116 (message):
[0.291s]   Package 'rcutils' exports library 'dl' which couldn't be found
[0.292s] Call Stack (most recent call first):
[0.292s]   /home/max/microros_ws4/firmware/mcu_ws/install/share/rcutils/cmake/rcutilsConfig.cmake:41 (include)
[0.292s]   /home/max/microros_ws4/firmware/mcu_ws/install/share/rmw/cmake/ament_cmake_export_dependencies-extras.cmake:21 (find_package)
[0.292s]   /home/max/microros_ws4/firmware/mcu_ws/install/share/rmw/cmake/rmwConfig.cmake:41 (include)
[0.292s]   /home/max/microros_ws4/firmware/mcu_ws/install/share/rosidl_typesupport_microxrcedds_c/cmake/ament_cmake_export_dependencies-extras.cmake:21 (find_package)
[0.292s]   /home/max/microros_ws4/firmware/mcu_ws/install/share/rosidl_typesupport_microxrcedds_c/cmake/rosidl_typesupport_microxrcedds_cConfig.cmake:41 (include)
[0.292s]   /home/max/microros_ws4/firmware/mcu_ws/install/share/rosidl_typesupport_c/cmake/rosidl_typesupport_c-extras.cmake:13 (find_package)
[0.292s]   /home/max/microros_ws4/firmware/mcu_ws/install/share/rosidl_typesupport_c/cmake/rosidl_typesupport_cConfig.cmake:41 (include)
[0.292s]   /home/max/microros_ws4/firmware/mcu_ws/install/share/rosidl_default_generators/cmake/rosidl_default_generators-extras.cmake:21 (find_package)
[0.292s]   /home/max/microros_ws4/firmware/mcu_ws/install/share/rosidl_default_generators/cmake/rosidl_default_generatorsConfig.cmake:41 (include)
[0.292s]   CMakeLists.txt:15 (find_package)
[0.292s] 
[0.292s] 
[0.334s] -- Found PythonInterp: /home/max/microros_ws4/firmware/toolchain/espressif/python_env/idf4.1_py3.8_env/bin/python3 (found version "3.8.10") 
[0.476s] -- Found ament_cmake_ros: 0.9.2 (/home/max/microros_ws4/firmware/dev_ws/install/ament_cmake_ros/share/ament_cmake_ros/cmake)
[0.488s] -- Using single rosidl_typesupport_c: rosidl_typesupport_microxrcedds_c
[0.496s] -- Configuring done
[0.510s] -- Generating done
[0.512s] -- Build files have been written to: /home/max/microros_ws4/firmware/mcu_ws/build/unique_identifier_msgs
[0.517s] /usr/bin/cmake -E cmake_progress_start /home/max/microros_ws4/firmware/mcu_ws/build/unique_identifier_msgs/CMakeFiles /home/max/microros_ws4/firmware/mcu_ws/build/unique_identifier_msgs/CMakeFiles/progress.marks
[0.526s] /usr/bin/make -f CMakeFiles/Makefile2 all
[0.528s] make[5]: Entering directory '/home/max/microros_ws4/firmware/mcu_ws/build/unique_identifier_msgs'
[0.528s] /usr/bin/make -f CMakeFiles/unique_identifier_msgs__rosidl_generator_c.dir/build.make CMakeFiles/unique_identifier_msgs__rosidl_generator_c.dir/depend
[0.529s] make[6]: Entering directory '/home/max/microros_ws4/firmware/mcu_ws/build/unique_identifier_msgs'
[0.529s] cd /home/max/microros_ws4/firmware/mcu_ws/build/unique_identifier_msgs && /usr/bin/cmake -E cmake_depends "Unix Makefiles" /home/max/microros_ws4/firmware/mcu_ws/ros2/unique_identifier_msgs /home/max/microros_ws4/firmware/mcu_ws/ros2/unique_identifier_msgs /home/max/microros_ws4/firmware/mcu_ws/build/unique_identifier_msgs /home/max/microros_ws4/firmware/mcu_ws/build/unique_identifier_msgs /home/max/microros_ws4/firmware/mcu_ws/build/unique_identifier_msgs/CMakeFiles/unique_identifier_msgs__rosidl_generator_c.dir/DependInfo.cmake --color=
[0.539s] Dependee "/home/max/microros_ws4/firmware/freertos_apps/microros_esp32_extensions/build/config/sdkconfig.h" is newer than depender "CMakeFiles/unique_identifier_msgs__rosidl_generator_c.dir/rosidl_generator_c/unique_identifier_msgs/msg/detail/uuid__functions.c.obj".
[0.539s] Clearing dependencies in "/home/max/microros_ws4/firmware/mcu_ws/build/unique_identifier_msgs/CMakeFiles/unique_identifier_msgs__rosidl_generator_c.dir/depend.make".
[0.539s] [35m[1mScanning dependencies of target unique_identifier_msgs__rosidl_generator_c[0m
[0.543s] make[6]: Leaving directory '/home/max/microros_ws4/firmware/mcu_ws/build/unique_identifier_msgs'
[0.543s] /usr/bin/make -f CMakeFiles/unique_identifier_msgs__rosidl_generator_c.dir/build.make CMakeFiles/unique_identifier_msgs__rosidl_generator_c.dir/build
[0.545s] make[6]: Entering directory '/home/max/microros_ws4/firmware/mcu_ws/build/unique_identifier_msgs'
[0.554s] [ 11%] [32mBuilding C object CMakeFiles/unique_identifier_msgs__rosidl_generator_c.dir/rosidl_generator_c/unique_identifier_msgs/msg/detail/uuid__functions.c.obj[0m
[0.557s] /home/max/microros_ws4/firmware/toolchain/espressif/tools/xtensa-esp32-elf/esp-2020r2-8.2.0/xtensa-esp32-elf/bin/xtensa-esp32-elf-gcc -DLWIP_IPV4 -DLWIP_IPV6 -DROS_PACKAGE_NAME=\"unique_identifier_msgs\" -I/home/max/microros_ws4/firmware/freertos_apps/microros_esp32_extensions/build/config -I/home/max/microros_ws4/firmware/toolchain/esp-idf/components/newlib/platform_include -I/home/max/microros_ws4/firmware/toolchain/esp-idf/components/protocomm/include -I/home/max/microros_ws4/firmware/toolchain/esp-idf/components/esp_rom/include -I/home/max/microros_ws4/firmware/toolchain/esp-idf/components/driver/include -I/home/max/microros_ws4/firmware/toolchain/esp-idf/components/wear_levelling/include -I/home/max/microros_ws4/firmware/toolchain/esp-idf/components/vfs/include -I/home/max/microros_ws4/firmware/toolchain/esp-idf/components/log/include -I/home/max/microros_ws4/firmware/toolchain/esp-idf/components/freertos/include -I/home/max/microros_ws4/firmware/toolchain/esp-idf/components/wifi_provisioning/include -I/home/max/microros_ws4/firmware/toolchain/esp-idf/components/pthread/include -I/home/max/microros_ws4/firmware/toolchain/esp-idf/components/libsodium/libsodium/src/libsodium/include -I/home/max/microros_ws4/firmware/toolchain/esp-idf/components/coap/port/include -I/home/max/microros_ws4/firmware/toolchain/esp-idf/components/coap/libcoap/include -I/home/max/microros_ws4/firmware/toolchain/esp-idf/components/tcp_transport/include -I/home/max/microros_ws4/firmware/toolchain/esp-idf/components/unity/include -I/home/max/microros_ws4/firmware/toolchain/esp-idf/components/esp32/include -I/home/max/microros_ws4/firmware/toolchain/esp-idf/components/asio/port/include -I/home/max/microros_ws4/firmware/toolchain/esp-idf/components/asio/asio/asio/include -I/home/max/microros_ws4/firmware/toolchain/esp-idf/components/app_update/include -I/home/max/microros_ws4/firmware/toolchain/esp-idf/components/esp_ringbuf/include -I/home/max/microros_ws4/firmware/toolchain/esp-idf/components/soc/esp32/include -I/home/max/microros_ws4/firmware/toolchain/esp-idf/components/soc/include -I/home/max/microros_ws4/firmware/toolchain/esp-idf/components/efuse/test/include -I/home/max/microros_ws4/firmware/toolchain/esp-idf/components/efuse/esp32/include -I/home/max/microros_ws4/firmware/toolchain/esp-idf/components/efuse/include -I/home/max/microros_ws4/firmware/toolchain/esp-idf/components/mbedtls/port/include -I/home/max/microros_ws4/firmware/toolchain/esp-idf/components/mbedtls/mbedtls/include -I/home/max/microros_ws4/firmware/toolchain/esp-idf/components/xtensa/esp32/include -I/home/max/microros_ws4/firmware/toolchain/esp-idf/components/xtensa/include -I/home/max/microros_ws4/firmware/toolchain/esp-idf/components/app_trace/include -I/home/max/microros_ws4/firmware/toolchain/esp-idf/components/nvs_flash/include -I/home/max/microros_ws4/firmware/toolchain/esp-idf/components/jsmn/include -I/home/max/microros_ws4/firmware/toolchain/esp-idf/components/esp_eth/include -I/home/max/microros_ws4/firmware/toolchain/esp-idf/components/spiffs/include -I/home/max/microros_ws4/firmware/toolchain/esp-idf/components/ulp/include -I/home/max/microros_ws4/firmware/toolchain/esp-idf/components/mdns/include -I/home/max/microros_ws4/firmware/toolchain/esp-idf/components/freemodbus/modbus/include -I/home/max/microros_ws4/firmware/toolchain/esp-idf/components/freemodbus/common/include -I/home/max/microros_ws4/firmware/toolchain/esp-idf/components/esp_event/include -I/home/max/microros_ws4/firmware/toolchain/esp-idf/components/expat/port/include -I/home/max/microros_ws4/firmware/toolchain/esp-idf/components/bootloader_support/include -I/home/max/microros_ws4/firmware/toolchain/esp-idf/components/heap/include -I/home/max/microros_ws4/firmware/toolchain/esp-idf/components/wpa_supplicant/port/include -I/home/max/microros_ws4/firmware/toolchain/esp-idf/components/wpa_supplicant/include -I/home/max/microros_ws4/firmware/toolchain/esp-idf/components/tcpip_adapter/include -I/home/max/microros_ws4/firmware/toolchain/esp-idf/components/openssl/include -I/home/max/microros_ws4/firmware/toolchain/esp-idf/components/sdmmc/include -I/home/max/microros_ws4/firmware/toolchain/esp-idf/components/esp_local_ctrl/include -I/home/max/microros_ws4/firmware/toolchain/esp-idf/components/esp_common/include -I/home/max/microros_ws4/firmware/toolchain/esp-idf/components/lwip/lwip/src/include/lwip/apps -I/home/max/microros_ws4/firmware/toolchain/esp-idf/components/lwip/lwip/src/include/compat/posix -I/home/max/microros_ws4/firmware/toolchain/esp-idf/components/lwip/lwip/src/include -I/home/max/microros_ws4/firmware/toolchain/esp-idf/components/lwip/port/esp32/include -I/home/max/microros_ws4/firmware/mcu_ws/build/unique_identifier_msgs/rosidl_generator_c -isystem /home/max/microros_ws4/firmware/mcu_ws/install/include -isystem /home/max/microros_ws4/firmware/mcu_ws/install/share/tinydir_vendor/cmake/../../../include  -mlongcalls -Wno-frame-address -mlongcalls -Wno-frame-address -g   -Wall -std=gnu11 -o CMakeFiles/unique_identifier_msgs__rosidl_generator_c.dir/rosidl_generator_c/unique_identifier_msgs/msg/detail/uuid__functions.c.obj   -c /home/max/microros_ws4/firmware/mcu_ws/build/unique_identifier_msgs/rosidl_generator_c/unique_identifier_msgs/msg/detail/uuid__functions.c
[0.603s] [ 22%] [32m[1mLinking C static library libunique_identifier_msgs__rosidl_generator_c.a[0m
[0.604s] /usr/bin/cmake -P CMakeFiles/unique_identifier_msgs__rosidl_generator_c.dir/cmake_clean_target.cmake
[0.622s] /usr/bin/cmake -E cmake_link_script CMakeFiles/unique_identifier_msgs__rosidl_generator_c.dir/link.txt --verbose=1
[0.630s] /home/max/microros_ws4/firmware/toolchain/espressif/tools/xtensa-esp32-elf/esp-2020r2-8.2.0/xtensa-esp32-elf/bin/xtensa-esp32-elf-ar qc libunique_identifier_msgs__rosidl_generator_c.a  CMakeFiles/unique_identifier_msgs__rosidl_generator_c.dir/rosidl_generator_c/unique_identifier_msgs/msg/detail/uuid__functions.c.obj
[0.639s] /home/max/microros_ws4/firmware/toolchain/espressif/tools/xtensa-esp32-elf/esp-2020r2-8.2.0/xtensa-esp32-elf/bin/xtensa-esp32-elf-ranlib libunique_identifier_msgs__rosidl_generator_c.a
[0.649s] make[6]: Leaving directory '/home/max/microros_ws4/firmware/mcu_ws/build/unique_identifier_msgs'
[0.665s] [ 33%] Built target unique_identifier_msgs__rosidl_generator_c
[0.666s] /usr/bin/make -f CMakeFiles/unique_identifier_msgs__rosidl_typesupport_microxrcedds_c.dir/build.make CMakeFiles/unique_identifier_msgs__rosidl_typesupport_microxrcedds_c.dir/depend
[0.668s] make[6]: Entering directory '/home/max/microros_ws4/firmware/mcu_ws/build/unique_identifier_msgs'
[0.668s] cd /home/max/microros_ws4/firmware/mcu_ws/build/unique_identifier_msgs && /usr/bin/cmake -E cmake_depends "Unix Makefiles" /home/max/microros_ws4/firmware/mcu_ws/ros2/unique_identifier_msgs /home/max/microros_ws4/firmware/mcu_ws/ros2/unique_identifier_msgs /home/max/microros_ws4/firmware/mcu_ws/build/unique_identifier_msgs /home/max/microros_ws4/firmware/mcu_ws/build/unique_identifier_msgs /home/max/microros_ws4/firmware/mcu_ws/build/unique_identifier_msgs/CMakeFiles/unique_identifier_msgs__rosidl_typesupport_microxrcedds_c.dir/DependInfo.cmake --color=
[0.678s] make[6]: Leaving directory '/home/max/microros_ws4/firmware/mcu_ws/build/unique_identifier_msgs'
[0.678s] /usr/bin/make -f CMakeFiles/unique_identifier_msgs__rosidl_typesupport_microxrcedds_c.dir/build.make CMakeFiles/unique_identifier_msgs__rosidl_typesupport_microxrcedds_c.dir/build
[0.679s] make[6]: Entering directory '/home/max/microros_ws4/firmware/mcu_ws/build/unique_identifier_msgs'
[0.680s] make[6]: Nothing to be done for 'CMakeFiles/unique_identifier_msgs__rosidl_typesupport_microxrcedds_c.dir/build'.
[0.680s] make[6]: Leaving directory '/home/max/microros_ws4/firmware/mcu_ws/build/unique_identifier_msgs'
[0.688s] [ 66%] Built target unique_identifier_msgs__rosidl_typesupport_microxrcedds_c
[0.689s] /usr/bin/make -f CMakeFiles/unique_identifier_msgs__rosidl_typesupport_c.dir/build.make CMakeFiles/unique_identifier_msgs__rosidl_typesupport_c.dir/depend
[0.691s] make[6]: Entering directory '/home/max/microros_ws4/firmware/mcu_ws/build/unique_identifier_msgs'
[0.691s] cd /home/max/microros_ws4/firmware/mcu_ws/build/unique_identifier_msgs && /usr/bin/cmake -E cmake_depends "Unix Makefiles" /home/max/microros_ws4/firmware/mcu_ws/ros2/unique_identifier_msgs /home/max/microros_ws4/firmware/mcu_ws/ros2/unique_identifier_msgs /home/max/microros_ws4/firmware/mcu_ws/build/unique_identifier_msgs /home/max/microros_ws4/firmware/mcu_ws/build/unique_identifier_msgs /home/max/microros_ws4/firmware/mcu_ws/build/unique_identifier_msgs/CMakeFiles/unique_identifier_msgs__rosidl_typesupport_c.dir/DependInfo.cmake --color=
[0.700s] make[6]: Leaving directory '/home/max/microros_ws4/firmware/mcu_ws/build/unique_identifier_msgs'
[0.700s] /usr/bin/make -f CMakeFiles/unique_identifier_msgs__rosidl_typesupport_c.dir/build.make CMakeFiles/unique_identifier_msgs__rosidl_typesupport_c.dir/build
[0.702s] make[6]: Entering directory '/home/max/microros_ws4/firmware/mcu_ws/build/unique_identifier_msgs'
[0.702s] make[6]: Nothing to be done for 'CMakeFiles/unique_identifier_msgs__rosidl_typesupport_c.dir/build'.
[0.702s] make[6]: Leaving directory '/home/max/microros_ws4/firmware/mcu_ws/build/unique_identifier_msgs'
[0.710s] [100%] Built target unique_identifier_msgs__rosidl_typesupport_c
[0.711s] /usr/bin/make -f CMakeFiles/unique_identifier_msgs.dir/build.make CMakeFiles/unique_identifier_msgs.dir/depend
[0.712s] make[6]: Entering directory '/home/max/microros_ws4/firmware/mcu_ws/build/unique_identifier_msgs'
[0.712s] cd /home/max/microros_ws4/firmware/mcu_ws/build/unique_identifier_msgs && /usr/bin/cmake -E cmake_depends "Unix Makefiles" /home/max/microros_ws4/firmware/mcu_ws/ros2/unique_identifier_msgs /home/max/microros_ws4/firmware/mcu_ws/ros2/unique_identifier_msgs /home/max/microros_ws4/firmware/mcu_ws/build/unique_identifier_msgs /home/max/microros_ws4/firmware/mcu_ws/build/unique_identifier_msgs /home/max/microros_ws4/firmware/mcu_ws/build/unique_identifier_msgs/CMakeFiles/unique_identifier_msgs.dir/DependInfo.cmake --color=
[0.721s] make[6]: Leaving directory '/home/max/microros_ws4/firmware/mcu_ws/build/unique_identifier_msgs'
[0.721s] /usr/bin/make -f CMakeFiles/unique_identifier_msgs.dir/build.make CMakeFiles/unique_identifier_msgs.dir/build
[0.722s] make[6]: Entering directory '/home/max/microros_ws4/firmware/mcu_ws/build/unique_identifier_msgs'
[0.722s] make[6]: Nothing to be done for 'CMakeFiles/unique_identifier_msgs.dir/build'.
[0.722s] make[6]: Leaving directory '/home/max/microros_ws4/firmware/mcu_ws/build/unique_identifier_msgs'
[0.729s] [100%] Built target unique_identifier_msgs
[0.730s] make[5]: Leaving directory '/home/max/microros_ws4/firmware/mcu_ws/build/unique_identifier_msgs'
[0.730s] /usr/bin/cmake -E cmake_progress_start /home/max/microros_ws4/firmware/mcu_ws/build/unique_identifier_msgs/CMakeFiles 0
[0.750s] make[4]: Leaving directory '/home/max/microros_ws4/firmware/mcu_ws/build/unique_identifier_msgs'
[0.756s] Invoked command in '/home/max/microros_ws4/firmware/mcu_ws/build/unique_identifier_msgs' returned '0': AMENT_PREFIX_PATH=/home/max/microros_ws4/firmware/mcu_ws/install:${AMENT_PREFIX_PATH} CMAKE_PREFIX_PATH=/home/max/microros_ws4/firmware/mcu_ws/install:/home/max/microros_ws4/firmware/dev_ws/install/ament_lint_common:/home/max/microros_ws4/firmware/dev_ws/install/ament_cmake_uncrustify:/home/max/microros_ws4/firmware/dev_ws/install/uncrustify_vendor:/home/max/microros_ws4/firmware/dev_ws/install/ament_cmake_ros:/home/max/microros_ws4/firmware/dev_ws/install/ament_cmake_gmock:/home/max/microros_ws4/firmware/dev_ws/install/gmock_vendor:/home/max/microros_ws4/firmware/dev_ws/install/ament_cmake_gtest:/home/max/microros_ws4/firmware/dev_ws/install/gtest_vendor:/home/max/microros_ws4/firmware/dev_ws/install/ament_cmake_xmllint:/home/max/microros_ws4/firmware/dev_ws/install/ament_cmake_pyflakes:/home/max/microros_ws4/firmware/dev_ws/install/ament_cmake_pycodestyle:/home/max/microros_ws4/firmware/dev_ws/install/ament_cmake_pep257:/home/max/microros_ws4/firmware/dev_ws/install/ament_cmake_pclint:/home/max/microros_ws4/firmware/dev_ws/install/ament_lint_auto:/home/max/microros_ws4/firmware/dev_ws/install/ament_cmake_auto:/home/max/microros_ws4/firmware/dev_ws/install/ament_cmake:/home/max/microros_ws4/firmware/dev_ws/install/ament_cmake_version:/home/max/microros_ws4/firmware/dev_ws/install/ament_cmake_pytest:/home/max/microros_ws4/firmware/dev_ws/install/ament_cmake_nose:/home/max/microros_ws4/firmware/dev_ws/install/ament_cmake_mypy:/home/max/microros_ws4/firmware/dev_ws/install/ament_cmake_lint_cmake:/home/max/microros_ws4/firmware/dev_ws/install/ament_cmake_google_benchmark:/home/max/microros_ws4/firmware/dev_ws/install/ament_cmake_flake8:/home/max/microros_ws4/firmware/dev_ws/install/ament_cmake_cpplint:/home/max/microros_ws4/firmware/dev_ws/install/ament_cmake_cppcheck:/home/max/microros_ws4/firmware/dev_ws/install/ament_cmake_copyright:/home/max/microros_ws4/firmware/dev_ws/install/ament_cmake_clang_tidy:/home/max/microros_ws4/firmware/dev_ws/install/ament_cmake_clang_format:/home/max/microros_ws4/firmware/dev_ws/install/ament_cmake_test:/home/max/microros_ws4/firmware/dev_ws/install/ament_cmake_target_dependencies:/home/max/microros_ws4/firmware/dev_ws/install/ament_cmake_python:/home/max/microros_ws4/firmware/dev_ws/install/ament_cmake_export_dependencies:/home/max/microros_ws4/firmware/dev_ws/install/ament_cmake_libraries:/home/max/microros_ws4/firmware/dev_ws/install/ament_cmake_include_directories:/home/max/microros_ws4/firmware/dev_ws/install/ament_cmake_export_targets:/home/max/microros_ws4/firmware/dev_ws/install/ament_cmake_export_link_flags:/home/max/microros_ws4/firmware/dev_ws/install/ament_cmake_export_interfaces:/home/max/microros_ws4/firmware/dev_ws/install/ament_cmake_export_libraries:/home/max/microros_ws4/firmware/dev_ws/install/ament_cmake_export_include_directories:/home/max/microros_ws4/firmware/dev_ws/install/ament_cmake_export_definitions:/home/max/microros_ws4/firmware/dev_ws/install/ament_cmake_core:/home/max/microros_ws4/firmware/dev_ws/install/ament_index_cpp:/home/max/microros_ws4/firmware/dev_ws/install/ament_uncrustify:/home/max/microros_ws4/firmware/dev_ws/install/domain_coordinator:/home/max/microros_ws4/firmware/dev_ws/install/ament_xmllint:/home/max/microros_ws4/firmware/dev_ws/install/ament_pyflakes:/home/max/microros_ws4/firmware/dev_ws/install/ament_pycodestyle:/home/max/microros_ws4/firmware/dev_ws/install/ament_pep257:/home/max/microros_ws4/firmware/dev_ws/install/ament_pclint:/home/max/microros_ws4/firmware/dev_ws/install/ament_package:/home/max/microros_ws4/firmware/dev_ws/install/ament_mypy:/home/max/microros_ws4/firmware/dev_ws/install/ament_lint_cmake:/home/max/microros_ws4/firmware/dev_ws/install/ament_flake8:/home/max/microros_ws4/firmware/dev_ws/install/ament_copyright:/home/max/microros_ws4/firmware/dev_ws/install/ament_lint:/home/max/microros_ws4/firmware/dev_ws/install/ament_index_python:/home/max/microros_ws4/firmware/dev_ws/install/ament_cpplint:/home/max/microros_ws4/firmware/dev_ws/install/ament_cppcheck:/home/max/microros_ws4/firmware/dev_ws/install/ament_clang_tidy:/home/max/microros_ws4/firmware/dev_ws/install/ament_clang_format LD_LIBRARY_PATH=/home/max/microros_ws4/firmware/mcu_ws/install/lib:${LD_LIBRARY_PATH} PKG_CONFIG_PATH=/home/max/microros_ws4/firmware/mcu_ws/install/lib/x86_64-linux-gnu/pkgconfig:/home/max/microros_ws4/firmware/mcu_ws/install/lib/pkgconfig:${PKG_CONFIG_PATH} PYTHONPATH=/home/max/microros_ws4/firmware/mcu_ws/install/lib/python3.8/site-packages:${PYTHONPATH} /usr/bin/cmake --build /home/max/microros_ws4/firmware/mcu_ws/build/unique_identifier_msgs -- -j4 -l4
[0.824s] Invoking command in '/home/max/microros_ws4/firmware/mcu_ws/build/unique_identifier_msgs': AMENT_PREFIX_PATH=/home/max/microros_ws4/firmware/mcu_ws/install:${AMENT_PREFIX_PATH} CMAKE_PREFIX_PATH=/home/max/microros_ws4/firmware/mcu_ws/install:/home/max/microros_ws4/firmware/dev_ws/install/ament_lint_common:/home/max/microros_ws4/firmware/dev_ws/install/ament_cmake_uncrustify:/home/max/microros_ws4/firmware/dev_ws/install/uncrustify_vendor:/home/max/microros_ws4/firmware/dev_ws/install/ament_cmake_ros:/home/max/microros_ws4/firmware/dev_ws/install/ament_cmake_gmock:/home/max/microros_ws4/firmware/dev_ws/install/gmock_vendor:/home/max/microros_ws4/firmware/dev_ws/install/ament_cmake_gtest:/home/max/microros_ws4/firmware/dev_ws/install/gtest_vendor:/home/max/microros_ws4/firmware/dev_ws/install/ament_cmake_xmllint:/home/max/microros_ws4/firmware/dev_ws/install/ament_cmake_pyflakes:/home/max/microros_ws4/firmware/dev_ws/install/ament_cmake_pycodestyle:/home/max/microros_ws4/firmware/dev_ws/install/ament_cmake_pep257:/home/max/microros_ws4/firmware/dev_ws/install/ament_cmake_pclint:/home/max/microros_ws4/firmware/dev_ws/install/ament_lint_auto:/home/max/microros_ws4/firmware/dev_ws/install/ament_cmake_auto:/home/max/microros_ws4/firmware/dev_ws/install/ament_cmake:/home/max/microros_ws4/firmware/dev_ws/install/ament_cmake_version:/home/max/microros_ws4/firmware/dev_ws/install/ament_cmake_pytest:/home/max/microros_ws4/firmware/dev_ws/install/ament_cmake_nose:/home/max/microros_ws4/firmware/dev_ws/install/ament_cmake_mypy:/home/max/microros_ws4/firmware/dev_ws/install/ament_cmake_lint_cmake:/home/max/microros_ws4/firmware/dev_ws/install/ament_cmake_google_benchmark:/home/max/microros_ws4/firmware/dev_ws/install/ament_cmake_flake8:/home/max/microros_ws4/firmware/dev_ws/install/ament_cmake_cpplint:/home/max/microros_ws4/firmware/dev_ws/install/ament_cmake_cppcheck:/home/max/microros_ws4/firmware/dev_ws/install/ament_cmake_copyright:/home/max/microros_ws4/firmware/dev_ws/install/ament_cmake_clang_tidy:/home/max/microros_ws4/firmware/dev_ws/install/ament_cmake_clang_format:/home/max/microros_ws4/firmware/dev_ws/install/ament_cmake_test:/home/max/microros_ws4/firmware/dev_ws/install/ament_cmake_target_dependencies:/home/max/microros_ws4/firmware/dev_ws/install/ament_cmake_python:/home/max/microros_ws4/firmware/dev_ws/install/ament_cmake_export_dependencies:/home/max/microros_ws4/firmware/dev_ws/install/ament_cmake_libraries:/home/max/microros_ws4/firmware/dev_ws/install/ament_cmake_include_directories:/home/max/microros_ws4/firmware/dev_ws/install/ament_cmake_export_targets:/home/max/microros_ws4/firmware/dev_ws/install/ament_cmake_export_link_flags:/home/max/microros_ws4/firmware/dev_ws/install/ament_cmake_export_interfaces:/home/max/microros_ws4/firmware/dev_ws/install/ament_cmake_export_libraries:/home/max/microros_ws4/firmware/dev_ws/install/ament_cmake_export_include_directories:/home/max/microros_ws4/firmware/dev_ws/install/ament_cmake_export_definitions:/home/max/microros_ws4/firmware/dev_ws/install/ament_cmake_core:/home/max/microros_ws4/firmware/dev_ws/install/ament_index_cpp:/home/max/microros_ws4/firmware/dev_ws/install/ament_uncrustify:/home/max/microros_ws4/firmware/dev_ws/install/domain_coordinator:/home/max/microros_ws4/firmware/dev_ws/install/ament_xmllint:/home/max/microros_ws4/firmware/dev_ws/install/ament_pyflakes:/home/max/microros_ws4/firmware/dev_ws/install/ament_pycodestyle:/home/max/microros_ws4/firmware/dev_ws/install/ament_pep257:/home/max/microros_ws4/firmware/dev_ws/install/ament_pclint:/home/max/microros_ws4/firmware/dev_ws/install/ament_package:/home/max/microros_ws4/firmware/dev_ws/install/ament_mypy:/home/max/microros_ws4/firmware/dev_ws/install/ament_lint_cmake:/home/max/microros_ws4/firmware/dev_ws/install/ament_flake8:/home/max/microros_ws4/firmware/dev_ws/install/ament_copyright:/home/max/microros_ws4/firmware/dev_ws/install/ament_lint:/home/max/microros_ws4/firmware/dev_ws/install/ament_index_python:/home/max/microros_ws4/firmware/dev_ws/install/ament_cpplint:/home/max/microros_ws4/firmware/dev_ws/install/ament_cppcheck:/home/max/microros_ws4/firmware/dev_ws/install/ament_clang_tidy:/home/max/microros_ws4/firmware/dev_ws/install/ament_clang_format LD_LIBRARY_PATH=/home/max/microros_ws4/firmware/mcu_ws/install/lib:${LD_LIBRARY_PATH} PKG_CONFIG_PATH=/home/max/microros_ws4/firmware/mcu_ws/install/lib/x86_64-linux-gnu/pkgconfig:/home/max/microros_ws4/firmware/mcu_ws/install/lib/pkgconfig:${PKG_CONFIG_PATH} PYTHONPATH=/home/max/microros_ws4/firmware/mcu_ws/install/lib/python3.8/site-packages:${PYTHONPATH} /usr/bin/cmake --install /home/max/microros_ws4/firmware/mcu_ws/build/unique_identifier_msgs
[0.840s] -- Install configuration: "Debug"
[0.840s] -- Up-to-date: /home/max/microros_ws4/firmware/mcu_ws/install/share/ament_index/resource_index/rosidl_interfaces/unique_identifier_msgs
[0.840s] -- Up-to-date: /home/max/microros_ws4/firmware/mcu_ws/install/include/unique_identifier_msgs
[0.841s] -- Up-to-date: /home/max/microros_ws4/firmware/mcu_ws/install/include/unique_identifier_msgs/msg
[0.841s] -- Up-to-date: /home/max/microros_ws4/firmware/mcu_ws/install/include/unique_identifier_msgs/msg/detail
[0.841s] -- Up-to-date: /home/max/microros_ws4/firmware/mcu_ws/install/include/unique_identifier_msgs/msg/detail/uuid__type_support.h
[0.841s] -- Up-to-date: /home/max/microros_ws4/firmware/mcu_ws/install/include/unique_identifier_msgs/msg/detail/uuid__functions.h
[0.841s] -- Up-to-date: /home/max/microros_ws4/firmware/mcu_ws/install/include/unique_identifier_msgs/msg/detail/uuid__functions.c
[0.841s] -- Up-to-date: /home/max/microros_ws4/firmware/mcu_ws/install/include/unique_identifier_msgs/msg/detail/uuid__struct.h
[0.841s] -- Up-to-date: /home/max/microros_ws4/firmware/mcu_ws/install/include/unique_identifier_msgs/msg/uuid.h
[0.841s] -- Up-to-date: /home/max/microros_ws4/firmware/mcu_ws/install/include/unique_identifier_msgs/msg/rosidl_generator_c__visibility_control.h
[0.842s] -- Up-to-date: /home/max/microros_ws4/firmware/mcu_ws/install/share/unique_identifier_msgs/environment/library_path.sh
[0.842s] -- Installing: /home/max/microros_ws4/firmware/mcu_ws/install/share/unique_identifier_msgs/environment/library_path.dsv
[0.842s] -- Installing: /home/max/microros_ws4/firmware/mcu_ws/install/lib/libunique_identifier_msgs__rosidl_generator_c.a
[0.842s] -- Up-to-date: /home/max/microros_ws4/firmware/mcu_ws/install/include/unique_identifier_msgs
[0.843s] -- Up-to-date: /home/max/microros_ws4/firmware/mcu_ws/install/include/unique_identifier_msgs/msg
[0.843s] -- Up-to-date: /home/max/microros_ws4/firmware/mcu_ws/install/include/unique_identifier_msgs/msg/detail
[0.843s] -- Up-to-date: /home/max/microros_ws4/firmware/mcu_ws/install/include/unique_identifier_msgs/msg/detail/uuid__rosidl_typesupport_microxrcedds_c.h
[0.843s] -- Up-to-date: /home/max/microros_ws4/firmware/mcu_ws/install/include/unique_identifier_msgs/msg/detail/microxrcedds
[0.843s] -- Up-to-date: /home/max/microros_ws4/firmware/mcu_ws/install/include/unique_identifier_msgs/msg/rosidl_typesupport_microxrcedds_c__visibility_control.h
[0.843s] -- Up-to-date: /home/max/microros_ws4/firmware/mcu_ws/install/lib/libunique_identifier_msgs__rosidl_typesupport_microxrcedds_c.a
[0.843s] -- Up-to-date: /home/max/microros_ws4/firmware/mcu_ws/install/lib/libunique_identifier_msgs__rosidl_typesupport_c.a
[0.843s] -- Up-to-date: /home/max/microros_ws4/firmware/mcu_ws/install/lib/libunique_identifier_msgs__rosidl_typesupport_microxrcedds_c.a
[0.844s] -- Up-to-date: /home/max/microros_ws4/firmware/mcu_ws/install/share/unique_identifier_msgs/msg/UUID.idl
[0.844s] -- Up-to-date: /home/max/microros_ws4/firmware/mcu_ws/install/share/unique_identifier_msgs/msg/UUID.msg
[0.844s] -- Up-to-date: /home/max/microros_ws4/firmware/mcu_ws/install/share/ament_index/resource_index/package_run_dependencies/unique_identifier_msgs
[0.844s] -- Up-to-date: /home/max/microros_ws4/firmware/mcu_ws/install/share/ament_index/resource_index/parent_prefix_path/unique_identifier_msgs
[0.844s] -- Up-to-date: /home/max/microros_ws4/firmware/mcu_ws/install/share/unique_identifier_msgs/environment/ament_prefix_path.sh
[0.844s] -- Installing: /home/max/microros_ws4/firmware/mcu_ws/install/share/unique_identifier_msgs/environment/ament_prefix_path.dsv
[0.845s] -- Up-to-date: /home/max/microros_ws4/firmware/mcu_ws/install/share/unique_identifier_msgs/environment/path.sh
[0.845s] -- Installing: /home/max/microros_ws4/firmware/mcu_ws/install/share/unique_identifier_msgs/environment/path.dsv
[0.845s] -- Up-to-date: /home/max/microros_ws4/firmware/mcu_ws/install/share/unique_identifier_msgs/local_setup.bash
[0.845s] -- Up-to-date: /home/max/microros_ws4/firmware/mcu_ws/install/share/unique_identifier_msgs/local_setup.sh
[0.845s] -- Up-to-date: /home/max/microros_ws4/firmware/mcu_ws/install/share/unique_identifier_msgs/local_setup.zsh
[0.845s] -- Installing: /home/max/microros_ws4/firmware/mcu_ws/install/share/unique_identifier_msgs/local_setup.dsv
[0.846s] -- Installing: /home/max/microros_ws4/firmware/mcu_ws/install/share/unique_identifier_msgs/package.dsv
[0.846s] -- Up-to-date: /home/max/microros_ws4/firmware/mcu_ws/install/share/ament_index/resource_index/packages/unique_identifier_msgs
[0.846s] -- Up-to-date: /home/max/microros_ws4/firmware/mcu_ws/install/share/unique_identifier_msgs/cmake/unique_identifier_msgs__rosidl_generator_cExport.cmake
[0.846s] -- Installing: /home/max/microros_ws4/firmware/mcu_ws/install/share/unique_identifier_msgs/cmake/unique_identifier_msgs__rosidl_generator_cExport-debug.cmake
[0.847s] -- Up-to-date: /home/max/microros_ws4/firmware/mcu_ws/install/share/unique_identifier_msgs/cmake/unique_identifier_msgs__rosidl_typesupport_cExport.cmake
[0.847s] -- Installing: /home/max/microros_ws4/firmware/mcu_ws/install/share/unique_identifier_msgs/cmake/unique_identifier_msgs__rosidl_typesupport_cExport-debug.cmake
[0.848s] -- Up-to-date: /home/max/microros_ws4/firmware/mcu_ws/install/share/unique_identifier_msgs/cmake/rosidl_cmake-extras.cmake
[0.848s] -- Up-to-date: /home/max/microros_ws4/firmware/mcu_ws/install/share/unique_identifier_msgs/cmake/ament_cmake_export_dependencies-extras.cmake
[0.848s] -- Up-to-date: /home/max/microros_ws4/firmware/mcu_ws/install/share/unique_identifier_msgs/cmake/ament_cmake_export_libraries-extras.cmake
[0.848s] -- Up-to-date: /home/max/microros_ws4/firmware/mcu_ws/install/share/unique_identifier_msgs/cmake/ament_cmake_export_targets-extras.cmake
[0.848s] -- Up-to-date: /home/max/microros_ws4/firmware/mcu_ws/install/share/unique_identifier_msgs/cmake/ament_cmake_export_include_directories-extras.cmake
[0.849s] -- Up-to-date: /home/max/microros_ws4/firmware/mcu_ws/install/share/unique_identifier_msgs/cmake/rosidl_cmake_export_typesupport_libraries-extras.cmake
[0.849s] -- Up-to-date: /home/max/microros_ws4/firmware/mcu_ws/install/share/unique_identifier_msgs/cmake/unique_identifier_msgsConfig.cmake
[0.849s] -- Up-to-date: /home/max/microros_ws4/firmware/mcu_ws/install/share/unique_identifier_msgs/cmake/unique_identifier_msgsConfig-version.cmake
[0.849s] -- Up-to-date: /home/max/microros_ws4/firmware/mcu_ws/install/share/unique_identifier_msgs/package.xml
[0.850s] -- Up-to-date: /home/max/microros_ws4/firmware/mcu_ws/install/share/unique_identifier_msgs/mapping_rules.yaml
[0.855s] Invoked command in '/home/max/microros_ws4/firmware/mcu_ws/build/unique_identifier_msgs' returned '0': AMENT_PREFIX_PATH=/home/max/microros_ws4/firmware/mcu_ws/install:${AMENT_PREFIX_PATH} CMAKE_PREFIX_PATH=/home/max/microros_ws4/firmware/mcu_ws/install:/home/max/microros_ws4/firmware/dev_ws/install/ament_lint_common:/home/max/microros_ws4/firmware/dev_ws/install/ament_cmake_uncrustify:/home/max/microros_ws4/firmware/dev_ws/install/uncrustify_vendor:/home/max/microros_ws4/firmware/dev_ws/install/ament_cmake_ros:/home/max/microros_ws4/firmware/dev_ws/install/ament_cmake_gmock:/home/max/microros_ws4/firmware/dev_ws/install/gmock_vendor:/home/max/microros_ws4/firmware/dev_ws/install/ament_cmake_gtest:/home/max/microros_ws4/firmware/dev_ws/install/gtest_vendor:/home/max/microros_ws4/firmware/dev_ws/install/ament_cmake_xmllint:/home/max/microros_ws4/firmware/dev_ws/install/ament_cmake_pyflakes:/home/max/microros_ws4/firmware/dev_ws/install/ament_cmake_pycodestyle:/home/max/microros_ws4/firmware/dev_ws/install/ament_cmake_pep257:/home/max/microros_ws4/firmware/dev_ws/install/ament_cmake_pclint:/home/max/microros_ws4/firmware/dev_ws/install/ament_lint_auto:/home/max/microros_ws4/firmware/dev_ws/install/ament_cmake_auto:/home/max/microros_ws4/firmware/dev_ws/install/ament_cmake:/home/max/microros_ws4/firmware/dev_ws/install/ament_cmake_version:/home/max/microros_ws4/firmware/dev_ws/install/ament_cmake_pytest:/home/max/microros_ws4/firmware/dev_ws/install/ament_cmake_nose:/home/max/microros_ws4/firmware/dev_ws/install/ament_cmake_mypy:/home/max/microros_ws4/firmware/dev_ws/install/ament_cmake_lint_cmake:/home/max/microros_ws4/firmware/dev_ws/install/ament_cmake_google_benchmark:/home/max/microros_ws4/firmware/dev_ws/install/ament_cmake_flake8:/home/max/microros_ws4/firmware/dev_ws/install/ament_cmake_cpplint:/home/max/microros_ws4/firmware/dev_ws/install/ament_cmake_cppcheck:/home/max/microros_ws4/firmware/dev_ws/install/ament_cmake_copyright:/home/max/microros_ws4/firmware/dev_ws/install/ament_cmake_clang_tidy:/home/max/microros_ws4/firmware/dev_ws/install/ament_cmake_clang_format:/home/max/microros_ws4/firmware/dev_ws/install/ament_cmake_test:/home/max/microros_ws4/firmware/dev_ws/install/ament_cmake_target_dependencies:/home/max/microros_ws4/firmware/dev_ws/install/ament_cmake_python:/home/max/microros_ws4/firmware/dev_ws/install/ament_cmake_export_dependencies:/home/max/microros_ws4/firmware/dev_ws/install/ament_cmake_libraries:/home/max/microros_ws4/firmware/dev_ws/install/ament_cmake_include_directories:/home/max/microros_ws4/firmware/dev_ws/install/ament_cmake_export_targets:/home/max/microros_ws4/firmware/dev_ws/install/ament_cmake_export_link_flags:/home/max/microros_ws4/firmware/dev_ws/install/ament_cmake_export_interfaces:/home/max/microros_ws4/firmware/dev_ws/install/ament_cmake_export_libraries:/home/max/microros_ws4/firmware/dev_ws/install/ament_cmake_export_include_directories:/home/max/microros_ws4/firmware/dev_ws/install/ament_cmake_export_definitions:/home/max/microros_ws4/firmware/dev_ws/install/ament_cmake_core:/home/max/microros_ws4/firmware/dev_ws/install/ament_index_cpp:/home/max/microros_ws4/firmware/dev_ws/install/ament_uncrustify:/home/max/microros_ws4/firmware/dev_ws/install/domain_coordinator:/home/max/microros_ws4/firmware/dev_ws/install/ament_xmllint:/home/max/microros_ws4/firmware/dev_ws/install/ament_pyflakes:/home/max/microros_ws4/firmware/dev_ws/install/ament_pycodestyle:/home/max/microros_ws4/firmware/dev_ws/install/ament_pep257:/home/max/microros_ws4/firmware/dev_ws/install/ament_pclint:/home/max/microros_ws4/firmware/dev_ws/install/ament_package:/home/max/microros_ws4/firmware/dev_ws/install/ament_mypy:/home/max/microros_ws4/firmware/dev_ws/install/ament_lint_cmake:/home/max/microros_ws4/firmware/dev_ws/install/ament_flake8:/home/max/microros_ws4/firmware/dev_ws/install/ament_copyright:/home/max/microros_ws4/firmware/dev_ws/install/ament_lint:/home/max/microros_ws4/firmware/dev_ws/install/ament_index_python:/home/max/microros_ws4/firmware/dev_ws/install/ament_cpplint:/home/max/microros_ws4/firmware/dev_ws/install/ament_cppcheck:/home/max/microros_ws4/firmware/dev_ws/install/ament_clang_tidy:/home/max/microros_ws4/firmware/dev_ws/install/ament_clang_format LD_LIBRARY_PATH=/home/max/microros_ws4/firmware/mcu_ws/install/lib:${LD_LIBRARY_PATH} PKG_CONFIG_PATH=/home/max/microros_ws4/firmware/mcu_ws/install/lib/x86_64-linux-gnu/pkgconfig:/home/max/microros_ws4/firmware/mcu_ws/install/lib/pkgconfig:${PKG_CONFIG_PATH} PYTHONPATH=/home/max/microros_ws4/firmware/mcu_ws/install/lib/python3.8/site-packages:${PYTHONPATH} /usr/bin/cmake --install /home/max/microros_ws4/firmware/mcu_ws/build/unique_identifier_msgs
