make[4]: Entering directory '/home/max/microros_ws4/firmware/mcu_ws/build/rosidl_typesupport_c'
/usr/bin/cmake -S/home/max/microros_ws4/firmware/mcu_ws/uros/rosidl_typesupport/rosidl_typesupport_c -B/home/max/microros_ws4/firmware/mcu_ws/build/rosidl_typesupport_c --check-build-system CMakeFiles/Makefile.cmake 0
Re-run cmake file: Makefile older than: /home/max/microros_ws4/firmware/mcu_ws/install/share/rosidl_runtime_c/cmake/rosidl_runtime_cExport-debug.cmake
-- Found ament_cmake_ros: 0.9.2 (/home/max/microros_ws4/firmware/dev_ws/install/ament_cmake_ros/share/ament_cmake_ros/cmake)
-- Using PYTHON_EXECUTABLE: /home/max/microros_ws4/firmware/toolchain/espressif/python_env/idf4.1_py3.8_env/bin/python3
-- Found rcutils: 1.1.5 (/home/max/microros_ws4/firmware/mcu_ws/install/share/rcutils/cmake)
-- Found rosidl_runtime_c: 1.3.0 (/home/max/microros_ws4/firmware/mcu_ws/install/share/rosidl_runtime_c/cmake)
-- Configuring done
-- Generating done
-- Build files have been written to: /home/max/microros_ws4/firmware/mcu_ws/build/rosidl_typesupport_c
/usr/bin/cmake -E cmake_progress_start /home/max/microros_ws4/firmware/mcu_ws/build/rosidl_typesupport_c/CMakeFiles /home/max/microros_ws4/firmware/mcu_ws/build/rosidl_typesupport_c/CMakeFiles/progress.marks
/usr/bin/make -f CMakeFiles/Makefile2 all
make[5]: Entering directory '/home/max/microros_ws4/firmware/mcu_ws/build/rosidl_typesupport_c'
/usr/bin/make -f CMakeFiles/rosidl_typesupport_c.dir/build.make CMakeFiles/rosidl_typesupport_c.dir/depend
make[6]: Entering directory '/home/max/microros_ws4/firmware/mcu_ws/build/rosidl_typesupport_c'
cd /home/max/microros_ws4/firmware/mcu_ws/build/rosidl_typesupport_c && /usr/bin/cmake -E cmake_depends "Unix Makefiles" /home/max/microros_ws4/firmware/mcu_ws/uros/rosidl_typesupport/rosidl_typesupport_c /home/max/microros_ws4/firmware/mcu_ws/uros/rosidl_typesupport/rosidl_typesupport_c /home/max/microros_ws4/firmware/mcu_ws/build/rosidl_typesupport_c /home/max/microros_ws4/firmware/mcu_ws/build/rosidl_typesupport_c /home/max/microros_ws4/firmware/mcu_ws/build/rosidl_typesupport_c/CMakeFiles/rosidl_typesupport_c.dir/DependInfo.cmake --color=
Dependee "/home/max/microros_ws4/firmware/freertos_apps/microros_esp32_extensions/build/config/sdkconfig.h" is newer than depender "CMakeFiles/rosidl_typesupport_c.dir/src/message_type_support_dispatch.cpp.obj".
Dependee "/home/max/microros_ws4/firmware/freertos_apps/microros_esp32_extensions/build/config/sdkconfig.h" is newer than depender "CMakeFiles/rosidl_typesupport_c.dir/src/service_type_support_dispatch.cpp.obj".
Dependee "/home/max/microros_ws4/firmware/freertos_apps/microros_esp32_extensions/build/config/sdkconfig.h" is newer than depender "CMakeFiles/rosidl_typesupport_c.dir/src/type_support_dispatch.cpp.obj".
Clearing dependencies in "/home/max/microros_ws4/firmware/mcu_ws/build/rosidl_typesupport_c/CMakeFiles/rosidl_typesupport_c.dir/depend.make".
[35m[1mScanning dependencies of target rosidl_typesupport_c[0m
make[6]: Leaving directory '/home/max/microros_ws4/firmware/mcu_ws/build/rosidl_typesupport_c'
/usr/bin/make -f CMakeFiles/rosidl_typesupport_c.dir/build.make CMakeFiles/rosidl_typesupport_c.dir/build
make[6]: Entering directory '/home/max/microros_ws4/firmware/mcu_ws/build/rosidl_typesupport_c'
[ 20%] [32mBuilding CXX object CMakeFiles/rosidl_typesupport_c.dir/src/service_type_support_dispatch.cpp.obj[0m
/home/max/microros_ws4/firmware/toolchain/espressif/tools/xtensa-esp32-elf/esp-2020r2-8.2.0/xtensa-esp32-elf/bin/xtensa-esp32-elf-g++  -DLWIP_IPV4 -DLWIP_IPV6 -DROSIDL_TYPESUPPORT_SINGLE_TYPESUPPORT -DROS_PACKAGE_NAME=\"rosidl_typesupport_c\" -I/home/max/microros_ws4/firmware/freertos_apps/microros_esp32_extensions/build/config -I/home/max/microros_ws4/firmware/toolchain/esp-idf/components/newlib/platform_include -I/home/max/microros_ws4/firmware/toolchain/esp-idf/components/protocomm/include -I/home/max/microros_ws4/firmware/toolchain/esp-idf/components/esp_rom/include -I/home/max/microros_ws4/firmware/toolchain/esp-idf/components/driver/include -I/home/max/microros_ws4/firmware/toolchain/esp-idf/components/wear_levelling/include -I/home/max/microros_ws4/firmware/toolchain/esp-idf/components/vfs/include -I/home/max/microros_ws4/firmware/toolchain/esp-idf/components/log/include -I/home/max/microros_ws4/firmware/toolchain/esp-idf/components/freertos/include -I/home/max/microros_ws4/firmware/toolchain/esp-idf/components/wifi_provisioning/include -I/home/max/microros_ws4/firmware/toolchain/esp-idf/components/pthread/include -I/home/max/microros_ws4/firmware/toolchain/esp-idf/components/libsodium/libsodium/src/libsodium/include -I/home/max/microros_ws4/firmware/toolchain/esp-idf/components/coap/port/include -I/home/max/microros_ws4/firmware/toolchain/esp-idf/components/coap/libcoap/include -I/home/max/microros_ws4/firmware/toolchain/esp-idf/components/tcp_transport/include -I/home/max/microros_ws4/firmware/toolchain/esp-idf/components/unity/include -I/home/max/microros_ws4/firmware/toolchain/esp-idf/components/esp32/include -I/home/max/microros_ws4/firmware/toolchain/esp-idf/components/asio/port/include -I/home/max/microros_ws4/firmware/toolchain/esp-idf/components/asio/asio/asio/include -I/home/max/microros_ws4/firmware/toolchain/esp-idf/components/app_update/include -I/home/max/microros_ws4/firmware/toolchain/esp-idf/components/esp_ringbuf/include -I/home/max/microros_ws4/firmware/toolchain/esp-idf/components/soc/esp32/include -I/home/max/microros_ws4/firmware/toolchain/esp-idf/components/soc/include -I/home/max/microros_ws4/firmware/toolchain/esp-idf/components/efuse/test/include -I/home/max/microros_ws4/firmware/toolchain/esp-idf/components/efuse/esp32/include -I/home/max/microros_ws4/firmware/toolchain/esp-idf/components/efuse/include -I/home/max/microros_ws4/firmware/toolchain/esp-idf/components/mbedtls/port/include -I/home/max/microros_ws4/firmware/toolchain/esp-idf/components/mbedtls/mbedtls/include -I/home/max/microros_ws4/firmware/toolchain/esp-idf/components/xtensa/esp32/include -I/home/max/microros_ws4/firmware/toolchain/esp-idf/components/xtensa/include -I/home/max/microros_ws4/firmware/toolchain/esp-idf/components/app_trace/include -I/home/max/microros_ws4/firmware/toolchain/esp-idf/components/nvs_flash/include -I/home/max/microros_ws4/firmware/toolchain/esp-idf/components/jsmn/include -I/home/max/microros_ws4/firmware/toolchain/esp-idf/components/esp_eth/include -I/home/max/microros_ws4/firmware/toolchain/esp-idf/components/spiffs/include -I/home/max/microros_ws4/firmware/toolchain/esp-idf/components/ulp/include -I/home/max/microros_ws4/firmware/toolchain/esp-idf/components/mdns/include -I/home/max/microros_ws4/firmware/toolchain/esp-idf/components/freemodbus/modbus/include -I/home/max/microros_ws4/firmware/toolchain/esp-idf/components/freemodbus/common/include -I/home/max/microros_ws4/firmware/toolchain/esp-idf/components/esp_event/include -I/home/max/microros_ws4/firmware/toolchain/esp-idf/components/expat/port/include -I/home/max/microros_ws4/firmware/toolchain/esp-idf/components/bootloader_support/include -I/home/max/microros_ws4/firmware/toolchain/esp-idf/components/heap/include -I/home/max/microros_ws4/firmware/toolchain/esp-idf/components/wpa_supplicant/port/include -I/home/max/microros_ws4/firmware/toolchain/esp-idf/components/wpa_supplicant/include -I/home/max/microros_ws4/firmware/toolchain/esp-idf/components/tcpip_adapter/include -I/home/max/microros_ws4/firmware/toolchain/esp-idf/components/openssl/include -I/home/max/microros_ws4/firmware/toolchain/esp-idf/components/sdmmc/include -I/home/max/microros_ws4/firmware/toolchain/esp-idf/components/esp_local_ctrl/include -I/home/max/microros_ws4/firmware/toolchain/esp-idf/components/esp_common/include -I/home/max/microros_ws4/firmware/toolchain/esp-idf/components/lwip/lwip/src/include/lwip/apps -I/home/max/microros_ws4/firmware/toolchain/esp-idf/components/lwip/lwip/src/include/compat/posix -I/home/max/microros_ws4/firmware/toolchain/esp-idf/components/lwip/lwip/src/include -I/home/max/microros_ws4/firmware/toolchain/esp-idf/components/lwip/port/esp32/include -I/home/max/microros_ws4/firmware/mcu_ws/uros/rosidl_typesupport/rosidl_typesupport_c/include -isystem /home/max/microros_ws4/firmware/mcu_ws/install/include -isystem /home/max/microros_ws4/firmware/mcu_ws/install/share/tinydir_vendor/cmake/../../../include  -mlongcalls -Wno-frame-address -mlongcalls -Wno-frame-address -g   -Wall -Wextra -Wpedantic -std=gnu++14 -o CMakeFiles/rosidl_typesupport_c.dir/src/service_type_support_dispatch.cpp.obj -c /home/max/microros_ws4/firmware/mcu_ws/uros/rosidl_typesupport/rosidl_typesupport_c/src/service_type_support_dispatch.cpp
[ 40%] [32mBuilding CXX object CMakeFiles/rosidl_typesupport_c.dir/src/type_support_dispatch.cpp.obj[0m
[ 60%] [32mBuilding CXX object CMakeFiles/rosidl_typesupport_c.dir/src/message_type_support_dispatch.cpp.obj[0m
/home/max/microros_ws4/firmware/toolchain/espressif/tools/xtensa-esp32-elf/esp-2020r2-8.2.0/xtensa-esp32-elf/bin/xtensa-esp32-elf-g++  -DLWIP_IPV4 -DLWIP_IPV6 -DROSIDL_TYPESUPPORT_SINGLE_TYPESUPPORT -DROS_PACKAGE_NAME=\"rosidl_typesupport_c\" -I/home/max/microros_ws4/firmware/freertos_apps/microros_esp32_extensions/build/config -I/home/max/microros_ws4/firmware/toolchain/esp-idf/components/newlib/platform_include -I/home/max/microros_ws4/firmware/toolchain/esp-idf/components/protocomm/include -I/home/max/microros_ws4/firmware/toolchain/esp-idf/components/esp_rom/include -I/home/max/microros_ws4/firmware/toolchain/esp-idf/components/driver/include -I/home/max/microros_ws4/firmware/toolchain/esp-idf/components/wear_levelling/include -I/home/max/microros_ws4/firmware/toolchain/esp-idf/components/vfs/include -I/home/max/microros_ws4/firmware/toolchain/esp-idf/components/log/include -I/home/max/microros_ws4/firmware/toolchain/esp-idf/components/freertos/include -I/home/max/microros_ws4/firmware/toolchain/esp-idf/components/wifi_provisioning/include -I/home/max/microros_ws4/firmware/toolchain/esp-idf/components/pthread/include -I/home/max/microros_ws4/firmware/toolchain/esp-idf/components/libsodium/libsodium/src/libsodium/include -I/home/max/microros_ws4/firmware/toolchain/esp-idf/components/coap/port/include -I/home/max/microros_ws4/firmware/toolchain/esp-idf/components/coap/libcoap/include -I/home/max/microros_ws4/firmware/toolchain/esp-idf/components/tcp_transport/include -I/home/max/microros_ws4/firmware/toolchain/esp-idf/components/unity/include -I/home/max/microros_ws4/firmware/toolchain/esp-idf/components/esp32/include -I/home/max/microros_ws4/firmware/toolchain/esp-idf/components/asio/port/include -I/home/max/microros_ws4/firmware/toolchain/esp-idf/components/asio/asio/asio/include -I/home/max/microros_ws4/firmware/toolchain/esp-idf/components/app_update/include -I/home/max/microros_ws4/firmware/toolchain/esp-idf/components/esp_ringbuf/include -I/home/max/microros_ws4/firmware/toolchain/esp-idf/components/soc/esp32/include -I/home/max/microros_ws4/firmware/toolchain/esp-idf/components/soc/include -I/home/max/microros_ws4/firmware/toolchain/esp-idf/components/efuse/test/include -I/home/max/microros_ws4/firmware/toolchain/esp-idf/components/efuse/esp32/include -I/home/max/microros_ws4/firmware/toolchain/esp-idf/components/efuse/include -I/home/max/microros_ws4/firmware/toolchain/esp-idf/components/mbedtls/port/include -I/home/max/microros_ws4/firmware/toolchain/esp-idf/components/mbedtls/mbedtls/include -I/home/max/microros_ws4/firmware/toolchain/esp-idf/components/xtensa/esp32/include -I/home/max/microros_ws4/firmware/toolchain/esp-idf/components/xtensa/include -I/home/max/microros_ws4/firmware/toolchain/esp-idf/components/app_trace/include -I/home/max/microros_ws4/firmware/toolchain/esp-idf/components/nvs_flash/include -I/home/max/microros_ws4/firmware/toolchain/esp-idf/components/jsmn/include -I/home/max/microros_ws4/firmware/toolchain/esp-idf/components/esp_eth/include -I/home/max/microros_ws4/firmware/toolchain/esp-idf/components/spiffs/include -I/home/max/microros_ws4/firmware/toolchain/esp-idf/components/ulp/include -I/home/max/microros_ws4/firmware/toolchain/esp-idf/components/mdns/include -I/home/max/microros_ws4/firmware/toolchain/esp-idf/components/freemodbus/modbus/include -I/home/max/microros_ws4/firmware/toolchain/esp-idf/components/freemodbus/common/include -I/home/max/microros_ws4/firmware/toolchain/esp-idf/components/esp_event/include -I/home/max/microros_ws4/firmware/toolchain/esp-idf/components/expat/port/include -I/home/max/microros_ws4/firmware/toolchain/esp-idf/components/bootloader_support/include -I/home/max/microros_ws4/firmware/toolchain/esp-idf/components/heap/include -I/home/max/microros_ws4/firmware/toolchain/esp-idf/components/wpa_supplicant/port/include -I/home/max/microros_ws4/firmware/toolchain/esp-idf/components/wpa_supplicant/include -I/home/max/microros_ws4/firmware/toolchain/esp-idf/components/tcpip_adapter/include -I/home/max/microros_ws4/firmware/toolchain/esp-idf/components/openssl/include -I/home/max/microros_ws4/firmware/toolchain/esp-idf/components/sdmmc/include -I/home/max/microros_ws4/firmware/toolchain/esp-idf/components/esp_local_ctrl/include -I/home/max/microros_ws4/firmware/toolchain/esp-idf/components/esp_common/include -I/home/max/microros_ws4/firmware/toolchain/esp-idf/components/lwip/lwip/src/include/lwip/apps -I/home/max/microros_ws4/firmware/toolchain/esp-idf/components/lwip/lwip/src/include/compat/posix -I/home/max/microros_ws4/firmware/toolchain/esp-idf/components/lwip/lwip/src/include -I/home/max/microros_ws4/firmware/toolchain/esp-idf/components/lwip/port/esp32/include -I/home/max/microros_ws4/firmware/mcu_ws/uros/rosidl_typesupport/rosidl_typesupport_c/include -isystem /home/max/microros_ws4/firmware/mcu_ws/install/include -isystem /home/max/microros_ws4/firmware/mcu_ws/install/share/tinydir_vendor/cmake/../../../include  -mlongcalls -Wno-frame-address -mlongcalls -Wno-frame-address -g   -Wall -Wextra -Wpedantic -std=gnu++14 -o CMakeFiles/rosidl_typesupport_c.dir/src/type_support_dispatch.cpp.obj -c /home/max/microros_ws4/firmware/mcu_ws/uros/rosidl_typesupport/rosidl_typesupport_c/src/type_support_dispatch.cpp
/home/max/microros_ws4/firmware/toolchain/espressif/tools/xtensa-esp32-elf/esp-2020r2-8.2.0/xtensa-esp32-elf/bin/xtensa-esp32-elf-g++  -DLWIP_IPV4 -DLWIP_IPV6 -DROSIDL_TYPESUPPORT_SINGLE_TYPESUPPORT -DROS_PACKAGE_NAME=\"rosidl_typesupport_c\" -I/home/max/microros_ws4/firmware/freertos_apps/microros_esp32_extensions/build/config -I/home/max/microros_ws4/firmware/toolchain/esp-idf/components/newlib/platform_include -I/home/max/microros_ws4/firmware/toolchain/esp-idf/components/protocomm/include -I/home/max/microros_ws4/firmware/toolchain/esp-idf/components/esp_rom/include -I/home/max/microros_ws4/firmware/toolchain/esp-idf/components/driver/include -I/home/max/microros_ws4/firmware/toolchain/esp-idf/components/wear_levelling/include -I/home/max/microros_ws4/firmware/toolchain/esp-idf/components/vfs/include -I/home/max/microros_ws4/firmware/toolchain/esp-idf/components/log/include -I/home/max/microros_ws4/firmware/toolchain/esp-idf/components/freertos/include -I/home/max/microros_ws4/firmware/toolchain/esp-idf/components/wifi_provisioning/include -I/home/max/microros_ws4/firmware/toolchain/esp-idf/components/pthread/include -I/home/max/microros_ws4/firmware/toolchain/esp-idf/components/libsodium/libsodium/src/libsodium/include -I/home/max/microros_ws4/firmware/toolchain/esp-idf/components/coap/port/include -I/home/max/microros_ws4/firmware/toolchain/esp-idf/components/coap/libcoap/include -I/home/max/microros_ws4/firmware/toolchain/esp-idf/components/tcp_transport/include -I/home/max/microros_ws4/firmware/toolchain/esp-idf/components/unity/include -I/home/max/microros_ws4/firmware/toolchain/esp-idf/components/esp32/include -I/home/max/microros_ws4/firmware/toolchain/esp-idf/components/asio/port/include -I/home/max/microros_ws4/firmware/toolchain/esp-idf/components/asio/asio/asio/include -I/home/max/microros_ws4/firmware/toolchain/esp-idf/components/app_update/include -I/home/max/microros_ws4/firmware/toolchain/esp-idf/components/esp_ringbuf/include -I/home/max/microros_ws4/firmware/toolchain/esp-idf/components/soc/esp32/include -I/home/max/microros_ws4/firmware/toolchain/esp-idf/components/soc/include -I/home/max/microros_ws4/firmware/toolchain/esp-idf/components/efuse/test/include -I/home/max/microros_ws4/firmware/toolchain/esp-idf/components/efuse/esp32/include -I/home/max/microros_ws4/firmware/toolchain/esp-idf/components/efuse/include -I/home/max/microros_ws4/firmware/toolchain/esp-idf/components/mbedtls/port/include -I/home/max/microros_ws4/firmware/toolchain/esp-idf/components/mbedtls/mbedtls/include -I/home/max/microros_ws4/firmware/toolchain/esp-idf/components/xtensa/esp32/include -I/home/max/microros_ws4/firmware/toolchain/esp-idf/components/xtensa/include -I/home/max/microros_ws4/firmware/toolchain/esp-idf/components/app_trace/include -I/home/max/microros_ws4/firmware/toolchain/esp-idf/components/nvs_flash/include -I/home/max/microros_ws4/firmware/toolchain/esp-idf/components/jsmn/include -I/home/max/microros_ws4/firmware/toolchain/esp-idf/components/esp_eth/include -I/home/max/microros_ws4/firmware/toolchain/esp-idf/components/spiffs/include -I/home/max/microros_ws4/firmware/toolchain/esp-idf/components/ulp/include -I/home/max/microros_ws4/firmware/toolchain/esp-idf/components/mdns/include -I/home/max/microros_ws4/firmware/toolchain/esp-idf/components/freemodbus/modbus/include -I/home/max/microros_ws4/firmware/toolchain/esp-idf/components/freemodbus/common/include -I/home/max/microros_ws4/firmware/toolchain/esp-idf/components/esp_event/include -I/home/max/microros_ws4/firmware/toolchain/esp-idf/components/expat/port/include -I/home/max/microros_ws4/firmware/toolchain/esp-idf/components/bootloader_support/include -I/home/max/microros_ws4/firmware/toolchain/esp-idf/components/heap/include -I/home/max/microros_ws4/firmware/toolchain/esp-idf/components/wpa_supplicant/port/include -I/home/max/microros_ws4/firmware/toolchain/esp-idf/components/wpa_supplicant/include -I/home/max/microros_ws4/firmware/toolchain/esp-idf/components/tcpip_adapter/include -I/home/max/microros_ws4/firmware/toolchain/esp-idf/components/openssl/include -I/home/max/microros_ws4/firmware/toolchain/esp-idf/components/sdmmc/include -I/home/max/microros_ws4/firmware/toolchain/esp-idf/components/esp_local_ctrl/include -I/home/max/microros_ws4/firmware/toolchain/esp-idf/components/esp_common/include -I/home/max/microros_ws4/firmware/toolchain/esp-idf/components/lwip/lwip/src/include/lwip/apps -I/home/max/microros_ws4/firmware/toolchain/esp-idf/components/lwip/lwip/src/include/compat/posix -I/home/max/microros_ws4/firmware/toolchain/esp-idf/components/lwip/lwip/src/include -I/home/max/microros_ws4/firmware/toolchain/esp-idf/components/lwip/port/esp32/include -I/home/max/microros_ws4/firmware/mcu_ws/uros/rosidl_typesupport/rosidl_typesupport_c/include -isystem /home/max/microros_ws4/firmware/mcu_ws/install/include -isystem /home/max/microros_ws4/firmware/mcu_ws/install/share/tinydir_vendor/cmake/../../../include  -mlongcalls -Wno-frame-address -mlongcalls -Wno-frame-address -g   -Wall -Wextra -Wpedantic -std=gnu++14 -o CMakeFiles/rosidl_typesupport_c.dir/src/message_type_support_dispatch.cpp.obj -c /home/max/microros_ws4/firmware/mcu_ws/uros/rosidl_typesupport/rosidl_typesupport_c/src/message_type_support_dispatch.cpp
[ 80%] [32m[1mLinking CXX static library librosidl_typesupport_c.a[0m
/usr/bin/cmake -P CMakeFiles/rosidl_typesupport_c.dir/cmake_clean_target.cmake
/usr/bin/cmake -E cmake_link_script CMakeFiles/rosidl_typesupport_c.dir/link.txt --verbose=1
/home/max/microros_ws4/firmware/toolchain/espressif/tools/xtensa-esp32-elf/esp-2020r2-8.2.0/xtensa-esp32-elf/bin/xtensa-esp32-elf-ar qc librosidl_typesupport_c.a  CMakeFiles/rosidl_typesupport_c.dir/src/identifier.c.obj CMakeFiles/rosidl_typesupport_c.dir/src/message_type_support_dispatch.cpp.obj CMakeFiles/rosidl_typesupport_c.dir/src/service_type_support_dispatch.cpp.obj CMakeFiles/rosidl_typesupport_c.dir/src/type_support_dispatch.cpp.obj
/home/max/microros_ws4/firmware/toolchain/espressif/tools/xtensa-esp32-elf/esp-2020r2-8.2.0/xtensa-esp32-elf/bin/xtensa-esp32-elf-ranlib librosidl_typesupport_c.a
make[6]: Leaving directory '/home/max/microros_ws4/firmware/mcu_ws/build/rosidl_typesupport_c'
[100%] Built target rosidl_typesupport_c
make[5]: Leaving directory '/home/max/microros_ws4/firmware/mcu_ws/build/rosidl_typesupport_c'
/usr/bin/cmake -E cmake_progress_start /home/max/microros_ws4/firmware/mcu_ws/build/rosidl_typesupport_c/CMakeFiles 0
make[4]: Leaving directory '/home/max/microros_ws4/firmware/mcu_ws/build/rosidl_typesupport_c'
-- Install configuration: "Debug"
-- Up-to-date: /home/max/microros_ws4/firmware/mcu_ws/install/share/rosidl_typesupport_c/environment/pythonpath.sh
-- Installing: /home/max/microros_ws4/firmware/mcu_ws/install/share/rosidl_typesupport_c/environment/pythonpath.dsv
-- Up-to-date: /home/max/microros_ws4/firmware/mcu_ws/install/lib/python3.8/site-packages/rosidl_typesupport_c
-- Up-to-date: /home/max/microros_ws4/firmware/mcu_ws/install/lib/python3.8/site-packages/rosidl_typesupport_c/__init__.py
Listing '/home/max/microros_ws4/firmware/mcu_ws/install/lib/python3.8/site-packages/rosidl_typesupport_c'...
-- Up-to-date: /home/max/microros_ws4/firmware/mcu_ws/install/share/rosidl_typesupport_c/environment/library_path.sh
-- Installing: /home/max/microros_ws4/firmware/mcu_ws/install/share/rosidl_typesupport_c/environment/library_path.dsv
-- Up-to-date: /home/max/microros_ws4/firmware/mcu_ws/install/share/ament_index/resource_index/rosidl_runtime_packages/rosidl_typesupport_c
-- Up-to-date: /home/max/microros_ws4/firmware/mcu_ws/install/share/ament_index/resource_index/package_run_dependencies/rosidl_typesupport_c
-- Up-to-date: /home/max/microros_ws4/firmware/mcu_ws/install/share/ament_index/resource_index/parent_prefix_path/rosidl_typesupport_c
-- Up-to-date: /home/max/microros_ws4/firmware/mcu_ws/install/share/rosidl_typesupport_c/environment/ament_prefix_path.sh
-- Installing: /home/max/microros_ws4/firmware/mcu_ws/install/share/rosidl_typesupport_c/environment/ament_prefix_path.dsv
-- Up-to-date: /home/max/microros_ws4/firmware/mcu_ws/install/share/rosidl_typesupport_c/environment/path.sh
-- Installing: /home/max/microros_ws4/firmware/mcu_ws/install/share/rosidl_typesupport_c/environment/path.dsv
-- Up-to-date: /home/max/microros_ws4/firmware/mcu_ws/install/share/rosidl_typesupport_c/local_setup.bash
-- Up-to-date: /home/max/microros_ws4/firmware/mcu_ws/install/share/rosidl_typesupport_c/local_setup.sh
-- Up-to-date: /home/max/microros_ws4/firmware/mcu_ws/install/share/rosidl_typesupport_c/local_setup.zsh
-- Installing: /home/max/microros_ws4/firmware/mcu_ws/install/share/rosidl_typesupport_c/local_setup.dsv
-- Installing: /home/max/microros_ws4/firmware/mcu_ws/install/share/rosidl_typesupport_c/package.dsv
-- Up-to-date: /home/max/microros_ws4/firmware/mcu_ws/install/share/ament_index/resource_index/packages/rosidl_typesupport_c
-- Up-to-date: /home/max/microros_ws4/firmware/mcu_ws/install/share/rosidl_typesupport_c/cmake/rosidl_typesupport_cExport.cmake
-- Installing: /home/max/microros_ws4/firmware/mcu_ws/install/share/rosidl_typesupport_c/cmake/rosidl_typesupport_cExport-debug.cmake
-- Up-to-date: /home/max/microros_ws4/firmware/mcu_ws/install/share/rosidl_typesupport_c/cmake/rosidl_typesupport_c-extras.cmake
-- Up-to-date: /home/max/microros_ws4/firmware/mcu_ws/install/share/rosidl_typesupport_c/cmake/ament_cmake_export_dependencies-extras.cmake
-- Up-to-date: /home/max/microros_ws4/firmware/mcu_ws/install/share/rosidl_typesupport_c/cmake/ament_cmake_export_include_directories-extras.cmake
-- Up-to-date: /home/max/microros_ws4/firmware/mcu_ws/install/share/rosidl_typesupport_c/cmake/ament_cmake_export_libraries-extras.cmake
-- Up-to-date: /home/max/microros_ws4/firmware/mcu_ws/install/share/rosidl_typesupport_c/cmake/ament_cmake_export_targets-extras.cmake
-- Up-to-date: /home/max/microros_ws4/firmware/mcu_ws/install/share/rosidl_typesupport_c/cmake/rosidl_typesupport_cConfig.cmake
-- Up-to-date: /home/max/microros_ws4/firmware/mcu_ws/install/share/rosidl_typesupport_c/cmake/rosidl_typesupport_cConfig-version.cmake
-- Up-to-date: /home/max/microros_ws4/firmware/mcu_ws/install/share/rosidl_typesupport_c/package.xml
-- Up-to-date: /home/max/microros_ws4/firmware/mcu_ws/install/lib/rosidl_typesupport_c/rosidl_typesupport_c
-- Up-to-date: /home/max/microros_ws4/firmware/mcu_ws/install/share/rosidl_typesupport_c/cmake
-- Up-to-date: /home/max/microros_ws4/firmware/mcu_ws/install/share/rosidl_typesupport_c/cmake/get_used_typesupports.cmake
-- Up-to-date: /home/max/microros_ws4/firmware/mcu_ws/install/share/rosidl_typesupport_c/cmake/rosidl_typesupport_c_generate_interfaces.cmake
-- Up-to-date: /home/max/microros_ws4/firmware/mcu_ws/install/share/rosidl_typesupport_c/resource
-- Up-to-date: /home/max/microros_ws4/firmware/mcu_ws/install/share/rosidl_typesupport_c/resource/rosidl_typesupport_c__visibility_control.h.in
-- Up-to-date: /home/max/microros_ws4/firmware/mcu_ws/install/share/rosidl_typesupport_c/resource/srv__type_support.cpp.em
-- Up-to-date: /home/max/microros_ws4/firmware/mcu_ws/install/share/rosidl_typesupport_c/resource/msg__type_support.cpp.em
-- Up-to-date: /home/max/microros_ws4/firmware/mcu_ws/install/share/rosidl_typesupport_c/resource/idl__type_support.cpp.em
-- Up-to-date: /home/max/microros_ws4/firmware/mcu_ws/install/share/rosidl_typesupport_c/resource/action__type_support.c.em
-- Up-to-date: /home/max/microros_ws4/firmware/mcu_ws/install/include
-- Up-to-date: /home/max/microros_ws4/firmware/mcu_ws/install/include/rosidl_typesupport_c
-- Up-to-date: /home/max/microros_ws4/firmware/mcu_ws/install/include/rosidl_typesupport_c/type_support_map.h
-- Up-to-date: /home/max/microros_ws4/firmware/mcu_ws/install/include/rosidl_typesupport_c/visibility_control.h
-- Up-to-date: /home/max/microros_ws4/firmware/mcu_ws/install/include/rosidl_typesupport_c/service_type_support_dispatch.h
-- Up-to-date: /home/max/microros_ws4/firmware/mcu_ws/install/include/rosidl_typesupport_c/identifier.h
-- Up-to-date: /home/max/microros_ws4/firmware/mcu_ws/install/include/rosidl_typesupport_c/message_type_support_dispatch.h
-- Installing: /home/max/microros_ws4/firmware/mcu_ws/install/lib/librosidl_typesupport_c.a
