[0.029s] Invoking command in '/home/max/microros_ws4/build/drive_base_msgs': CMAKE_PREFIX_PATH=${CMAKE_PREFIX_PATH}:/opt/ros/foxy /usr/bin/cmake /home/max/microros_ws4/src/uros/drive_base/drive_base_msgs -DCMAKE_INSTALL_PREFIX=/home/max/microros_ws4/install/drive_base_msgs
[0.113s] -- The C compiler identification is GNU 9.4.0
[0.193s] -- The CXX compiler identification is GNU 9.4.0
[0.193s] -- Check for working C compiler: /usr/bin/cc
[0.269s] -- Check for working C compiler: /usr/bin/cc -- works
[0.271s] -- Detecting C compiler ABI info
[0.360s] -- Detecting C compiler ABI info - done
[0.375s] -- Detecting C compile features
[0.375s] -- Detecting C compile features - done
[0.377s] -- Check for working CXX compiler: /usr/bin/c++
[0.476s] -- Check for working CXX compiler: /usr/bin/c++ -- works
[0.477s] -- Detecting CXX compiler ABI info
[0.562s] -- Detecting CXX compiler ABI info - done
[0.572s] -- Detecting CXX compile features
[0.573s] -- Detecting CXX compile features - done
[0.575s] -- Found ament_cmake: 0.9.11 (/opt/ros/foxy/share/ament_cmake/cmake)
[0.605s] -- Found PythonInterp: /usr/bin/python3 (found suitable version "3.8.10", minimum required is "3") 
[0.605s] -- Using PYTHON_EXECUTABLE: /usr/bin/python3
[0.799s] -- Found std_msgs: 2.0.5 (/opt/ros/foxy/share/std_msgs/cmake)
[0.828s] -- Using all available rosidl_typesupport_c: rosidl_typesupport_fastrtps_c;rosidl_typesupport_introspection_c
[0.835s] -- Found rosidl_adapter: 1.3.0 (/opt/ros/foxy/share/rosidl_adapter/cmake)
[0.944s] -- Found OpenSSL: /usr/lib/x86_64-linux-gnu/libcrypto.so (found version "1.1.1f")  
[0.980s] -- Found FastRTPS: /opt/ros/foxy/include  
[1.053s] -- Using all available rosidl_typesupport_cpp: rosidl_typesupport_fastrtps_cpp;rosidl_typesupport_introspection_cpp
[1.113s] -- Found rosidl_default_generators: 1.0.1 (/opt/ros/foxy/share/rosidl_default_generators/cmake)
[1.152s] -- Found PythonInterp: /usr/bin/python3 (found version "3.8.10") 
[1.345s] -- Found ament_cmake_cppcheck: 0.9.8 (/opt/ros/foxy/share/ament_cmake_cppcheck/cmake)
[1.347s] -- Found ament_cmake_cpplint: 0.9.8 (/opt/ros/foxy/share/ament_cmake_cpplint/cmake)
[1.349s] -- Found ament_cmake_uncrustify: 0.9.8 (/opt/ros/foxy/share/ament_cmake_uncrustify/cmake)
[1.351s] -- Found ament_cmake_ros: 0.9.2 (/opt/ros/foxy/share/ament_cmake_ros/cmake)
[1.529s] -- Using all available rosidl_typesupport_c: rosidl_typesupport_fastrtps_c;rosidl_typesupport_introspection_c
[1.591s] -- Using all available rosidl_typesupport_cpp: rosidl_typesupport_fastrtps_cpp;rosidl_typesupport_introspection_cpp
[1.622s] -- Found PythonInterp: /usr/bin/python3 (found suitable version "3.8.10", minimum required is "3.5") 
[1.625s] -- Found python_cmake_module: 0.8.1 (/opt/ros/foxy/share/python_cmake_module/cmake)
[1.660s] -- Found PythonLibs: /usr/lib/x86_64-linux-gnu/libpython3.8.so (found suitable version "3.8.10", minimum required is "3.5") 
[1.660s] -- Using PYTHON_EXECUTABLE: /usr/bin/python3
[1.660s] -- Using PYTHON_INCLUDE_DIRS: /usr/include/python3.8
[1.660s] -- Using PYTHON_LIBRARIES: /usr/lib/x86_64-linux-gnu/libpython3.8.so
[1.685s] -- Found PythonExtra: .so  
[1.760s] -- Found ament_cmake_flake8: 0.9.8 (/opt/ros/foxy/share/ament_cmake_flake8/cmake)
[1.762s] -- Found ament_cmake_pep257: 0.9.8 (/opt/ros/foxy/share/ament_cmake_pep257/cmake)
[1.771s] -- Configuring done
[1.833s] -- Generating done
[1.836s] -- Build files have been written to: /home/max/microros_ws4/build/drive_base_msgs
[1.849s] Invoked command in '/home/max/microros_ws4/build/drive_base_msgs' returned '0': CMAKE_PREFIX_PATH=${CMAKE_PREFIX_PATH}:/opt/ros/foxy /usr/bin/cmake /home/max/microros_ws4/src/uros/drive_base/drive_base_msgs -DCMAKE_INSTALL_PREFIX=/home/max/microros_ws4/install/drive_base_msgs
[1.852s] Invoking command in '/home/max/microros_ws4/build/drive_base_msgs': CMAKE_PREFIX_PATH=${CMAKE_PREFIX_PATH}:/opt/ros/foxy /usr/bin/cmake --build /home/max/microros_ws4/build/drive_base_msgs -- -j4 -l4
[1.913s] [  1%] [34m[1mGenerating C code for ROS interfaces[0m
[1.914s] [35m[1mScanning dependencies of target drive_base_msgs__cpp[0m
[1.927s] [  3%] [34m[1mGenerating C++ code for ROS interfaces[0m
[2.531s] [  3%] Built target drive_base_msgs__cpp
[2.542s] [  5%] [34m[1mGenerating C++ introspection for ROS interfaces[0m
[2.550s] [  9%] [34m[1mGenerating C++ type support dispatch for ROS interfaces[0m
[2.551s] [  9%] [34m[1mGenerating C++ type support for eProsima Fast-RTPS[0m
[2.630s] [35m[1mScanning dependencies of target drive_base_msgs__rosidl_generator_c[0m
[2.645s] [ 10%] [32mBuilding C object CMakeFiles/drive_base_msgs__rosidl_generator_c.dir/rosidl_generator_c/drive_base_msgs/msg/detail/command_header__functions.c.o[0m
[2.694s] [ 12%] [32mBuilding C object CMakeFiles/drive_base_msgs__rosidl_generator_c.dir/rosidl_generator_c/drive_base_msgs/msg/detail/base_info__functions.c.o[0m
[2.744s] [ 14%] [32mBuilding C object CMakeFiles/drive_base_msgs__rosidl_generator_c.dir/rosidl_generator_c/drive_base_msgs/msg/detail/command_status__functions.c.o[0m
[2.793s] [ 16%] [32mBuilding C object CMakeFiles/drive_base_msgs__rosidl_generator_c.dir/rosidl_generator_c/drive_base_msgs/msg/detail/trv_command__functions.c.o[0m
[2.842s] [ 18%] [32m[1mLinking C shared library libdrive_base_msgs__rosidl_generator_c.so[0m
[2.882s] [ 18%] Built target drive_base_msgs__rosidl_generator_c
[2.893s] [ 20%] [34m[1mGenerating C introspection for ROS interfaces[0m
[3.148s] [35m[1mScanning dependencies of target drive_base_msgs__rosidl_typesupport_cpp[0m
[3.162s] [ 21%] [32mBuilding CXX object CMakeFiles/drive_base_msgs__rosidl_typesupport_cpp.dir/rosidl_typesupport_cpp/drive_base_msgs/msg/command_header__type_support.cpp.o[0m
[3.207s] [35m[1mScanning dependencies of target drive_base_msgs__rosidl_typesupport_introspection_cpp[0m
[3.222s] [ 23%] [32mBuilding CXX object CMakeFiles/drive_base_msgs__rosidl_typesupport_introspection_cpp.dir/rosidl_typesupport_introspection_cpp/drive_base_msgs/msg/detail/command_header__type_support.cpp.o[0m
[3.241s] [35m[1mScanning dependencies of target drive_base_msgs__rosidl_typesupport_fastrtps_cpp[0m
[3.258s] [ 25%] [32mBuilding CXX object CMakeFiles/drive_base_msgs__rosidl_typesupport_fastrtps_cpp.dir/rosidl_typesupport_fastrtps_cpp/drive_base_msgs/msg/detail/dds_fastrtps/command_header__type_support.cpp.o[0m
[3.456s] [ 27%] [32mBuilding CXX object CMakeFiles/drive_base_msgs__rosidl_typesupport_cpp.dir/rosidl_typesupport_cpp/drive_base_msgs/msg/base_info__type_support.cpp.o[0m
[3.518s] [ 29%] [32mBuilding CXX object CMakeFiles/drive_base_msgs__rosidl_typesupport_introspection_cpp.dir/rosidl_typesupport_introspection_cpp/drive_base_msgs/msg/detail/base_info__type_support.cpp.o[0m
[3.553s] [35m[1mScanning dependencies of target drive_base_msgs__rosidl_typesupport_introspection_c[0m
[3.571s] [ 30%] [32mBuilding C object CMakeFiles/drive_base_msgs__rosidl_typesupport_introspection_c.dir/rosidl_typesupport_introspection_c/drive_base_msgs/msg/detail/command_header__type_support.c.o[0m
[3.615s] [ 32%] [32mBuilding C object CMakeFiles/drive_base_msgs__rosidl_typesupport_introspection_c.dir/rosidl_typesupport_introspection_c/drive_base_msgs/msg/detail/base_info__type_support.c.o[0m
[3.653s] [ 34%] [32mBuilding C object CMakeFiles/drive_base_msgs__rosidl_typesupport_introspection_c.dir/rosidl_typesupport_introspection_c/drive_base_msgs/msg/detail/command_status__type_support.c.o[0m
[3.690s] [ 36%] [32mBuilding C object CMakeFiles/drive_base_msgs__rosidl_typesupport_introspection_c.dir/rosidl_typesupport_introspection_c/drive_base_msgs/msg/detail/trv_command__type_support.c.o[0m
[3.694s] [ 38%] [32mBuilding CXX object CMakeFiles/drive_base_msgs__rosidl_typesupport_fastrtps_cpp.dir/rosidl_typesupport_fastrtps_cpp/drive_base_msgs/msg/detail/dds_fastrtps/base_info__type_support.cpp.o[0m
[3.727s] [ 40%] [32m[1mLinking C shared library libdrive_base_msgs__rosidl_typesupport_introspection_c.so[0m
[3.766s] [ 41%] [32mBuilding CXX object CMakeFiles/drive_base_msgs__rosidl_typesupport_cpp.dir/rosidl_typesupport_cpp/drive_base_msgs/msg/command_status__type_support.cpp.o[0m
[3.767s] [ 41%] Built target drive_base_msgs__rosidl_typesupport_introspection_c
[3.778s] [ 43%] [32mBuilding CXX object CMakeFiles/drive_base_msgs__rosidl_typesupport_cpp.dir/rosidl_typesupport_cpp/drive_base_msgs/msg/trv_command__type_support.cpp.o[0m
[3.817s] [ 45%] [32mBuilding CXX object CMakeFiles/drive_base_msgs__rosidl_typesupport_introspection_cpp.dir/rosidl_typesupport_introspection_cpp/drive_base_msgs/msg/detail/command_status__type_support.cpp.o[0m
[4.059s] [ 47%] [32mBuilding CXX object CMakeFiles/drive_base_msgs__rosidl_typesupport_introspection_cpp.dir/rosidl_typesupport_introspection_cpp/drive_base_msgs/msg/detail/trv_command__type_support.cpp.o[0m
[4.074s] [ 49%] [32m[1mLinking CXX shared library libdrive_base_msgs__rosidl_typesupport_cpp.so[0m
[4.118s] [ 50%] [34m[1mGenerating C type support dispatch for ROS interfaces[0m
[4.119s] [ 50%] Built target drive_base_msgs__rosidl_typesupport_cpp
[4.132s] [ 52%] [32mBuilding CXX object CMakeFiles/drive_base_msgs__rosidl_typesupport_fastrtps_cpp.dir/rosidl_typesupport_fastrtps_cpp/drive_base_msgs/msg/detail/dds_fastrtps/command_status__type_support.cpp.o[0m
[4.141s] [ 54%] [32mBuilding CXX object CMakeFiles/drive_base_msgs__rosidl_typesupport_fastrtps_cpp.dir/rosidl_typesupport_fastrtps_cpp/drive_base_msgs/msg/detail/dds_fastrtps/trv_command__type_support.cpp.o[0m
[4.360s] [ 56%] [32m[1mLinking CXX shared library libdrive_base_msgs__rosidl_typesupport_introspection_cpp.so[0m
[4.452s] [ 56%] Built target drive_base_msgs__rosidl_typesupport_introspection_cpp
[4.561s] [ 58%] [32m[1mLinking CXX shared library libdrive_base_msgs__rosidl_typesupport_fastrtps_cpp.so[0m
[4.679s] [35m[1mScanning dependencies of target drive_base_msgs__rosidl_typesupport_c[0m
[4.692s] [ 61%] [32mBuilding CXX object CMakeFiles/drive_base_msgs__rosidl_typesupport_c.dir/rosidl_typesupport_c/drive_base_msgs/msg/command_status__type_support.cpp.o[0m
[4.692s] [ 61%] [32mBuilding CXX object CMakeFiles/drive_base_msgs__rosidl_typesupport_c.dir/rosidl_typesupport_c/drive_base_msgs/msg/base_info__type_support.cpp.o[0m
[4.699s] [ 63%] [32mBuilding CXX object CMakeFiles/drive_base_msgs__rosidl_typesupport_c.dir/rosidl_typesupport_c/drive_base_msgs/msg/command_header__type_support.cpp.o[0m
[4.700s] [ 63%] Built target drive_base_msgs__rosidl_typesupport_fastrtps_cpp
[4.720s] [ 65%] [34m[1mGenerating C type support for eProsima Fast-RTPS[0m
[4.725s] [ 67%] [32mBuilding CXX object CMakeFiles/drive_base_msgs__rosidl_typesupport_c.dir/rosidl_typesupport_c/drive_base_msgs/msg/trv_command__type_support.cpp.o[0m
[4.759s] [ 69%] [32m[1mLinking CXX shared library libdrive_base_msgs__rosidl_typesupport_c.so[0m
[4.809s] [ 69%] Built target drive_base_msgs__rosidl_typesupport_c
[5.256s] [35m[1mScanning dependencies of target drive_base_msgs__rosidl_typesupport_fastrtps_c[0m
[5.277s] [ 70%] [32mBuilding CXX object CMakeFiles/drive_base_msgs__rosidl_typesupport_fastrtps_c.dir/rosidl_typesupport_fastrtps_c/drive_base_msgs/msg/detail/command_header__type_support_c.cpp.o[0m
[5.277s] [ 72%] [32mBuilding CXX object CMakeFiles/drive_base_msgs__rosidl_typesupport_fastrtps_c.dir/rosidl_typesupport_fastrtps_c/drive_base_msgs/msg/detail/base_info__type_support_c.cpp.o[0m
[5.278s] [ 74%] [32mBuilding CXX object CMakeFiles/drive_base_msgs__rosidl_typesupport_fastrtps_c.dir/rosidl_typesupport_fastrtps_c/drive_base_msgs/msg/detail/trv_command__type_support_c.cpp.o[0m
[5.279s] [ 76%] [32mBuilding CXX object CMakeFiles/drive_base_msgs__rosidl_typesupport_fastrtps_c.dir/rosidl_typesupport_fastrtps_c/drive_base_msgs/msg/detail/command_status__type_support_c.cpp.o[0m
[5.674s] [ 78%] [32m[1mLinking CXX shared library libdrive_base_msgs__rosidl_typesupport_fastrtps_c.so[0m
[5.795s] [ 78%] Built target drive_base_msgs__rosidl_typesupport_fastrtps_c
[5.808s] [35m[1mScanning dependencies of target drive_base_msgs[0m
[5.824s] [ 78%] Built target drive_base_msgs
[5.840s] [35m[1mScanning dependencies of target drive_base_msgs__py[0m
[5.859s] [ 80%] [34m[1mGenerating Python code for ROS interfaces[0m
[6.848s] [ 80%] Built target drive_base_msgs__py
[6.860s] [35m[1mScanning dependencies of target drive_base_msgs__python[0m
[6.888s] [ 81%] [32mBuilding C object CMakeFiles/drive_base_msgs__python.dir/rosidl_generator_py/drive_base_msgs/msg/_base_info_s.c.o[0m
[6.888s] [ 83%] [32mBuilding C object CMakeFiles/drive_base_msgs__python.dir/rosidl_generator_py/drive_base_msgs/msg/_command_header_s.c.o[0m
[6.889s] [ 85%] [32mBuilding C object CMakeFiles/drive_base_msgs__python.dir/rosidl_generator_py/drive_base_msgs/msg/_command_status_s.c.o[0m
[6.893s] [ 87%] [32mBuilding C object CMakeFiles/drive_base_msgs__python.dir/rosidl_generator_py/drive_base_msgs/msg/_trv_command_s.c.o[0m
[6.990s] [ 89%] [32m[1mLinking C shared library rosidl_generator_py/drive_base_msgs/libdrive_base_msgs__python.so[0m
[7.047s] [ 89%] Built target drive_base_msgs__python
[7.058s] [35m[1mScanning dependencies of target drive_base_msgs__rosidl_typesupport_fastrtps_c__pyext[0m
[7.060s] [35m[1mScanning dependencies of target drive_base_msgs__rosidl_typesupport_c__pyext[0m
[7.060s] [35m[1mScanning dependencies of target drive_base_msgs__rosidl_typesupport_introspection_c__pyext[0m
[7.076s] [ 90%] [32mBuilding C object CMakeFiles/drive_base_msgs__rosidl_typesupport_fastrtps_c__pyext.dir/rosidl_generator_py/drive_base_msgs/_drive_base_msgs_s.ep.rosidl_typesupport_fastrtps_c.c.o[0m
[7.079s] [ 94%] [32mBuilding C object CMakeFiles/drive_base_msgs__rosidl_typesupport_introspection_c__pyext.dir/rosidl_generator_py/drive_base_msgs/_drive_base_msgs_s.ep.rosidl_typesupport_introspection_c.c.o[0m
[7.079s] [ 94%] [32mBuilding C object CMakeFiles/drive_base_msgs__rosidl_typesupport_c__pyext.dir/rosidl_generator_py/drive_base_msgs/_drive_base_msgs_s.ep.rosidl_typesupport_c.c.o[0m
[7.163s] [ 98%] [32m[1mLinking C shared library rosidl_generator_py/drive_base_msgs/drive_base_msgs_s__rosidl_typesupport_c.cpython-38-x86_64-linux-gnu.so[0m
[7.163s] [ 98%] [32m[1mLinking C shared library rosidl_generator_py/drive_base_msgs/drive_base_msgs_s__rosidl_typesupport_introspection_c.cpython-38-x86_64-linux-gnu.so[0m
[7.171s] [100%] [32m[1mLinking CXX shared library rosidl_generator_py/drive_base_msgs/drive_base_msgs_s__rosidl_typesupport_fastrtps_c.cpython-38-x86_64-linux-gnu.so[0m
[7.201s] [100%] Built target drive_base_msgs__rosidl_typesupport_introspection_c__pyext
[7.208s] [100%] Built target drive_base_msgs__rosidl_typesupport_c__pyext
[7.243s] [100%] Built target drive_base_msgs__rosidl_typesupport_fastrtps_c__pyext
[7.255s] Invoked command in '/home/max/microros_ws4/build/drive_base_msgs' returned '0': CMAKE_PREFIX_PATH=${CMAKE_PREFIX_PATH}:/opt/ros/foxy /usr/bin/cmake --build /home/max/microros_ws4/build/drive_base_msgs -- -j4 -l4
[7.406s] Invoking command in '/home/max/microros_ws4/build/drive_base_msgs': CMAKE_PREFIX_PATH=${CMAKE_PREFIX_PATH}:/opt/ros/foxy /usr/bin/cmake --install /home/max/microros_ws4/build/drive_base_msgs
[7.416s] -- Install configuration: ""
[7.417s] -- Installing: /home/max/microros_ws4/install/drive_base_msgs/share/ament_index/resource_index/rosidl_interfaces/drive_base_msgs
[7.417s] -- Installing: /home/max/microros_ws4/install/drive_base_msgs/include/drive_base_msgs
[7.417s] -- Installing: /home/max/microros_ws4/install/drive_base_msgs/include/drive_base_msgs/msg
[7.417s] -- Installing: /home/max/microros_ws4/install/drive_base_msgs/include/drive_base_msgs/msg/base_info.h
[7.417s] -- Installing: /home/max/microros_ws4/install/drive_base_msgs/include/drive_base_msgs/msg/trv_command.h
[7.417s] -- Installing: /home/max/microros_ws4/install/drive_base_msgs/include/drive_base_msgs/msg/command_header.h
[7.417s] -- Installing: /home/max/microros_ws4/install/drive_base_msgs/include/drive_base_msgs/msg/detail
[7.418s] -- Installing: /home/max/microros_ws4/install/drive_base_msgs/include/drive_base_msgs/msg/detail/command_header__type_support.h
[7.418s] -- Installing: /home/max/microros_ws4/install/drive_base_msgs/include/drive_base_msgs/msg/detail/trv_command__type_support.h
[7.418s] -- Installing: /home/max/microros_ws4/install/drive_base_msgs/include/drive_base_msgs/msg/detail/command_status__functions.h
[7.418s] -- Installing: /home/max/microros_ws4/install/drive_base_msgs/include/drive_base_msgs/msg/detail/base_info__functions.c
[7.418s] -- Installing: /home/max/microros_ws4/install/drive_base_msgs/include/drive_base_msgs/msg/detail/trv_command__functions.c
[7.418s] -- Installing: /home/max/microros_ws4/install/drive_base_msgs/include/drive_base_msgs/msg/detail/trv_command__functions.h
[7.418s] -- Installing: /home/max/microros_ws4/install/drive_base_msgs/include/drive_base_msgs/msg/detail/command_status__functions.c
[7.418s] -- Installing: /home/max/microros_ws4/install/drive_base_msgs/include/drive_base_msgs/msg/detail/trv_command__struct.h
[7.419s] -- Installing: /home/max/microros_ws4/install/drive_base_msgs/include/drive_base_msgs/msg/detail/command_header__functions.h
[7.419s] -- Installing: /home/max/microros_ws4/install/drive_base_msgs/include/drive_base_msgs/msg/detail/base_info__type_support.h
[7.419s] -- Installing: /home/max/microros_ws4/install/drive_base_msgs/include/drive_base_msgs/msg/detail/command_header__struct.h
[7.419s] -- Installing: /home/max/microros_ws4/install/drive_base_msgs/include/drive_base_msgs/msg/detail/base_info__functions.h
[7.419s] -- Installing: /home/max/microros_ws4/install/drive_base_msgs/include/drive_base_msgs/msg/detail/command_header__functions.c
[7.419s] -- Installing: /home/max/microros_ws4/install/drive_base_msgs/include/drive_base_msgs/msg/detail/command_status__type_support.h
[7.419s] -- Installing: /home/max/microros_ws4/install/drive_base_msgs/include/drive_base_msgs/msg/detail/command_status__struct.h
[7.419s] -- Installing: /home/max/microros_ws4/install/drive_base_msgs/include/drive_base_msgs/msg/detail/base_info__struct.h
[7.420s] -- Installing: /home/max/microros_ws4/install/drive_base_msgs/include/drive_base_msgs/msg/command_status.h
[7.420s] -- Installing: /home/max/microros_ws4/install/drive_base_msgs/include/drive_base_msgs/msg/rosidl_generator_c__visibility_control.h
[7.420s] -- Installing: /home/max/microros_ws4/install/drive_base_msgs/share/drive_base_msgs/environment/library_path.sh
[7.420s] -- Installing: /home/max/microros_ws4/install/drive_base_msgs/share/drive_base_msgs/environment/library_path.dsv
[7.420s] -- Installing: /home/max/microros_ws4/install/drive_base_msgs/lib/libdrive_base_msgs__rosidl_generator_c.so
[7.420s] -- Set runtime path of "/home/max/microros_ws4/install/drive_base_msgs/lib/libdrive_base_msgs__rosidl_generator_c.so" to ""
[7.420s] -- Up-to-date: /home/max/microros_ws4/install/drive_base_msgs/include/drive_base_msgs
[7.421s] -- Up-to-date: /home/max/microros_ws4/install/drive_base_msgs/include/drive_base_msgs/msg
[7.421s] -- Installing: /home/max/microros_ws4/install/drive_base_msgs/include/drive_base_msgs/msg/rosidl_typesupport_fastrtps_c__visibility_control.h
[7.421s] -- Up-to-date: /home/max/microros_ws4/install/drive_base_msgs/include/drive_base_msgs/msg/detail
[7.421s] -- Installing: /home/max/microros_ws4/install/drive_base_msgs/include/drive_base_msgs/msg/detail/command_header__rosidl_typesupport_fastrtps_c.h
[7.421s] -- Installing: /home/max/microros_ws4/install/drive_base_msgs/include/drive_base_msgs/msg/detail/command_status__rosidl_typesupport_fastrtps_c.h
[7.421s] -- Installing: /home/max/microros_ws4/install/drive_base_msgs/include/drive_base_msgs/msg/detail/trv_command__rosidl_typesupport_fastrtps_c.h
[7.421s] -- Installing: /home/max/microros_ws4/install/drive_base_msgs/include/drive_base_msgs/msg/detail/base_info__rosidl_typesupport_fastrtps_c.h
[7.421s] -- Installing: /home/max/microros_ws4/install/drive_base_msgs/lib/libdrive_base_msgs__rosidl_typesupport_fastrtps_c.so
[7.422s] -- Set runtime path of "/home/max/microros_ws4/install/drive_base_msgs/lib/libdrive_base_msgs__rosidl_typesupport_fastrtps_c.so" to ""
[7.422s] -- Up-to-date: /home/max/microros_ws4/install/drive_base_msgs/include/drive_base_msgs
[7.422s] -- Up-to-date: /home/max/microros_ws4/install/drive_base_msgs/include/drive_base_msgs/msg
[7.422s] -- Installing: /home/max/microros_ws4/install/drive_base_msgs/include/drive_base_msgs/msg/rosidl_typesupport_fastrtps_cpp__visibility_control.h
[7.422s] -- Up-to-date: /home/max/microros_ws4/install/drive_base_msgs/include/drive_base_msgs/msg/detail
[7.422s] -- Installing: /home/max/microros_ws4/install/drive_base_msgs/include/drive_base_msgs/msg/detail/dds_fastrtps
[7.422s] -- Installing: /home/max/microros_ws4/install/drive_base_msgs/include/drive_base_msgs/msg/detail/trv_command__rosidl_typesupport_fastrtps_cpp.hpp
[7.422s] -- Installing: /home/max/microros_ws4/install/drive_base_msgs/include/drive_base_msgs/msg/detail/command_header__rosidl_typesupport_fastrtps_cpp.hpp
[7.423s] -- Installing: /home/max/microros_ws4/install/drive_base_msgs/include/drive_base_msgs/msg/detail/base_info__rosidl_typesupport_fastrtps_cpp.hpp
[7.423s] -- Installing: /home/max/microros_ws4/install/drive_base_msgs/include/drive_base_msgs/msg/detail/command_status__rosidl_typesupport_fastrtps_cpp.hpp
[7.423s] -- Installing: /home/max/microros_ws4/install/drive_base_msgs/lib/libdrive_base_msgs__rosidl_typesupport_fastrtps_cpp.so
[7.423s] -- Set runtime path of "/home/max/microros_ws4/install/drive_base_msgs/lib/libdrive_base_msgs__rosidl_typesupport_fastrtps_cpp.so" to ""
[7.423s] -- Up-to-date: /home/max/microros_ws4/install/drive_base_msgs/include/drive_base_msgs
[7.423s] -- Up-to-date: /home/max/microros_ws4/install/drive_base_msgs/include/drive_base_msgs/msg
[7.423s] -- Up-to-date: /home/max/microros_ws4/install/drive_base_msgs/include/drive_base_msgs/msg/detail
[7.423s] -- Installing: /home/max/microros_ws4/install/drive_base_msgs/include/drive_base_msgs/msg/detail/command_status__type_support.c
[7.424s] -- Installing: /home/max/microros_ws4/install/drive_base_msgs/include/drive_base_msgs/msg/detail/trv_command__rosidl_typesupport_introspection_c.h
[7.424s] -- Installing: /home/max/microros_ws4/install/drive_base_msgs/include/drive_base_msgs/msg/detail/base_info__type_support.c
[7.424s] -- Installing: /home/max/microros_ws4/install/drive_base_msgs/include/drive_base_msgs/msg/detail/trv_command__type_support.c
[7.424s] -- Installing: /home/max/microros_ws4/install/drive_base_msgs/include/drive_base_msgs/msg/detail/command_status__rosidl_typesupport_introspection_c.h
[7.424s] -- Installing: /home/max/microros_ws4/install/drive_base_msgs/include/drive_base_msgs/msg/detail/command_header__rosidl_typesupport_introspection_c.h
[7.424s] -- Installing: /home/max/microros_ws4/install/drive_base_msgs/include/drive_base_msgs/msg/detail/base_info__rosidl_typesupport_introspection_c.h
[7.424s] -- Installing: /home/max/microros_ws4/install/drive_base_msgs/include/drive_base_msgs/msg/detail/command_header__type_support.c
[7.424s] -- Installing: /home/max/microros_ws4/install/drive_base_msgs/include/drive_base_msgs/msg/rosidl_typesupport_introspection_c__visibility_control.h
[7.424s] -- Installing: /home/max/microros_ws4/install/drive_base_msgs/lib/libdrive_base_msgs__rosidl_typesupport_introspection_c.so
[7.425s] -- Set runtime path of "/home/max/microros_ws4/install/drive_base_msgs/lib/libdrive_base_msgs__rosidl_typesupport_introspection_c.so" to ""
[7.425s] -- Installing: /home/max/microros_ws4/install/drive_base_msgs/lib/libdrive_base_msgs__rosidl_typesupport_c.so
[7.425s] -- Set runtime path of "/home/max/microros_ws4/install/drive_base_msgs/lib/libdrive_base_msgs__rosidl_typesupport_c.so" to ""
[7.425s] -- Up-to-date: /home/max/microros_ws4/install/drive_base_msgs/include/drive_base_msgs
[7.425s] -- Up-to-date: /home/max/microros_ws4/install/drive_base_msgs/include/drive_base_msgs/msg
[7.425s] -- Installing: /home/max/microros_ws4/install/drive_base_msgs/include/drive_base_msgs/msg/trv_command.hpp
[7.425s] -- Installing: /home/max/microros_ws4/install/drive_base_msgs/include/drive_base_msgs/msg/command_header.hpp
[7.425s] -- Up-to-date: /home/max/microros_ws4/install/drive_base_msgs/include/drive_base_msgs/msg/detail
[7.425s] -- Installing: /home/max/microros_ws4/install/drive_base_msgs/include/drive_base_msgs/msg/detail/base_info__struct.hpp
[7.426s] -- Installing: /home/max/microros_ws4/install/drive_base_msgs/include/drive_base_msgs/msg/detail/command_status__struct.hpp
[7.426s] -- Installing: /home/max/microros_ws4/install/drive_base_msgs/include/drive_base_msgs/msg/detail/base_info__traits.hpp
[7.426s] -- Installing: /home/max/microros_ws4/install/drive_base_msgs/include/drive_base_msgs/msg/detail/trv_command__traits.hpp
[7.426s] -- Installing: /home/max/microros_ws4/install/drive_base_msgs/include/drive_base_msgs/msg/detail/trv_command__builder.hpp
[7.426s] -- Installing: /home/max/microros_ws4/install/drive_base_msgs/include/drive_base_msgs/msg/detail/command_header__struct.hpp
[7.426s] -- Installing: /home/max/microros_ws4/install/drive_base_msgs/include/drive_base_msgs/msg/detail/trv_command__struct.hpp
[7.426s] -- Installing: /home/max/microros_ws4/install/drive_base_msgs/include/drive_base_msgs/msg/detail/command_status__traits.hpp
[7.426s] -- Installing: /home/max/microros_ws4/install/drive_base_msgs/include/drive_base_msgs/msg/detail/command_status__builder.hpp
[7.426s] -- Installing: /home/max/microros_ws4/install/drive_base_msgs/include/drive_base_msgs/msg/detail/command_header__builder.hpp
[7.426s] -- Installing: /home/max/microros_ws4/install/drive_base_msgs/include/drive_base_msgs/msg/detail/command_header__traits.hpp
[7.427s] -- Installing: /home/max/microros_ws4/install/drive_base_msgs/include/drive_base_msgs/msg/detail/base_info__builder.hpp
[7.427s] -- Installing: /home/max/microros_ws4/install/drive_base_msgs/include/drive_base_msgs/msg/base_info.hpp
[7.427s] -- Installing: /home/max/microros_ws4/install/drive_base_msgs/include/drive_base_msgs/msg/command_status.hpp
[7.427s] -- Up-to-date: /home/max/microros_ws4/install/drive_base_msgs/include/drive_base_msgs
[7.427s] -- Up-to-date: /home/max/microros_ws4/install/drive_base_msgs/include/drive_base_msgs/msg
[7.427s] -- Up-to-date: /home/max/microros_ws4/install/drive_base_msgs/include/drive_base_msgs/msg/detail
[7.427s] -- Installing: /home/max/microros_ws4/install/drive_base_msgs/include/drive_base_msgs/msg/detail/trv_command__rosidl_typesupport_introspection_cpp.hpp
[7.427s] -- Installing: /home/max/microros_ws4/install/drive_base_msgs/include/drive_base_msgs/msg/detail/base_info__rosidl_typesupport_introspection_cpp.hpp
[7.427s] -- Installing: /home/max/microros_ws4/install/drive_base_msgs/include/drive_base_msgs/msg/detail/command_status__type_support.cpp
[7.428s] -- Installing: /home/max/microros_ws4/install/drive_base_msgs/include/drive_base_msgs/msg/detail/trv_command__type_support.cpp
[7.428s] -- Installing: /home/max/microros_ws4/install/drive_base_msgs/include/drive_base_msgs/msg/detail/command_header__type_support.cpp
[7.428s] -- Installing: /home/max/microros_ws4/install/drive_base_msgs/include/drive_base_msgs/msg/detail/base_info__type_support.cpp
[7.428s] -- Installing: /home/max/microros_ws4/install/drive_base_msgs/include/drive_base_msgs/msg/detail/command_status__rosidl_typesupport_introspection_cpp.hpp
[7.428s] -- Installing: /home/max/microros_ws4/install/drive_base_msgs/include/drive_base_msgs/msg/detail/command_header__rosidl_typesupport_introspection_cpp.hpp
[7.428s] -- Installing: /home/max/microros_ws4/install/drive_base_msgs/lib/libdrive_base_msgs__rosidl_typesupport_introspection_cpp.so
[7.428s] -- Set runtime path of "/home/max/microros_ws4/install/drive_base_msgs/lib/libdrive_base_msgs__rosidl_typesupport_introspection_cpp.so" to ""
[7.428s] -- Installing: /home/max/microros_ws4/install/drive_base_msgs/lib/libdrive_base_msgs__rosidl_typesupport_cpp.so
[7.428s] -- Set runtime path of "/home/max/microros_ws4/install/drive_base_msgs/lib/libdrive_base_msgs__rosidl_typesupport_cpp.so" to ""
[7.428s] -- Installing: /home/max/microros_ws4/install/drive_base_msgs/share/drive_base_msgs/environment/pythonpath.sh
[7.428s] -- Installing: /home/max/microros_ws4/install/drive_base_msgs/share/drive_base_msgs/environment/pythonpath.dsv
[7.429s] -- Installing: /home/max/microros_ws4/install/drive_base_msgs/lib/python3.8/site-packages/drive_base_msgs/__init__.py
[7.455s] Compiling '/home/max/microros_ws4/install/drive_base_msgs/lib/python3.8/site-packages/drive_base_msgs/__init__.py'...
[7.459s] -- Installing: /home/max/microros_ws4/install/drive_base_msgs/lib/python3.8/site-packages/drive_base_msgs/msg
[7.459s] -- Installing: /home/max/microros_ws4/install/drive_base_msgs/lib/python3.8/site-packages/drive_base_msgs/msg/_base_info.py
[7.459s] -- Installing: /home/max/microros_ws4/install/drive_base_msgs/lib/python3.8/site-packages/drive_base_msgs/msg/_command_header.py
[7.460s] -- Installing: /home/max/microros_ws4/install/drive_base_msgs/lib/python3.8/site-packages/drive_base_msgs/msg/__init__.py
[7.460s] -- Installing: /home/max/microros_ws4/install/drive_base_msgs/lib/python3.8/site-packages/drive_base_msgs/msg/_trv_command_s.c
[7.460s] -- Installing: /home/max/microros_ws4/install/drive_base_msgs/lib/python3.8/site-packages/drive_base_msgs/msg/_trv_command.py
[7.460s] -- Installing: /home/max/microros_ws4/install/drive_base_msgs/lib/python3.8/site-packages/drive_base_msgs/msg/_command_status.py
[7.460s] -- Installing: /home/max/microros_ws4/install/drive_base_msgs/lib/python3.8/site-packages/drive_base_msgs/msg/_command_header_s.c
[7.460s] -- Installing: /home/max/microros_ws4/install/drive_base_msgs/lib/python3.8/site-packages/drive_base_msgs/msg/_base_info_s.c
[7.460s] -- Installing: /home/max/microros_ws4/install/drive_base_msgs/lib/python3.8/site-packages/drive_base_msgs/msg/_command_status_s.c
[7.461s] -- Installing: /home/max/microros_ws4/install/drive_base_msgs/lib/python3.8/site-packages/drive_base_msgs/drive_base_msgs_s__rosidl_typesupport_fastrtps_c.cpython-38-x86_64-linux-gnu.so
[7.462s] -- Set runtime path of "/home/max/microros_ws4/install/drive_base_msgs/lib/python3.8/site-packages/drive_base_msgs/drive_base_msgs_s__rosidl_typesupport_fastrtps_c.cpython-38-x86_64-linux-gnu.so" to ""
[7.462s] -- Installing: /home/max/microros_ws4/install/drive_base_msgs/lib/python3.8/site-packages/drive_base_msgs/drive_base_msgs_s__rosidl_typesupport_introspection_c.cpython-38-x86_64-linux-gnu.so
[7.463s] -- Set runtime path of "/home/max/microros_ws4/install/drive_base_msgs/lib/python3.8/site-packages/drive_base_msgs/drive_base_msgs_s__rosidl_typesupport_introspection_c.cpython-38-x86_64-linux-gnu.so" to ""
[7.463s] -- Installing: /home/max/microros_ws4/install/drive_base_msgs/lib/python3.8/site-packages/drive_base_msgs/drive_base_msgs_s__rosidl_typesupport_c.cpython-38-x86_64-linux-gnu.so
[7.464s] -- Set runtime path of "/home/max/microros_ws4/install/drive_base_msgs/lib/python3.8/site-packages/drive_base_msgs/drive_base_msgs_s__rosidl_typesupport_c.cpython-38-x86_64-linux-gnu.so" to ""
[7.464s] -- Installing: /home/max/microros_ws4/install/drive_base_msgs/lib/libdrive_base_msgs__python.so
[7.465s] -- Set runtime path of "/home/max/microros_ws4/install/drive_base_msgs/lib/libdrive_base_msgs__python.so" to ""
[7.465s] -- Installing: /home/max/microros_ws4/install/drive_base_msgs/share/drive_base_msgs/msg/CommandHeader.idl
[7.465s] -- Installing: /home/max/microros_ws4/install/drive_base_msgs/share/drive_base_msgs/msg/BaseInfo.idl
[7.465s] -- Installing: /home/max/microros_ws4/install/drive_base_msgs/share/drive_base_msgs/msg/CommandStatus.idl
[7.466s] -- Installing: /home/max/microros_ws4/install/drive_base_msgs/share/drive_base_msgs/msg/TRVCommand.idl
[7.466s] -- Installing: /home/max/microros_ws4/install/drive_base_msgs/share/drive_base_msgs/msg/CommandHeader.msg
[7.466s] -- Installing: /home/max/microros_ws4/install/drive_base_msgs/share/drive_base_msgs/msg/BaseInfo.msg
[7.466s] -- Installing: /home/max/microros_ws4/install/drive_base_msgs/share/drive_base_msgs/msg/CommandStatus.msg
[7.466s] -- Installing: /home/max/microros_ws4/install/drive_base_msgs/share/drive_base_msgs/msg/TRVCommand.msg
[7.467s] -- Installing: /home/max/microros_ws4/install/drive_base_msgs/share/ament_index/resource_index/package_run_dependencies/drive_base_msgs
[7.467s] -- Installing: /home/max/microros_ws4/install/drive_base_msgs/share/ament_index/resource_index/parent_prefix_path/drive_base_msgs
[7.468s] -- Installing: /home/max/microros_ws4/install/drive_base_msgs/share/drive_base_msgs/environment/ament_prefix_path.sh
[7.468s] -- Installing: /home/max/microros_ws4/install/drive_base_msgs/share/drive_base_msgs/environment/ament_prefix_path.dsv
[7.468s] -- Installing: /home/max/microros_ws4/install/drive_base_msgs/share/drive_base_msgs/environment/path.sh
[7.468s] -- Installing: /home/max/microros_ws4/install/drive_base_msgs/share/drive_base_msgs/environment/path.dsv
[7.468s] -- Installing: /home/max/microros_ws4/install/drive_base_msgs/share/drive_base_msgs/local_setup.bash
[7.468s] -- Installing: /home/max/microros_ws4/install/drive_base_msgs/share/drive_base_msgs/local_setup.sh
[7.469s] -- Installing: /home/max/microros_ws4/install/drive_base_msgs/share/drive_base_msgs/local_setup.zsh
[7.469s] -- Installing: /home/max/microros_ws4/install/drive_base_msgs/share/drive_base_msgs/local_setup.dsv
[7.469s] -- Installing: /home/max/microros_ws4/install/drive_base_msgs/share/drive_base_msgs/package.dsv
[7.469s] -- Installing: /home/max/microros_ws4/install/drive_base_msgs/share/ament_index/resource_index/packages/drive_base_msgs
[7.469s] -- Installing: /home/max/microros_ws4/install/drive_base_msgs/share/drive_base_msgs/cmake/drive_base_msgs__rosidl_generator_cExport.cmake
[7.470s] -- Installing: /home/max/microros_ws4/install/drive_base_msgs/share/drive_base_msgs/cmake/drive_base_msgs__rosidl_generator_cExport-noconfig.cmake
[7.470s] -- Installing: /home/max/microros_ws4/install/drive_base_msgs/share/drive_base_msgs/cmake/drive_base_msgs__rosidl_typesupport_introspection_cExport.cmake
[7.470s] -- Installing: /home/max/microros_ws4/install/drive_base_msgs/share/drive_base_msgs/cmake/drive_base_msgs__rosidl_typesupport_introspection_cExport-noconfig.cmake
[7.470s] -- Installing: /home/max/microros_ws4/install/drive_base_msgs/share/drive_base_msgs/cmake/drive_base_msgs__rosidl_typesupport_cExport.cmake
[7.471s] -- Installing: /home/max/microros_ws4/install/drive_base_msgs/share/drive_base_msgs/cmake/drive_base_msgs__rosidl_typesupport_cExport-noconfig.cmake
[7.471s] -- Installing: /home/max/microros_ws4/install/drive_base_msgs/share/drive_base_msgs/cmake/drive_base_msgs__rosidl_generator_cppExport.cmake
[7.471s] -- Installing: /home/max/microros_ws4/install/drive_base_msgs/share/drive_base_msgs/cmake/drive_base_msgs__rosidl_typesupport_introspection_cppExport.cmake
[7.472s] -- Installing: /home/max/microros_ws4/install/drive_base_msgs/share/drive_base_msgs/cmake/drive_base_msgs__rosidl_typesupport_introspection_cppExport-noconfig.cmake
[7.472s] -- Installing: /home/max/microros_ws4/install/drive_base_msgs/share/drive_base_msgs/cmake/drive_base_msgs__rosidl_typesupport_cppExport.cmake
[7.472s] -- Installing: /home/max/microros_ws4/install/drive_base_msgs/share/drive_base_msgs/cmake/drive_base_msgs__rosidl_typesupport_cppExport-noconfig.cmake
[7.472s] -- Installing: /home/max/microros_ws4/install/drive_base_msgs/share/drive_base_msgs/cmake/rosidl_cmake-extras.cmake
[7.472s] -- Installing: /home/max/microros_ws4/install/drive_base_msgs/share/drive_base_msgs/cmake/ament_cmake_export_dependencies-extras.cmake
[7.472s] -- Installing: /home/max/microros_ws4/install/drive_base_msgs/share/drive_base_msgs/cmake/ament_cmake_export_libraries-extras.cmake
[7.472s] -- Installing: /home/max/microros_ws4/install/drive_base_msgs/share/drive_base_msgs/cmake/ament_cmake_export_targets-extras.cmake
[7.473s] -- Installing: /home/max/microros_ws4/install/drive_base_msgs/share/drive_base_msgs/cmake/ament_cmake_export_include_directories-extras.cmake
[7.473s] -- Installing: /home/max/microros_ws4/install/drive_base_msgs/share/drive_base_msgs/cmake/rosidl_cmake_export_typesupport_libraries-extras.cmake
[7.473s] -- Installing: /home/max/microros_ws4/install/drive_base_msgs/share/drive_base_msgs/cmake/rosidl_cmake_export_typesupport_targets-extras.cmake
[7.473s] -- Installing: /home/max/microros_ws4/install/drive_base_msgs/share/drive_base_msgs/cmake/drive_base_msgsConfig.cmake
[7.473s] -- Installing: /home/max/microros_ws4/install/drive_base_msgs/share/drive_base_msgs/cmake/drive_base_msgsConfig-version.cmake
[7.473s] -- Installing: /home/max/microros_ws4/install/drive_base_msgs/share/drive_base_msgs/package.xml
[7.479s] Invoked command in '/home/max/microros_ws4/build/drive_base_msgs' returned '0': CMAKE_PREFIX_PATH=${CMAKE_PREFIX_PATH}:/opt/ros/foxy /usr/bin/cmake --install /home/max/microros_ws4/build/drive_base_msgs
