[0.147s] Invoking command in '/home/max/microros_ws4/firmware/mcu_ws/build/servo_message': AMENT_PREFIX_PATH=/home/max/microros_ws4/firmware/mcu_ws/install:${AMENT_PREFIX_PATH} CMAKE_PREFIX_PATH=/home/max/microros_ws4/firmware/mcu_ws/install:/home/max/microros_ws4/firmware/dev_ws/install/ament_lint_common:/home/max/microros_ws4/firmware/dev_ws/install/ament_cmake_uncrustify:/home/max/microros_ws4/firmware/dev_ws/install/uncrustify_vendor:/home/max/microros_ws4/firmware/dev_ws/install/ament_cmake_ros:/home/max/microros_ws4/firmware/dev_ws/install/ament_cmake_gmock:/home/max/microros_ws4/firmware/dev_ws/install/gmock_vendor:/home/max/microros_ws4/firmware/dev_ws/install/ament_cmake_gtest:/home/max/microros_ws4/firmware/dev_ws/install/gtest_vendor:/home/max/microros_ws4/firmware/dev_ws/install/ament_cmake_xmllint:/home/max/microros_ws4/firmware/dev_ws/install/ament_cmake_pyflakes:/home/max/microros_ws4/firmware/dev_ws/install/ament_cmake_pycodestyle:/home/max/microros_ws4/firmware/dev_ws/install/ament_cmake_pep257:/home/max/microros_ws4/firmware/dev_ws/install/ament_cmake_pclint:/home/max/microros_ws4/firmware/dev_ws/install/ament_lint_auto:/home/max/microros_ws4/firmware/dev_ws/install/ament_cmake_auto:/home/max/microros_ws4/firmware/dev_ws/install/ament_cmake:/home/max/microros_ws4/firmware/dev_ws/install/ament_cmake_version:/home/max/microros_ws4/firmware/dev_ws/install/ament_cmake_pytest:/home/max/microros_ws4/firmware/dev_ws/install/ament_cmake_nose:/home/max/microros_ws4/firmware/dev_ws/install/ament_cmake_mypy:/home/max/microros_ws4/firmware/dev_ws/install/ament_cmake_lint_cmake:/home/max/microros_ws4/firmware/dev_ws/install/ament_cmake_google_benchmark:/home/max/microros_ws4/firmware/dev_ws/install/ament_cmake_flake8:/home/max/microros_ws4/firmware/dev_ws/install/ament_cmake_cpplint:/home/max/microros_ws4/firmware/dev_ws/install/ament_cmake_cppcheck:/home/max/microros_ws4/firmware/dev_ws/install/ament_cmake_copyright:/home/max/microros_ws4/firmware/dev_ws/install/ament_cmake_clang_tidy:/home/max/microros_ws4/firmware/dev_ws/install/ament_cmake_clang_format:/home/max/microros_ws4/firmware/dev_ws/install/ament_cmake_test:/home/max/microros_ws4/firmware/dev_ws/install/ament_cmake_target_dependencies:/home/max/microros_ws4/firmware/dev_ws/install/ament_cmake_python:/home/max/microros_ws4/firmware/dev_ws/install/ament_cmake_export_dependencies:/home/max/microros_ws4/firmware/dev_ws/install/ament_cmake_libraries:/home/max/microros_ws4/firmware/dev_ws/install/ament_cmake_include_directories:/home/max/microros_ws4/firmware/dev_ws/install/ament_cmake_export_targets:/home/max/microros_ws4/firmware/dev_ws/install/ament_cmake_export_link_flags:/home/max/microros_ws4/firmware/dev_ws/install/ament_cmake_export_interfaces:/home/max/microros_ws4/firmware/dev_ws/install/ament_cmake_export_libraries:/home/max/microros_ws4/firmware/dev_ws/install/ament_cmake_export_include_directories:/home/max/microros_ws4/firmware/dev_ws/install/ament_cmake_export_definitions:/home/max/microros_ws4/firmware/dev_ws/install/ament_cmake_core:/home/max/microros_ws4/firmware/dev_ws/install/ament_index_cpp:/home/max/microros_ws4/firmware/dev_ws/install/ament_uncrustify:/home/max/microros_ws4/firmware/dev_ws/install/domain_coordinator:/home/max/microros_ws4/firmware/dev_ws/install/ament_xmllint:/home/max/microros_ws4/firmware/dev_ws/install/ament_pyflakes:/home/max/microros_ws4/firmware/dev_ws/install/ament_pycodestyle:/home/max/microros_ws4/firmware/dev_ws/install/ament_pep257:/home/max/microros_ws4/firmware/dev_ws/install/ament_pclint:/home/max/microros_ws4/firmware/dev_ws/install/ament_package:/home/max/microros_ws4/firmware/dev_ws/install/ament_mypy:/home/max/microros_ws4/firmware/dev_ws/install/ament_lint_cmake:/home/max/microros_ws4/firmware/dev_ws/install/ament_flake8:/home/max/microros_ws4/firmware/dev_ws/install/ament_copyright:/home/max/microros_ws4/firmware/dev_ws/install/ament_lint:/home/max/microros_ws4/firmware/dev_ws/install/ament_index_python:/home/max/microros_ws4/firmware/dev_ws/install/ament_cpplint:/home/max/microros_ws4/firmware/dev_ws/install/ament_cppcheck:/home/max/microros_ws4/firmware/dev_ws/install/ament_clang_tidy:/home/max/microros_ws4/firmware/dev_ws/install/ament_clang_format LD_LIBRARY_PATH=/home/max/microros_ws4/firmware/mcu_ws/install/lib:${LD_LIBRARY_PATH} PKG_CONFIG_PATH=/home/max/microros_ws4/firmware/mcu_ws/install/lib/x86_64-linux-gnu/pkgconfig:/home/max/microros_ws4/firmware/mcu_ws/install/lib/pkgconfig:${PKG_CONFIG_PATH} PYTHONPATH=/home/max/microros_ws4/firmware/mcu_ws/install/lib/python3.8/site-packages:${PYTHONPATH} /usr/bin/cmake --build /home/max/microros_ws4/firmware/mcu_ws/build/servo_message -- -j4 -l4
[0.170s] make[4]: Entering directory '/home/max/microros_ws4/firmware/mcu_ws/build/servo_message'
[0.170s] /usr/bin/cmake -S/home/max/microros_ws4/firmware/mcu_ws/servo_message -B/home/max/microros_ws4/firmware/mcu_ws/build/servo_message --check-build-system CMakeFiles/Makefile.cmake 0
[0.185s] Re-run cmake file: Makefile older than: /home/max/microros_ws4/firmware/mcu_ws/install/share/rosidl_typesupport_c/cmake/rosidl_typesupport_cExport-debug.cmake
[0.190s] -- Found ament_cmake: 0.9.11 (/home/max/microros_ws4/firmware/dev_ws/install/ament_cmake/share/ament_cmake/cmake)
[0.210s] -- Found PythonInterp: /home/max/microros_ws4/firmware/toolchain/espressif/python_env/idf4.1_py3.8_env/bin/python3 (found suitable version "3.8.10", minimum required is "3") 
[0.210s] -- Using PYTHON_EXECUTABLE: /home/max/microros_ws4/firmware/toolchain/espressif/python_env/idf4.1_py3.8_env/bin/python3
[0.356s] -- Found rosidl_default_generators: 1.0.1 (/home/max/microros_ws4/firmware/mcu_ws/install/share/rosidl_default_generators/cmake)
[0.370s] -- Using single rosidl_typesupport_c: rosidl_typesupport_microxrcedds_c
[0.374s] -- Found rosidl_adapter: 1.3.0 (/home/max/microros_ws4/firmware/mcu_ws/install/share/rosidl_adapter/cmake)
[0.397s] CMake Warning at /home/max/microros_ws4/firmware/mcu_ws/install/share/rcutils/cmake/ament_cmake_export_libraries-extras.cmake:116 (message):
[0.397s]   Package 'rcutils' exports library 'dl' which couldn't be found
[0.397s] Call Stack (most recent call first):
[0.397s]   /home/max/microros_ws4/firmware/mcu_ws/install/share/rcutils/cmake/rcutilsConfig.cmake:41 (include)
[0.397s]   /home/max/microros_ws4/firmware/mcu_ws/install/share/rmw/cmake/ament_cmake_export_dependencies-extras.cmake:21 (find_package)
[0.397s]   /home/max/microros_ws4/firmware/mcu_ws/install/share/rmw/cmake/rmwConfig.cmake:41 (include)
[0.398s]   /home/max/microros_ws4/firmware/mcu_ws/install/share/rosidl_typesupport_microxrcedds_c/cmake/ament_cmake_export_dependencies-extras.cmake:21 (find_package)
[0.398s]   /home/max/microros_ws4/firmware/mcu_ws/install/share/rosidl_typesupport_microxrcedds_c/cmake/rosidl_typesupport_microxrcedds_cConfig.cmake:41 (include)
[0.398s]   /home/max/microros_ws4/firmware/mcu_ws/install/share/rosidl_typesupport_c/cmake/rosidl_typesupport_c-extras.cmake:13 (find_package)
[0.398s]   /home/max/microros_ws4/firmware/mcu_ws/install/share/rosidl_typesupport_c/cmake/rosidl_typesupport_cConfig.cmake:41 (include)
[0.398s]   /home/max/microros_ws4/firmware/mcu_ws/install/share/rosidl_default_generators/cmake/rosidl_default_generators-extras.cmake:21 (find_package)
[0.398s]   /home/max/microros_ws4/firmware/mcu_ws/install/share/rosidl_default_generators/cmake/rosidl_default_generatorsConfig.cmake:41 (include)
[0.398s]   CMakeLists.txt:35 (find_package)
[0.398s] 
[0.398s] 
[0.443s] -- Found PythonInterp: /home/max/microros_ws4/firmware/toolchain/espressif/python_env/idf4.1_py3.8_env/bin/python3 (found version "3.8.10") 
[0.587s] -- Found ament_cmake_ros: 0.9.2 (/home/max/microros_ws4/firmware/dev_ws/install/ament_cmake_ros/share/ament_cmake_ros/cmake)
[0.597s] -- Using single rosidl_typesupport_c: rosidl_typesupport_microxrcedds_c
[0.605s] -- Configuring done
[0.616s] -- Generating done
[0.618s] -- Build files have been written to: /home/max/microros_ws4/firmware/mcu_ws/build/servo_message
[0.623s] /usr/bin/cmake -E cmake_progress_start /home/max/microros_ws4/firmware/mcu_ws/build/servo_message/CMakeFiles /home/max/microros_ws4/firmware/mcu_ws/build/servo_message/CMakeFiles/progress.marks
[0.635s] /usr/bin/make -f CMakeFiles/Makefile2 all
[0.636s] make[5]: Entering directory '/home/max/microros_ws4/firmware/mcu_ws/build/servo_message'
[0.636s] /usr/bin/make -f CMakeFiles/servo_message__rosidl_generator_c.dir/build.make CMakeFiles/servo_message__rosidl_generator_c.dir/depend
[0.638s] make[6]: Entering directory '/home/max/microros_ws4/firmware/mcu_ws/build/servo_message'
[0.638s] cd /home/max/microros_ws4/firmware/mcu_ws/build/servo_message && /usr/bin/cmake -E cmake_depends "Unix Makefiles" /home/max/microros_ws4/firmware/mcu_ws/servo_message /home/max/microros_ws4/firmware/mcu_ws/servo_message /home/max/microros_ws4/firmware/mcu_ws/build/servo_message /home/max/microros_ws4/firmware/mcu_ws/build/servo_message /home/max/microros_ws4/firmware/mcu_ws/build/servo_message/CMakeFiles/servo_message__rosidl_generator_c.dir/DependInfo.cmake --color=
[0.645s] Dependee "/home/max/microros_ws4/firmware/freertos_apps/microros_esp32_extensions/build/config/sdkconfig.h" is newer than depender "CMakeFiles/servo_message__rosidl_generator_c.dir/rosidl_generator_c/servo_message/msg/detail/servo_message__functions.c.obj".
[0.645s] Clearing dependencies in "/home/max/microros_ws4/firmware/mcu_ws/build/servo_message/CMakeFiles/servo_message__rosidl_generator_c.dir/depend.make".
[0.645s] [35m[1mScanning dependencies of target servo_message__rosidl_generator_c[0m
[0.649s] make[6]: Leaving directory '/home/max/microros_ws4/firmware/mcu_ws/build/servo_message'
[0.649s] /usr/bin/make -f CMakeFiles/servo_message__rosidl_generator_c.dir/build.make CMakeFiles/servo_message__rosidl_generator_c.dir/build
[0.651s] make[6]: Entering directory '/home/max/microros_ws4/firmware/mcu_ws/build/servo_message'
[0.659s] [ 11%] [32mBuilding C object CMakeFiles/servo_message__rosidl_generator_c.dir/rosidl_generator_c/servo_message/msg/detail/servo_message__functions.c.obj[0m
[0.660s] /home/max/microros_ws4/firmware/toolchain/espressif/tools/xtensa-esp32-elf/esp-2020r2-8.2.0/xtensa-esp32-elf/bin/xtensa-esp32-elf-gcc -DLWIP_IPV4 -DLWIP_IPV6 -DROS_PACKAGE_NAME=\"servo_message\" -I/home/max/microros_ws4/firmware/freertos_apps/microros_esp32_extensions/build/config -I/home/max/microros_ws4/firmware/toolchain/esp-idf/components/newlib/platform_include -I/home/max/microros_ws4/firmware/toolchain/esp-idf/components/protocomm/include -I/home/max/microros_ws4/firmware/toolchain/esp-idf/components/esp_rom/include -I/home/max/microros_ws4/firmware/toolchain/esp-idf/components/driver/include -I/home/max/microros_ws4/firmware/toolchain/esp-idf/components/wear_levelling/include -I/home/max/microros_ws4/firmware/toolchain/esp-idf/components/vfs/include -I/home/max/microros_ws4/firmware/toolchain/esp-idf/components/log/include -I/home/max/microros_ws4/firmware/toolchain/esp-idf/components/freertos/include -I/home/max/microros_ws4/firmware/toolchain/esp-idf/components/wifi_provisioning/include -I/home/max/microros_ws4/firmware/toolchain/esp-idf/components/pthread/include -I/home/max/microros_ws4/firmware/toolchain/esp-idf/components/libsodium/libsodium/src/libsodium/include -I/home/max/microros_ws4/firmware/toolchain/esp-idf/components/coap/port/include -I/home/max/microros_ws4/firmware/toolchain/esp-idf/components/coap/libcoap/include -I/home/max/microros_ws4/firmware/toolchain/esp-idf/components/tcp_transport/include -I/home/max/microros_ws4/firmware/toolchain/esp-idf/components/unity/include -I/home/max/microros_ws4/firmware/toolchain/esp-idf/components/esp32/include -I/home/max/microros_ws4/firmware/toolchain/esp-idf/components/asio/port/include -I/home/max/microros_ws4/firmware/toolchain/esp-idf/components/asio/asio/asio/include -I/home/max/microros_ws4/firmware/toolchain/esp-idf/components/app_update/include -I/home/max/microros_ws4/firmware/toolchain/esp-idf/components/esp_ringbuf/include -I/home/max/microros_ws4/firmware/toolchain/esp-idf/components/soc/esp32/include -I/home/max/microros_ws4/firmware/toolchain/esp-idf/components/soc/include -I/home/max/microros_ws4/firmware/toolchain/esp-idf/components/efuse/test/include -I/home/max/microros_ws4/firmware/toolchain/esp-idf/components/efuse/esp32/include -I/home/max/microros_ws4/firmware/toolchain/esp-idf/components/efuse/include -I/home/max/microros_ws4/firmware/toolchain/esp-idf/components/mbedtls/port/include -I/home/max/microros_ws4/firmware/toolchain/esp-idf/components/mbedtls/mbedtls/include -I/home/max/microros_ws4/firmware/toolchain/esp-idf/components/xtensa/esp32/include -I/home/max/microros_ws4/firmware/toolchain/esp-idf/components/xtensa/include -I/home/max/microros_ws4/firmware/toolchain/esp-idf/components/app_trace/include -I/home/max/microros_ws4/firmware/toolchain/esp-idf/components/nvs_flash/include -I/home/max/microros_ws4/firmware/toolchain/esp-idf/components/jsmn/include -I/home/max/microros_ws4/firmware/toolchain/esp-idf/components/esp_eth/include -I/home/max/microros_ws4/firmware/toolchain/esp-idf/components/spiffs/include -I/home/max/microros_ws4/firmware/toolchain/esp-idf/components/ulp/include -I/home/max/microros_ws4/firmware/toolchain/esp-idf/components/mdns/include -I/home/max/microros_ws4/firmware/toolchain/esp-idf/components/freemodbus/modbus/include -I/home/max/microros_ws4/firmware/toolchain/esp-idf/components/freemodbus/common/include -I/home/max/microros_ws4/firmware/toolchain/esp-idf/components/esp_event/include -I/home/max/microros_ws4/firmware/toolchain/esp-idf/components/expat/port/include -I/home/max/microros_ws4/firmware/toolchain/esp-idf/components/bootloader_support/include -I/home/max/microros_ws4/firmware/toolchain/esp-idf/components/heap/include -I/home/max/microros_ws4/firmware/toolchain/esp-idf/components/wpa_supplicant/port/include -I/home/max/microros_ws4/firmware/toolchain/esp-idf/components/wpa_supplicant/include -I/home/max/microros_ws4/firmware/toolchain/esp-idf/components/tcpip_adapter/include -I/home/max/microros_ws4/firmware/toolchain/esp-idf/components/openssl/include -I/home/max/microros_ws4/firmware/toolchain/esp-idf/components/sdmmc/include -I/home/max/microros_ws4/firmware/toolchain/esp-idf/components/esp_local_ctrl/include -I/home/max/microros_ws4/firmware/toolchain/esp-idf/components/esp_common/include -I/home/max/microros_ws4/firmware/toolchain/esp-idf/components/lwip/lwip/src/include/lwip/apps -I/home/max/microros_ws4/firmware/toolchain/esp-idf/components/lwip/lwip/src/include/compat/posix -I/home/max/microros_ws4/firmware/toolchain/esp-idf/components/lwip/lwip/src/include -I/home/max/microros_ws4/firmware/toolchain/esp-idf/components/lwip/port/esp32/include -I/home/max/microros_ws4/firmware/mcu_ws/build/servo_message/rosidl_generator_c -isystem /home/max/microros_ws4/firmware/mcu_ws/install/include -isystem /home/max/microros_ws4/firmware/mcu_ws/install/share/tinydir_vendor/cmake/../../../include  -mlongcalls -Wno-frame-address -mlongcalls -Wno-frame-address -g   -Wall -std=gnu11 -o CMakeFiles/servo_message__rosidl_generator_c.dir/rosidl_generator_c/servo_message/msg/detail/servo_message__functions.c.obj   -c /home/max/microros_ws4/firmware/mcu_ws/build/servo_message/rosidl_generator_c/servo_message/msg/detail/servo_message__functions.c
[0.708s] [ 22%] [32m[1mLinking C static library libservo_message__rosidl_generator_c.a[0m
[0.709s] /usr/bin/cmake -P CMakeFiles/servo_message__rosidl_generator_c.dir/cmake_clean_target.cmake
[0.719s] /usr/bin/cmake -E cmake_link_script CMakeFiles/servo_message__rosidl_generator_c.dir/link.txt --verbose=1
[0.726s] /home/max/microros_ws4/firmware/toolchain/espressif/tools/xtensa-esp32-elf/esp-2020r2-8.2.0/xtensa-esp32-elf/bin/xtensa-esp32-elf-ar qc libservo_message__rosidl_generator_c.a  CMakeFiles/servo_message__rosidl_generator_c.dir/rosidl_generator_c/servo_message/msg/detail/servo_message__functions.c.obj
[0.728s] /home/max/microros_ws4/firmware/toolchain/espressif/tools/xtensa-esp32-elf/esp-2020r2-8.2.0/xtensa-esp32-elf/bin/xtensa-esp32-elf-ranlib libservo_message__rosidl_generator_c.a
[0.731s] make[6]: Leaving directory '/home/max/microros_ws4/firmware/mcu_ws/build/servo_message'
[0.742s] [ 33%] Built target servo_message__rosidl_generator_c
[0.742s] /usr/bin/make -f CMakeFiles/servo_message__rosidl_typesupport_microxrcedds_c.dir/build.make CMakeFiles/servo_message__rosidl_typesupport_microxrcedds_c.dir/depend
[0.746s] make[6]: Entering directory '/home/max/microros_ws4/firmware/mcu_ws/build/servo_message'
[0.746s] cd /home/max/microros_ws4/firmware/mcu_ws/build/servo_message && /usr/bin/cmake -E cmake_depends "Unix Makefiles" /home/max/microros_ws4/firmware/mcu_ws/servo_message /home/max/microros_ws4/firmware/mcu_ws/servo_message /home/max/microros_ws4/firmware/mcu_ws/build/servo_message /home/max/microros_ws4/firmware/mcu_ws/build/servo_message /home/max/microros_ws4/firmware/mcu_ws/build/servo_message/CMakeFiles/servo_message__rosidl_typesupport_microxrcedds_c.dir/DependInfo.cmake --color=
[0.756s] make[6]: Leaving directory '/home/max/microros_ws4/firmware/mcu_ws/build/servo_message'
[0.756s] /usr/bin/make -f CMakeFiles/servo_message__rosidl_typesupport_microxrcedds_c.dir/build.make CMakeFiles/servo_message__rosidl_typesupport_microxrcedds_c.dir/build
[0.757s] make[6]: Entering directory '/home/max/microros_ws4/firmware/mcu_ws/build/servo_message'
[0.757s] make[6]: Nothing to be done for 'CMakeFiles/servo_message__rosidl_typesupport_microxrcedds_c.dir/build'.
[0.757s] make[6]: Leaving directory '/home/max/microros_ws4/firmware/mcu_ws/build/servo_message'
[0.763s] [ 66%] Built target servo_message__rosidl_typesupport_microxrcedds_c
[0.764s] /usr/bin/make -f CMakeFiles/servo_message__rosidl_typesupport_c.dir/build.make CMakeFiles/servo_message__rosidl_typesupport_c.dir/depend
[0.766s] make[6]: Entering directory '/home/max/microros_ws4/firmware/mcu_ws/build/servo_message'
[0.766s] cd /home/max/microros_ws4/firmware/mcu_ws/build/servo_message && /usr/bin/cmake -E cmake_depends "Unix Makefiles" /home/max/microros_ws4/firmware/mcu_ws/servo_message /home/max/microros_ws4/firmware/mcu_ws/servo_message /home/max/microros_ws4/firmware/mcu_ws/build/servo_message /home/max/microros_ws4/firmware/mcu_ws/build/servo_message /home/max/microros_ws4/firmware/mcu_ws/build/servo_message/CMakeFiles/servo_message__rosidl_typesupport_c.dir/DependInfo.cmake --color=
[0.776s] make[6]: Leaving directory '/home/max/microros_ws4/firmware/mcu_ws/build/servo_message'
[0.776s] /usr/bin/make -f CMakeFiles/servo_message__rosidl_typesupport_c.dir/build.make CMakeFiles/servo_message__rosidl_typesupport_c.dir/build
[0.777s] make[6]: Entering directory '/home/max/microros_ws4/firmware/mcu_ws/build/servo_message'
[0.777s] make[6]: Nothing to be done for 'CMakeFiles/servo_message__rosidl_typesupport_c.dir/build'.
[0.777s] make[6]: Leaving directory '/home/max/microros_ws4/firmware/mcu_ws/build/servo_message'
[0.788s] [100%] Built target servo_message__rosidl_typesupport_c
[0.788s] /usr/bin/make -f CMakeFiles/servo_message.dir/build.make CMakeFiles/servo_message.dir/depend
[0.791s] make[6]: Entering directory '/home/max/microros_ws4/firmware/mcu_ws/build/servo_message'
[0.791s] cd /home/max/microros_ws4/firmware/mcu_ws/build/servo_message && /usr/bin/cmake -E cmake_depends "Unix Makefiles" /home/max/microros_ws4/firmware/mcu_ws/servo_message /home/max/microros_ws4/firmware/mcu_ws/servo_message /home/max/microros_ws4/firmware/mcu_ws/build/servo_message /home/max/microros_ws4/firmware/mcu_ws/build/servo_message /home/max/microros_ws4/firmware/mcu_ws/build/servo_message/CMakeFiles/servo_message.dir/DependInfo.cmake --color=
[0.801s] make[6]: Leaving directory '/home/max/microros_ws4/firmware/mcu_ws/build/servo_message'
[0.801s] /usr/bin/make -f CMakeFiles/servo_message.dir/build.make CMakeFiles/servo_message.dir/build
[0.802s] make[6]: Entering directory '/home/max/microros_ws4/firmware/mcu_ws/build/servo_message'
[0.803s] make[6]: Nothing to be done for 'CMakeFiles/servo_message.dir/build'.
[0.803s] make[6]: Leaving directory '/home/max/microros_ws4/firmware/mcu_ws/build/servo_message'
[0.809s] [100%] Built target servo_message
[0.811s] make[5]: Leaving directory '/home/max/microros_ws4/firmware/mcu_ws/build/servo_message'
[0.811s] /usr/bin/cmake -E cmake_progress_start /home/max/microros_ws4/firmware/mcu_ws/build/servo_message/CMakeFiles 0
[0.821s] make[4]: Leaving directory '/home/max/microros_ws4/firmware/mcu_ws/build/servo_message'
[0.827s] Invoked command in '/home/max/microros_ws4/firmware/mcu_ws/build/servo_message' returned '0': AMENT_PREFIX_PATH=/home/max/microros_ws4/firmware/mcu_ws/install:${AMENT_PREFIX_PATH} CMAKE_PREFIX_PATH=/home/max/microros_ws4/firmware/mcu_ws/install:/home/max/microros_ws4/firmware/dev_ws/install/ament_lint_common:/home/max/microros_ws4/firmware/dev_ws/install/ament_cmake_uncrustify:/home/max/microros_ws4/firmware/dev_ws/install/uncrustify_vendor:/home/max/microros_ws4/firmware/dev_ws/install/ament_cmake_ros:/home/max/microros_ws4/firmware/dev_ws/install/ament_cmake_gmock:/home/max/microros_ws4/firmware/dev_ws/install/gmock_vendor:/home/max/microros_ws4/firmware/dev_ws/install/ament_cmake_gtest:/home/max/microros_ws4/firmware/dev_ws/install/gtest_vendor:/home/max/microros_ws4/firmware/dev_ws/install/ament_cmake_xmllint:/home/max/microros_ws4/firmware/dev_ws/install/ament_cmake_pyflakes:/home/max/microros_ws4/firmware/dev_ws/install/ament_cmake_pycodestyle:/home/max/microros_ws4/firmware/dev_ws/install/ament_cmake_pep257:/home/max/microros_ws4/firmware/dev_ws/install/ament_cmake_pclint:/home/max/microros_ws4/firmware/dev_ws/install/ament_lint_auto:/home/max/microros_ws4/firmware/dev_ws/install/ament_cmake_auto:/home/max/microros_ws4/firmware/dev_ws/install/ament_cmake:/home/max/microros_ws4/firmware/dev_ws/install/ament_cmake_version:/home/max/microros_ws4/firmware/dev_ws/install/ament_cmake_pytest:/home/max/microros_ws4/firmware/dev_ws/install/ament_cmake_nose:/home/max/microros_ws4/firmware/dev_ws/install/ament_cmake_mypy:/home/max/microros_ws4/firmware/dev_ws/install/ament_cmake_lint_cmake:/home/max/microros_ws4/firmware/dev_ws/install/ament_cmake_google_benchmark:/home/max/microros_ws4/firmware/dev_ws/install/ament_cmake_flake8:/home/max/microros_ws4/firmware/dev_ws/install/ament_cmake_cpplint:/home/max/microros_ws4/firmware/dev_ws/install/ament_cmake_cppcheck:/home/max/microros_ws4/firmware/dev_ws/install/ament_cmake_copyright:/home/max/microros_ws4/firmware/dev_ws/install/ament_cmake_clang_tidy:/home/max/microros_ws4/firmware/dev_ws/install/ament_cmake_clang_format:/home/max/microros_ws4/firmware/dev_ws/install/ament_cmake_test:/home/max/microros_ws4/firmware/dev_ws/install/ament_cmake_target_dependencies:/home/max/microros_ws4/firmware/dev_ws/install/ament_cmake_python:/home/max/microros_ws4/firmware/dev_ws/install/ament_cmake_export_dependencies:/home/max/microros_ws4/firmware/dev_ws/install/ament_cmake_libraries:/home/max/microros_ws4/firmware/dev_ws/install/ament_cmake_include_directories:/home/max/microros_ws4/firmware/dev_ws/install/ament_cmake_export_targets:/home/max/microros_ws4/firmware/dev_ws/install/ament_cmake_export_link_flags:/home/max/microros_ws4/firmware/dev_ws/install/ament_cmake_export_interfaces:/home/max/microros_ws4/firmware/dev_ws/install/ament_cmake_export_libraries:/home/max/microros_ws4/firmware/dev_ws/install/ament_cmake_export_include_directories:/home/max/microros_ws4/firmware/dev_ws/install/ament_cmake_export_definitions:/home/max/microros_ws4/firmware/dev_ws/install/ament_cmake_core:/home/max/microros_ws4/firmware/dev_ws/install/ament_index_cpp:/home/max/microros_ws4/firmware/dev_ws/install/ament_uncrustify:/home/max/microros_ws4/firmware/dev_ws/install/domain_coordinator:/home/max/microros_ws4/firmware/dev_ws/install/ament_xmllint:/home/max/microros_ws4/firmware/dev_ws/install/ament_pyflakes:/home/max/microros_ws4/firmware/dev_ws/install/ament_pycodestyle:/home/max/microros_ws4/firmware/dev_ws/install/ament_pep257:/home/max/microros_ws4/firmware/dev_ws/install/ament_pclint:/home/max/microros_ws4/firmware/dev_ws/install/ament_package:/home/max/microros_ws4/firmware/dev_ws/install/ament_mypy:/home/max/microros_ws4/firmware/dev_ws/install/ament_lint_cmake:/home/max/microros_ws4/firmware/dev_ws/install/ament_flake8:/home/max/microros_ws4/firmware/dev_ws/install/ament_copyright:/home/max/microros_ws4/firmware/dev_ws/install/ament_lint:/home/max/microros_ws4/firmware/dev_ws/install/ament_index_python:/home/max/microros_ws4/firmware/dev_ws/install/ament_cpplint:/home/max/microros_ws4/firmware/dev_ws/install/ament_cppcheck:/home/max/microros_ws4/firmware/dev_ws/install/ament_clang_tidy:/home/max/microros_ws4/firmware/dev_ws/install/ament_clang_format LD_LIBRARY_PATH=/home/max/microros_ws4/firmware/mcu_ws/install/lib:${LD_LIBRARY_PATH} PKG_CONFIG_PATH=/home/max/microros_ws4/firmware/mcu_ws/install/lib/x86_64-linux-gnu/pkgconfig:/home/max/microros_ws4/firmware/mcu_ws/install/lib/pkgconfig:${PKG_CONFIG_PATH} PYTHONPATH=/home/max/microros_ws4/firmware/mcu_ws/install/lib/python3.8/site-packages:${PYTHONPATH} /usr/bin/cmake --build /home/max/microros_ws4/firmware/mcu_ws/build/servo_message -- -j4 -l4
[0.882s] Invoking command in '/home/max/microros_ws4/firmware/mcu_ws/build/servo_message': AMENT_PREFIX_PATH=/home/max/microros_ws4/firmware/mcu_ws/install:${AMENT_PREFIX_PATH} CMAKE_PREFIX_PATH=/home/max/microros_ws4/firmware/mcu_ws/install:/home/max/microros_ws4/firmware/dev_ws/install/ament_lint_common:/home/max/microros_ws4/firmware/dev_ws/install/ament_cmake_uncrustify:/home/max/microros_ws4/firmware/dev_ws/install/uncrustify_vendor:/home/max/microros_ws4/firmware/dev_ws/install/ament_cmake_ros:/home/max/microros_ws4/firmware/dev_ws/install/ament_cmake_gmock:/home/max/microros_ws4/firmware/dev_ws/install/gmock_vendor:/home/max/microros_ws4/firmware/dev_ws/install/ament_cmake_gtest:/home/max/microros_ws4/firmware/dev_ws/install/gtest_vendor:/home/max/microros_ws4/firmware/dev_ws/install/ament_cmake_xmllint:/home/max/microros_ws4/firmware/dev_ws/install/ament_cmake_pyflakes:/home/max/microros_ws4/firmware/dev_ws/install/ament_cmake_pycodestyle:/home/max/microros_ws4/firmware/dev_ws/install/ament_cmake_pep257:/home/max/microros_ws4/firmware/dev_ws/install/ament_cmake_pclint:/home/max/microros_ws4/firmware/dev_ws/install/ament_lint_auto:/home/max/microros_ws4/firmware/dev_ws/install/ament_cmake_auto:/home/max/microros_ws4/firmware/dev_ws/install/ament_cmake:/home/max/microros_ws4/firmware/dev_ws/install/ament_cmake_version:/home/max/microros_ws4/firmware/dev_ws/install/ament_cmake_pytest:/home/max/microros_ws4/firmware/dev_ws/install/ament_cmake_nose:/home/max/microros_ws4/firmware/dev_ws/install/ament_cmake_mypy:/home/max/microros_ws4/firmware/dev_ws/install/ament_cmake_lint_cmake:/home/max/microros_ws4/firmware/dev_ws/install/ament_cmake_google_benchmark:/home/max/microros_ws4/firmware/dev_ws/install/ament_cmake_flake8:/home/max/microros_ws4/firmware/dev_ws/install/ament_cmake_cpplint:/home/max/microros_ws4/firmware/dev_ws/install/ament_cmake_cppcheck:/home/max/microros_ws4/firmware/dev_ws/install/ament_cmake_copyright:/home/max/microros_ws4/firmware/dev_ws/install/ament_cmake_clang_tidy:/home/max/microros_ws4/firmware/dev_ws/install/ament_cmake_clang_format:/home/max/microros_ws4/firmware/dev_ws/install/ament_cmake_test:/home/max/microros_ws4/firmware/dev_ws/install/ament_cmake_target_dependencies:/home/max/microros_ws4/firmware/dev_ws/install/ament_cmake_python:/home/max/microros_ws4/firmware/dev_ws/install/ament_cmake_export_dependencies:/home/max/microros_ws4/firmware/dev_ws/install/ament_cmake_libraries:/home/max/microros_ws4/firmware/dev_ws/install/ament_cmake_include_directories:/home/max/microros_ws4/firmware/dev_ws/install/ament_cmake_export_targets:/home/max/microros_ws4/firmware/dev_ws/install/ament_cmake_export_link_flags:/home/max/microros_ws4/firmware/dev_ws/install/ament_cmake_export_interfaces:/home/max/microros_ws4/firmware/dev_ws/install/ament_cmake_export_libraries:/home/max/microros_ws4/firmware/dev_ws/install/ament_cmake_export_include_directories:/home/max/microros_ws4/firmware/dev_ws/install/ament_cmake_export_definitions:/home/max/microros_ws4/firmware/dev_ws/install/ament_cmake_core:/home/max/microros_ws4/firmware/dev_ws/install/ament_index_cpp:/home/max/microros_ws4/firmware/dev_ws/install/ament_uncrustify:/home/max/microros_ws4/firmware/dev_ws/install/domain_coordinator:/home/max/microros_ws4/firmware/dev_ws/install/ament_xmllint:/home/max/microros_ws4/firmware/dev_ws/install/ament_pyflakes:/home/max/microros_ws4/firmware/dev_ws/install/ament_pycodestyle:/home/max/microros_ws4/firmware/dev_ws/install/ament_pep257:/home/max/microros_ws4/firmware/dev_ws/install/ament_pclint:/home/max/microros_ws4/firmware/dev_ws/install/ament_package:/home/max/microros_ws4/firmware/dev_ws/install/ament_mypy:/home/max/microros_ws4/firmware/dev_ws/install/ament_lint_cmake:/home/max/microros_ws4/firmware/dev_ws/install/ament_flake8:/home/max/microros_ws4/firmware/dev_ws/install/ament_copyright:/home/max/microros_ws4/firmware/dev_ws/install/ament_lint:/home/max/microros_ws4/firmware/dev_ws/install/ament_index_python:/home/max/microros_ws4/firmware/dev_ws/install/ament_cpplint:/home/max/microros_ws4/firmware/dev_ws/install/ament_cppcheck:/home/max/microros_ws4/firmware/dev_ws/install/ament_clang_tidy:/home/max/microros_ws4/firmware/dev_ws/install/ament_clang_format LD_LIBRARY_PATH=/home/max/microros_ws4/firmware/mcu_ws/install/lib:${LD_LIBRARY_PATH} PKG_CONFIG_PATH=/home/max/microros_ws4/firmware/mcu_ws/install/lib/x86_64-linux-gnu/pkgconfig:/home/max/microros_ws4/firmware/mcu_ws/install/lib/pkgconfig:${PKG_CONFIG_PATH} PYTHONPATH=/home/max/microros_ws4/firmware/mcu_ws/install/lib/python3.8/site-packages:${PYTHONPATH} /usr/bin/cmake --install /home/max/microros_ws4/firmware/mcu_ws/build/servo_message
[0.902s] -- Install configuration: "Debug"
[0.902s] -- Up-to-date: /home/max/microros_ws4/firmware/mcu_ws/install/share/ament_index/resource_index/rosidl_interfaces/servo_message
[0.902s] -- Up-to-date: /home/max/microros_ws4/firmware/mcu_ws/install/include/servo_message
[0.902s] -- Up-to-date: /home/max/microros_ws4/firmware/mcu_ws/install/include/servo_message/msg
[0.903s] -- Up-to-date: /home/max/microros_ws4/firmware/mcu_ws/install/include/servo_message/msg/servo_message.h
[0.903s] -- Up-to-date: /home/max/microros_ws4/firmware/mcu_ws/install/include/servo_message/msg/detail
[0.903s] -- Up-to-date: /home/max/microros_ws4/firmware/mcu_ws/install/include/servo_message/msg/detail/servo_message__functions.h
[0.903s] -- Up-to-date: /home/max/microros_ws4/firmware/mcu_ws/install/include/servo_message/msg/detail/servo_message__type_support.h
[0.903s] -- Up-to-date: /home/max/microros_ws4/firmware/mcu_ws/install/include/servo_message/msg/detail/servo_message__functions.c
[0.903s] -- Up-to-date: /home/max/microros_ws4/firmware/mcu_ws/install/include/servo_message/msg/detail/servo_message__struct.h
[0.903s] -- Up-to-date: /home/max/microros_ws4/firmware/mcu_ws/install/include/servo_message/msg/rosidl_generator_c__visibility_control.h
[0.903s] -- Up-to-date: /home/max/microros_ws4/firmware/mcu_ws/install/share/servo_message/environment/library_path.sh
[0.903s] -- Installing: /home/max/microros_ws4/firmware/mcu_ws/install/share/servo_message/environment/library_path.dsv
[0.903s] -- Installing: /home/max/microros_ws4/firmware/mcu_ws/install/lib/libservo_message__rosidl_generator_c.a
[0.903s] -- Up-to-date: /home/max/microros_ws4/firmware/mcu_ws/install/include/servo_message
[0.903s] -- Up-to-date: /home/max/microros_ws4/firmware/mcu_ws/install/include/servo_message/msg
[0.903s] -- Up-to-date: /home/max/microros_ws4/firmware/mcu_ws/install/include/servo_message/msg/detail
[0.903s] -- Up-to-date: /home/max/microros_ws4/firmware/mcu_ws/install/include/servo_message/msg/detail/servo_message__rosidl_typesupport_microxrcedds_c.h
[0.903s] -- Up-to-date: /home/max/microros_ws4/firmware/mcu_ws/install/include/servo_message/msg/detail/microxrcedds
[0.903s] -- Up-to-date: /home/max/microros_ws4/firmware/mcu_ws/install/include/servo_message/msg/rosidl_typesupport_microxrcedds_c__visibility_control.h
[0.903s] -- Up-to-date: /home/max/microros_ws4/firmware/mcu_ws/install/lib/libservo_message__rosidl_typesupport_microxrcedds_c.a
[0.903s] -- Up-to-date: /home/max/microros_ws4/firmware/mcu_ws/install/lib/libservo_message__rosidl_typesupport_c.a
[0.903s] -- Up-to-date: /home/max/microros_ws4/firmware/mcu_ws/install/lib/libservo_message__rosidl_typesupport_microxrcedds_c.a
[0.903s] -- Up-to-date: /home/max/microros_ws4/firmware/mcu_ws/install/share/servo_message/msg/ServoMessage.idl
[0.903s] -- Up-to-date: /home/max/microros_ws4/firmware/mcu_ws/install/share/servo_message/msg/ServoMessage.msg
[0.904s] -- Up-to-date: /home/max/microros_ws4/firmware/mcu_ws/install/share/ament_index/resource_index/package_run_dependencies/servo_message
[0.904s] -- Up-to-date: /home/max/microros_ws4/firmware/mcu_ws/install/share/ament_index/resource_index/parent_prefix_path/servo_message
[0.904s] -- Up-to-date: /home/max/microros_ws4/firmware/mcu_ws/install/share/servo_message/environment/ament_prefix_path.sh
[0.904s] -- Installing: /home/max/microros_ws4/firmware/mcu_ws/install/share/servo_message/environment/ament_prefix_path.dsv
[0.904s] -- Up-to-date: /home/max/microros_ws4/firmware/mcu_ws/install/share/servo_message/environment/path.sh
[0.904s] -- Installing: /home/max/microros_ws4/firmware/mcu_ws/install/share/servo_message/environment/path.dsv
[0.904s] -- Up-to-date: /home/max/microros_ws4/firmware/mcu_ws/install/share/servo_message/local_setup.bash
[0.904s] -- Up-to-date: /home/max/microros_ws4/firmware/mcu_ws/install/share/servo_message/local_setup.sh
[0.904s] -- Up-to-date: /home/max/microros_ws4/firmware/mcu_ws/install/share/servo_message/local_setup.zsh
[0.904s] -- Installing: /home/max/microros_ws4/firmware/mcu_ws/install/share/servo_message/local_setup.dsv
[0.904s] -- Installing: /home/max/microros_ws4/firmware/mcu_ws/install/share/servo_message/package.dsv
[0.905s] -- Up-to-date: /home/max/microros_ws4/firmware/mcu_ws/install/share/ament_index/resource_index/packages/servo_message
[0.905s] -- Up-to-date: /home/max/microros_ws4/firmware/mcu_ws/install/share/servo_message/cmake/servo_message__rosidl_generator_cExport.cmake
[0.905s] -- Installing: /home/max/microros_ws4/firmware/mcu_ws/install/share/servo_message/cmake/servo_message__rosidl_generator_cExport-debug.cmake
[0.905s] -- Up-to-date: /home/max/microros_ws4/firmware/mcu_ws/install/share/servo_message/cmake/servo_message__rosidl_typesupport_cExport.cmake
[0.905s] -- Installing: /home/max/microros_ws4/firmware/mcu_ws/install/share/servo_message/cmake/servo_message__rosidl_typesupport_cExport-debug.cmake
[0.905s] -- Up-to-date: /home/max/microros_ws4/firmware/mcu_ws/install/share/servo_message/cmake/rosidl_cmake-extras.cmake
[0.905s] -- Up-to-date: /home/max/microros_ws4/firmware/mcu_ws/install/share/servo_message/cmake/ament_cmake_export_dependencies-extras.cmake
[0.905s] -- Up-to-date: /home/max/microros_ws4/firmware/mcu_ws/install/share/servo_message/cmake/ament_cmake_export_libraries-extras.cmake
[0.905s] -- Up-to-date: /home/max/microros_ws4/firmware/mcu_ws/install/share/servo_message/cmake/ament_cmake_export_targets-extras.cmake
[0.905s] -- Up-to-date: /home/max/microros_ws4/firmware/mcu_ws/install/share/servo_message/cmake/ament_cmake_export_include_directories-extras.cmake
[0.905s] -- Up-to-date: /home/max/microros_ws4/firmware/mcu_ws/install/share/servo_message/cmake/rosidl_cmake_export_typesupport_libraries-extras.cmake
[0.905s] -- Up-to-date: /home/max/microros_ws4/firmware/mcu_ws/install/share/servo_message/cmake/servo_messageConfig.cmake
[0.905s] -- Up-to-date: /home/max/microros_ws4/firmware/mcu_ws/install/share/servo_message/cmake/servo_messageConfig-version.cmake
[0.905s] -- Up-to-date: /home/max/microros_ws4/firmware/mcu_ws/install/share/servo_message/package.xml
[0.911s] Invoked command in '/home/max/microros_ws4/firmware/mcu_ws/build/servo_message' returned '0': AMENT_PREFIX_PATH=/home/max/microros_ws4/firmware/mcu_ws/install:${AMENT_PREFIX_PATH} CMAKE_PREFIX_PATH=/home/max/microros_ws4/firmware/mcu_ws/install:/home/max/microros_ws4/firmware/dev_ws/install/ament_lint_common:/home/max/microros_ws4/firmware/dev_ws/install/ament_cmake_uncrustify:/home/max/microros_ws4/firmware/dev_ws/install/uncrustify_vendor:/home/max/microros_ws4/firmware/dev_ws/install/ament_cmake_ros:/home/max/microros_ws4/firmware/dev_ws/install/ament_cmake_gmock:/home/max/microros_ws4/firmware/dev_ws/install/gmock_vendor:/home/max/microros_ws4/firmware/dev_ws/install/ament_cmake_gtest:/home/max/microros_ws4/firmware/dev_ws/install/gtest_vendor:/home/max/microros_ws4/firmware/dev_ws/install/ament_cmake_xmllint:/home/max/microros_ws4/firmware/dev_ws/install/ament_cmake_pyflakes:/home/max/microros_ws4/firmware/dev_ws/install/ament_cmake_pycodestyle:/home/max/microros_ws4/firmware/dev_ws/install/ament_cmake_pep257:/home/max/microros_ws4/firmware/dev_ws/install/ament_cmake_pclint:/home/max/microros_ws4/firmware/dev_ws/install/ament_lint_auto:/home/max/microros_ws4/firmware/dev_ws/install/ament_cmake_auto:/home/max/microros_ws4/firmware/dev_ws/install/ament_cmake:/home/max/microros_ws4/firmware/dev_ws/install/ament_cmake_version:/home/max/microros_ws4/firmware/dev_ws/install/ament_cmake_pytest:/home/max/microros_ws4/firmware/dev_ws/install/ament_cmake_nose:/home/max/microros_ws4/firmware/dev_ws/install/ament_cmake_mypy:/home/max/microros_ws4/firmware/dev_ws/install/ament_cmake_lint_cmake:/home/max/microros_ws4/firmware/dev_ws/install/ament_cmake_google_benchmark:/home/max/microros_ws4/firmware/dev_ws/install/ament_cmake_flake8:/home/max/microros_ws4/firmware/dev_ws/install/ament_cmake_cpplint:/home/max/microros_ws4/firmware/dev_ws/install/ament_cmake_cppcheck:/home/max/microros_ws4/firmware/dev_ws/install/ament_cmake_copyright:/home/max/microros_ws4/firmware/dev_ws/install/ament_cmake_clang_tidy:/home/max/microros_ws4/firmware/dev_ws/install/ament_cmake_clang_format:/home/max/microros_ws4/firmware/dev_ws/install/ament_cmake_test:/home/max/microros_ws4/firmware/dev_ws/install/ament_cmake_target_dependencies:/home/max/microros_ws4/firmware/dev_ws/install/ament_cmake_python:/home/max/microros_ws4/firmware/dev_ws/install/ament_cmake_export_dependencies:/home/max/microros_ws4/firmware/dev_ws/install/ament_cmake_libraries:/home/max/microros_ws4/firmware/dev_ws/install/ament_cmake_include_directories:/home/max/microros_ws4/firmware/dev_ws/install/ament_cmake_export_targets:/home/max/microros_ws4/firmware/dev_ws/install/ament_cmake_export_link_flags:/home/max/microros_ws4/firmware/dev_ws/install/ament_cmake_export_interfaces:/home/max/microros_ws4/firmware/dev_ws/install/ament_cmake_export_libraries:/home/max/microros_ws4/firmware/dev_ws/install/ament_cmake_export_include_directories:/home/max/microros_ws4/firmware/dev_ws/install/ament_cmake_export_definitions:/home/max/microros_ws4/firmware/dev_ws/install/ament_cmake_core:/home/max/microros_ws4/firmware/dev_ws/install/ament_index_cpp:/home/max/microros_ws4/firmware/dev_ws/install/ament_uncrustify:/home/max/microros_ws4/firmware/dev_ws/install/domain_coordinator:/home/max/microros_ws4/firmware/dev_ws/install/ament_xmllint:/home/max/microros_ws4/firmware/dev_ws/install/ament_pyflakes:/home/max/microros_ws4/firmware/dev_ws/install/ament_pycodestyle:/home/max/microros_ws4/firmware/dev_ws/install/ament_pep257:/home/max/microros_ws4/firmware/dev_ws/install/ament_pclint:/home/max/microros_ws4/firmware/dev_ws/install/ament_package:/home/max/microros_ws4/firmware/dev_ws/install/ament_mypy:/home/max/microros_ws4/firmware/dev_ws/install/ament_lint_cmake:/home/max/microros_ws4/firmware/dev_ws/install/ament_flake8:/home/max/microros_ws4/firmware/dev_ws/install/ament_copyright:/home/max/microros_ws4/firmware/dev_ws/install/ament_lint:/home/max/microros_ws4/firmware/dev_ws/install/ament_index_python:/home/max/microros_ws4/firmware/dev_ws/install/ament_cpplint:/home/max/microros_ws4/firmware/dev_ws/install/ament_cppcheck:/home/max/microros_ws4/firmware/dev_ws/install/ament_clang_tidy:/home/max/microros_ws4/firmware/dev_ws/install/ament_clang_format LD_LIBRARY_PATH=/home/max/microros_ws4/firmware/mcu_ws/install/lib:${LD_LIBRARY_PATH} PKG_CONFIG_PATH=/home/max/microros_ws4/firmware/mcu_ws/install/lib/x86_64-linux-gnu/pkgconfig:/home/max/microros_ws4/firmware/mcu_ws/install/lib/pkgconfig:${PKG_CONFIG_PATH} PYTHONPATH=/home/max/microros_ws4/firmware/mcu_ws/install/lib/python3.8/site-packages:${PYTHONPATH} /usr/bin/cmake --install /home/max/microros_ws4/firmware/mcu_ws/build/servo_message
