[0.018s] Invoking command in '/home/max/PycharmProjects/my_ros2_ws/servo_message/build/servo_message': CMAKE_PREFIX_PATH=/home/max/PycharmProjects/my_ros2_ws/install/py_pubsub:/opt/ros/foxy /usr/bin/cmake /home/max/PycharmProjects/my_ros2_ws/servo_message -DCMAKE_INSTALL_PREFIX=/home/max/PycharmProjects/my_ros2_ws/servo_message/install/servo_message
[0.036s] -- Found ament_cmake: 0.9.11 (/opt/ros/foxy/share/ament_cmake/cmake)
[0.063s] -- Found PythonInterp: /usr/bin/python3 (found suitable version "3.8.10", minimum required is "3") 
[0.063s] -- Using PYTHON_EXECUTABLE: /usr/bin/python3
[0.242s] -- Found ament_lint_auto: 0.9.8 (/opt/ros/foxy/share/ament_lint_auto/cmake)
[0.322s] -- Found rosidl_default_generators: 1.0.1 (/opt/ros/foxy/share/rosidl_default_generators/cmake)
[0.323s] -- Using all available rosidl_typesupport_c: rosidl_typesupport_fastrtps_c;rosidl_typesupport_introspection_c
[0.326s] -- Found rosidl_adapter: 1.3.0 (/opt/ros/foxy/share/rosidl_adapter/cmake)
[0.453s] -- Using all available rosidl_typesupport_cpp: rosidl_typesupport_fastrtps_cpp;rosidl_typesupport_introspection_cpp
[0.498s] -- Found PythonInterp: /usr/bin/python3 (found version "3.8.10") 
[0.559s] -- Found ament_cmake_ros: 0.9.2 (/opt/ros/foxy/share/ament_cmake_ros/cmake)
[0.652s] -- Using all available rosidl_typesupport_c: rosidl_typesupport_fastrtps_c;rosidl_typesupport_introspection_c
[0.659s] -- Using all available rosidl_typesupport_cpp: rosidl_typesupport_fastrtps_cpp;rosidl_typesupport_introspection_cpp
[0.689s] -- Found PythonInterp: /usr/bin/python3 (found suitable version "3.8.10", minimum required is "3.5") 
[0.692s] -- Found python_cmake_module: 0.8.1 (/opt/ros/foxy/share/python_cmake_module/cmake)
[0.728s] -- Found PythonLibs: /usr/lib/x86_64-linux-gnu/libpython3.8.so (found suitable version "3.8.10", minimum required is "3.5") 
[0.728s] -- Using PYTHON_EXECUTABLE: /usr/bin/python3
[0.728s] -- Using PYTHON_INCLUDE_DIRS: /usr/include/python3.8
[0.728s] -- Using PYTHON_LIBRARIES: /usr/lib/x86_64-linux-gnu/libpython3.8.so
[0.753s] -- Found PythonExtra: .so  
[0.799s] -- Added test 'copyright' to check source files copyright and LICENSE
[0.805s] -- Added test 'cppcheck' to perform static code analysis on C / C++ code
[0.807s] -- Configured cppcheck include dirs: $<BUILD_INTERFACE:/home/max/PycharmProjects/my_ros2_ws/servo_message/build/servo_message/rosidl_generator_c>;/home/max/PycharmProjects/my_ros2_ws/servo_message/build/servo_message/rosidl_generator_c;/home/max/PycharmProjects/my_ros2_ws/servo_message/build/servo_message/rosidl_generator_cpp;/home/max/PycharmProjects/my_ros2_ws/servo_message/build/servo_message/rosidl_typesupport_fastrtps_c;/home/max/PycharmProjects/my_ros2_ws/servo_message/build/servo_message/rosidl_typesupport_fastrtps_cpp;$<BUILD_INTERFACE:/home/max/PycharmProjects/my_ros2_ws/servo_message/build/servo_message/rosidl_typesupport_introspection_c>;$<BUILD_INTERFACE:/home/max/PycharmProjects/my_ros2_ws/servo_message/build/servo_message/rosidl_typesupport_c>;$<BUILD_INTERFACE:/home/max/PycharmProjects/my_ros2_ws/servo_message/build/servo_message/rosidl_generator_cpp>;/home/max/PycharmProjects/my_ros2_ws/servo_message/build/servo_message/rosidl_generator_py
[0.807s] -- Configured cppcheck exclude dirs and/or files: 
[0.813s] -- Added test 'cpplint' to check C / C++ code against the Google style
[0.813s] -- Configured cpplint exclude dirs and/or files: 
[0.815s] -- Added test 'flake8' to check Python code syntax and style conventions
[0.817s] -- Added test 'lint_cmake' to check CMake code style
[0.818s] -- Added test 'pep257' to check Python code against some of the style conventions in PEP 257
[0.824s] -- Added test 'uncrustify' to check C / C++ code style
[0.824s] -- Configured uncrustify additional arguments: 
[0.826s] -- Added test 'xmllint' to check XML markup files
[0.834s] -- Configuring done
[0.858s] -- Generating done
[0.860s] -- Build files have been written to: /home/max/PycharmProjects/my_ros2_ws/servo_message/build/servo_message
[0.867s] Invoked command in '/home/max/PycharmProjects/my_ros2_ws/servo_message/build/servo_message' returned '0': CMAKE_PREFIX_PATH=/home/max/PycharmProjects/my_ros2_ws/install/py_pubsub:/opt/ros/foxy /usr/bin/cmake /home/max/PycharmProjects/my_ros2_ws/servo_message -DCMAKE_INSTALL_PREFIX=/home/max/PycharmProjects/my_ros2_ws/servo_message/install/servo_message
[0.871s] Invoking command in '/home/max/PycharmProjects/my_ros2_ws/servo_message/build/servo_message': CMAKE_PREFIX_PATH=/home/max/PycharmProjects/my_ros2_ws/install/py_pubsub:/opt/ros/foxy /usr/bin/cmake --build /home/max/PycharmProjects/my_ros2_ws/servo_message/build/servo_message -- -j4 -l4
[0.933s] [35m[1mScanning dependencies of target servo_message__cpp[0m
[0.933s] [  3%] [34m[1mGenerating C code for ROS interfaces[0m
[0.944s] [  6%] [34m[1mGenerating C++ code for ROS interfaces[0m
[1.158s] [  6%] Built target servo_message__cpp
[1.168s] [ 16%] [34m[1mGenerating C++ type support for eProsima Fast-RTPS[0m
[1.168s] [ 16%] [34m[1mGenerating C++ type support dispatch for ROS interfaces[0m
[1.168s] [ 16%] [34m[1mGenerating C++ introspection for ROS interfaces[0m
[1.174s] [35m[1mScanning dependencies of target servo_message__rosidl_generator_c[0m
[1.190s] [ 19%] [32mBuilding C object CMakeFiles/servo_message__rosidl_generator_c.dir/rosidl_generator_c/servo_message/msg/detail/servo_message__functions.c.o[0m
[1.254s] [ 22%] [32m[1mLinking C shared library libservo_message__rosidl_generator_c.so[0m
[1.294s] [ 22%] Built target servo_message__rosidl_generator_c
[1.304s] [ 25%] [34m[1mGenerating C introspection for ROS interfaces[0m
[1.388s] [35m[1mScanning dependencies of target servo_message__rosidl_typesupport_cpp[0m
[1.403s] [ 29%] [32mBuilding CXX object CMakeFiles/servo_message__rosidl_typesupport_cpp.dir/rosidl_typesupport_cpp/servo_message/msg/servo_message__type_support.cpp.o[0m
[1.419s] [35m[1mScanning dependencies of target servo_message__rosidl_typesupport_introspection_cpp[0m
[1.427s] [35m[1mScanning dependencies of target servo_message__rosidl_typesupport_fastrtps_cpp[0m
[1.445s] [ 32%] [32mBuilding CXX object CMakeFiles/servo_message__rosidl_typesupport_introspection_cpp.dir/rosidl_typesupport_introspection_cpp/servo_message/msg/detail/servo_message__type_support.cpp.o[0m
[1.453s] [ 35%] [32mBuilding CXX object CMakeFiles/servo_message__rosidl_typesupport_fastrtps_cpp.dir/rosidl_typesupport_fastrtps_cpp/servo_message/msg/detail/dds_fastrtps/servo_message__type_support.cpp.o[0m
[1.538s] [35m[1mScanning dependencies of target servo_message__rosidl_typesupport_introspection_c[0m
[1.551s] [ 38%] [32mBuilding C object CMakeFiles/servo_message__rosidl_typesupport_introspection_c.dir/rosidl_typesupport_introspection_c/servo_message/msg/detail/servo_message__type_support.c.o[0m
[1.586s] [ 41%] [32m[1mLinking C shared library libservo_message__rosidl_typesupport_introspection_c.so[0m
[1.620s] [ 41%] Built target servo_message__rosidl_typesupport_introspection_c
[1.631s] [ 45%] [34m[1mGenerating C type support dispatch for ROS interfaces[0m
[1.716s] [ 48%] [32m[1mLinking CXX shared library libservo_message__rosidl_typesupport_cpp.so[0m
[1.736s] [ 51%] [32m[1mLinking CXX shared library libservo_message__rosidl_typesupport_introspection_cpp.so[0m
[1.764s] [ 51%] Built target servo_message__rosidl_typesupport_cpp
[1.779s] [ 51%] Built target servo_message__rosidl_typesupport_introspection_cpp
[1.848s] [35m[1mScanning dependencies of target servo_message__rosidl_typesupport_c[0m
[1.865s] [ 54%] [32mBuilding CXX object CMakeFiles/servo_message__rosidl_typesupport_c.dir/rosidl_typesupport_c/servo_message/msg/servo_message__type_support.cpp.o[0m
[1.881s] [ 58%] [32m[1mLinking CXX shared library libservo_message__rosidl_typesupport_fastrtps_cpp.so[0m
[1.901s] [ 61%] [32m[1mLinking CXX shared library libservo_message__rosidl_typesupport_c.so[0m
[1.947s] [ 61%] Built target servo_message__rosidl_typesupport_c
[2.003s] [ 61%] Built target servo_message__rosidl_typesupport_fastrtps_cpp
[2.019s] [ 64%] [34m[1mGenerating C type support for eProsima Fast-RTPS[0m
[2.222s] [35m[1mScanning dependencies of target servo_message__rosidl_typesupport_fastrtps_c[0m
[2.240s] [ 67%] [32mBuilding CXX object CMakeFiles/servo_message__rosidl_typesupport_fastrtps_c.dir/rosidl_typesupport_fastrtps_c/servo_message/msg/detail/servo_message__type_support_c.cpp.o[0m
[2.549s] [ 70%] [32m[1mLinking CXX shared library libservo_message__rosidl_typesupport_fastrtps_c.so[0m
[2.674s] [ 70%] Built target servo_message__rosidl_typesupport_fastrtps_c
[2.690s] [35m[1mScanning dependencies of target servo_message[0m
[2.700s] [ 70%] Built target servo_message
[2.713s] [35m[1mScanning dependencies of target servo_message__py[0m
[2.724s] [ 74%] [34m[1mGenerating Python code for ROS interfaces[0m
[3.050s] [ 74%] Built target servo_message__py
[3.065s] [35m[1mScanning dependencies of target servo_message__python[0m
[3.106s] [ 77%] [32mBuilding C object CMakeFiles/servo_message__python.dir/rosidl_generator_py/servo_message/msg/_servo_message_s.c.o[0m
[3.206s] [ 80%] [32m[1mLinking C shared library rosidl_generator_py/servo_message/libservo_message__python.so[0m
[3.258s] [ 80%] Built target servo_message__python
[3.268s] [35m[1mScanning dependencies of target servo_message__rosidl_typesupport_introspection_c__pyext[0m
[3.271s] [35m[1mScanning dependencies of target servo_message__rosidl_typesupport_c__pyext[0m
[3.272s] [35m[1mScanning dependencies of target servo_message__rosidl_typesupport_fastrtps_c__pyext[0m
[3.286s] [ 83%] [32mBuilding C object CMakeFiles/servo_message__rosidl_typesupport_c__pyext.dir/rosidl_generator_py/servo_message/_servo_message_s.ep.rosidl_typesupport_c.c.o[0m
[3.289s] [ 87%] [32mBuilding C object CMakeFiles/servo_message__rosidl_typesupport_introspection_c__pyext.dir/rosidl_generator_py/servo_message/_servo_message_s.ep.rosidl_typesupport_introspection_c.c.o[0m
[3.295s] [ 90%] [32mBuilding C object CMakeFiles/servo_message__rosidl_typesupport_fastrtps_c__pyext.dir/rosidl_generator_py/servo_message/_servo_message_s.ep.rosidl_typesupport_fastrtps_c.c.o[0m
[3.365s] [ 93%] [32m[1mLinking C shared library rosidl_generator_py/servo_message/servo_message_s__rosidl_typesupport_introspection_c.cpython-38-x86_64-linux-gnu.so[0m
[3.370s] [ 96%] [32m[1mLinking C shared library rosidl_generator_py/servo_message/servo_message_s__rosidl_typesupport_c.cpython-38-x86_64-linux-gnu.so[0m
[3.379s] [100%] [32m[1mLinking CXX shared library rosidl_generator_py/servo_message/servo_message_s__rosidl_typesupport_fastrtps_c.cpython-38-x86_64-linux-gnu.so[0m
[3.403s] [100%] Built target servo_message__rosidl_typesupport_introspection_c__pyext
[3.405s] [100%] Built target servo_message__rosidl_typesupport_c__pyext
[3.444s] [100%] Built target servo_message__rosidl_typesupport_fastrtps_c__pyext
[3.455s] Invoked command in '/home/max/PycharmProjects/my_ros2_ws/servo_message/build/servo_message' returned '0': CMAKE_PREFIX_PATH=/home/max/PycharmProjects/my_ros2_ws/install/py_pubsub:/opt/ros/foxy /usr/bin/cmake --build /home/max/PycharmProjects/my_ros2_ws/servo_message/build/servo_message -- -j4 -l4
[3.516s] Invoking command in '/home/max/PycharmProjects/my_ros2_ws/servo_message/build/servo_message': CMAKE_PREFIX_PATH=/home/max/PycharmProjects/my_ros2_ws/install/py_pubsub:/opt/ros/foxy /usr/bin/cmake --install /home/max/PycharmProjects/my_ros2_ws/servo_message/build/servo_message
[3.524s] -- Install configuration: ""
[3.524s] -- Installing: /home/max/PycharmProjects/my_ros2_ws/servo_message/install/servo_message/share/ament_index/resource_index/rosidl_interfaces/servo_message
[3.524s] -- Installing: /home/max/PycharmProjects/my_ros2_ws/servo_message/install/servo_message/include/servo_message
[3.525s] -- Installing: /home/max/PycharmProjects/my_ros2_ws/servo_message/install/servo_message/include/servo_message/msg
[3.525s] -- Installing: /home/max/PycharmProjects/my_ros2_ws/servo_message/install/servo_message/include/servo_message/msg/servo_message.h
[3.525s] -- Installing: /home/max/PycharmProjects/my_ros2_ws/servo_message/install/servo_message/include/servo_message/msg/detail
[3.525s] -- Installing: /home/max/PycharmProjects/my_ros2_ws/servo_message/install/servo_message/include/servo_message/msg/detail/servo_message__functions.h
[3.525s] -- Installing: /home/max/PycharmProjects/my_ros2_ws/servo_message/install/servo_message/include/servo_message/msg/detail/servo_message__type_support.h
[3.525s] -- Installing: /home/max/PycharmProjects/my_ros2_ws/servo_message/install/servo_message/include/servo_message/msg/detail/servo_message__functions.c
[3.525s] -- Installing: /home/max/PycharmProjects/my_ros2_ws/servo_message/install/servo_message/include/servo_message/msg/detail/servo_message__struct.h
[3.526s] -- Installing: /home/max/PycharmProjects/my_ros2_ws/servo_message/install/servo_message/include/servo_message/msg/rosidl_generator_c__visibility_control.h
[3.526s] -- Installing: /home/max/PycharmProjects/my_ros2_ws/servo_message/install/servo_message/share/servo_message/environment/library_path.sh
[3.526s] -- Installing: /home/max/PycharmProjects/my_ros2_ws/servo_message/install/servo_message/share/servo_message/environment/library_path.dsv
[3.526s] -- Installing: /home/max/PycharmProjects/my_ros2_ws/servo_message/install/servo_message/lib/libservo_message__rosidl_generator_c.so
[3.526s] -- Set runtime path of "/home/max/PycharmProjects/my_ros2_ws/servo_message/install/servo_message/lib/libservo_message__rosidl_generator_c.so" to ""
[3.526s] -- Up-to-date: /home/max/PycharmProjects/my_ros2_ws/servo_message/install/servo_message/include/servo_message
[3.526s] -- Up-to-date: /home/max/PycharmProjects/my_ros2_ws/servo_message/install/servo_message/include/servo_message/msg
[3.527s] -- Installing: /home/max/PycharmProjects/my_ros2_ws/servo_message/install/servo_message/include/servo_message/msg/rosidl_typesupport_fastrtps_c__visibility_control.h
[3.527s] -- Up-to-date: /home/max/PycharmProjects/my_ros2_ws/servo_message/install/servo_message/include/servo_message/msg/detail
[3.527s] -- Installing: /home/max/PycharmProjects/my_ros2_ws/servo_message/install/servo_message/include/servo_message/msg/detail/servo_message__rosidl_typesupport_fastrtps_c.h
[3.527s] -- Installing: /home/max/PycharmProjects/my_ros2_ws/servo_message/install/servo_message/lib/libservo_message__rosidl_typesupport_fastrtps_c.so
[3.527s] -- Set runtime path of "/home/max/PycharmProjects/my_ros2_ws/servo_message/install/servo_message/lib/libservo_message__rosidl_typesupport_fastrtps_c.so" to ""
[3.527s] -- Up-to-date: /home/max/PycharmProjects/my_ros2_ws/servo_message/install/servo_message/include/servo_message
[3.527s] -- Up-to-date: /home/max/PycharmProjects/my_ros2_ws/servo_message/install/servo_message/include/servo_message/msg
[3.527s] -- Installing: /home/max/PycharmProjects/my_ros2_ws/servo_message/install/servo_message/include/servo_message/msg/rosidl_typesupport_fastrtps_cpp__visibility_control.h
[3.528s] -- Up-to-date: /home/max/PycharmProjects/my_ros2_ws/servo_message/install/servo_message/include/servo_message/msg/detail
[3.528s] -- Installing: /home/max/PycharmProjects/my_ros2_ws/servo_message/install/servo_message/include/servo_message/msg/detail/servo_message__rosidl_typesupport_fastrtps_cpp.hpp
[3.528s] -- Installing: /home/max/PycharmProjects/my_ros2_ws/servo_message/install/servo_message/include/servo_message/msg/detail/dds_fastrtps
[3.528s] -- Installing: /home/max/PycharmProjects/my_ros2_ws/servo_message/install/servo_message/lib/libservo_message__rosidl_typesupport_fastrtps_cpp.so
[3.528s] -- Set runtime path of "/home/max/PycharmProjects/my_ros2_ws/servo_message/install/servo_message/lib/libservo_message__rosidl_typesupport_fastrtps_cpp.so" to ""
[3.528s] -- Up-to-date: /home/max/PycharmProjects/my_ros2_ws/servo_message/install/servo_message/include/servo_message
[3.528s] -- Up-to-date: /home/max/PycharmProjects/my_ros2_ws/servo_message/install/servo_message/include/servo_message/msg
[3.529s] -- Up-to-date: /home/max/PycharmProjects/my_ros2_ws/servo_message/install/servo_message/include/servo_message/msg/detail
[3.529s] -- Installing: /home/max/PycharmProjects/my_ros2_ws/servo_message/install/servo_message/include/servo_message/msg/detail/servo_message__type_support.c
[3.529s] -- Installing: /home/max/PycharmProjects/my_ros2_ws/servo_message/install/servo_message/include/servo_message/msg/detail/servo_message__rosidl_typesupport_introspection_c.h
[3.529s] -- Installing: /home/max/PycharmProjects/my_ros2_ws/servo_message/install/servo_message/include/servo_message/msg/rosidl_typesupport_introspection_c__visibility_control.h
[3.529s] -- Installing: /home/max/PycharmProjects/my_ros2_ws/servo_message/install/servo_message/lib/libservo_message__rosidl_typesupport_introspection_c.so
[3.529s] -- Set runtime path of "/home/max/PycharmProjects/my_ros2_ws/servo_message/install/servo_message/lib/libservo_message__rosidl_typesupport_introspection_c.so" to ""
[3.529s] -- Installing: /home/max/PycharmProjects/my_ros2_ws/servo_message/install/servo_message/lib/libservo_message__rosidl_typesupport_c.so
[3.529s] -- Set runtime path of "/home/max/PycharmProjects/my_ros2_ws/servo_message/install/servo_message/lib/libservo_message__rosidl_typesupport_c.so" to ""
[3.529s] -- Up-to-date: /home/max/PycharmProjects/my_ros2_ws/servo_message/install/servo_message/include/servo_message
[3.530s] -- Up-to-date: /home/max/PycharmProjects/my_ros2_ws/servo_message/install/servo_message/include/servo_message/msg
[3.530s] -- Installing: /home/max/PycharmProjects/my_ros2_ws/servo_message/install/servo_message/include/servo_message/msg/servo_message.hpp
[3.530s] -- Up-to-date: /home/max/PycharmProjects/my_ros2_ws/servo_message/install/servo_message/include/servo_message/msg/detail
[3.530s] -- Installing: /home/max/PycharmProjects/my_ros2_ws/servo_message/install/servo_message/include/servo_message/msg/detail/servo_message__struct.hpp
[3.530s] -- Installing: /home/max/PycharmProjects/my_ros2_ws/servo_message/install/servo_message/include/servo_message/msg/detail/servo_message__traits.hpp
[3.530s] -- Installing: /home/max/PycharmProjects/my_ros2_ws/servo_message/install/servo_message/include/servo_message/msg/detail/servo_message__builder.hpp
[3.530s] -- Up-to-date: /home/max/PycharmProjects/my_ros2_ws/servo_message/install/servo_message/include/servo_message
[3.530s] -- Up-to-date: /home/max/PycharmProjects/my_ros2_ws/servo_message/install/servo_message/include/servo_message/msg
[3.530s] -- Up-to-date: /home/max/PycharmProjects/my_ros2_ws/servo_message/install/servo_message/include/servo_message/msg/detail
[3.531s] -- Installing: /home/max/PycharmProjects/my_ros2_ws/servo_message/install/servo_message/include/servo_message/msg/detail/servo_message__type_support.cpp
[3.531s] -- Installing: /home/max/PycharmProjects/my_ros2_ws/servo_message/install/servo_message/include/servo_message/msg/detail/servo_message__rosidl_typesupport_introspection_cpp.hpp
[3.531s] -- Installing: /home/max/PycharmProjects/my_ros2_ws/servo_message/install/servo_message/lib/libservo_message__rosidl_typesupport_introspection_cpp.so
[3.531s] -- Set runtime path of "/home/max/PycharmProjects/my_ros2_ws/servo_message/install/servo_message/lib/libservo_message__rosidl_typesupport_introspection_cpp.so" to ""
[3.531s] -- Installing: /home/max/PycharmProjects/my_ros2_ws/servo_message/install/servo_message/lib/libservo_message__rosidl_typesupport_cpp.so
[3.531s] -- Set runtime path of "/home/max/PycharmProjects/my_ros2_ws/servo_message/install/servo_message/lib/libservo_message__rosidl_typesupport_cpp.so" to ""
[3.531s] -- Installing: /home/max/PycharmProjects/my_ros2_ws/servo_message/install/servo_message/share/servo_message/environment/pythonpath.sh
[3.531s] -- Installing: /home/max/PycharmProjects/my_ros2_ws/servo_message/install/servo_message/share/servo_message/environment/pythonpath.dsv
[3.531s] -- Installing: /home/max/PycharmProjects/my_ros2_ws/servo_message/install/servo_message/lib/python3.8/site-packages/servo_message/__init__.py
[3.559s] Compiling '/home/max/PycharmProjects/my_ros2_ws/servo_message/install/servo_message/lib/python3.8/site-packages/servo_message/__init__.py'...
[3.563s] -- Installing: /home/max/PycharmProjects/my_ros2_ws/servo_message/install/servo_message/lib/python3.8/site-packages/servo_message/msg
[3.563s] -- Installing: /home/max/PycharmProjects/my_ros2_ws/servo_message/install/servo_message/lib/python3.8/site-packages/servo_message/msg/__init__.py
[3.563s] -- Installing: /home/max/PycharmProjects/my_ros2_ws/servo_message/install/servo_message/lib/python3.8/site-packages/servo_message/msg/_servo_message_s.c
[3.563s] -- Installing: /home/max/PycharmProjects/my_ros2_ws/servo_message/install/servo_message/lib/python3.8/site-packages/servo_message/msg/_servo_message.py
[3.564s] -- Installing: /home/max/PycharmProjects/my_ros2_ws/servo_message/install/servo_message/lib/python3.8/site-packages/servo_message/servo_message_s__rosidl_typesupport_fastrtps_c.cpython-38-x86_64-linux-gnu.so
[3.565s] -- Set runtime path of "/home/max/PycharmProjects/my_ros2_ws/servo_message/install/servo_message/lib/python3.8/site-packages/servo_message/servo_message_s__rosidl_typesupport_fastrtps_c.cpython-38-x86_64-linux-gnu.so" to ""
[3.565s] -- Installing: /home/max/PycharmProjects/my_ros2_ws/servo_message/install/servo_message/lib/python3.8/site-packages/servo_message/servo_message_s__rosidl_typesupport_introspection_c.cpython-38-x86_64-linux-gnu.so
[3.566s] -- Set runtime path of "/home/max/PycharmProjects/my_ros2_ws/servo_message/install/servo_message/lib/python3.8/site-packages/servo_message/servo_message_s__rosidl_typesupport_introspection_c.cpython-38-x86_64-linux-gnu.so" to ""
[3.566s] -- Installing: /home/max/PycharmProjects/my_ros2_ws/servo_message/install/servo_message/lib/python3.8/site-packages/servo_message/servo_message_s__rosidl_typesupport_c.cpython-38-x86_64-linux-gnu.so
[3.567s] -- Set runtime path of "/home/max/PycharmProjects/my_ros2_ws/servo_message/install/servo_message/lib/python3.8/site-packages/servo_message/servo_message_s__rosidl_typesupport_c.cpython-38-x86_64-linux-gnu.so" to ""
[3.567s] -- Installing: /home/max/PycharmProjects/my_ros2_ws/servo_message/install/servo_message/lib/libservo_message__python.so
[3.568s] -- Set runtime path of "/home/max/PycharmProjects/my_ros2_ws/servo_message/install/servo_message/lib/libservo_message__python.so" to ""
[3.568s] -- Installing: /home/max/PycharmProjects/my_ros2_ws/servo_message/install/servo_message/share/servo_message/msg/ServoMessage.idl
[3.568s] -- Installing: /home/max/PycharmProjects/my_ros2_ws/servo_message/install/servo_message/share/servo_message/msg/ServoMessage.msg
[3.568s] -- Installing: /home/max/PycharmProjects/my_ros2_ws/servo_message/install/servo_message/share/ament_index/resource_index/package_run_dependencies/servo_message
[3.569s] -- Installing: /home/max/PycharmProjects/my_ros2_ws/servo_message/install/servo_message/share/ament_index/resource_index/parent_prefix_path/servo_message
[3.569s] -- Installing: /home/max/PycharmProjects/my_ros2_ws/servo_message/install/servo_message/share/servo_message/environment/ament_prefix_path.sh
[3.569s] -- Installing: /home/max/PycharmProjects/my_ros2_ws/servo_message/install/servo_message/share/servo_message/environment/ament_prefix_path.dsv
[3.569s] -- Installing: /home/max/PycharmProjects/my_ros2_ws/servo_message/install/servo_message/share/servo_message/environment/path.sh
[3.570s] -- Installing: /home/max/PycharmProjects/my_ros2_ws/servo_message/install/servo_message/share/servo_message/environment/path.dsv
[3.570s] -- Installing: /home/max/PycharmProjects/my_ros2_ws/servo_message/install/servo_message/share/servo_message/local_setup.bash
[3.570s] -- Installing: /home/max/PycharmProjects/my_ros2_ws/servo_message/install/servo_message/share/servo_message/local_setup.sh
[3.570s] -- Installing: /home/max/PycharmProjects/my_ros2_ws/servo_message/install/servo_message/share/servo_message/local_setup.zsh
[3.570s] -- Installing: /home/max/PycharmProjects/my_ros2_ws/servo_message/install/servo_message/share/servo_message/local_setup.dsv
[3.571s] -- Installing: /home/max/PycharmProjects/my_ros2_ws/servo_message/install/servo_message/share/servo_message/package.dsv
[3.571s] -- Installing: /home/max/PycharmProjects/my_ros2_ws/servo_message/install/servo_message/share/ament_index/resource_index/packages/servo_message
[3.571s] -- Installing: /home/max/PycharmProjects/my_ros2_ws/servo_message/install/servo_message/share/servo_message/cmake/servo_message__rosidl_generator_cExport.cmake
[3.571s] -- Installing: /home/max/PycharmProjects/my_ros2_ws/servo_message/install/servo_message/share/servo_message/cmake/servo_message__rosidl_generator_cExport-noconfig.cmake
[3.572s] -- Installing: /home/max/PycharmProjects/my_ros2_ws/servo_message/install/servo_message/share/servo_message/cmake/servo_message__rosidl_typesupport_introspection_cExport.cmake
[3.572s] -- Installing: /home/max/PycharmProjects/my_ros2_ws/servo_message/install/servo_message/share/servo_message/cmake/servo_message__rosidl_typesupport_introspection_cExport-noconfig.cmake
[3.572s] -- Installing: /home/max/PycharmProjects/my_ros2_ws/servo_message/install/servo_message/share/servo_message/cmake/servo_message__rosidl_typesupport_cExport.cmake
[3.572s] -- Installing: /home/max/PycharmProjects/my_ros2_ws/servo_message/install/servo_message/share/servo_message/cmake/servo_message__rosidl_typesupport_cExport-noconfig.cmake
[3.573s] -- Installing: /home/max/PycharmProjects/my_ros2_ws/servo_message/install/servo_message/share/servo_message/cmake/servo_message__rosidl_generator_cppExport.cmake
[3.573s] -- Installing: /home/max/PycharmProjects/my_ros2_ws/servo_message/install/servo_message/share/servo_message/cmake/servo_message__rosidl_typesupport_introspection_cppExport.cmake
[3.573s] -- Installing: /home/max/PycharmProjects/my_ros2_ws/servo_message/install/servo_message/share/servo_message/cmake/servo_message__rosidl_typesupport_introspection_cppExport-noconfig.cmake
[3.574s] -- Installing: /home/max/PycharmProjects/my_ros2_ws/servo_message/install/servo_message/share/servo_message/cmake/servo_message__rosidl_typesupport_cppExport.cmake
[3.574s] -- Installing: /home/max/PycharmProjects/my_ros2_ws/servo_message/install/servo_message/share/servo_message/cmake/servo_message__rosidl_typesupport_cppExport-noconfig.cmake
[3.574s] -- Installing: /home/max/PycharmProjects/my_ros2_ws/servo_message/install/servo_message/share/servo_message/cmake/rosidl_cmake-extras.cmake
[3.574s] -- Installing: /home/max/PycharmProjects/my_ros2_ws/servo_message/install/servo_message/share/servo_message/cmake/ament_cmake_export_dependencies-extras.cmake
[3.574s] -- Installing: /home/max/PycharmProjects/my_ros2_ws/servo_message/install/servo_message/share/servo_message/cmake/ament_cmake_export_libraries-extras.cmake
[3.575s] -- Installing: /home/max/PycharmProjects/my_ros2_ws/servo_message/install/servo_message/share/servo_message/cmake/ament_cmake_export_targets-extras.cmake
[3.575s] -- Installing: /home/max/PycharmProjects/my_ros2_ws/servo_message/install/servo_message/share/servo_message/cmake/ament_cmake_export_include_directories-extras.cmake
[3.575s] -- Installing: /home/max/PycharmProjects/my_ros2_ws/servo_message/install/servo_message/share/servo_message/cmake/rosidl_cmake_export_typesupport_libraries-extras.cmake
[3.575s] -- Installing: /home/max/PycharmProjects/my_ros2_ws/servo_message/install/servo_message/share/servo_message/cmake/rosidl_cmake_export_typesupport_targets-extras.cmake
[3.576s] -- Installing: /home/max/PycharmProjects/my_ros2_ws/servo_message/install/servo_message/share/servo_message/cmake/servo_messageConfig.cmake
[3.576s] -- Installing: /home/max/PycharmProjects/my_ros2_ws/servo_message/install/servo_message/share/servo_message/cmake/servo_messageConfig-version.cmake
[3.576s] -- Installing: /home/max/PycharmProjects/my_ros2_ws/servo_message/install/servo_message/share/servo_message/package.xml
[3.579s] Invoked command in '/home/max/PycharmProjects/my_ros2_ws/servo_message/build/servo_message' returned '0': CMAKE_PREFIX_PATH=/home/max/PycharmProjects/my_ros2_ws/install/py_pubsub:/opt/ros/foxy /usr/bin/cmake --install /home/max/PycharmProjects/my_ros2_ws/servo_message/build/servo_message
