[0.083s] Invoking command in '/home/max/microros_ws4/firmware/mcu_ws/build/stereo_msgs': AMENT_PREFIX_PATH=/home/max/microros_ws4/firmware/mcu_ws/install:${AMENT_PREFIX_PATH} CMAKE_PREFIX_PATH=/home/max/microros_ws4/firmware/mcu_ws/install:/home/max/microros_ws4/firmware/dev_ws/install/ament_lint_common:/home/max/microros_ws4/firmware/dev_ws/install/ament_cmake_uncrustify:/home/max/microros_ws4/firmware/dev_ws/install/uncrustify_vendor:/home/max/microros_ws4/firmware/dev_ws/install/ament_cmake_ros:/home/max/microros_ws4/firmware/dev_ws/install/ament_cmake_gmock:/home/max/microros_ws4/firmware/dev_ws/install/gmock_vendor:/home/max/microros_ws4/firmware/dev_ws/install/ament_cmake_gtest:/home/max/microros_ws4/firmware/dev_ws/install/gtest_vendor:/home/max/microros_ws4/firmware/dev_ws/install/ament_cmake_xmllint:/home/max/microros_ws4/firmware/dev_ws/install/ament_cmake_pyflakes:/home/max/microros_ws4/firmware/dev_ws/install/ament_cmake_pycodestyle:/home/max/microros_ws4/firmware/dev_ws/install/ament_cmake_pep257:/home/max/microros_ws4/firmware/dev_ws/install/ament_cmake_pclint:/home/max/microros_ws4/firmware/dev_ws/install/ament_lint_auto:/home/max/microros_ws4/firmware/dev_ws/install/ament_cmake_auto:/home/max/microros_ws4/firmware/dev_ws/install/ament_cmake:/home/max/microros_ws4/firmware/dev_ws/install/ament_cmake_version:/home/max/microros_ws4/firmware/dev_ws/install/ament_cmake_pytest:/home/max/microros_ws4/firmware/dev_ws/install/ament_cmake_nose:/home/max/microros_ws4/firmware/dev_ws/install/ament_cmake_mypy:/home/max/microros_ws4/firmware/dev_ws/install/ament_cmake_lint_cmake:/home/max/microros_ws4/firmware/dev_ws/install/ament_cmake_google_benchmark:/home/max/microros_ws4/firmware/dev_ws/install/ament_cmake_flake8:/home/max/microros_ws4/firmware/dev_ws/install/ament_cmake_cpplint:/home/max/microros_ws4/firmware/dev_ws/install/ament_cmake_cppcheck:/home/max/microros_ws4/firmware/dev_ws/install/ament_cmake_copyright:/home/max/microros_ws4/firmware/dev_ws/install/ament_cmake_clang_tidy:/home/max/microros_ws4/firmware/dev_ws/install/ament_cmake_clang_format:/home/max/microros_ws4/firmware/dev_ws/install/ament_cmake_test:/home/max/microros_ws4/firmware/dev_ws/install/ament_cmake_target_dependencies:/home/max/microros_ws4/firmware/dev_ws/install/ament_cmake_python:/home/max/microros_ws4/firmware/dev_ws/install/ament_cmake_export_dependencies:/home/max/microros_ws4/firmware/dev_ws/install/ament_cmake_libraries:/home/max/microros_ws4/firmware/dev_ws/install/ament_cmake_include_directories:/home/max/microros_ws4/firmware/dev_ws/install/ament_cmake_export_targets:/home/max/microros_ws4/firmware/dev_ws/install/ament_cmake_export_link_flags:/home/max/microros_ws4/firmware/dev_ws/install/ament_cmake_export_interfaces:/home/max/microros_ws4/firmware/dev_ws/install/ament_cmake_export_libraries:/home/max/microros_ws4/firmware/dev_ws/install/ament_cmake_export_include_directories:/home/max/microros_ws4/firmware/dev_ws/install/ament_cmake_export_definitions:/home/max/microros_ws4/firmware/dev_ws/install/ament_cmake_core:/home/max/microros_ws4/firmware/dev_ws/install/ament_index_cpp:/home/max/microros_ws4/firmware/dev_ws/install/ament_uncrustify:/home/max/microros_ws4/firmware/dev_ws/install/domain_coordinator:/home/max/microros_ws4/firmware/dev_ws/install/ament_xmllint:/home/max/microros_ws4/firmware/dev_ws/install/ament_pyflakes:/home/max/microros_ws4/firmware/dev_ws/install/ament_pycodestyle:/home/max/microros_ws4/firmware/dev_ws/install/ament_pep257:/home/max/microros_ws4/firmware/dev_ws/install/ament_pclint:/home/max/microros_ws4/firmware/dev_ws/install/ament_package:/home/max/microros_ws4/firmware/dev_ws/install/ament_mypy:/home/max/microros_ws4/firmware/dev_ws/install/ament_lint_cmake:/home/max/microros_ws4/firmware/dev_ws/install/ament_flake8:/home/max/microros_ws4/firmware/dev_ws/install/ament_copyright:/home/max/microros_ws4/firmware/dev_ws/install/ament_lint:/home/max/microros_ws4/firmware/dev_ws/install/ament_index_python:/home/max/microros_ws4/firmware/dev_ws/install/ament_cpplint:/home/max/microros_ws4/firmware/dev_ws/install/ament_cppcheck:/home/max/microros_ws4/firmware/dev_ws/install/ament_clang_tidy:/home/max/microros_ws4/firmware/dev_ws/install/ament_clang_format LD_LIBRARY_PATH=/home/max/microros_ws4/firmware/mcu_ws/install/lib:${LD_LIBRARY_PATH} PKG_CONFIG_PATH=/home/max/microros_ws4/firmware/mcu_ws/install/lib/x86_64-linux-gnu/pkgconfig:/home/max/microros_ws4/firmware/mcu_ws/install/lib/pkgconfig:${PKG_CONFIG_PATH} PYTHONPATH=/home/max/microros_ws4/firmware/mcu_ws/install/lib/python3.8/site-packages:${PYTHONPATH} /usr/bin/cmake --build /home/max/microros_ws4/firmware/mcu_ws/build/stereo_msgs -- -j4 -l4
[0.104s] make[4]: Entering directory '/home/max/microros_ws4/firmware/mcu_ws/build/stereo_msgs'
[0.104s] /usr/bin/cmake -S/home/max/microros_ws4/firmware/mcu_ws/ros2/common_interfaces/stereo_msgs -B/home/max/microros_ws4/firmware/mcu_ws/build/stereo_msgs --check-build-system CMakeFiles/Makefile.cmake 0
[0.114s] Re-run cmake file: Makefile older than: /home/max/microros_ws4/firmware/mcu_ws/install/share/sensor_msgs/cmake/sensor_msgs__rosidl_generator_cExport-debug.cmake
[0.124s] -- Found ament_cmake: 0.9.11 (/home/max/microros_ws4/firmware/dev_ws/install/ament_cmake/share/ament_cmake/cmake)
[0.144s] -- Found PythonInterp: /home/max/microros_ws4/firmware/toolchain/espressif/python_env/idf4.1_py3.8_env/bin/python3 (found suitable version "3.8.10", minimum required is "3") 
[0.144s] -- Using PYTHON_EXECUTABLE: /home/max/microros_ws4/firmware/toolchain/espressif/python_env/idf4.1_py3.8_env/bin/python3
[0.294s] -- Found rosidl_default_generators: 1.0.1 (/home/max/microros_ws4/firmware/mcu_ws/install/share/rosidl_default_generators/cmake)
[0.307s] -- Using single rosidl_typesupport_c: rosidl_typesupport_microxrcedds_c
[0.310s] -- Found rosidl_adapter: 1.3.0 (/home/max/microros_ws4/firmware/mcu_ws/install/share/rosidl_adapter/cmake)
[0.326s] CMake Warning at /home/max/microros_ws4/firmware/mcu_ws/install/share/rcutils/cmake/ament_cmake_export_libraries-extras.cmake:116 (message):
[0.326s]   Package 'rcutils' exports library 'dl' which couldn't be found
[0.326s] Call Stack (most recent call first):
[0.326s]   /home/max/microros_ws4/firmware/mcu_ws/install/share/rcutils/cmake/rcutilsConfig.cmake:41 (include)
[0.326s]   /home/max/microros_ws4/firmware/mcu_ws/install/share/rmw/cmake/ament_cmake_export_dependencies-extras.cmake:21 (find_package)
[0.326s]   /home/max/microros_ws4/firmware/mcu_ws/install/share/rmw/cmake/rmwConfig.cmake:41 (include)
[0.326s]   /home/max/microros_ws4/firmware/mcu_ws/install/share/rosidl_typesupport_microxrcedds_c/cmake/ament_cmake_export_dependencies-extras.cmake:21 (find_package)
[0.326s]   /home/max/microros_ws4/firmware/mcu_ws/install/share/rosidl_typesupport_microxrcedds_c/cmake/rosidl_typesupport_microxrcedds_cConfig.cmake:41 (include)
[0.326s]   /home/max/microros_ws4/firmware/mcu_ws/install/share/rosidl_typesupport_c/cmake/rosidl_typesupport_c-extras.cmake:13 (find_package)
[0.326s]   /home/max/microros_ws4/firmware/mcu_ws/install/share/rosidl_typesupport_c/cmake/rosidl_typesupport_cConfig.cmake:41 (include)
[0.326s]   /home/max/microros_ws4/firmware/mcu_ws/install/share/rosidl_default_generators/cmake/rosidl_default_generators-extras.cmake:21 (find_package)
[0.326s]   /home/max/microros_ws4/firmware/mcu_ws/install/share/rosidl_default_generators/cmake/rosidl_default_generatorsConfig.cmake:41 (include)
[0.326s]   CMakeLists.txt:14 (find_package)
[0.327s] 
[0.327s] 
[0.354s] -- Found sensor_msgs: 2.0.5 (/home/max/microros_ws4/firmware/mcu_ws/install/share/sensor_msgs/cmake)
[0.455s] -- Found PythonInterp: /home/max/microros_ws4/firmware/toolchain/espressif/python_env/idf4.1_py3.8_env/bin/python3 (found version "3.8.10") 
[0.727s] -- Found ament_cmake_ros: 0.9.2 (/home/max/microros_ws4/firmware/dev_ws/install/ament_cmake_ros/share/ament_cmake_ros/cmake)
[0.802s] -- Using single rosidl_typesupport_c: rosidl_typesupport_microxrcedds_c
[0.815s] -- Configuring done
[0.835s] -- Generating done
[0.837s] -- Build files have been written to: /home/max/microros_ws4/firmware/mcu_ws/build/stereo_msgs
[0.842s] /usr/bin/cmake -E cmake_progress_start /home/max/microros_ws4/firmware/mcu_ws/build/stereo_msgs/CMakeFiles /home/max/microros_ws4/firmware/mcu_ws/build/stereo_msgs/CMakeFiles/progress.marks
[0.852s] /usr/bin/make -f CMakeFiles/Makefile2 all
[0.853s] make[5]: Entering directory '/home/max/microros_ws4/firmware/mcu_ws/build/stereo_msgs'
[0.853s] /usr/bin/make -f CMakeFiles/stereo_msgs__rosidl_generator_c.dir/build.make CMakeFiles/stereo_msgs__rosidl_generator_c.dir/depend
[0.856s] make[6]: Entering directory '/home/max/microros_ws4/firmware/mcu_ws/build/stereo_msgs'
[0.856s] cd /home/max/microros_ws4/firmware/mcu_ws/build/stereo_msgs && /usr/bin/cmake -E cmake_depends "Unix Makefiles" /home/max/microros_ws4/firmware/mcu_ws/ros2/common_interfaces/stereo_msgs /home/max/microros_ws4/firmware/mcu_ws/ros2/common_interfaces/stereo_msgs /home/max/microros_ws4/firmware/mcu_ws/build/stereo_msgs /home/max/microros_ws4/firmware/mcu_ws/build/stereo_msgs /home/max/microros_ws4/firmware/mcu_ws/build/stereo_msgs/CMakeFiles/stereo_msgs__rosidl_generator_c.dir/DependInfo.cmake --color=
[0.864s] Dependee "/home/max/microros_ws4/firmware/freertos_apps/microros_esp32_extensions/build/config/sdkconfig.h" is newer than depender "CMakeFiles/stereo_msgs__rosidl_generator_c.dir/rosidl_generator_c/stereo_msgs/msg/detail/disparity_image__functions.c.obj".
[0.864s] Clearing dependencies in "/home/max/microros_ws4/firmware/mcu_ws/build/stereo_msgs/CMakeFiles/stereo_msgs__rosidl_generator_c.dir/depend.make".
[0.864s] [35m[1mScanning dependencies of target stereo_msgs__rosidl_generator_c[0m
[0.870s] make[6]: Leaving directory '/home/max/microros_ws4/firmware/mcu_ws/build/stereo_msgs'
[0.870s] /usr/bin/make -f CMakeFiles/stereo_msgs__rosidl_generator_c.dir/build.make CMakeFiles/stereo_msgs__rosidl_generator_c.dir/build
[0.876s] make[6]: Entering directory '/home/max/microros_ws4/firmware/mcu_ws/build/stereo_msgs'
[0.887s] [ 11%] [32mBuilding C object CMakeFiles/stereo_msgs__rosidl_generator_c.dir/rosidl_generator_c/stereo_msgs/msg/detail/disparity_image__functions.c.obj[0m
[0.887s] /home/max/microros_ws4/firmware/toolchain/espressif/tools/xtensa-esp32-elf/esp-2020r2-8.2.0/xtensa-esp32-elf/bin/xtensa-esp32-elf-gcc -DLWIP_IPV4 -DLWIP_IPV6 -DROS_PACKAGE_NAME=\"stereo_msgs\" -I/home/max/microros_ws4/firmware/freertos_apps/microros_esp32_extensions/build/config -I/home/max/microros_ws4/firmware/toolchain/esp-idf/components/newlib/platform_include -I/home/max/microros_ws4/firmware/toolchain/esp-idf/components/protocomm/include -I/home/max/microros_ws4/firmware/toolchain/esp-idf/components/esp_rom/include -I/home/max/microros_ws4/firmware/toolchain/esp-idf/components/driver/include -I/home/max/microros_ws4/firmware/toolchain/esp-idf/components/wear_levelling/include -I/home/max/microros_ws4/firmware/toolchain/esp-idf/components/vfs/include -I/home/max/microros_ws4/firmware/toolchain/esp-idf/components/log/include -I/home/max/microros_ws4/firmware/toolchain/esp-idf/components/freertos/include -I/home/max/microros_ws4/firmware/toolchain/esp-idf/components/wifi_provisioning/include -I/home/max/microros_ws4/firmware/toolchain/esp-idf/components/pthread/include -I/home/max/microros_ws4/firmware/toolchain/esp-idf/components/libsodium/libsodium/src/libsodium/include -I/home/max/microros_ws4/firmware/toolchain/esp-idf/components/coap/port/include -I/home/max/microros_ws4/firmware/toolchain/esp-idf/components/coap/libcoap/include -I/home/max/microros_ws4/firmware/toolchain/esp-idf/components/tcp_transport/include -I/home/max/microros_ws4/firmware/toolchain/esp-idf/components/unity/include -I/home/max/microros_ws4/firmware/toolchain/esp-idf/components/esp32/include -I/home/max/microros_ws4/firmware/toolchain/esp-idf/components/asio/port/include -I/home/max/microros_ws4/firmware/toolchain/esp-idf/components/asio/asio/asio/include -I/home/max/microros_ws4/firmware/toolchain/esp-idf/components/app_update/include -I/home/max/microros_ws4/firmware/toolchain/esp-idf/components/esp_ringbuf/include -I/home/max/microros_ws4/firmware/toolchain/esp-idf/components/soc/esp32/include -I/home/max/microros_ws4/firmware/toolchain/esp-idf/components/soc/include -I/home/max/microros_ws4/firmware/toolchain/esp-idf/components/efuse/test/include -I/home/max/microros_ws4/firmware/toolchain/esp-idf/components/efuse/esp32/include -I/home/max/microros_ws4/firmware/toolchain/esp-idf/components/efuse/include -I/home/max/microros_ws4/firmware/toolchain/esp-idf/components/mbedtls/port/include -I/home/max/microros_ws4/firmware/toolchain/esp-idf/components/mbedtls/mbedtls/include -I/home/max/microros_ws4/firmware/toolchain/esp-idf/components/xtensa/esp32/include -I/home/max/microros_ws4/firmware/toolchain/esp-idf/components/xtensa/include -I/home/max/microros_ws4/firmware/toolchain/esp-idf/components/app_trace/include -I/home/max/microros_ws4/firmware/toolchain/esp-idf/components/nvs_flash/include -I/home/max/microros_ws4/firmware/toolchain/esp-idf/components/jsmn/include -I/home/max/microros_ws4/firmware/toolchain/esp-idf/components/esp_eth/include -I/home/max/microros_ws4/firmware/toolchain/esp-idf/components/spiffs/include -I/home/max/microros_ws4/firmware/toolchain/esp-idf/components/ulp/include -I/home/max/microros_ws4/firmware/toolchain/esp-idf/components/mdns/include -I/home/max/microros_ws4/firmware/toolchain/esp-idf/components/freemodbus/modbus/include -I/home/max/microros_ws4/firmware/toolchain/esp-idf/components/freemodbus/common/include -I/home/max/microros_ws4/firmware/toolchain/esp-idf/components/esp_event/include -I/home/max/microros_ws4/firmware/toolchain/esp-idf/components/expat/port/include -I/home/max/microros_ws4/firmware/toolchain/esp-idf/components/bootloader_support/include -I/home/max/microros_ws4/firmware/toolchain/esp-idf/components/heap/include -I/home/max/microros_ws4/firmware/toolchain/esp-idf/components/wpa_supplicant/port/include -I/home/max/microros_ws4/firmware/toolchain/esp-idf/components/wpa_supplicant/include -I/home/max/microros_ws4/firmware/toolchain/esp-idf/components/tcpip_adapter/include -I/home/max/microros_ws4/firmware/toolchain/esp-idf/components/openssl/include -I/home/max/microros_ws4/firmware/toolchain/esp-idf/components/sdmmc/include -I/home/max/microros_ws4/firmware/toolchain/esp-idf/components/esp_local_ctrl/include -I/home/max/microros_ws4/firmware/toolchain/esp-idf/components/esp_common/include -I/home/max/microros_ws4/firmware/toolchain/esp-idf/components/lwip/lwip/src/include/lwip/apps -I/home/max/microros_ws4/firmware/toolchain/esp-idf/components/lwip/lwip/src/include/compat/posix -I/home/max/microros_ws4/firmware/toolchain/esp-idf/components/lwip/lwip/src/include -I/home/max/microros_ws4/firmware/toolchain/esp-idf/components/lwip/port/esp32/include -I/home/max/microros_ws4/firmware/mcu_ws/build/stereo_msgs/rosidl_generator_c -isystem /home/max/microros_ws4/firmware/mcu_ws/install/include -isystem /home/max/microros_ws4/firmware/mcu_ws/install/share/tinydir_vendor/cmake/../../../include  -mlongcalls -Wno-frame-address -mlongcalls -Wno-frame-address -g   -Wall -std=gnu11 -o CMakeFiles/stereo_msgs__rosidl_generator_c.dir/rosidl_generator_c/stereo_msgs/msg/detail/disparity_image__functions.c.obj   -c /home/max/microros_ws4/firmware/mcu_ws/build/stereo_msgs/rosidl_generator_c/stereo_msgs/msg/detail/disparity_image__functions.c
[0.942s] [ 22%] [32m[1mLinking CXX static library libstereo_msgs__rosidl_generator_c.a[0m
[0.943s] /usr/bin/cmake -P CMakeFiles/stereo_msgs__rosidl_generator_c.dir/cmake_clean_target.cmake
[0.955s] /usr/bin/cmake -E cmake_link_script CMakeFiles/stereo_msgs__rosidl_generator_c.dir/link.txt --verbose=1
[0.960s] /home/max/microros_ws4/firmware/toolchain/espressif/tools/xtensa-esp32-elf/esp-2020r2-8.2.0/xtensa-esp32-elf/bin/xtensa-esp32-elf-ar qc libstereo_msgs__rosidl_generator_c.a  CMakeFiles/stereo_msgs__rosidl_generator_c.dir/rosidl_generator_c/stereo_msgs/msg/detail/disparity_image__functions.c.obj
[0.963s] /home/max/microros_ws4/firmware/toolchain/espressif/tools/xtensa-esp32-elf/esp-2020r2-8.2.0/xtensa-esp32-elf/bin/xtensa-esp32-elf-ranlib libstereo_msgs__rosidl_generator_c.a
[0.967s] make[6]: Leaving directory '/home/max/microros_ws4/firmware/mcu_ws/build/stereo_msgs'
[0.976s] [ 33%] Built target stereo_msgs__rosidl_generator_c
[0.981s] /usr/bin/make -f CMakeFiles/stereo_msgs__rosidl_typesupport_microxrcedds_c.dir/build.make CMakeFiles/stereo_msgs__rosidl_typesupport_microxrcedds_c.dir/depend
[0.981s] make[6]: Entering directory '/home/max/microros_ws4/firmware/mcu_ws/build/stereo_msgs'
[0.981s] cd /home/max/microros_ws4/firmware/mcu_ws/build/stereo_msgs && /usr/bin/cmake -E cmake_depends "Unix Makefiles" /home/max/microros_ws4/firmware/mcu_ws/ros2/common_interfaces/stereo_msgs /home/max/microros_ws4/firmware/mcu_ws/ros2/common_interfaces/stereo_msgs /home/max/microros_ws4/firmware/mcu_ws/build/stereo_msgs /home/max/microros_ws4/firmware/mcu_ws/build/stereo_msgs /home/max/microros_ws4/firmware/mcu_ws/build/stereo_msgs/CMakeFiles/stereo_msgs__rosidl_typesupport_microxrcedds_c.dir/DependInfo.cmake --color=
[0.991s] make[6]: Leaving directory '/home/max/microros_ws4/firmware/mcu_ws/build/stereo_msgs'
[0.991s] /usr/bin/make -f CMakeFiles/stereo_msgs__rosidl_typesupport_microxrcedds_c.dir/build.make CMakeFiles/stereo_msgs__rosidl_typesupport_microxrcedds_c.dir/build
[0.992s] make[6]: Entering directory '/home/max/microros_ws4/firmware/mcu_ws/build/stereo_msgs'
[0.993s] make[6]: Nothing to be done for 'CMakeFiles/stereo_msgs__rosidl_typesupport_microxrcedds_c.dir/build'.
[0.993s] make[6]: Leaving directory '/home/max/microros_ws4/firmware/mcu_ws/build/stereo_msgs'
[1.003s] [ 66%] Built target stereo_msgs__rosidl_typesupport_microxrcedds_c
[1.004s] /usr/bin/make -f CMakeFiles/stereo_msgs__rosidl_typesupport_c.dir/build.make CMakeFiles/stereo_msgs__rosidl_typesupport_c.dir/depend
[1.006s] make[6]: Entering directory '/home/max/microros_ws4/firmware/mcu_ws/build/stereo_msgs'
[1.006s] cd /home/max/microros_ws4/firmware/mcu_ws/build/stereo_msgs && /usr/bin/cmake -E cmake_depends "Unix Makefiles" /home/max/microros_ws4/firmware/mcu_ws/ros2/common_interfaces/stereo_msgs /home/max/microros_ws4/firmware/mcu_ws/ros2/common_interfaces/stereo_msgs /home/max/microros_ws4/firmware/mcu_ws/build/stereo_msgs /home/max/microros_ws4/firmware/mcu_ws/build/stereo_msgs /home/max/microros_ws4/firmware/mcu_ws/build/stereo_msgs/CMakeFiles/stereo_msgs__rosidl_typesupport_c.dir/DependInfo.cmake --color=
[1.016s] make[6]: Leaving directory '/home/max/microros_ws4/firmware/mcu_ws/build/stereo_msgs'
[1.017s] /usr/bin/make -f CMakeFiles/stereo_msgs__rosidl_typesupport_c.dir/build.make CMakeFiles/stereo_msgs__rosidl_typesupport_c.dir/build
[1.019s] make[6]: Entering directory '/home/max/microros_ws4/firmware/mcu_ws/build/stereo_msgs'
[1.020s] make[6]: Nothing to be done for 'CMakeFiles/stereo_msgs__rosidl_typesupport_c.dir/build'.
[1.020s] make[6]: Leaving directory '/home/max/microros_ws4/firmware/mcu_ws/build/stereo_msgs'
[1.033s] [100%] Built target stereo_msgs__rosidl_typesupport_c
[1.033s] /usr/bin/make -f CMakeFiles/stereo_msgs.dir/build.make CMakeFiles/stereo_msgs.dir/depend
[1.033s] make[6]: Entering directory '/home/max/microros_ws4/firmware/mcu_ws/build/stereo_msgs'
[1.033s] cd /home/max/microros_ws4/firmware/mcu_ws/build/stereo_msgs && /usr/bin/cmake -E cmake_depends "Unix Makefiles" /home/max/microros_ws4/firmware/mcu_ws/ros2/common_interfaces/stereo_msgs /home/max/microros_ws4/firmware/mcu_ws/ros2/common_interfaces/stereo_msgs /home/max/microros_ws4/firmware/mcu_ws/build/stereo_msgs /home/max/microros_ws4/firmware/mcu_ws/build/stereo_msgs /home/max/microros_ws4/firmware/mcu_ws/build/stereo_msgs/CMakeFiles/stereo_msgs.dir/DependInfo.cmake --color=
[1.043s] make[6]: Leaving directory '/home/max/microros_ws4/firmware/mcu_ws/build/stereo_msgs'
[1.043s] /usr/bin/make -f CMakeFiles/stereo_msgs.dir/build.make CMakeFiles/stereo_msgs.dir/build
[1.045s] make[6]: Entering directory '/home/max/microros_ws4/firmware/mcu_ws/build/stereo_msgs'
[1.045s] make[6]: Nothing to be done for 'CMakeFiles/stereo_msgs.dir/build'.
[1.045s] make[6]: Leaving directory '/home/max/microros_ws4/firmware/mcu_ws/build/stereo_msgs'
[1.053s] [100%] Built target stereo_msgs
[1.054s] make[5]: Leaving directory '/home/max/microros_ws4/firmware/mcu_ws/build/stereo_msgs'
[1.054s] /usr/bin/cmake -E cmake_progress_start /home/max/microros_ws4/firmware/mcu_ws/build/stereo_msgs/CMakeFiles 0
[1.074s] make[4]: Leaving directory '/home/max/microros_ws4/firmware/mcu_ws/build/stereo_msgs'
[1.105s] Invoked command in '/home/max/microros_ws4/firmware/mcu_ws/build/stereo_msgs' returned '0': AMENT_PREFIX_PATH=/home/max/microros_ws4/firmware/mcu_ws/install:${AMENT_PREFIX_PATH} CMAKE_PREFIX_PATH=/home/max/microros_ws4/firmware/mcu_ws/install:/home/max/microros_ws4/firmware/dev_ws/install/ament_lint_common:/home/max/microros_ws4/firmware/dev_ws/install/ament_cmake_uncrustify:/home/max/microros_ws4/firmware/dev_ws/install/uncrustify_vendor:/home/max/microros_ws4/firmware/dev_ws/install/ament_cmake_ros:/home/max/microros_ws4/firmware/dev_ws/install/ament_cmake_gmock:/home/max/microros_ws4/firmware/dev_ws/install/gmock_vendor:/home/max/microros_ws4/firmware/dev_ws/install/ament_cmake_gtest:/home/max/microros_ws4/firmware/dev_ws/install/gtest_vendor:/home/max/microros_ws4/firmware/dev_ws/install/ament_cmake_xmllint:/home/max/microros_ws4/firmware/dev_ws/install/ament_cmake_pyflakes:/home/max/microros_ws4/firmware/dev_ws/install/ament_cmake_pycodestyle:/home/max/microros_ws4/firmware/dev_ws/install/ament_cmake_pep257:/home/max/microros_ws4/firmware/dev_ws/install/ament_cmake_pclint:/home/max/microros_ws4/firmware/dev_ws/install/ament_lint_auto:/home/max/microros_ws4/firmware/dev_ws/install/ament_cmake_auto:/home/max/microros_ws4/firmware/dev_ws/install/ament_cmake:/home/max/microros_ws4/firmware/dev_ws/install/ament_cmake_version:/home/max/microros_ws4/firmware/dev_ws/install/ament_cmake_pytest:/home/max/microros_ws4/firmware/dev_ws/install/ament_cmake_nose:/home/max/microros_ws4/firmware/dev_ws/install/ament_cmake_mypy:/home/max/microros_ws4/firmware/dev_ws/install/ament_cmake_lint_cmake:/home/max/microros_ws4/firmware/dev_ws/install/ament_cmake_google_benchmark:/home/max/microros_ws4/firmware/dev_ws/install/ament_cmake_flake8:/home/max/microros_ws4/firmware/dev_ws/install/ament_cmake_cpplint:/home/max/microros_ws4/firmware/dev_ws/install/ament_cmake_cppcheck:/home/max/microros_ws4/firmware/dev_ws/install/ament_cmake_copyright:/home/max/microros_ws4/firmware/dev_ws/install/ament_cmake_clang_tidy:/home/max/microros_ws4/firmware/dev_ws/install/ament_cmake_clang_format:/home/max/microros_ws4/firmware/dev_ws/install/ament_cmake_test:/home/max/microros_ws4/firmware/dev_ws/install/ament_cmake_target_dependencies:/home/max/microros_ws4/firmware/dev_ws/install/ament_cmake_python:/home/max/microros_ws4/firmware/dev_ws/install/ament_cmake_export_dependencies:/home/max/microros_ws4/firmware/dev_ws/install/ament_cmake_libraries:/home/max/microros_ws4/firmware/dev_ws/install/ament_cmake_include_directories:/home/max/microros_ws4/firmware/dev_ws/install/ament_cmake_export_targets:/home/max/microros_ws4/firmware/dev_ws/install/ament_cmake_export_link_flags:/home/max/microros_ws4/firmware/dev_ws/install/ament_cmake_export_interfaces:/home/max/microros_ws4/firmware/dev_ws/install/ament_cmake_export_libraries:/home/max/microros_ws4/firmware/dev_ws/install/ament_cmake_export_include_directories:/home/max/microros_ws4/firmware/dev_ws/install/ament_cmake_export_definitions:/home/max/microros_ws4/firmware/dev_ws/install/ament_cmake_core:/home/max/microros_ws4/firmware/dev_ws/install/ament_index_cpp:/home/max/microros_ws4/firmware/dev_ws/install/ament_uncrustify:/home/max/microros_ws4/firmware/dev_ws/install/domain_coordinator:/home/max/microros_ws4/firmware/dev_ws/install/ament_xmllint:/home/max/microros_ws4/firmware/dev_ws/install/ament_pyflakes:/home/max/microros_ws4/firmware/dev_ws/install/ament_pycodestyle:/home/max/microros_ws4/firmware/dev_ws/install/ament_pep257:/home/max/microros_ws4/firmware/dev_ws/install/ament_pclint:/home/max/microros_ws4/firmware/dev_ws/install/ament_package:/home/max/microros_ws4/firmware/dev_ws/install/ament_mypy:/home/max/microros_ws4/firmware/dev_ws/install/ament_lint_cmake:/home/max/microros_ws4/firmware/dev_ws/install/ament_flake8:/home/max/microros_ws4/firmware/dev_ws/install/ament_copyright:/home/max/microros_ws4/firmware/dev_ws/install/ament_lint:/home/max/microros_ws4/firmware/dev_ws/install/ament_index_python:/home/max/microros_ws4/firmware/dev_ws/install/ament_cpplint:/home/max/microros_ws4/firmware/dev_ws/install/ament_cppcheck:/home/max/microros_ws4/firmware/dev_ws/install/ament_clang_tidy:/home/max/microros_ws4/firmware/dev_ws/install/ament_clang_format LD_LIBRARY_PATH=/home/max/microros_ws4/firmware/mcu_ws/install/lib:${LD_LIBRARY_PATH} PKG_CONFIG_PATH=/home/max/microros_ws4/firmware/mcu_ws/install/lib/x86_64-linux-gnu/pkgconfig:/home/max/microros_ws4/firmware/mcu_ws/install/lib/pkgconfig:${PKG_CONFIG_PATH} PYTHONPATH=/home/max/microros_ws4/firmware/mcu_ws/install/lib/python3.8/site-packages:${PYTHONPATH} /usr/bin/cmake --build /home/max/microros_ws4/firmware/mcu_ws/build/stereo_msgs -- -j4 -l4
[1.198s] Invoking command in '/home/max/microros_ws4/firmware/mcu_ws/build/stereo_msgs': AMENT_PREFIX_PATH=/home/max/microros_ws4/firmware/mcu_ws/install:${AMENT_PREFIX_PATH} CMAKE_PREFIX_PATH=/home/max/microros_ws4/firmware/mcu_ws/install:/home/max/microros_ws4/firmware/dev_ws/install/ament_lint_common:/home/max/microros_ws4/firmware/dev_ws/install/ament_cmake_uncrustify:/home/max/microros_ws4/firmware/dev_ws/install/uncrustify_vendor:/home/max/microros_ws4/firmware/dev_ws/install/ament_cmake_ros:/home/max/microros_ws4/firmware/dev_ws/install/ament_cmake_gmock:/home/max/microros_ws4/firmware/dev_ws/install/gmock_vendor:/home/max/microros_ws4/firmware/dev_ws/install/ament_cmake_gtest:/home/max/microros_ws4/firmware/dev_ws/install/gtest_vendor:/home/max/microros_ws4/firmware/dev_ws/install/ament_cmake_xmllint:/home/max/microros_ws4/firmware/dev_ws/install/ament_cmake_pyflakes:/home/max/microros_ws4/firmware/dev_ws/install/ament_cmake_pycodestyle:/home/max/microros_ws4/firmware/dev_ws/install/ament_cmake_pep257:/home/max/microros_ws4/firmware/dev_ws/install/ament_cmake_pclint:/home/max/microros_ws4/firmware/dev_ws/install/ament_lint_auto:/home/max/microros_ws4/firmware/dev_ws/install/ament_cmake_auto:/home/max/microros_ws4/firmware/dev_ws/install/ament_cmake:/home/max/microros_ws4/firmware/dev_ws/install/ament_cmake_version:/home/max/microros_ws4/firmware/dev_ws/install/ament_cmake_pytest:/home/max/microros_ws4/firmware/dev_ws/install/ament_cmake_nose:/home/max/microros_ws4/firmware/dev_ws/install/ament_cmake_mypy:/home/max/microros_ws4/firmware/dev_ws/install/ament_cmake_lint_cmake:/home/max/microros_ws4/firmware/dev_ws/install/ament_cmake_google_benchmark:/home/max/microros_ws4/firmware/dev_ws/install/ament_cmake_flake8:/home/max/microros_ws4/firmware/dev_ws/install/ament_cmake_cpplint:/home/max/microros_ws4/firmware/dev_ws/install/ament_cmake_cppcheck:/home/max/microros_ws4/firmware/dev_ws/install/ament_cmake_copyright:/home/max/microros_ws4/firmware/dev_ws/install/ament_cmake_clang_tidy:/home/max/microros_ws4/firmware/dev_ws/install/ament_cmake_clang_format:/home/max/microros_ws4/firmware/dev_ws/install/ament_cmake_test:/home/max/microros_ws4/firmware/dev_ws/install/ament_cmake_target_dependencies:/home/max/microros_ws4/firmware/dev_ws/install/ament_cmake_python:/home/max/microros_ws4/firmware/dev_ws/install/ament_cmake_export_dependencies:/home/max/microros_ws4/firmware/dev_ws/install/ament_cmake_libraries:/home/max/microros_ws4/firmware/dev_ws/install/ament_cmake_include_directories:/home/max/microros_ws4/firmware/dev_ws/install/ament_cmake_export_targets:/home/max/microros_ws4/firmware/dev_ws/install/ament_cmake_export_link_flags:/home/max/microros_ws4/firmware/dev_ws/install/ament_cmake_export_interfaces:/home/max/microros_ws4/firmware/dev_ws/install/ament_cmake_export_libraries:/home/max/microros_ws4/firmware/dev_ws/install/ament_cmake_export_include_directories:/home/max/microros_ws4/firmware/dev_ws/install/ament_cmake_export_definitions:/home/max/microros_ws4/firmware/dev_ws/install/ament_cmake_core:/home/max/microros_ws4/firmware/dev_ws/install/ament_index_cpp:/home/max/microros_ws4/firmware/dev_ws/install/ament_uncrustify:/home/max/microros_ws4/firmware/dev_ws/install/domain_coordinator:/home/max/microros_ws4/firmware/dev_ws/install/ament_xmllint:/home/max/microros_ws4/firmware/dev_ws/install/ament_pyflakes:/home/max/microros_ws4/firmware/dev_ws/install/ament_pycodestyle:/home/max/microros_ws4/firmware/dev_ws/install/ament_pep257:/home/max/microros_ws4/firmware/dev_ws/install/ament_pclint:/home/max/microros_ws4/firmware/dev_ws/install/ament_package:/home/max/microros_ws4/firmware/dev_ws/install/ament_mypy:/home/max/microros_ws4/firmware/dev_ws/install/ament_lint_cmake:/home/max/microros_ws4/firmware/dev_ws/install/ament_flake8:/home/max/microros_ws4/firmware/dev_ws/install/ament_copyright:/home/max/microros_ws4/firmware/dev_ws/install/ament_lint:/home/max/microros_ws4/firmware/dev_ws/install/ament_index_python:/home/max/microros_ws4/firmware/dev_ws/install/ament_cpplint:/home/max/microros_ws4/firmware/dev_ws/install/ament_cppcheck:/home/max/microros_ws4/firmware/dev_ws/install/ament_clang_tidy:/home/max/microros_ws4/firmware/dev_ws/install/ament_clang_format LD_LIBRARY_PATH=/home/max/microros_ws4/firmware/mcu_ws/install/lib:${LD_LIBRARY_PATH} PKG_CONFIG_PATH=/home/max/microros_ws4/firmware/mcu_ws/install/lib/x86_64-linux-gnu/pkgconfig:/home/max/microros_ws4/firmware/mcu_ws/install/lib/pkgconfig:${PKG_CONFIG_PATH} PYTHONPATH=/home/max/microros_ws4/firmware/mcu_ws/install/lib/python3.8/site-packages:${PYTHONPATH} /usr/bin/cmake --install /home/max/microros_ws4/firmware/mcu_ws/build/stereo_msgs
[1.210s] -- Install configuration: "Debug"
[1.210s] -- Up-to-date: /home/max/microros_ws4/firmware/mcu_ws/install/share/ament_index/resource_index/rosidl_interfaces/stereo_msgs
[1.210s] -- Up-to-date: /home/max/microros_ws4/firmware/mcu_ws/install/include/stereo_msgs
[1.210s] -- Up-to-date: /home/max/microros_ws4/firmware/mcu_ws/install/include/stereo_msgs/msg
[1.210s] -- Up-to-date: /home/max/microros_ws4/firmware/mcu_ws/install/include/stereo_msgs/msg/detail
[1.210s] -- Up-to-date: /home/max/microros_ws4/firmware/mcu_ws/install/include/stereo_msgs/msg/detail/disparity_image__type_support.h
[1.210s] -- Up-to-date: /home/max/microros_ws4/firmware/mcu_ws/install/include/stereo_msgs/msg/detail/disparity_image__functions.c
[1.210s] -- Up-to-date: /home/max/microros_ws4/firmware/mcu_ws/install/include/stereo_msgs/msg/detail/disparity_image__struct.h
[1.210s] -- Up-to-date: /home/max/microros_ws4/firmware/mcu_ws/install/include/stereo_msgs/msg/detail/disparity_image__functions.h
[1.210s] -- Up-to-date: /home/max/microros_ws4/firmware/mcu_ws/install/include/stereo_msgs/msg/rosidl_generator_c__visibility_control.h
[1.210s] -- Up-to-date: /home/max/microros_ws4/firmware/mcu_ws/install/include/stereo_msgs/msg/disparity_image.h
[1.210s] -- Up-to-date: /home/max/microros_ws4/firmware/mcu_ws/install/share/stereo_msgs/environment/library_path.sh
[1.210s] -- Installing: /home/max/microros_ws4/firmware/mcu_ws/install/share/stereo_msgs/environment/library_path.dsv
[1.211s] -- Installing: /home/max/microros_ws4/firmware/mcu_ws/install/lib/libstereo_msgs__rosidl_generator_c.a
[1.211s] -- Up-to-date: /home/max/microros_ws4/firmware/mcu_ws/install/include/stereo_msgs
[1.211s] -- Up-to-date: /home/max/microros_ws4/firmware/mcu_ws/install/include/stereo_msgs/msg
[1.212s] -- Up-to-date: /home/max/microros_ws4/firmware/mcu_ws/install/include/stereo_msgs/msg/detail
[1.212s] -- Up-to-date: /home/max/microros_ws4/firmware/mcu_ws/install/include/stereo_msgs/msg/detail/disparity_image__rosidl_typesupport_microxrcedds_c.h
[1.212s] -- Up-to-date: /home/max/microros_ws4/firmware/mcu_ws/install/include/stereo_msgs/msg/detail/microxrcedds
[1.212s] -- Up-to-date: /home/max/microros_ws4/firmware/mcu_ws/install/include/stereo_msgs/msg/rosidl_typesupport_microxrcedds_c__visibility_control.h
[1.212s] -- Up-to-date: /home/max/microros_ws4/firmware/mcu_ws/install/lib/libstereo_msgs__rosidl_typesupport_microxrcedds_c.a
[1.212s] -- Up-to-date: /home/max/microros_ws4/firmware/mcu_ws/install/lib/libstereo_msgs__rosidl_typesupport_c.a
[1.213s] -- Up-to-date: /home/max/microros_ws4/firmware/mcu_ws/install/lib/libstereo_msgs__rosidl_typesupport_microxrcedds_c.a
[1.213s] -- Up-to-date: /home/max/microros_ws4/firmware/mcu_ws/install/share/stereo_msgs/msg/DisparityImage.idl
[1.213s] -- Up-to-date: /home/max/microros_ws4/firmware/mcu_ws/install/share/stereo_msgs/msg/DisparityImage.msg
[1.213s] -- Up-to-date: /home/max/microros_ws4/firmware/mcu_ws/install/share/ament_index/resource_index/package_run_dependencies/stereo_msgs
[1.213s] -- Up-to-date: /home/max/microros_ws4/firmware/mcu_ws/install/share/ament_index/resource_index/parent_prefix_path/stereo_msgs
[1.213s] -- Up-to-date: /home/max/microros_ws4/firmware/mcu_ws/install/share/stereo_msgs/environment/ament_prefix_path.sh
[1.214s] -- Installing: /home/max/microros_ws4/firmware/mcu_ws/install/share/stereo_msgs/environment/ament_prefix_path.dsv
[1.214s] -- Up-to-date: /home/max/microros_ws4/firmware/mcu_ws/install/share/stereo_msgs/environment/path.sh
[1.215s] -- Installing: /home/max/microros_ws4/firmware/mcu_ws/install/share/stereo_msgs/environment/path.dsv
[1.215s] -- Up-to-date: /home/max/microros_ws4/firmware/mcu_ws/install/share/stereo_msgs/local_setup.bash
[1.215s] -- Up-to-date: /home/max/microros_ws4/firmware/mcu_ws/install/share/stereo_msgs/local_setup.sh
[1.215s] -- Up-to-date: /home/max/microros_ws4/firmware/mcu_ws/install/share/stereo_msgs/local_setup.zsh
[1.215s] -- Installing: /home/max/microros_ws4/firmware/mcu_ws/install/share/stereo_msgs/local_setup.dsv
[1.216s] -- Installing: /home/max/microros_ws4/firmware/mcu_ws/install/share/stereo_msgs/package.dsv
[1.216s] -- Up-to-date: /home/max/microros_ws4/firmware/mcu_ws/install/share/ament_index/resource_index/packages/stereo_msgs
[1.216s] -- Up-to-date: /home/max/microros_ws4/firmware/mcu_ws/install/share/stereo_msgs/cmake/stereo_msgs__rosidl_generator_cExport.cmake
[1.217s] -- Installing: /home/max/microros_ws4/firmware/mcu_ws/install/share/stereo_msgs/cmake/stereo_msgs__rosidl_generator_cExport-debug.cmake
[1.217s] -- Up-to-date: /home/max/microros_ws4/firmware/mcu_ws/install/share/stereo_msgs/cmake/stereo_msgs__rosidl_typesupport_cExport.cmake
[1.218s] -- Installing: /home/max/microros_ws4/firmware/mcu_ws/install/share/stereo_msgs/cmake/stereo_msgs__rosidl_typesupport_cExport-debug.cmake
[1.218s] -- Up-to-date: /home/max/microros_ws4/firmware/mcu_ws/install/share/stereo_msgs/cmake/rosidl_cmake-extras.cmake
[1.218s] -- Up-to-date: /home/max/microros_ws4/firmware/mcu_ws/install/share/stereo_msgs/cmake/ament_cmake_export_dependencies-extras.cmake
[1.218s] -- Up-to-date: /home/max/microros_ws4/firmware/mcu_ws/install/share/stereo_msgs/cmake/ament_cmake_export_libraries-extras.cmake
[1.219s] -- Up-to-date: /home/max/microros_ws4/firmware/mcu_ws/install/share/stereo_msgs/cmake/ament_cmake_export_targets-extras.cmake
[1.219s] -- Up-to-date: /home/max/microros_ws4/firmware/mcu_ws/install/share/stereo_msgs/cmake/ament_cmake_export_include_directories-extras.cmake
[1.219s] -- Up-to-date: /home/max/microros_ws4/firmware/mcu_ws/install/share/stereo_msgs/cmake/rosidl_cmake_export_typesupport_libraries-extras.cmake
[1.219s] -- Up-to-date: /home/max/microros_ws4/firmware/mcu_ws/install/share/stereo_msgs/cmake/stereo_msgsConfig.cmake
[1.219s] -- Up-to-date: /home/max/microros_ws4/firmware/mcu_ws/install/share/stereo_msgs/cmake/stereo_msgsConfig-version.cmake
[1.219s] -- Up-to-date: /home/max/microros_ws4/firmware/mcu_ws/install/share/stereo_msgs/package.xml
[1.225s] Invoked command in '/home/max/microros_ws4/firmware/mcu_ws/build/stereo_msgs' returned '0': AMENT_PREFIX_PATH=/home/max/microros_ws4/firmware/mcu_ws/install:${AMENT_PREFIX_PATH} CMAKE_PREFIX_PATH=/home/max/microros_ws4/firmware/mcu_ws/install:/home/max/microros_ws4/firmware/dev_ws/install/ament_lint_common:/home/max/microros_ws4/firmware/dev_ws/install/ament_cmake_uncrustify:/home/max/microros_ws4/firmware/dev_ws/install/uncrustify_vendor:/home/max/microros_ws4/firmware/dev_ws/install/ament_cmake_ros:/home/max/microros_ws4/firmware/dev_ws/install/ament_cmake_gmock:/home/max/microros_ws4/firmware/dev_ws/install/gmock_vendor:/home/max/microros_ws4/firmware/dev_ws/install/ament_cmake_gtest:/home/max/microros_ws4/firmware/dev_ws/install/gtest_vendor:/home/max/microros_ws4/firmware/dev_ws/install/ament_cmake_xmllint:/home/max/microros_ws4/firmware/dev_ws/install/ament_cmake_pyflakes:/home/max/microros_ws4/firmware/dev_ws/install/ament_cmake_pycodestyle:/home/max/microros_ws4/firmware/dev_ws/install/ament_cmake_pep257:/home/max/microros_ws4/firmware/dev_ws/install/ament_cmake_pclint:/home/max/microros_ws4/firmware/dev_ws/install/ament_lint_auto:/home/max/microros_ws4/firmware/dev_ws/install/ament_cmake_auto:/home/max/microros_ws4/firmware/dev_ws/install/ament_cmake:/home/max/microros_ws4/firmware/dev_ws/install/ament_cmake_version:/home/max/microros_ws4/firmware/dev_ws/install/ament_cmake_pytest:/home/max/microros_ws4/firmware/dev_ws/install/ament_cmake_nose:/home/max/microros_ws4/firmware/dev_ws/install/ament_cmake_mypy:/home/max/microros_ws4/firmware/dev_ws/install/ament_cmake_lint_cmake:/home/max/microros_ws4/firmware/dev_ws/install/ament_cmake_google_benchmark:/home/max/microros_ws4/firmware/dev_ws/install/ament_cmake_flake8:/home/max/microros_ws4/firmware/dev_ws/install/ament_cmake_cpplint:/home/max/microros_ws4/firmware/dev_ws/install/ament_cmake_cppcheck:/home/max/microros_ws4/firmware/dev_ws/install/ament_cmake_copyright:/home/max/microros_ws4/firmware/dev_ws/install/ament_cmake_clang_tidy:/home/max/microros_ws4/firmware/dev_ws/install/ament_cmake_clang_format:/home/max/microros_ws4/firmware/dev_ws/install/ament_cmake_test:/home/max/microros_ws4/firmware/dev_ws/install/ament_cmake_target_dependencies:/home/max/microros_ws4/firmware/dev_ws/install/ament_cmake_python:/home/max/microros_ws4/firmware/dev_ws/install/ament_cmake_export_dependencies:/home/max/microros_ws4/firmware/dev_ws/install/ament_cmake_libraries:/home/max/microros_ws4/firmware/dev_ws/install/ament_cmake_include_directories:/home/max/microros_ws4/firmware/dev_ws/install/ament_cmake_export_targets:/home/max/microros_ws4/firmware/dev_ws/install/ament_cmake_export_link_flags:/home/max/microros_ws4/firmware/dev_ws/install/ament_cmake_export_interfaces:/home/max/microros_ws4/firmware/dev_ws/install/ament_cmake_export_libraries:/home/max/microros_ws4/firmware/dev_ws/install/ament_cmake_export_include_directories:/home/max/microros_ws4/firmware/dev_ws/install/ament_cmake_export_definitions:/home/max/microros_ws4/firmware/dev_ws/install/ament_cmake_core:/home/max/microros_ws4/firmware/dev_ws/install/ament_index_cpp:/home/max/microros_ws4/firmware/dev_ws/install/ament_uncrustify:/home/max/microros_ws4/firmware/dev_ws/install/domain_coordinator:/home/max/microros_ws4/firmware/dev_ws/install/ament_xmllint:/home/max/microros_ws4/firmware/dev_ws/install/ament_pyflakes:/home/max/microros_ws4/firmware/dev_ws/install/ament_pycodestyle:/home/max/microros_ws4/firmware/dev_ws/install/ament_pep257:/home/max/microros_ws4/firmware/dev_ws/install/ament_pclint:/home/max/microros_ws4/firmware/dev_ws/install/ament_package:/home/max/microros_ws4/firmware/dev_ws/install/ament_mypy:/home/max/microros_ws4/firmware/dev_ws/install/ament_lint_cmake:/home/max/microros_ws4/firmware/dev_ws/install/ament_flake8:/home/max/microros_ws4/firmware/dev_ws/install/ament_copyright:/home/max/microros_ws4/firmware/dev_ws/install/ament_lint:/home/max/microros_ws4/firmware/dev_ws/install/ament_index_python:/home/max/microros_ws4/firmware/dev_ws/install/ament_cpplint:/home/max/microros_ws4/firmware/dev_ws/install/ament_cppcheck:/home/max/microros_ws4/firmware/dev_ws/install/ament_clang_tidy:/home/max/microros_ws4/firmware/dev_ws/install/ament_clang_format LD_LIBRARY_PATH=/home/max/microros_ws4/firmware/mcu_ws/install/lib:${LD_LIBRARY_PATH} PKG_CONFIG_PATH=/home/max/microros_ws4/firmware/mcu_ws/install/lib/x86_64-linux-gnu/pkgconfig:/home/max/microros_ws4/firmware/mcu_ws/install/lib/pkgconfig:${PKG_CONFIG_PATH} PYTHONPATH=/home/max/microros_ws4/firmware/mcu_ws/install/lib/python3.8/site-packages:${PYTHONPATH} /usr/bin/cmake --install /home/max/microros_ws4/firmware/mcu_ws/build/stereo_msgs
