[0.261s] DEBUG:colcon:Command line arguments: ['/usr/bin/colcon', 'build']
[0.261s] DEBUG:colcon:Parsed command line arguments: Namespace(allow_overriding=[], ament_cmake_args=None, base_paths=['.'], build_base='build', catkin_cmake_args=None, catkin_skip_building_tests=False, cmake_args=None, cmake_clean_cache=False, cmake_clean_first=False, cmake_force_configure=False, cmake_target=None, cmake_target_skip_unavailable=False, continue_on_error=False, event_handlers=None, executor='parallel', ignore_user_meta=False, install_base='install', log_base=None, log_level=None, main=<bound method BuildVerb.main of <colcon_core.verb.build.BuildVerb object at 0x7f5b28b6aa90>>, merge_install=False, metas=['./colcon.meta'], packages_above=None, packages_above_and_dependencies=None, packages_above_depth=None, packages_end=None, packages_ignore=None, packages_ignore_regex=None, packages_select=None, packages_select_build_failed=False, packages_select_by_dep=None, packages_select_regex=None, packages_select_test_failures=False, packages_skip=None, packages_skip_build_finished=False, packages_skip_by_dep=None, packages_skip_regex=None, packages_skip_test_passed=False, packages_skip_up_to=None, packages_start=None, packages_up_to=None, packages_up_to_regex=None, parallel_workers=4, paths=None, symlink_install=False, test_result_base=None, verb_extension=<colcon_core.verb.build.BuildVerb object at 0x7f5b28b6aa90>, verb_name='build', verb_parser=<colcon_defaults.argument_parser.defaults.DefaultArgumentsDecorator object at 0x7f5b28b76040>)
[0.283s] Level 1:colcon.colcon_core.package_discovery:discover_packages(colcon_meta) check parameters
[0.283s] Level 1:colcon.colcon_core.package_discovery:discover_packages(recursive) check parameters
[0.283s] Level 1:colcon.colcon_core.package_discovery:discover_packages(ignore) check parameters
[0.283s] Level 1:colcon.colcon_core.package_discovery:discover_packages(path) check parameters
[0.283s] Level 1:colcon.colcon_core.package_discovery:discover_packages(colcon_meta) discover
[0.283s] Level 1:colcon.colcon_core.package_discovery:discover_packages(recursive) discover
[0.283s] INFO:colcon.colcon_core.package_discovery:Crawling recursively for packages in '/home/max/microros_ws4'
[0.284s] Level 1:colcon.colcon_core.package_identification:_identify(.) by extensions ['ignore', 'ignore_ament_install']
[0.284s] Level 1:colcon.colcon_core.package_identification:_identify(.) by extension 'ignore'
[0.284s] Level 1:colcon.colcon_core.package_identification:_identify(.) by extension 'ignore_ament_install'
[0.284s] Level 1:colcon.colcon_core.package_identification:_identify(.) by extensions ['colcon_pkg']
[0.284s] Level 1:colcon.colcon_core.package_identification:_identify(.) by extension 'colcon_pkg'
[0.284s] Level 1:colcon.colcon_core.package_identification:_identify(.) by extensions ['colcon_meta']
[0.284s] Level 1:colcon.colcon_core.package_identification:_identify(.) by extension 'colcon_meta'
[0.284s] Level 1:colcon.colcon_core.package_identification:_identify(.) by extensions ['ros']
[0.284s] Level 1:colcon.colcon_core.package_identification:_identify(.) by extension 'ros'
[0.313s] Level 1:colcon.colcon_core.package_identification:_identify(.) by extensions ['cmake', 'python']
[0.313s] Level 1:colcon.colcon_core.package_identification:_identify(.) by extension 'cmake'
[0.313s] Level 1:colcon.colcon_core.package_identification:_identify(.) by extension 'python'
[0.313s] Level 1:colcon.colcon_core.package_identification:_identify(.) by extensions ['python_setup_py']
[0.313s] Level 1:colcon.colcon_core.package_identification:_identify(.) by extension 'python_setup_py'
[0.313s] Level 1:colcon.colcon_core.package_identification:_identify(build) by extensions ['ignore', 'ignore_ament_install']
[0.313s] Level 1:colcon.colcon_core.package_identification:_identify(build) by extension 'ignore'
[0.313s] Level 1:colcon.colcon_core.package_identification:_identify(build) ignored
[0.314s] Level 1:colcon.colcon_core.package_identification:_identify(firmware) by extensions ['ignore', 'ignore_ament_install']
[0.314s] Level 1:colcon.colcon_core.package_identification:_identify(firmware) by extension 'ignore'
[0.314s] Level 1:colcon.colcon_core.package_identification:_identify(firmware) ignored
[0.314s] Level 1:colcon.colcon_core.package_identification:_identify(install) by extensions ['ignore', 'ignore_ament_install']
[0.314s] Level 1:colcon.colcon_core.package_identification:_identify(install) by extension 'ignore'
[0.314s] Level 1:colcon.colcon_core.package_identification:_identify(install) ignored
[0.314s] Level 1:colcon.colcon_core.package_identification:_identify(log) by extensions ['ignore', 'ignore_ament_install']
[0.314s] Level 1:colcon.colcon_core.package_identification:_identify(log) by extension 'ignore'
[0.314s] Level 1:colcon.colcon_core.package_identification:_identify(log) ignored
[0.314s] Level 1:colcon.colcon_core.package_identification:_identify(src) by extensions ['ignore', 'ignore_ament_install']
[0.314s] Level 1:colcon.colcon_core.package_identification:_identify(src) by extension 'ignore'
[0.314s] Level 1:colcon.colcon_core.package_identification:_identify(src) by extension 'ignore_ament_install'
[0.314s] Level 1:colcon.colcon_core.package_identification:_identify(src) by extensions ['colcon_pkg']
[0.314s] Level 1:colcon.colcon_core.package_identification:_identify(src) by extension 'colcon_pkg'
[0.314s] Level 1:colcon.colcon_core.package_identification:_identify(src) by extensions ['colcon_meta']
[0.314s] Level 1:colcon.colcon_core.package_identification:_identify(src) by extension 'colcon_meta'
[0.314s] Level 1:colcon.colcon_core.package_identification:_identify(src) by extensions ['ros']
[0.314s] Level 1:colcon.colcon_core.package_identification:_identify(src) by extension 'ros'
[0.314s] Level 1:colcon.colcon_core.package_identification:_identify(src) by extensions ['cmake', 'python']
[0.314s] Level 1:colcon.colcon_core.package_identification:_identify(src) by extension 'cmake'
[0.315s] Level 1:colcon.colcon_core.package_identification:_identify(src) by extension 'python'
[0.315s] Level 1:colcon.colcon_core.package_identification:_identify(src) by extensions ['python_setup_py']
[0.315s] Level 1:colcon.colcon_core.package_identification:_identify(src) by extension 'python_setup_py'
[0.315s] Level 1:colcon.colcon_core.package_identification:_identify(src/micro_ros_setup) by extensions ['ignore', 'ignore_ament_install']
[0.315s] Level 1:colcon.colcon_core.package_identification:_identify(src/micro_ros_setup) by extension 'ignore'
[0.315s] Level 1:colcon.colcon_core.package_identification:_identify(src/micro_ros_setup) by extension 'ignore_ament_install'
[0.315s] Level 1:colcon.colcon_core.package_identification:_identify(src/micro_ros_setup) by extensions ['colcon_pkg']
[0.315s] Level 1:colcon.colcon_core.package_identification:_identify(src/micro_ros_setup) by extension 'colcon_pkg'
[0.315s] Level 1:colcon.colcon_core.package_identification:_identify(src/micro_ros_setup) by extensions ['colcon_meta']
[0.315s] Level 1:colcon.colcon_core.package_identification:_identify(src/micro_ros_setup) by extension 'colcon_meta'
[0.315s] Level 1:colcon.colcon_core.package_identification:_identify(src/micro_ros_setup) by extensions ['ros']
[0.315s] Level 1:colcon.colcon_core.package_identification:_identify(src/micro_ros_setup) by extension 'ros'
[0.317s] DEBUG:colcon.colcon_core.package_identification:Package 'src/micro_ros_setup' with type 'ros.ament_cmake' and name 'micro_ros_setup'
[0.317s] Level 1:colcon.colcon_core.package_identification:_identify(src/uros) by extensions ['ignore', 'ignore_ament_install']
[0.318s] Level 1:colcon.colcon_core.package_identification:_identify(src/uros) by extension 'ignore'
[0.318s] Level 1:colcon.colcon_core.package_identification:_identify(src/uros) by extension 'ignore_ament_install'
[0.318s] Level 1:colcon.colcon_core.package_identification:_identify(src/uros) by extensions ['colcon_pkg']
[0.318s] Level 1:colcon.colcon_core.package_identification:_identify(src/uros) by extension 'colcon_pkg'
[0.318s] Level 1:colcon.colcon_core.package_identification:_identify(src/uros) by extensions ['colcon_meta']
[0.318s] Level 1:colcon.colcon_core.package_identification:_identify(src/uros) by extension 'colcon_meta'
[0.318s] Level 1:colcon.colcon_core.package_identification:_identify(src/uros) by extensions ['ros']
[0.318s] Level 1:colcon.colcon_core.package_identification:_identify(src/uros) by extension 'ros'
[0.318s] Level 1:colcon.colcon_core.package_identification:_identify(src/uros) by extensions ['cmake', 'python']
[0.318s] Level 1:colcon.colcon_core.package_identification:_identify(src/uros) by extension 'cmake'
[0.318s] Level 1:colcon.colcon_core.package_identification:_identify(src/uros) by extension 'python'
[0.318s] Level 1:colcon.colcon_core.package_identification:_identify(src/uros) by extensions ['python_setup_py']
[0.318s] Level 1:colcon.colcon_core.package_identification:_identify(src/uros) by extension 'python_setup_py'
[0.318s] Level 1:colcon.colcon_core.package_identification:_identify(src/uros/drive_base) by extensions ['ignore', 'ignore_ament_install']
[0.318s] Level 1:colcon.colcon_core.package_identification:_identify(src/uros/drive_base) by extension 'ignore'
[0.318s] Level 1:colcon.colcon_core.package_identification:_identify(src/uros/drive_base) by extension 'ignore_ament_install'
[0.318s] Level 1:colcon.colcon_core.package_identification:_identify(src/uros/drive_base) by extensions ['colcon_pkg']
[0.318s] Level 1:colcon.colcon_core.package_identification:_identify(src/uros/drive_base) by extension 'colcon_pkg'
[0.318s] Level 1:colcon.colcon_core.package_identification:_identify(src/uros/drive_base) by extensions ['colcon_meta']
[0.318s] Level 1:colcon.colcon_core.package_identification:_identify(src/uros/drive_base) by extension 'colcon_meta'
[0.318s] Level 1:colcon.colcon_core.package_identification:_identify(src/uros/drive_base) by extensions ['ros']
[0.318s] Level 1:colcon.colcon_core.package_identification:_identify(src/uros/drive_base) by extension 'ros'
[0.318s] Level 1:colcon.colcon_core.package_identification:_identify(src/uros/drive_base) by extensions ['cmake', 'python']
[0.318s] Level 1:colcon.colcon_core.package_identification:_identify(src/uros/drive_base) by extension 'cmake'
[0.318s] Level 1:colcon.colcon_core.package_identification:_identify(src/uros/drive_base) by extension 'python'
[0.319s] Level 1:colcon.colcon_core.package_identification:_identify(src/uros/drive_base) by extensions ['python_setup_py']
[0.319s] Level 1:colcon.colcon_core.package_identification:_identify(src/uros/drive_base) by extension 'python_setup_py'
[0.319s] Level 1:colcon.colcon_core.package_identification:_identify(src/uros/drive_base/drive_base_msgs) by extensions ['ignore', 'ignore_ament_install']
[0.319s] Level 1:colcon.colcon_core.package_identification:_identify(src/uros/drive_base/drive_base_msgs) by extension 'ignore'
[0.319s] Level 1:colcon.colcon_core.package_identification:_identify(src/uros/drive_base/drive_base_msgs) by extension 'ignore_ament_install'
[0.319s] Level 1:colcon.colcon_core.package_identification:_identify(src/uros/drive_base/drive_base_msgs) by extensions ['colcon_pkg']
[0.319s] Level 1:colcon.colcon_core.package_identification:_identify(src/uros/drive_base/drive_base_msgs) by extension 'colcon_pkg'
[0.319s] Level 1:colcon.colcon_core.package_identification:_identify(src/uros/drive_base/drive_base_msgs) by extensions ['colcon_meta']
[0.319s] Level 1:colcon.colcon_core.package_identification:_identify(src/uros/drive_base/drive_base_msgs) by extension 'colcon_meta'
[0.319s] Level 1:colcon.colcon_core.package_identification:_identify(src/uros/drive_base/drive_base_msgs) by extensions ['ros']
[0.319s] Level 1:colcon.colcon_core.package_identification:_identify(src/uros/drive_base/drive_base_msgs) by extension 'ros'
[0.319s] DEBUG:colcon.colcon_core.package_identification:Package 'src/uros/drive_base/drive_base_msgs' with type 'ros.ament_cmake' and name 'drive_base_msgs'
[0.320s] Level 1:colcon.colcon_core.package_identification:_identify(src/uros/micro-ROS-Agent) by extensions ['ignore', 'ignore_ament_install']
[0.320s] Level 1:colcon.colcon_core.package_identification:_identify(src/uros/micro-ROS-Agent) by extension 'ignore'
[0.320s] Level 1:colcon.colcon_core.package_identification:_identify(src/uros/micro-ROS-Agent) by extension 'ignore_ament_install'
[0.320s] Level 1:colcon.colcon_core.package_identification:_identify(src/uros/micro-ROS-Agent) by extensions ['colcon_pkg']
[0.320s] Level 1:colcon.colcon_core.package_identification:_identify(src/uros/micro-ROS-Agent) by extension 'colcon_pkg'
[0.320s] Level 1:colcon.colcon_core.package_identification:_identify(src/uros/micro-ROS-Agent) by extensions ['colcon_meta']
[0.320s] Level 1:colcon.colcon_core.package_identification:_identify(src/uros/micro-ROS-Agent) by extension 'colcon_meta'
[0.320s] Level 1:colcon.colcon_core.package_identification:_identify(src/uros/micro-ROS-Agent) by extensions ['ros']
[0.320s] Level 1:colcon.colcon_core.package_identification:_identify(src/uros/micro-ROS-Agent) by extension 'ros'
[0.320s] Level 1:colcon.colcon_core.package_identification:_identify(src/uros/micro-ROS-Agent) by extensions ['cmake', 'python']
[0.320s] Level 1:colcon.colcon_core.package_identification:_identify(src/uros/micro-ROS-Agent) by extension 'cmake'
[0.320s] Level 1:colcon.colcon_core.package_identification:_identify(src/uros/micro-ROS-Agent) by extension 'python'
[0.320s] Level 1:colcon.colcon_core.package_identification:_identify(src/uros/micro-ROS-Agent) by extensions ['python_setup_py']
[0.320s] Level 1:colcon.colcon_core.package_identification:_identify(src/uros/micro-ROS-Agent) by extension 'python_setup_py'
[0.320s] Level 1:colcon.colcon_core.package_identification:_identify(src/uros/micro-ROS-Agent/micro_ros_agent) by extensions ['ignore', 'ignore_ament_install']
[0.320s] Level 1:colcon.colcon_core.package_identification:_identify(src/uros/micro-ROS-Agent/micro_ros_agent) by extension 'ignore'
[0.320s] Level 1:colcon.colcon_core.package_identification:_identify(src/uros/micro-ROS-Agent/micro_ros_agent) by extension 'ignore_ament_install'
[0.320s] Level 1:colcon.colcon_core.package_identification:_identify(src/uros/micro-ROS-Agent/micro_ros_agent) by extensions ['colcon_pkg']
[0.320s] Level 1:colcon.colcon_core.package_identification:_identify(src/uros/micro-ROS-Agent/micro_ros_agent) by extension 'colcon_pkg'
[0.320s] Level 1:colcon.colcon_core.package_identification:_identify(src/uros/micro-ROS-Agent/micro_ros_agent) by extensions ['colcon_meta']
[0.320s] Level 1:colcon.colcon_core.package_identification:_identify(src/uros/micro-ROS-Agent/micro_ros_agent) by extension 'colcon_meta'
[0.320s] Level 1:colcon.colcon_core.package_identification:_identify(src/uros/micro-ROS-Agent/micro_ros_agent) by extensions ['ros']
[0.320s] Level 1:colcon.colcon_core.package_identification:_identify(src/uros/micro-ROS-Agent/micro_ros_agent) by extension 'ros'
[0.321s] DEBUG:colcon.colcon_core.package_identification:Package 'src/uros/micro-ROS-Agent/micro_ros_agent' with type 'ros.ament_cmake' and name 'micro_ros_agent'
[0.321s] Level 1:colcon.colcon_core.package_identification:_identify(src/uros/micro-ROS-Agent/snap) by extensions ['ignore', 'ignore_ament_install']
[0.321s] Level 1:colcon.colcon_core.package_identification:_identify(src/uros/micro-ROS-Agent/snap) by extension 'ignore'
[0.321s] Level 1:colcon.colcon_core.package_identification:_identify(src/uros/micro-ROS-Agent/snap) by extension 'ignore_ament_install'
[0.321s] Level 1:colcon.colcon_core.package_identification:_identify(src/uros/micro-ROS-Agent/snap) by extensions ['colcon_pkg']
[0.321s] Level 1:colcon.colcon_core.package_identification:_identify(src/uros/micro-ROS-Agent/snap) by extension 'colcon_pkg'
[0.321s] Level 1:colcon.colcon_core.package_identification:_identify(src/uros/micro-ROS-Agent/snap) by extensions ['colcon_meta']
[0.322s] Level 1:colcon.colcon_core.package_identification:_identify(src/uros/micro-ROS-Agent/snap) by extension 'colcon_meta'
[0.322s] Level 1:colcon.colcon_core.package_identification:_identify(src/uros/micro-ROS-Agent/snap) by extensions ['ros']
[0.322s] Level 1:colcon.colcon_core.package_identification:_identify(src/uros/micro-ROS-Agent/snap) by extension 'ros'
[0.322s] Level 1:colcon.colcon_core.package_identification:_identify(src/uros/micro-ROS-Agent/snap) by extensions ['cmake', 'python']
[0.322s] Level 1:colcon.colcon_core.package_identification:_identify(src/uros/micro-ROS-Agent/snap) by extension 'cmake'
[0.322s] Level 1:colcon.colcon_core.package_identification:_identify(src/uros/micro-ROS-Agent/snap) by extension 'python'
[0.322s] Level 1:colcon.colcon_core.package_identification:_identify(src/uros/micro-ROS-Agent/snap) by extensions ['python_setup_py']
[0.322s] Level 1:colcon.colcon_core.package_identification:_identify(src/uros/micro-ROS-Agent/snap) by extension 'python_setup_py'
[0.322s] Level 1:colcon.colcon_core.package_identification:_identify(src/uros/micro-ROS-Agent/snap/hooks) by extensions ['ignore', 'ignore_ament_install']
[0.322s] Level 1:colcon.colcon_core.package_identification:_identify(src/uros/micro-ROS-Agent/snap/hooks) by extension 'ignore'
[0.322s] Level 1:colcon.colcon_core.package_identification:_identify(src/uros/micro-ROS-Agent/snap/hooks) by extension 'ignore_ament_install'
[0.322s] Level 1:colcon.colcon_core.package_identification:_identify(src/uros/micro-ROS-Agent/snap/hooks) by extensions ['colcon_pkg']
[0.322s] Level 1:colcon.colcon_core.package_identification:_identify(src/uros/micro-ROS-Agent/snap/hooks) by extension 'colcon_pkg'
[0.322s] Level 1:colcon.colcon_core.package_identification:_identify(src/uros/micro-ROS-Agent/snap/hooks) by extensions ['colcon_meta']
[0.322s] Level 1:colcon.colcon_core.package_identification:_identify(src/uros/micro-ROS-Agent/snap/hooks) by extension 'colcon_meta'
[0.322s] Level 1:colcon.colcon_core.package_identification:_identify(src/uros/micro-ROS-Agent/snap/hooks) by extensions ['ros']
[0.322s] Level 1:colcon.colcon_core.package_identification:_identify(src/uros/micro-ROS-Agent/snap/hooks) by extension 'ros'
[0.322s] Level 1:colcon.colcon_core.package_identification:_identify(src/uros/micro-ROS-Agent/snap/hooks) by extensions ['cmake', 'python']
[0.322s] Level 1:colcon.colcon_core.package_identification:_identify(src/uros/micro-ROS-Agent/snap/hooks) by extension 'cmake'
[0.322s] Level 1:colcon.colcon_core.package_identification:_identify(src/uros/micro-ROS-Agent/snap/hooks) by extension 'python'
[0.322s] Level 1:colcon.colcon_core.package_identification:_identify(src/uros/micro-ROS-Agent/snap/hooks) by extensions ['python_setup_py']
[0.322s] Level 1:colcon.colcon_core.package_identification:_identify(src/uros/micro-ROS-Agent/snap/hooks) by extension 'python_setup_py'
[0.322s] Level 1:colcon.colcon_core.package_identification:_identify(src/uros/micro-ROS-Agent/snap/local) by extensions ['ignore', 'ignore_ament_install']
[0.322s] Level 1:colcon.colcon_core.package_identification:_identify(src/uros/micro-ROS-Agent/snap/local) by extension 'ignore'
[0.323s] Level 1:colcon.colcon_core.package_identification:_identify(src/uros/micro-ROS-Agent/snap/local) by extension 'ignore_ament_install'
[0.323s] Level 1:colcon.colcon_core.package_identification:_identify(src/uros/micro-ROS-Agent/snap/local) by extensions ['colcon_pkg']
[0.323s] Level 1:colcon.colcon_core.package_identification:_identify(src/uros/micro-ROS-Agent/snap/local) by extension 'colcon_pkg'
[0.323s] Level 1:colcon.colcon_core.package_identification:_identify(src/uros/micro-ROS-Agent/snap/local) by extensions ['colcon_meta']
[0.323s] Level 1:colcon.colcon_core.package_identification:_identify(src/uros/micro-ROS-Agent/snap/local) by extension 'colcon_meta'
[0.323s] Level 1:colcon.colcon_core.package_identification:_identify(src/uros/micro-ROS-Agent/snap/local) by extensions ['ros']
[0.323s] Level 1:colcon.colcon_core.package_identification:_identify(src/uros/micro-ROS-Agent/snap/local) by extension 'ros'
[0.323s] Level 1:colcon.colcon_core.package_identification:_identify(src/uros/micro-ROS-Agent/snap/local) by extensions ['cmake', 'python']
[0.323s] Level 1:colcon.colcon_core.package_identification:_identify(src/uros/micro-ROS-Agent/snap/local) by extension 'cmake'
[0.323s] Level 1:colcon.colcon_core.package_identification:_identify(src/uros/micro-ROS-Agent/snap/local) by extension 'python'
[0.323s] Level 1:colcon.colcon_core.package_identification:_identify(src/uros/micro-ROS-Agent/snap/local) by extensions ['python_setup_py']
[0.323s] Level 1:colcon.colcon_core.package_identification:_identify(src/uros/micro-ROS-Agent/snap/local) by extension 'python_setup_py'
[0.323s] Level 1:colcon.colcon_core.package_identification:_identify(src/uros/micro_ros_msgs) by extensions ['ignore', 'ignore_ament_install']
[0.323s] Level 1:colcon.colcon_core.package_identification:_identify(src/uros/micro_ros_msgs) by extension 'ignore'
[0.323s] Level 1:colcon.colcon_core.package_identification:_identify(src/uros/micro_ros_msgs) by extension 'ignore_ament_install'
[0.323s] Level 1:colcon.colcon_core.package_identification:_identify(src/uros/micro_ros_msgs) by extensions ['colcon_pkg']
[0.323s] Level 1:colcon.colcon_core.package_identification:_identify(src/uros/micro_ros_msgs) by extension 'colcon_pkg'
[0.323s] Level 1:colcon.colcon_core.package_identification:_identify(src/uros/micro_ros_msgs) by extensions ['colcon_meta']
[0.323s] Level 1:colcon.colcon_core.package_identification:_identify(src/uros/micro_ros_msgs) by extension 'colcon_meta'
[0.323s] Level 1:colcon.colcon_core.package_identification:_identify(src/uros/micro_ros_msgs) by extensions ['ros']
[0.323s] Level 1:colcon.colcon_core.package_identification:_identify(src/uros/micro_ros_msgs) by extension 'ros'
[0.324s] DEBUG:colcon.colcon_core.package_identification:Package 'src/uros/micro_ros_msgs' with type 'ros.ament_cmake' and name 'micro_ros_msgs'
[0.324s] Level 1:colcon.colcon_core.package_discovery:discover_packages(recursive) using defaults
[0.324s] Level 1:colcon.colcon_core.package_discovery:discover_packages(ignore) discover
[0.324s] Level 1:colcon.colcon_core.package_discovery:discover_packages(ignore) using defaults
[0.324s] Level 1:colcon.colcon_core.package_discovery:discover_packages(path) discover
[0.324s] Level 1:colcon.colcon_core.package_discovery:discover_packages(path) using defaults
[0.340s] Level 1:colcon.colcon_core.package_discovery:discover_packages(prefix_path) check parameters
[0.340s] Level 1:colcon.colcon_core.package_discovery:discover_packages(prefix_path) discover
[0.352s] DEBUG:colcon.colcon_installed_package_information.package_discovery:Found 4 installed packages in /home/max/microros_ws2/install
[0.353s] DEBUG:colcon.colcon_installed_package_information.package_discovery:Found 2 installed packages in /home/max/PycharmProjects/my_ros2_ws/install
[0.356s] DEBUG:colcon.colcon_installed_package_information.package_discovery:Found 258 installed packages in /opt/ros/foxy
[0.359s] Level 1:colcon.colcon_core.package_discovery:discover_packages(prefix_path) using defaults
[0.413s] Level 5:colcon.colcon_core.verb:set package 'drive_base_msgs' build argument 'cmake_args' from command line to 'None'
[0.413s] Level 5:colcon.colcon_core.verb:set package 'drive_base_msgs' build argument 'cmake_target' from command line to 'None'
[0.413s] Level 5:colcon.colcon_core.verb:set package 'drive_base_msgs' build argument 'cmake_target_skip_unavailable' from command line to 'False'
[0.413s] Level 5:colcon.colcon_core.verb:set package 'drive_base_msgs' build argument 'cmake_clean_cache' from command line to 'False'
[0.413s] Level 5:colcon.colcon_core.verb:set package 'drive_base_msgs' build argument 'cmake_clean_first' from command line to 'False'
[0.413s] Level 5:colcon.colcon_core.verb:set package 'drive_base_msgs' build argument 'cmake_force_configure' from command line to 'False'
[0.413s] Level 5:colcon.colcon_core.verb:set package 'drive_base_msgs' build argument 'ament_cmake_args' from command line to 'None'
[0.413s] Level 5:colcon.colcon_core.verb:set package 'drive_base_msgs' build argument 'catkin_cmake_args' from command line to 'None'
[0.413s] Level 5:colcon.colcon_core.verb:set package 'drive_base_msgs' build argument 'catkin_skip_building_tests' from command line to 'False'
[0.413s] DEBUG:colcon.colcon_core.verb:Building package 'drive_base_msgs' with the following arguments: {'ament_cmake_args': None, 'build_base': '/home/max/microros_ws4/build/drive_base_msgs', 'catkin_cmake_args': None, 'catkin_skip_building_tests': False, 'cmake_args': None, 'cmake_clean_cache': False, 'cmake_clean_first': False, 'cmake_force_configure': False, 'cmake_target': None, 'cmake_target_skip_unavailable': False, 'install_base': '/home/max/microros_ws4/install/drive_base_msgs', 'merge_install': False, 'path': '/home/max/microros_ws4/src/uros/drive_base/drive_base_msgs', 'symlink_install': False, 'test_result_base': None}
[0.414s] Level 5:colcon.colcon_core.verb:set package 'micro_ros_msgs' build argument 'cmake_args' from command line to 'None'
[0.414s] Level 5:colcon.colcon_core.verb:set package 'micro_ros_msgs' build argument 'cmake_target' from command line to 'None'
[0.414s] Level 5:colcon.colcon_core.verb:set package 'micro_ros_msgs' build argument 'cmake_target_skip_unavailable' from command line to 'False'
[0.414s] Level 5:colcon.colcon_core.verb:set package 'micro_ros_msgs' build argument 'cmake_clean_cache' from command line to 'False'
[0.414s] Level 5:colcon.colcon_core.verb:set package 'micro_ros_msgs' build argument 'cmake_clean_first' from command line to 'False'
[0.414s] Level 5:colcon.colcon_core.verb:set package 'micro_ros_msgs' build argument 'cmake_force_configure' from command line to 'False'
[0.414s] Level 5:colcon.colcon_core.verb:set package 'micro_ros_msgs' build argument 'ament_cmake_args' from command line to 'None'
[0.414s] Level 5:colcon.colcon_core.verb:set package 'micro_ros_msgs' build argument 'catkin_cmake_args' from command line to 'None'
[0.414s] Level 5:colcon.colcon_core.verb:set package 'micro_ros_msgs' build argument 'catkin_skip_building_tests' from command line to 'False'
[0.414s] DEBUG:colcon.colcon_core.verb:Building package 'micro_ros_msgs' with the following arguments: {'ament_cmake_args': None, 'build_base': '/home/max/microros_ws4/build/micro_ros_msgs', 'catkin_cmake_args': None, 'catkin_skip_building_tests': False, 'cmake_args': None, 'cmake_clean_cache': False, 'cmake_clean_first': False, 'cmake_force_configure': False, 'cmake_target': None, 'cmake_target_skip_unavailable': False, 'install_base': '/home/max/microros_ws4/install/micro_ros_msgs', 'merge_install': False, 'path': '/home/max/microros_ws4/src/uros/micro_ros_msgs', 'symlink_install': False, 'test_result_base': None}
[0.415s] Level 5:colcon.colcon_core.verb:set package 'micro_ros_setup' build argument 'cmake_args' from command line to 'None'
[0.415s] Level 5:colcon.colcon_core.verb:set package 'micro_ros_setup' build argument 'cmake_target' from command line to 'None'
[0.415s] Level 5:colcon.colcon_core.verb:set package 'micro_ros_setup' build argument 'cmake_target_skip_unavailable' from command line to 'False'
[0.415s] Level 5:colcon.colcon_core.verb:set package 'micro_ros_setup' build argument 'cmake_clean_cache' from command line to 'False'
[0.415s] Level 5:colcon.colcon_core.verb:set package 'micro_ros_setup' build argument 'cmake_clean_first' from command line to 'False'
[0.415s] Level 5:colcon.colcon_core.verb:set package 'micro_ros_setup' build argument 'cmake_force_configure' from command line to 'False'
[0.415s] Level 5:colcon.colcon_core.verb:set package 'micro_ros_setup' build argument 'ament_cmake_args' from command line to 'None'
[0.416s] Level 5:colcon.colcon_core.verb:set package 'micro_ros_setup' build argument 'catkin_cmake_args' from command line to 'None'
[0.416s] Level 5:colcon.colcon_core.verb:set package 'micro_ros_setup' build argument 'catkin_skip_building_tests' from command line to 'False'
[0.416s] DEBUG:colcon.colcon_core.verb:Building package 'micro_ros_setup' with the following arguments: {'ament_cmake_args': None, 'build_base': '/home/max/microros_ws4/build/micro_ros_setup', 'catkin_cmake_args': None, 'catkin_skip_building_tests': False, 'cmake_args': None, 'cmake_clean_cache': False, 'cmake_clean_first': False, 'cmake_force_configure': False, 'cmake_target': None, 'cmake_target_skip_unavailable': False, 'install_base': '/home/max/microros_ws4/install/micro_ros_setup', 'merge_install': False, 'path': '/home/max/microros_ws4/src/micro_ros_setup', 'symlink_install': False, 'test_result_base': None}
[0.416s] Level 5:colcon.colcon_core.verb:set package 'micro_ros_agent' build argument 'cmake_args' from command line to 'None'
[0.416s] Level 5:colcon.colcon_core.verb:set package 'micro_ros_agent' build argument 'cmake_target' from command line to 'None'
[0.416s] Level 5:colcon.colcon_core.verb:set package 'micro_ros_agent' build argument 'cmake_target_skip_unavailable' from command line to 'False'
[0.416s] Level 5:colcon.colcon_core.verb:set package 'micro_ros_agent' build argument 'cmake_clean_cache' from command line to 'False'
[0.416s] Level 5:colcon.colcon_core.verb:set package 'micro_ros_agent' build argument 'cmake_clean_first' from command line to 'False'
[0.416s] Level 5:colcon.colcon_core.verb:set package 'micro_ros_agent' build argument 'cmake_force_configure' from command line to 'False'
[0.417s] Level 5:colcon.colcon_core.verb:set package 'micro_ros_agent' build argument 'ament_cmake_args' from command line to 'None'
[0.417s] Level 5:colcon.colcon_core.verb:set package 'micro_ros_agent' build argument 'catkin_cmake_args' from command line to 'None'
[0.417s] Level 5:colcon.colcon_core.verb:set package 'micro_ros_agent' build argument 'catkin_skip_building_tests' from command line to 'False'
[0.417s] DEBUG:colcon.colcon_core.verb:Building package 'micro_ros_agent' with the following arguments: {'ament_cmake_args': None, 'build_base': '/home/max/microros_ws4/build/micro_ros_agent', 'catkin_cmake_args': None, 'catkin_skip_building_tests': False, 'cmake_args': None, 'cmake_clean_cache': False, 'cmake_clean_first': False, 'cmake_force_configure': False, 'cmake_target': None, 'cmake_target_skip_unavailable': False, 'install_base': '/home/max/microros_ws4/install/micro_ros_agent', 'merge_install': False, 'path': '/home/max/microros_ws4/src/uros/micro-ROS-Agent/micro_ros_agent', 'symlink_install': False, 'test_result_base': None}
[0.417s] INFO:colcon.colcon_core.executor:Executing jobs using 'parallel' executor
[0.420s] DEBUG:colcon.colcon_parallel_executor.executor.parallel:run_until_complete
[0.420s] INFO:colcon.colcon_ros.task.ament_cmake.build:Building ROS package in '/home/max/microros_ws4/src/uros/micro_ros_msgs' with build type 'ament_cmake'
[0.420s] INFO:colcon.colcon_cmake.task.cmake.build:Building CMake package in '/home/max/microros_ws4/src/uros/micro_ros_msgs'
[0.424s] INFO:colcon.colcon_core.plugin_system:Skipping extension 'colcon_core.shell.bat': Not used on non-Windows systems
[0.425s] INFO:colcon.colcon_core.shell:Skip shell extension 'powershell' for command environment: Not usable outside of PowerShell
[0.425s] DEBUG:colcon.colcon_core.shell:Skip shell extension 'dsv' for command environment
[0.431s] INFO:colcon.colcon_ros.task.ament_cmake.build:Building ROS package in '/home/max/microros_ws4/src/uros/drive_base/drive_base_msgs' with build type 'ament_cmake'
[0.431s] INFO:colcon.colcon_cmake.task.cmake.build:Building CMake package in '/home/max/microros_ws4/src/uros/drive_base/drive_base_msgs'
[0.432s] INFO:colcon.colcon_core.shell:Skip shell extension 'powershell' for command environment: Not usable outside of PowerShell
[0.433s] DEBUG:colcon.colcon_core.shell:Skip shell extension 'dsv' for command environment
[0.441s] INFO:colcon.colcon_ros.task.ament_cmake.build:Building ROS package in '/home/max/microros_ws4/src/micro_ros_setup' with build type 'ament_cmake'
[0.441s] INFO:colcon.colcon_cmake.task.cmake.build:Building CMake package in '/home/max/microros_ws4/src/micro_ros_setup'
[0.442s] INFO:colcon.colcon_core.shell:Skip shell extension 'powershell' for command environment: Not usable outside of PowerShell
[0.442s] DEBUG:colcon.colcon_core.shell:Skip shell extension 'dsv' for command environment
[0.457s] DEBUG:colcon.colcon_core.event_handler.log_command:Invoking command in '/home/max/microros_ws4/build/micro_ros_msgs': CMAKE_PREFIX_PATH=${CMAKE_PREFIX_PATH}:/home/max/PycharmProjects/my_ros2_ws/install/py_pubsub:/opt/ros/foxy /usr/bin/cmake --build /home/max/microros_ws4/build/micro_ros_msgs -- -j4 -l4
[0.467s] DEBUG:colcon.colcon_core.event_handler.log_command:Invoking command in '/home/max/microros_ws4/build/drive_base_msgs': CMAKE_PREFIX_PATH=${CMAKE_PREFIX_PATH}:/home/max/PycharmProjects/my_ros2_ws/install/py_pubsub:/opt/ros/foxy /usr/bin/cmake --build /home/max/microros_ws4/build/drive_base_msgs -- -j4 -l4
[0.478s] DEBUG:colcon.colcon_core.event_handler.log_command:Invoking command in '/home/max/microros_ws4/build/micro_ros_setup': CMAKE_PREFIX_PATH=${CMAKE_PREFIX_PATH}:/home/max/PycharmProjects/my_ros2_ws/install/py_pubsub:/opt/ros/foxy /usr/bin/cmake --build /home/max/microros_ws4/build/micro_ros_setup -- -j4 -l4
[0.524s] DEBUG:colcon.colcon_core.event_handler.log_command:Invoked command in '/home/max/microros_ws4/build/micro_ros_setup' returned '0': CMAKE_PREFIX_PATH=${CMAKE_PREFIX_PATH}:/home/max/PycharmProjects/my_ros2_ws/install/py_pubsub:/opt/ros/foxy /usr/bin/cmake --build /home/max/microros_ws4/build/micro_ros_setup -- -j4 -l4
[0.610s] DEBUG:colcon.colcon_core.event_handler.log_command:Invoking command in '/home/max/microros_ws4/build/micro_ros_setup': CMAKE_PREFIX_PATH=${CMAKE_PREFIX_PATH}:/home/max/PycharmProjects/my_ros2_ws/install/py_pubsub:/opt/ros/foxy /usr/bin/cmake --install /home/max/microros_ws4/build/micro_ros_setup
[0.629s] Level 1:colcon.colcon_core.environment:create_environment_scripts_only(micro_ros_setup)
[0.638s] DEBUG:colcon.colcon_core.event_handler.log_command:Invoked command in '/home/max/microros_ws4/build/micro_ros_setup' returned '0': CMAKE_PREFIX_PATH=${CMAKE_PREFIX_PATH}:/home/max/PycharmProjects/my_ros2_ws/install/py_pubsub:/opt/ros/foxy /usr/bin/cmake --install /home/max/microros_ws4/build/micro_ros_setup
[0.641s] Level 1:colcon.colcon_core.environment:checking '/home/max/microros_ws4/install/micro_ros_setup' for CMake module files
[0.642s] Level 1:colcon.colcon_core.environment:checking '/home/max/microros_ws4/install/micro_ros_setup' for CMake config files
[0.642s] Level 1:colcon.colcon_core.shell:create_environment_hook('micro_ros_setup', 'cmake_prefix_path')
[0.643s] INFO:colcon.colcon_core.shell:Creating environment hook '/home/max/microros_ws4/install/micro_ros_setup/share/micro_ros_setup/hook/cmake_prefix_path.ps1'
[0.644s] INFO:colcon.colcon_core.shell:Creating environment descriptor '/home/max/microros_ws4/install/micro_ros_setup/share/micro_ros_setup/hook/cmake_prefix_path.dsv'
[0.644s] INFO:colcon.colcon_core.shell:Creating environment hook '/home/max/microros_ws4/install/micro_ros_setup/share/micro_ros_setup/hook/cmake_prefix_path.sh'
[0.645s] Level 1:colcon.colcon_core.environment:checking '/home/max/microros_ws4/install/micro_ros_setup/lib'
[0.645s] Level 1:colcon.colcon_core.environment:checking '/home/max/microros_ws4/install/micro_ros_setup/bin'
[0.645s] Level 1:colcon.colcon_core.environment:checking '/home/max/microros_ws4/install/micro_ros_setup/lib/pkgconfig/micro_ros_setup.pc'
[0.646s] Level 1:colcon.colcon_core.environment:checking '/home/max/microros_ws4/install/micro_ros_setup/lib/python3.8/site-packages'
[0.646s] Level 1:colcon.colcon_core.environment:checking '/home/max/microros_ws4/install/micro_ros_setup/bin'
[0.647s] INFO:colcon.colcon_core.shell:Creating package script '/home/max/microros_ws4/install/micro_ros_setup/share/micro_ros_setup/package.ps1'
[0.648s] INFO:colcon.colcon_core.shell:Creating package descriptor '/home/max/microros_ws4/install/micro_ros_setup/share/micro_ros_setup/package.dsv'
[0.648s] INFO:colcon.colcon_core.shell:Creating package script '/home/max/microros_ws4/install/micro_ros_setup/share/micro_ros_setup/package.sh'
[0.650s] INFO:colcon.colcon_core.shell:Creating package script '/home/max/microros_ws4/install/micro_ros_setup/share/micro_ros_setup/package.bash'
[0.651s] INFO:colcon.colcon_core.shell:Creating package script '/home/max/microros_ws4/install/micro_ros_setup/share/micro_ros_setup/package.zsh'
[0.651s] Level 1:colcon.colcon_core.environment:create_file_with_runtime_dependencies(/home/max/microros_ws4/install/micro_ros_setup/share/colcon-core/packages/micro_ros_setup)
[0.676s] Level 1:colcon.colcon_core.environment:create_environment_scripts_only(micro_ros_setup)
[0.678s] Level 1:colcon.colcon_core.environment:checking '/home/max/microros_ws4/install/micro_ros_setup' for CMake module files
[0.678s] Level 1:colcon.colcon_core.environment:checking '/home/max/microros_ws4/install/micro_ros_setup' for CMake config files
[0.678s] Level 1:colcon.colcon_core.shell:create_environment_hook('micro_ros_setup', 'cmake_prefix_path')
[0.680s] INFO:colcon.colcon_core.shell:Creating environment hook '/home/max/microros_ws4/install/micro_ros_setup/share/micro_ros_setup/hook/cmake_prefix_path.ps1'
[0.680s] INFO:colcon.colcon_core.shell:Creating environment descriptor '/home/max/microros_ws4/install/micro_ros_setup/share/micro_ros_setup/hook/cmake_prefix_path.dsv'
[0.681s] INFO:colcon.colcon_core.shell:Creating environment hook '/home/max/microros_ws4/install/micro_ros_setup/share/micro_ros_setup/hook/cmake_prefix_path.sh'
[0.681s] Level 1:colcon.colcon_core.environment:checking '/home/max/microros_ws4/install/micro_ros_setup/lib'
[0.681s] Level 1:colcon.colcon_core.environment:checking '/home/max/microros_ws4/install/micro_ros_setup/bin'
[0.681s] Level 1:colcon.colcon_core.environment:checking '/home/max/microros_ws4/install/micro_ros_setup/lib/pkgconfig/micro_ros_setup.pc'
[0.681s] Level 1:colcon.colcon_core.environment:checking '/home/max/microros_ws4/install/micro_ros_setup/lib/python3.8/site-packages'
[0.682s] Level 1:colcon.colcon_core.environment:checking '/home/max/microros_ws4/install/micro_ros_setup/bin'
[0.683s] INFO:colcon.colcon_core.shell:Creating package script '/home/max/microros_ws4/install/micro_ros_setup/share/micro_ros_setup/package.ps1'
[0.684s] INFO:colcon.colcon_core.shell:Creating package descriptor '/home/max/microros_ws4/install/micro_ros_setup/share/micro_ros_setup/package.dsv'
[0.685s] INFO:colcon.colcon_core.shell:Creating package script '/home/max/microros_ws4/install/micro_ros_setup/share/micro_ros_setup/package.sh'
[0.685s] INFO:colcon.colcon_core.shell:Creating package script '/home/max/microros_ws4/install/micro_ros_setup/share/micro_ros_setup/package.bash'
[0.686s] INFO:colcon.colcon_core.shell:Creating package script '/home/max/microros_ws4/install/micro_ros_setup/share/micro_ros_setup/package.zsh'
[0.686s] Level 1:colcon.colcon_core.environment:create_file_with_runtime_dependencies(/home/max/microros_ws4/install/micro_ros_setup/share/colcon-core/packages/micro_ros_setup)
[0.768s] DEBUG:colcon.colcon_core.event_handler.log_command:Invoked command in '/home/max/microros_ws4/build/micro_ros_msgs' returned '0': CMAKE_PREFIX_PATH=${CMAKE_PREFIX_PATH}:/home/max/PycharmProjects/my_ros2_ws/install/py_pubsub:/opt/ros/foxy /usr/bin/cmake --build /home/max/microros_ws4/build/micro_ros_msgs -- -j4 -l4
[0.804s] DEBUG:colcon.colcon_core.event_handler.log_command:Invoked command in '/home/max/microros_ws4/build/drive_base_msgs' returned '0': CMAKE_PREFIX_PATH=${CMAKE_PREFIX_PATH}:/home/max/PycharmProjects/my_ros2_ws/install/py_pubsub:/opt/ros/foxy /usr/bin/cmake --build /home/max/microros_ws4/build/drive_base_msgs -- -j4 -l4
[0.847s] DEBUG:colcon.colcon_core.event_handler.log_command:Invoking command in '/home/max/microros_ws4/build/micro_ros_msgs': CMAKE_PREFIX_PATH=${CMAKE_PREFIX_PATH}:/home/max/PycharmProjects/my_ros2_ws/install/py_pubsub:/opt/ros/foxy /usr/bin/cmake --install /home/max/microros_ws4/build/micro_ros_msgs
[0.896s] DEBUG:colcon.colcon_core.event_handler.log_command:Invoking command in '/home/max/microros_ws4/build/drive_base_msgs': CMAKE_PREFIX_PATH=${CMAKE_PREFIX_PATH}:/home/max/PycharmProjects/my_ros2_ws/install/py_pubsub:/opt/ros/foxy /usr/bin/cmake --install /home/max/microros_ws4/build/drive_base_msgs
[0.903s] Level 1:colcon.colcon_core.environment:create_environment_scripts_only(micro_ros_msgs)
[0.905s] Level 1:colcon.colcon_core.environment:checking '/home/max/microros_ws4/install/micro_ros_msgs' for CMake module files
[0.907s] Level 1:colcon.colcon_core.environment:checking '/home/max/microros_ws4/install/micro_ros_msgs' for CMake config files
[0.908s] DEBUG:colcon.colcon_core.event_handler.log_command:Invoked command in '/home/max/microros_ws4/build/micro_ros_msgs' returned '0': CMAKE_PREFIX_PATH=${CMAKE_PREFIX_PATH}:/home/max/PycharmProjects/my_ros2_ws/install/py_pubsub:/opt/ros/foxy /usr/bin/cmake --install /home/max/microros_ws4/build/micro_ros_msgs
[0.909s] Level 1:colcon.colcon_core.shell:create_environment_hook('micro_ros_msgs', 'cmake_prefix_path')
[0.910s] INFO:colcon.colcon_core.shell:Creating environment hook '/home/max/microros_ws4/install/micro_ros_msgs/share/micro_ros_msgs/hook/cmake_prefix_path.ps1'
[0.911s] INFO:colcon.colcon_core.shell:Creating environment descriptor '/home/max/microros_ws4/install/micro_ros_msgs/share/micro_ros_msgs/hook/cmake_prefix_path.dsv'
[0.912s] INFO:colcon.colcon_core.shell:Creating environment hook '/home/max/microros_ws4/install/micro_ros_msgs/share/micro_ros_msgs/hook/cmake_prefix_path.sh'
[0.913s] Level 1:colcon.colcon_core.environment:checking '/home/max/microros_ws4/install/micro_ros_msgs/lib'
[0.913s] Level 1:colcon.colcon_core.shell:create_environment_hook('micro_ros_msgs', 'ld_library_path_lib')
[0.914s] INFO:colcon.colcon_core.shell:Creating environment hook '/home/max/microros_ws4/install/micro_ros_msgs/share/micro_ros_msgs/hook/ld_library_path_lib.ps1'
[0.916s] INFO:colcon.colcon_core.shell:Creating environment descriptor '/home/max/microros_ws4/install/micro_ros_msgs/share/micro_ros_msgs/hook/ld_library_path_lib.dsv'
[0.917s] INFO:colcon.colcon_core.shell:Creating environment hook '/home/max/microros_ws4/install/micro_ros_msgs/share/micro_ros_msgs/hook/ld_library_path_lib.sh'
[0.922s] Level 1:colcon.colcon_core.environment:checking '/home/max/microros_ws4/install/micro_ros_msgs/bin'
[0.922s] Level 1:colcon.colcon_core.environment:checking '/home/max/microros_ws4/install/micro_ros_msgs/lib/pkgconfig/micro_ros_msgs.pc'
[0.922s] Level 1:colcon.colcon_core.environment:checking '/home/max/microros_ws4/install/micro_ros_msgs/lib/python3.8/site-packages'
[0.922s] Level 1:colcon.colcon_core.shell:create_environment_hook('micro_ros_msgs', 'pythonpath')
[0.924s] INFO:colcon.colcon_core.shell:Creating environment hook '/home/max/microros_ws4/install/micro_ros_msgs/share/micro_ros_msgs/hook/pythonpath.ps1'
[0.924s] INFO:colcon.colcon_core.shell:Creating environment descriptor '/home/max/microros_ws4/install/micro_ros_msgs/share/micro_ros_msgs/hook/pythonpath.dsv'
[0.924s] INFO:colcon.colcon_core.shell:Creating environment hook '/home/max/microros_ws4/install/micro_ros_msgs/share/micro_ros_msgs/hook/pythonpath.sh'
[0.925s] Level 1:colcon.colcon_core.environment:checking '/home/max/microros_ws4/install/micro_ros_msgs/bin'
[0.926s] INFO:colcon.colcon_core.shell:Creating package script '/home/max/microros_ws4/install/micro_ros_msgs/share/micro_ros_msgs/package.ps1'
[0.927s] INFO:colcon.colcon_core.shell:Creating package descriptor '/home/max/microros_ws4/install/micro_ros_msgs/share/micro_ros_msgs/package.dsv'
[0.927s] INFO:colcon.colcon_core.shell:Creating package script '/home/max/microros_ws4/install/micro_ros_msgs/share/micro_ros_msgs/package.sh'
[0.928s] INFO:colcon.colcon_core.shell:Creating package script '/home/max/microros_ws4/install/micro_ros_msgs/share/micro_ros_msgs/package.bash'
[0.928s] INFO:colcon.colcon_core.shell:Creating package script '/home/max/microros_ws4/install/micro_ros_msgs/share/micro_ros_msgs/package.zsh'
[0.928s] Level 1:colcon.colcon_core.environment:create_file_with_runtime_dependencies(/home/max/microros_ws4/install/micro_ros_msgs/share/colcon-core/packages/micro_ros_msgs)
[0.953s] Level 1:colcon.colcon_core.environment:create_environment_scripts_only(drive_base_msgs)
[0.955s] Level 1:colcon.colcon_core.environment:checking '/home/max/microros_ws4/install/drive_base_msgs' for CMake module files
[0.955s] DEBUG:colcon.colcon_core.event_handler.log_command:Invoked command in '/home/max/microros_ws4/build/drive_base_msgs' returned '0': CMAKE_PREFIX_PATH=${CMAKE_PREFIX_PATH}:/home/max/PycharmProjects/my_ros2_ws/install/py_pubsub:/opt/ros/foxy /usr/bin/cmake --install /home/max/microros_ws4/build/drive_base_msgs
[0.956s] Level 1:colcon.colcon_core.environment:checking '/home/max/microros_ws4/install/drive_base_msgs' for CMake config files
[0.957s] Level 1:colcon.colcon_core.shell:create_environment_hook('drive_base_msgs', 'cmake_prefix_path')
[0.959s] INFO:colcon.colcon_core.shell:Creating environment hook '/home/max/microros_ws4/install/drive_base_msgs/share/drive_base_msgs/hook/cmake_prefix_path.ps1'
[0.960s] INFO:colcon.colcon_core.shell:Creating environment descriptor '/home/max/microros_ws4/install/drive_base_msgs/share/drive_base_msgs/hook/cmake_prefix_path.dsv'
[0.961s] INFO:colcon.colcon_core.shell:Creating environment hook '/home/max/microros_ws4/install/drive_base_msgs/share/drive_base_msgs/hook/cmake_prefix_path.sh'
[0.962s] Level 1:colcon.colcon_core.environment:checking '/home/max/microros_ws4/install/drive_base_msgs/lib'
[0.962s] Level 1:colcon.colcon_core.shell:create_environment_hook('drive_base_msgs', 'ld_library_path_lib')
[0.964s] INFO:colcon.colcon_core.shell:Creating environment hook '/home/max/microros_ws4/install/drive_base_msgs/share/drive_base_msgs/hook/ld_library_path_lib.ps1'
[0.964s] INFO:colcon.colcon_core.shell:Creating environment descriptor '/home/max/microros_ws4/install/drive_base_msgs/share/drive_base_msgs/hook/ld_library_path_lib.dsv'
[0.964s] INFO:colcon.colcon_core.shell:Creating environment hook '/home/max/microros_ws4/install/drive_base_msgs/share/drive_base_msgs/hook/ld_library_path_lib.sh'
[0.965s] Level 1:colcon.colcon_core.environment:checking '/home/max/microros_ws4/install/drive_base_msgs/bin'
[0.965s] Level 1:colcon.colcon_core.environment:checking '/home/max/microros_ws4/install/drive_base_msgs/lib/pkgconfig/drive_base_msgs.pc'
[0.965s] Level 1:colcon.colcon_core.environment:checking '/home/max/microros_ws4/install/drive_base_msgs/lib/python3.8/site-packages'
[0.965s] Level 1:colcon.colcon_core.shell:create_environment_hook('drive_base_msgs', 'pythonpath')
[0.966s] INFO:colcon.colcon_core.shell:Creating environment hook '/home/max/microros_ws4/install/drive_base_msgs/share/drive_base_msgs/hook/pythonpath.ps1'
[0.967s] INFO:colcon.colcon_core.shell:Creating environment descriptor '/home/max/microros_ws4/install/drive_base_msgs/share/drive_base_msgs/hook/pythonpath.dsv'
[0.967s] INFO:colcon.colcon_core.shell:Creating environment hook '/home/max/microros_ws4/install/drive_base_msgs/share/drive_base_msgs/hook/pythonpath.sh'
[0.968s] Level 1:colcon.colcon_core.environment:checking '/home/max/microros_ws4/install/drive_base_msgs/bin'
[0.969s] INFO:colcon.colcon_core.shell:Creating package script '/home/max/microros_ws4/install/drive_base_msgs/share/drive_base_msgs/package.ps1'
[0.970s] INFO:colcon.colcon_core.shell:Creating package descriptor '/home/max/microros_ws4/install/drive_base_msgs/share/drive_base_msgs/package.dsv'
[0.970s] INFO:colcon.colcon_core.shell:Creating package script '/home/max/microros_ws4/install/drive_base_msgs/share/drive_base_msgs/package.sh'
[0.971s] INFO:colcon.colcon_core.shell:Creating package script '/home/max/microros_ws4/install/drive_base_msgs/share/drive_base_msgs/package.bash'
[0.971s] INFO:colcon.colcon_core.shell:Creating package script '/home/max/microros_ws4/install/drive_base_msgs/share/drive_base_msgs/package.zsh'
[0.971s] Level 1:colcon.colcon_core.environment:create_file_with_runtime_dependencies(/home/max/microros_ws4/install/drive_base_msgs/share/colcon-core/packages/drive_base_msgs)
[1.015s] Level 1:colcon.colcon_core.environment:create_environment_scripts_only(micro_ros_msgs)
[1.019s] Level 1:colcon.colcon_core.environment:checking '/home/max/microros_ws4/install/micro_ros_msgs' for CMake module files
[1.020s] Level 1:colcon.colcon_core.environment:checking '/home/max/microros_ws4/install/micro_ros_msgs' for CMake config files
[1.020s] Level 1:colcon.colcon_core.shell:create_environment_hook('micro_ros_msgs', 'cmake_prefix_path')
[1.021s] INFO:colcon.colcon_core.shell:Creating environment hook '/home/max/microros_ws4/install/micro_ros_msgs/share/micro_ros_msgs/hook/cmake_prefix_path.ps1'
[1.022s] INFO:colcon.colcon_core.shell:Creating environment descriptor '/home/max/microros_ws4/install/micro_ros_msgs/share/micro_ros_msgs/hook/cmake_prefix_path.dsv'
[1.022s] INFO:colcon.colcon_core.shell:Creating environment hook '/home/max/microros_ws4/install/micro_ros_msgs/share/micro_ros_msgs/hook/cmake_prefix_path.sh'
[1.023s] Level 1:colcon.colcon_core.environment:checking '/home/max/microros_ws4/install/micro_ros_msgs/lib'
[1.023s] Level 1:colcon.colcon_core.shell:create_environment_hook('micro_ros_msgs', 'ld_library_path_lib')
[1.024s] INFO:colcon.colcon_core.shell:Creating environment hook '/home/max/microros_ws4/install/micro_ros_msgs/share/micro_ros_msgs/hook/ld_library_path_lib.ps1'
[1.025s] INFO:colcon.colcon_core.shell:Creating environment descriptor '/home/max/microros_ws4/install/micro_ros_msgs/share/micro_ros_msgs/hook/ld_library_path_lib.dsv'
[1.025s] INFO:colcon.colcon_core.shell:Creating environment hook '/home/max/microros_ws4/install/micro_ros_msgs/share/micro_ros_msgs/hook/ld_library_path_lib.sh'
[1.025s] Level 1:colcon.colcon_core.environment:checking '/home/max/microros_ws4/install/micro_ros_msgs/bin'
[1.025s] Level 1:colcon.colcon_core.environment:checking '/home/max/microros_ws4/install/micro_ros_msgs/lib/pkgconfig/micro_ros_msgs.pc'
[1.025s] Level 1:colcon.colcon_core.environment:checking '/home/max/microros_ws4/install/micro_ros_msgs/lib/python3.8/site-packages'
[1.025s] Level 1:colcon.colcon_core.shell:create_environment_hook('micro_ros_msgs', 'pythonpath')
[1.027s] INFO:colcon.colcon_core.shell:Creating environment hook '/home/max/microros_ws4/install/micro_ros_msgs/share/micro_ros_msgs/hook/pythonpath.ps1'
[1.027s] INFO:colcon.colcon_core.shell:Creating environment descriptor '/home/max/microros_ws4/install/micro_ros_msgs/share/micro_ros_msgs/hook/pythonpath.dsv'
[1.027s] INFO:colcon.colcon_core.shell:Creating environment hook '/home/max/microros_ws4/install/micro_ros_msgs/share/micro_ros_msgs/hook/pythonpath.sh'
[1.028s] Level 1:colcon.colcon_core.environment:checking '/home/max/microros_ws4/install/micro_ros_msgs/bin'
[1.029s] INFO:colcon.colcon_core.shell:Creating package script '/home/max/microros_ws4/install/micro_ros_msgs/share/micro_ros_msgs/package.ps1'
[1.030s] INFO:colcon.colcon_core.shell:Creating package descriptor '/home/max/microros_ws4/install/micro_ros_msgs/share/micro_ros_msgs/package.dsv'
[1.030s] INFO:colcon.colcon_core.shell:Creating package script '/home/max/microros_ws4/install/micro_ros_msgs/share/micro_ros_msgs/package.sh'
[1.031s] INFO:colcon.colcon_core.shell:Creating package script '/home/max/microros_ws4/install/micro_ros_msgs/share/micro_ros_msgs/package.bash'
[1.032s] INFO:colcon.colcon_core.shell:Creating package script '/home/max/microros_ws4/install/micro_ros_msgs/share/micro_ros_msgs/package.zsh'
[1.032s] Level 1:colcon.colcon_core.environment:create_file_with_runtime_dependencies(/home/max/microros_ws4/install/micro_ros_msgs/share/colcon-core/packages/micro_ros_msgs)
[1.032s] INFO:colcon.colcon_ros.task.ament_cmake.build:Building ROS package in '/home/max/microros_ws4/src/uros/micro-ROS-Agent/micro_ros_agent' with build type 'ament_cmake'
[1.032s] INFO:colcon.colcon_cmake.task.cmake.build:Building CMake package in '/home/max/microros_ws4/src/uros/micro-ROS-Agent/micro_ros_agent'
[1.034s] INFO:colcon.colcon_core.shell:Skip shell extension 'powershell' for command environment: Not usable outside of PowerShell
[1.034s] DEBUG:colcon.colcon_core.shell:Skip shell extension 'dsv' for command environment
[1.060s] DEBUG:colcon.colcon_core.event_handler.log_command:Invoking command in '/home/max/microros_ws4/build/micro_ros_agent': AMENT_PREFIX_PATH=/home/max/microros_ws4/install/micro_ros_msgs:${AMENT_PREFIX_PATH} CMAKE_PREFIX_PATH=/home/max/microros_ws4/install/micro_ros_msgs:/home/max/microros_ws2/install/servo_message:/home/max/PycharmProjects/my_ros2_ws/install/servo_message:/home/max/microros_ws2/install/micro_ros_agent:/home/max/microros_ws2/install/micro_ros_msgs:/home/max/microros_ws2/install/drive_base_msgs:/home/max/PycharmProjects/my_ros2_ws/install/py_pubsub:/opt/ros/foxy LD_LIBRARY_PATH=/home/max/microros_ws4/install/micro_ros_msgs/lib:${LD_LIBRARY_PATH} PYTHONPATH=/home/max/microros_ws4/install/micro_ros_msgs/lib/python3.8/site-packages:${PYTHONPATH} /usr/bin/cmake --build /home/max/microros_ws4/build/micro_ros_agent -- -j4 -l4
[1.081s] Level 1:colcon.colcon_core.environment:create_environment_scripts_only(drive_base_msgs)
[1.084s] Level 1:colcon.colcon_core.environment:checking '/home/max/microros_ws4/install/drive_base_msgs' for CMake module files
[1.086s] Level 1:colcon.colcon_core.environment:checking '/home/max/microros_ws4/install/drive_base_msgs' for CMake config files
[1.087s] Level 1:colcon.colcon_core.shell:create_environment_hook('drive_base_msgs', 'cmake_prefix_path')
[1.089s] INFO:colcon.colcon_core.shell:Creating environment hook '/home/max/microros_ws4/install/drive_base_msgs/share/drive_base_msgs/hook/cmake_prefix_path.ps1'
[1.090s] INFO:colcon.colcon_core.shell:Creating environment descriptor '/home/max/microros_ws4/install/drive_base_msgs/share/drive_base_msgs/hook/cmake_prefix_path.dsv'
[1.090s] INFO:colcon.colcon_core.shell:Creating environment hook '/home/max/microros_ws4/install/drive_base_msgs/share/drive_base_msgs/hook/cmake_prefix_path.sh'
[1.091s] Level 1:colcon.colcon_core.environment:checking '/home/max/microros_ws4/install/drive_base_msgs/lib'
[1.091s] Level 1:colcon.colcon_core.shell:create_environment_hook('drive_base_msgs', 'ld_library_path_lib')
[1.094s] INFO:colcon.colcon_core.shell:Creating environment hook '/home/max/microros_ws4/install/drive_base_msgs/share/drive_base_msgs/hook/ld_library_path_lib.ps1'
[1.094s] INFO:colcon.colcon_core.shell:Creating environment descriptor '/home/max/microros_ws4/install/drive_base_msgs/share/drive_base_msgs/hook/ld_library_path_lib.dsv'
[1.095s] INFO:colcon.colcon_core.shell:Creating environment hook '/home/max/microros_ws4/install/drive_base_msgs/share/drive_base_msgs/hook/ld_library_path_lib.sh'
[1.095s] Level 1:colcon.colcon_core.environment:checking '/home/max/microros_ws4/install/drive_base_msgs/bin'
[1.095s] Level 1:colcon.colcon_core.environment:checking '/home/max/microros_ws4/install/drive_base_msgs/lib/pkgconfig/drive_base_msgs.pc'
[1.096s] Level 1:colcon.colcon_core.environment:checking '/home/max/microros_ws4/install/drive_base_msgs/lib/python3.8/site-packages'
[1.096s] Level 1:colcon.colcon_core.shell:create_environment_hook('drive_base_msgs', 'pythonpath')
[1.097s] INFO:colcon.colcon_core.shell:Creating environment hook '/home/max/microros_ws4/install/drive_base_msgs/share/drive_base_msgs/hook/pythonpath.ps1'
[1.097s] INFO:colcon.colcon_core.shell:Creating environment descriptor '/home/max/microros_ws4/install/drive_base_msgs/share/drive_base_msgs/hook/pythonpath.dsv'
[1.098s] INFO:colcon.colcon_core.shell:Creating environment hook '/home/max/microros_ws4/install/drive_base_msgs/share/drive_base_msgs/hook/pythonpath.sh'
[1.098s] Level 1:colcon.colcon_core.environment:checking '/home/max/microros_ws4/install/drive_base_msgs/bin'
[1.100s] INFO:colcon.colcon_core.shell:Creating package script '/home/max/microros_ws4/install/drive_base_msgs/share/drive_base_msgs/package.ps1'
[1.100s] INFO:colcon.colcon_core.shell:Creating package descriptor '/home/max/microros_ws4/install/drive_base_msgs/share/drive_base_msgs/package.dsv'
[1.101s] INFO:colcon.colcon_core.shell:Creating package script '/home/max/microros_ws4/install/drive_base_msgs/share/drive_base_msgs/package.sh'
[1.101s] INFO:colcon.colcon_core.shell:Creating package script '/home/max/microros_ws4/install/drive_base_msgs/share/drive_base_msgs/package.bash'
[1.102s] INFO:colcon.colcon_core.shell:Creating package script '/home/max/microros_ws4/install/drive_base_msgs/share/drive_base_msgs/package.zsh'
[1.102s] Level 1:colcon.colcon_core.environment:create_file_with_runtime_dependencies(/home/max/microros_ws4/install/drive_base_msgs/share/colcon-core/packages/drive_base_msgs)
[1.154s] DEBUG:colcon.colcon_core.event_handler.log_command:Invoked command in '/home/max/microros_ws4/build/micro_ros_agent' returned '0': AMENT_PREFIX_PATH=/home/max/microros_ws4/install/micro_ros_msgs:${AMENT_PREFIX_PATH} CMAKE_PREFIX_PATH=/home/max/microros_ws4/install/micro_ros_msgs:/home/max/microros_ws2/install/servo_message:/home/max/PycharmProjects/my_ros2_ws/install/servo_message:/home/max/microros_ws2/install/micro_ros_agent:/home/max/microros_ws2/install/micro_ros_msgs:/home/max/microros_ws2/install/drive_base_msgs:/home/max/PycharmProjects/my_ros2_ws/install/py_pubsub:/opt/ros/foxy LD_LIBRARY_PATH=/home/max/microros_ws4/install/micro_ros_msgs/lib:${LD_LIBRARY_PATH} PYTHONPATH=/home/max/microros_ws4/install/micro_ros_msgs/lib/python3.8/site-packages:${PYTHONPATH} /usr/bin/cmake --build /home/max/microros_ws4/build/micro_ros_agent -- -j4 -l4
[1.206s] DEBUG:colcon.colcon_core.event_handler.log_command:Invoking command in '/home/max/microros_ws4/build/micro_ros_agent': AMENT_PREFIX_PATH=/home/max/microros_ws4/install/micro_ros_msgs:${AMENT_PREFIX_PATH} CMAKE_PREFIX_PATH=/home/max/microros_ws4/install/micro_ros_msgs:/home/max/microros_ws2/install/servo_message:/home/max/PycharmProjects/my_ros2_ws/install/servo_message:/home/max/microros_ws2/install/micro_ros_agent:/home/max/microros_ws2/install/micro_ros_msgs:/home/max/microros_ws2/install/drive_base_msgs:/home/max/PycharmProjects/my_ros2_ws/install/py_pubsub:/opt/ros/foxy LD_LIBRARY_PATH=/home/max/microros_ws4/install/micro_ros_msgs/lib:${LD_LIBRARY_PATH} PYTHONPATH=/home/max/microros_ws4/install/micro_ros_msgs/lib/python3.8/site-packages:${PYTHONPATH} /usr/bin/cmake --install /home/max/microros_ws4/build/micro_ros_agent
[1.219s] Level 1:colcon.colcon_core.environment:create_environment_scripts_only(micro_ros_agent)
[1.223s] Level 1:colcon.colcon_core.environment:checking '/home/max/microros_ws4/install/micro_ros_agent' for CMake module files
[1.224s] DEBUG:colcon.colcon_core.event_handler.log_command:Invoked command in '/home/max/microros_ws4/build/micro_ros_agent' returned '0': AMENT_PREFIX_PATH=/home/max/microros_ws4/install/micro_ros_msgs:${AMENT_PREFIX_PATH} CMAKE_PREFIX_PATH=/home/max/microros_ws4/install/micro_ros_msgs:/home/max/microros_ws2/install/servo_message:/home/max/PycharmProjects/my_ros2_ws/install/servo_message:/home/max/microros_ws2/install/micro_ros_agent:/home/max/microros_ws2/install/micro_ros_msgs:/home/max/microros_ws2/install/drive_base_msgs:/home/max/PycharmProjects/my_ros2_ws/install/py_pubsub:/opt/ros/foxy LD_LIBRARY_PATH=/home/max/microros_ws4/install/micro_ros_msgs/lib:${LD_LIBRARY_PATH} PYTHONPATH=/home/max/microros_ws4/install/micro_ros_msgs/lib/python3.8/site-packages:${PYTHONPATH} /usr/bin/cmake --install /home/max/microros_ws4/build/micro_ros_agent
[1.224s] Level 1:colcon.colcon_core.environment:checking '/home/max/microros_ws4/install/micro_ros_agent' for CMake config files
[1.225s] Level 1:colcon.colcon_core.shell:create_environment_hook('micro_ros_agent', 'cmake_prefix_path')
[1.226s] INFO:colcon.colcon_core.shell:Creating environment hook '/home/max/microros_ws4/install/micro_ros_agent/share/micro_ros_agent/hook/cmake_prefix_path.ps1'
[1.227s] INFO:colcon.colcon_core.shell:Creating environment descriptor '/home/max/microros_ws4/install/micro_ros_agent/share/micro_ros_agent/hook/cmake_prefix_path.dsv'
[1.227s] INFO:colcon.colcon_core.shell:Creating environment hook '/home/max/microros_ws4/install/micro_ros_agent/share/micro_ros_agent/hook/cmake_prefix_path.sh'
[1.227s] Level 1:colcon.colcon_core.environment:checking '/home/max/microros_ws4/install/micro_ros_agent/lib'
[1.227s] Level 1:colcon.colcon_core.shell:create_environment_hook('micro_ros_agent', 'ld_library_path_lib')
[1.229s] INFO:colcon.colcon_core.shell:Creating environment hook '/home/max/microros_ws4/install/micro_ros_agent/share/micro_ros_agent/hook/ld_library_path_lib.ps1'
[1.229s] INFO:colcon.colcon_core.shell:Creating environment descriptor '/home/max/microros_ws4/install/micro_ros_agent/share/micro_ros_agent/hook/ld_library_path_lib.dsv'
[1.229s] INFO:colcon.colcon_core.shell:Creating environment hook '/home/max/microros_ws4/install/micro_ros_agent/share/micro_ros_agent/hook/ld_library_path_lib.sh'
[1.229s] Level 1:colcon.colcon_core.environment:checking '/home/max/microros_ws4/install/micro_ros_agent/bin'
[1.229s] Level 1:colcon.colcon_core.environment:checking '/home/max/microros_ws4/install/micro_ros_agent/lib/pkgconfig/micro_ros_agent.pc'
[1.230s] Level 1:colcon.colcon_core.environment:checking '/home/max/microros_ws4/install/micro_ros_agent/lib/python3.8/site-packages'
[1.230s] Level 1:colcon.colcon_core.environment:checking '/home/max/microros_ws4/install/micro_ros_agent/bin'
[1.232s] INFO:colcon.colcon_core.shell:Creating package script '/home/max/microros_ws4/install/micro_ros_agent/share/micro_ros_agent/package.ps1'
[1.232s] INFO:colcon.colcon_core.shell:Creating package descriptor '/home/max/microros_ws4/install/micro_ros_agent/share/micro_ros_agent/package.dsv'
[1.233s] INFO:colcon.colcon_core.shell:Creating package script '/home/max/microros_ws4/install/micro_ros_agent/share/micro_ros_agent/package.sh'
[1.233s] INFO:colcon.colcon_core.shell:Creating package script '/home/max/microros_ws4/install/micro_ros_agent/share/micro_ros_agent/package.bash'
[1.233s] INFO:colcon.colcon_core.shell:Creating package script '/home/max/microros_ws4/install/micro_ros_agent/share/micro_ros_agent/package.zsh'
[1.233s] Level 1:colcon.colcon_core.environment:create_file_with_runtime_dependencies(/home/max/microros_ws4/install/micro_ros_agent/share/colcon-core/packages/micro_ros_agent)
[1.285s] Level 1:colcon.colcon_core.environment:create_environment_scripts_only(micro_ros_agent)
[1.289s] Level 1:colcon.colcon_core.environment:checking '/home/max/microros_ws4/install/micro_ros_agent' for CMake module files
[1.290s] Level 1:colcon.colcon_core.environment:checking '/home/max/microros_ws4/install/micro_ros_agent' for CMake config files
[1.292s] Level 1:colcon.colcon_core.shell:create_environment_hook('micro_ros_agent', 'cmake_prefix_path')
[1.294s] INFO:colcon.colcon_core.shell:Creating environment hook '/home/max/microros_ws4/install/micro_ros_agent/share/micro_ros_agent/hook/cmake_prefix_path.ps1'
[1.295s] INFO:colcon.colcon_core.shell:Creating environment descriptor '/home/max/microros_ws4/install/micro_ros_agent/share/micro_ros_agent/hook/cmake_prefix_path.dsv'
[1.295s] INFO:colcon.colcon_core.shell:Creating environment hook '/home/max/microros_ws4/install/micro_ros_agent/share/micro_ros_agent/hook/cmake_prefix_path.sh'
[1.296s] Level 1:colcon.colcon_core.environment:checking '/home/max/microros_ws4/install/micro_ros_agent/lib'
[1.296s] Level 1:colcon.colcon_core.shell:create_environment_hook('micro_ros_agent', 'ld_library_path_lib')
[1.299s] INFO:colcon.colcon_core.shell:Creating environment hook '/home/max/microros_ws4/install/micro_ros_agent/share/micro_ros_agent/hook/ld_library_path_lib.ps1'
[1.299s] INFO:colcon.colcon_core.shell:Creating environment descriptor '/home/max/microros_ws4/install/micro_ros_agent/share/micro_ros_agent/hook/ld_library_path_lib.dsv'
[1.299s] INFO:colcon.colcon_core.shell:Creating environment hook '/home/max/microros_ws4/install/micro_ros_agent/share/micro_ros_agent/hook/ld_library_path_lib.sh'
[1.300s] Level 1:colcon.colcon_core.environment:checking '/home/max/microros_ws4/install/micro_ros_agent/bin'
[1.300s] Level 1:colcon.colcon_core.environment:checking '/home/max/microros_ws4/install/micro_ros_agent/lib/pkgconfig/micro_ros_agent.pc'
[1.300s] Level 1:colcon.colcon_core.environment:checking '/home/max/microros_ws4/install/micro_ros_agent/lib/python3.8/site-packages'
[1.300s] Level 1:colcon.colcon_core.environment:checking '/home/max/microros_ws4/install/micro_ros_agent/bin'
[1.301s] INFO:colcon.colcon_core.shell:Creating package script '/home/max/microros_ws4/install/micro_ros_agent/share/micro_ros_agent/package.ps1'
[1.302s] INFO:colcon.colcon_core.shell:Creating package descriptor '/home/max/microros_ws4/install/micro_ros_agent/share/micro_ros_agent/package.dsv'
[1.303s] INFO:colcon.colcon_core.shell:Creating package script '/home/max/microros_ws4/install/micro_ros_agent/share/micro_ros_agent/package.sh'
[1.303s] INFO:colcon.colcon_core.shell:Creating package script '/home/max/microros_ws4/install/micro_ros_agent/share/micro_ros_agent/package.bash'
[1.303s] INFO:colcon.colcon_core.shell:Creating package script '/home/max/microros_ws4/install/micro_ros_agent/share/micro_ros_agent/package.zsh'
[1.304s] Level 1:colcon.colcon_core.environment:create_file_with_runtime_dependencies(/home/max/microros_ws4/install/micro_ros_agent/share/colcon-core/packages/micro_ros_agent)
[1.304s] DEBUG:colcon.colcon_parallel_executor.executor.parallel:closing loop
[1.304s] DEBUG:colcon.colcon_parallel_executor.executor.parallel:loop closed
[1.304s] DEBUG:colcon.colcon_parallel_executor.executor.parallel:run_until_complete finished with '0'
[1.304s] DEBUG:colcon.colcon_core.event_reactor:joining thread
[1.309s] INFO:colcon.colcon_core.plugin_system:Skipping extension 'colcon_notification.desktop_notification.terminal_notifier': Not used on non-Darwin systems
[1.309s] INFO:colcon.colcon_core.plugin_system:Skipping extension 'colcon_notification.desktop_notification.win32': Not used on non-Windows systems
[1.309s] INFO:colcon.colcon_notification.desktop_notification:Sending desktop notification using 'notify2'
[1.312s] DEBUG:colcon.colcon_core.event_reactor:joined thread
[1.316s] INFO:colcon.colcon_core.shell:Creating prefix script '/home/max/microros_ws4/install/local_setup.ps1'
[1.318s] INFO:colcon.colcon_core.shell:Creating prefix util module '/home/max/microros_ws4/install/_local_setup_util_ps1.py'
[1.320s] INFO:colcon.colcon_core.shell:Creating prefix chain script '/home/max/microros_ws4/install/setup.ps1'
[1.324s] INFO:colcon.colcon_core.shell:Creating prefix script '/home/max/microros_ws4/install/local_setup.sh'
[1.325s] INFO:colcon.colcon_core.shell:Creating prefix util module '/home/max/microros_ws4/install/_local_setup_util_sh.py'
[1.326s] INFO:colcon.colcon_core.shell:Creating prefix chain script '/home/max/microros_ws4/install/setup.sh'
[1.328s] INFO:colcon.colcon_core.shell:Creating prefix script '/home/max/microros_ws4/install/local_setup.bash'
[1.328s] INFO:colcon.colcon_core.shell:Creating prefix chain script '/home/max/microros_ws4/install/setup.bash'
[1.330s] INFO:colcon.colcon_core.shell:Creating prefix script '/home/max/microros_ws4/install/local_setup.zsh'
[1.330s] INFO:colcon.colcon_core.shell:Creating prefix chain script '/home/max/microros_ws4/install/setup.zsh'
