[0.280s] DEBUG:colcon:Command line arguments: ['/usr/bin/colcon', 'build']
[0.280s] DEBUG:colcon:Parsed command line arguments: Namespace(allow_overriding=[], ament_cmake_args=None, base_paths=['.'], build_base='build', catkin_cmake_args=None, catkin_skip_building_tests=False, cmake_args=None, cmake_clean_cache=False, cmake_clean_first=False, cmake_force_configure=False, cmake_target=None, cmake_target_skip_unavailable=False, continue_on_error=False, event_handlers=None, executor='parallel', ignore_user_meta=False, install_base='install', log_base=None, log_level=None, main=<bound method BuildVerb.main of <colcon_core.verb.build.BuildVerb object at 0x7f36700d79a0>>, merge_install=False, metas=['./colcon.meta'], packages_above=None, packages_above_and_dependencies=None, packages_above_depth=None, packages_end=None, packages_ignore=None, packages_ignore_regex=None, packages_select=None, packages_select_build_failed=False, packages_select_by_dep=None, packages_select_regex=None, packages_select_test_failures=False, packages_skip=None, packages_skip_build_finished=False, packages_skip_by_dep=None, packages_skip_regex=None, packages_skip_test_passed=False, packages_skip_up_to=None, packages_start=None, packages_up_to=None, packages_up_to_regex=None, parallel_workers=4, paths=None, symlink_install=False, test_result_base=None, verb_extension=<colcon_core.verb.build.BuildVerb object at 0x7f36700d79a0>, verb_name='build', verb_parser=<colcon_defaults.argument_parser.defaults.DefaultArgumentsDecorator object at 0x7f36700d7f10>)
[0.304s] Level 1:colcon.colcon_core.package_discovery:discover_packages(colcon_meta) check parameters
[0.304s] Level 1:colcon.colcon_core.package_discovery:discover_packages(recursive) check parameters
[0.304s] Level 1:colcon.colcon_core.package_discovery:discover_packages(ignore) check parameters
[0.304s] Level 1:colcon.colcon_core.package_discovery:discover_packages(path) check parameters
[0.304s] Level 1:colcon.colcon_core.package_discovery:discover_packages(colcon_meta) discover
[0.304s] Level 1:colcon.colcon_core.package_discovery:discover_packages(recursive) discover
[0.304s] INFO:colcon.colcon_core.package_discovery:Crawling recursively for packages in '/home/max/microros_ws4'
[0.304s] Level 1:colcon.colcon_core.package_identification:_identify(.) by extensions ['ignore', 'ignore_ament_install']
[0.304s] Level 1:colcon.colcon_core.package_identification:_identify(.) by extension 'ignore'
[0.304s] Level 1:colcon.colcon_core.package_identification:_identify(.) by extension 'ignore_ament_install'
[0.304s] Level 1:colcon.colcon_core.package_identification:_identify(.) by extensions ['colcon_pkg']
[0.304s] Level 1:colcon.colcon_core.package_identification:_identify(.) by extension 'colcon_pkg'
[0.304s] Level 1:colcon.colcon_core.package_identification:_identify(.) by extensions ['colcon_meta']
[0.304s] Level 1:colcon.colcon_core.package_identification:_identify(.) by extension 'colcon_meta'
[0.304s] Level 1:colcon.colcon_core.package_identification:_identify(.) by extensions ['ros']
[0.305s] Level 1:colcon.colcon_core.package_identification:_identify(.) by extension 'ros'
[0.335s] Level 1:colcon.colcon_core.package_identification:_identify(.) by extensions ['cmake', 'python']
[0.335s] Level 1:colcon.colcon_core.package_identification:_identify(.) by extension 'cmake'
[0.335s] Level 1:colcon.colcon_core.package_identification:_identify(.) by extension 'python'
[0.335s] Level 1:colcon.colcon_core.package_identification:_identify(.) by extensions ['python_setup_py']
[0.336s] Level 1:colcon.colcon_core.package_identification:_identify(.) by extension 'python_setup_py'
[0.336s] Level 1:colcon.colcon_core.package_identification:_identify(build) by extensions ['ignore', 'ignore_ament_install']
[0.336s] Level 1:colcon.colcon_core.package_identification:_identify(build) by extension 'ignore'
[0.336s] Level 1:colcon.colcon_core.package_identification:_identify(build) ignored
[0.336s] Level 1:colcon.colcon_core.package_identification:_identify(firmware) by extensions ['ignore', 'ignore_ament_install']
[0.336s] Level 1:colcon.colcon_core.package_identification:_identify(firmware) by extension 'ignore'
[0.336s] Level 1:colcon.colcon_core.package_identification:_identify(firmware) ignored
[0.336s] Level 1:colcon.colcon_core.package_identification:_identify(install) by extensions ['ignore', 'ignore_ament_install']
[0.336s] Level 1:colcon.colcon_core.package_identification:_identify(install) by extension 'ignore'
[0.336s] Level 1:colcon.colcon_core.package_identification:_identify(install) ignored
[0.336s] Level 1:colcon.colcon_core.package_identification:_identify(log) by extensions ['ignore', 'ignore_ament_install']
[0.336s] Level 1:colcon.colcon_core.package_identification:_identify(log) by extension 'ignore'
[0.336s] Level 1:colcon.colcon_core.package_identification:_identify(log) ignored
[0.336s] Level 1:colcon.colcon_core.package_identification:_identify(src) by extensions ['ignore', 'ignore_ament_install']
[0.336s] Level 1:colcon.colcon_core.package_identification:_identify(src) by extension 'ignore'
[0.336s] Level 1:colcon.colcon_core.package_identification:_identify(src) by extension 'ignore_ament_install'
[0.337s] Level 1:colcon.colcon_core.package_identification:_identify(src) by extensions ['colcon_pkg']
[0.337s] Level 1:colcon.colcon_core.package_identification:_identify(src) by extension 'colcon_pkg'
[0.337s] Level 1:colcon.colcon_core.package_identification:_identify(src) by extensions ['colcon_meta']
[0.337s] Level 1:colcon.colcon_core.package_identification:_identify(src) by extension 'colcon_meta'
[0.337s] Level 1:colcon.colcon_core.package_identification:_identify(src) by extensions ['ros']
[0.337s] Level 1:colcon.colcon_core.package_identification:_identify(src) by extension 'ros'
[0.337s] Level 1:colcon.colcon_core.package_identification:_identify(src) by extensions ['cmake', 'python']
[0.337s] Level 1:colcon.colcon_core.package_identification:_identify(src) by extension 'cmake'
[0.337s] Level 1:colcon.colcon_core.package_identification:_identify(src) by extension 'python'
[0.337s] Level 1:colcon.colcon_core.package_identification:_identify(src) by extensions ['python_setup_py']
[0.337s] Level 1:colcon.colcon_core.package_identification:_identify(src) by extension 'python_setup_py'
[0.337s] Level 1:colcon.colcon_core.package_identification:_identify(src/micro_ros_setup) by extensions ['ignore', 'ignore_ament_install']
[0.337s] Level 1:colcon.colcon_core.package_identification:_identify(src/micro_ros_setup) by extension 'ignore'
[0.337s] Level 1:colcon.colcon_core.package_identification:_identify(src/micro_ros_setup) by extension 'ignore_ament_install'
[0.337s] Level 1:colcon.colcon_core.package_identification:_identify(src/micro_ros_setup) by extensions ['colcon_pkg']
[0.337s] Level 1:colcon.colcon_core.package_identification:_identify(src/micro_ros_setup) by extension 'colcon_pkg'
[0.337s] Level 1:colcon.colcon_core.package_identification:_identify(src/micro_ros_setup) by extensions ['colcon_meta']
[0.337s] Level 1:colcon.colcon_core.package_identification:_identify(src/micro_ros_setup) by extension 'colcon_meta'
[0.337s] Level 1:colcon.colcon_core.package_identification:_identify(src/micro_ros_setup) by extensions ['ros']
[0.337s] Level 1:colcon.colcon_core.package_identification:_identify(src/micro_ros_setup) by extension 'ros'
[0.340s] DEBUG:colcon.colcon_core.package_identification:Package 'src/micro_ros_setup' with type 'ros.ament_cmake' and name 'micro_ros_setup'
[0.340s] Level 1:colcon.colcon_core.package_identification:_identify(src/uros) by extensions ['ignore', 'ignore_ament_install']
[0.340s] Level 1:colcon.colcon_core.package_identification:_identify(src/uros) by extension 'ignore'
[0.340s] Level 1:colcon.colcon_core.package_identification:_identify(src/uros) by extension 'ignore_ament_install'
[0.340s] Level 1:colcon.colcon_core.package_identification:_identify(src/uros) by extensions ['colcon_pkg']
[0.340s] Level 1:colcon.colcon_core.package_identification:_identify(src/uros) by extension 'colcon_pkg'
[0.340s] Level 1:colcon.colcon_core.package_identification:_identify(src/uros) by extensions ['colcon_meta']
[0.341s] Level 1:colcon.colcon_core.package_identification:_identify(src/uros) by extension 'colcon_meta'
[0.341s] Level 1:colcon.colcon_core.package_identification:_identify(src/uros) by extensions ['ros']
[0.341s] Level 1:colcon.colcon_core.package_identification:_identify(src/uros) by extension 'ros'
[0.341s] Level 1:colcon.colcon_core.package_identification:_identify(src/uros) by extensions ['cmake', 'python']
[0.341s] Level 1:colcon.colcon_core.package_identification:_identify(src/uros) by extension 'cmake'
[0.341s] Level 1:colcon.colcon_core.package_identification:_identify(src/uros) by extension 'python'
[0.341s] Level 1:colcon.colcon_core.package_identification:_identify(src/uros) by extensions ['python_setup_py']
[0.341s] Level 1:colcon.colcon_core.package_identification:_identify(src/uros) by extension 'python_setup_py'
[0.341s] Level 1:colcon.colcon_core.package_identification:_identify(src/uros/drive_base) by extensions ['ignore', 'ignore_ament_install']
[0.341s] Level 1:colcon.colcon_core.package_identification:_identify(src/uros/drive_base) by extension 'ignore'
[0.341s] Level 1:colcon.colcon_core.package_identification:_identify(src/uros/drive_base) by extension 'ignore_ament_install'
[0.341s] Level 1:colcon.colcon_core.package_identification:_identify(src/uros/drive_base) by extensions ['colcon_pkg']
[0.341s] Level 1:colcon.colcon_core.package_identification:_identify(src/uros/drive_base) by extension 'colcon_pkg'
[0.341s] Level 1:colcon.colcon_core.package_identification:_identify(src/uros/drive_base) by extensions ['colcon_meta']
[0.341s] Level 1:colcon.colcon_core.package_identification:_identify(src/uros/drive_base) by extension 'colcon_meta'
[0.341s] Level 1:colcon.colcon_core.package_identification:_identify(src/uros/drive_base) by extensions ['ros']
[0.341s] Level 1:colcon.colcon_core.package_identification:_identify(src/uros/drive_base) by extension 'ros'
[0.341s] Level 1:colcon.colcon_core.package_identification:_identify(src/uros/drive_base) by extensions ['cmake', 'python']
[0.341s] Level 1:colcon.colcon_core.package_identification:_identify(src/uros/drive_base) by extension 'cmake'
[0.341s] Level 1:colcon.colcon_core.package_identification:_identify(src/uros/drive_base) by extension 'python'
[0.341s] Level 1:colcon.colcon_core.package_identification:_identify(src/uros/drive_base) by extensions ['python_setup_py']
[0.341s] Level 1:colcon.colcon_core.package_identification:_identify(src/uros/drive_base) by extension 'python_setup_py'
[0.341s] Level 1:colcon.colcon_core.package_identification:_identify(src/uros/drive_base/drive_base_msgs) by extensions ['ignore', 'ignore_ament_install']
[0.341s] Level 1:colcon.colcon_core.package_identification:_identify(src/uros/drive_base/drive_base_msgs) by extension 'ignore'
[0.342s] Level 1:colcon.colcon_core.package_identification:_identify(src/uros/drive_base/drive_base_msgs) by extension 'ignore_ament_install'
[0.342s] Level 1:colcon.colcon_core.package_identification:_identify(src/uros/drive_base/drive_base_msgs) by extensions ['colcon_pkg']
[0.342s] Level 1:colcon.colcon_core.package_identification:_identify(src/uros/drive_base/drive_base_msgs) by extension 'colcon_pkg'
[0.342s] Level 1:colcon.colcon_core.package_identification:_identify(src/uros/drive_base/drive_base_msgs) by extensions ['colcon_meta']
[0.342s] Level 1:colcon.colcon_core.package_identification:_identify(src/uros/drive_base/drive_base_msgs) by extension 'colcon_meta'
[0.342s] Level 1:colcon.colcon_core.package_identification:_identify(src/uros/drive_base/drive_base_msgs) by extensions ['ros']
[0.342s] Level 1:colcon.colcon_core.package_identification:_identify(src/uros/drive_base/drive_base_msgs) by extension 'ros'
[0.342s] DEBUG:colcon.colcon_core.package_identification:Package 'src/uros/drive_base/drive_base_msgs' with type 'ros.ament_cmake' and name 'drive_base_msgs'
[0.343s] Level 1:colcon.colcon_core.package_identification:_identify(src/uros/micro-ROS-Agent) by extensions ['ignore', 'ignore_ament_install']
[0.343s] Level 1:colcon.colcon_core.package_identification:_identify(src/uros/micro-ROS-Agent) by extension 'ignore'
[0.343s] Level 1:colcon.colcon_core.package_identification:_identify(src/uros/micro-ROS-Agent) by extension 'ignore_ament_install'
[0.343s] Level 1:colcon.colcon_core.package_identification:_identify(src/uros/micro-ROS-Agent) by extensions ['colcon_pkg']
[0.343s] Level 1:colcon.colcon_core.package_identification:_identify(src/uros/micro-ROS-Agent) by extension 'colcon_pkg'
[0.343s] Level 1:colcon.colcon_core.package_identification:_identify(src/uros/micro-ROS-Agent) by extensions ['colcon_meta']
[0.343s] Level 1:colcon.colcon_core.package_identification:_identify(src/uros/micro-ROS-Agent) by extension 'colcon_meta'
[0.343s] Level 1:colcon.colcon_core.package_identification:_identify(src/uros/micro-ROS-Agent) by extensions ['ros']
[0.343s] Level 1:colcon.colcon_core.package_identification:_identify(src/uros/micro-ROS-Agent) by extension 'ros'
[0.343s] Level 1:colcon.colcon_core.package_identification:_identify(src/uros/micro-ROS-Agent) by extensions ['cmake', 'python']
[0.343s] Level 1:colcon.colcon_core.package_identification:_identify(src/uros/micro-ROS-Agent) by extension 'cmake'
[0.343s] Level 1:colcon.colcon_core.package_identification:_identify(src/uros/micro-ROS-Agent) by extension 'python'
[0.343s] Level 1:colcon.colcon_core.package_identification:_identify(src/uros/micro-ROS-Agent) by extensions ['python_setup_py']
[0.343s] Level 1:colcon.colcon_core.package_identification:_identify(src/uros/micro-ROS-Agent) by extension 'python_setup_py'
[0.343s] Level 1:colcon.colcon_core.package_identification:_identify(src/uros/micro-ROS-Agent/micro_ros_agent) by extensions ['ignore', 'ignore_ament_install']
[0.343s] Level 1:colcon.colcon_core.package_identification:_identify(src/uros/micro-ROS-Agent/micro_ros_agent) by extension 'ignore'
[0.343s] Level 1:colcon.colcon_core.package_identification:_identify(src/uros/micro-ROS-Agent/micro_ros_agent) by extension 'ignore_ament_install'
[0.343s] Level 1:colcon.colcon_core.package_identification:_identify(src/uros/micro-ROS-Agent/micro_ros_agent) by extensions ['colcon_pkg']
[0.343s] Level 1:colcon.colcon_core.package_identification:_identify(src/uros/micro-ROS-Agent/micro_ros_agent) by extension 'colcon_pkg'
[0.343s] Level 1:colcon.colcon_core.package_identification:_identify(src/uros/micro-ROS-Agent/micro_ros_agent) by extensions ['colcon_meta']
[0.343s] Level 1:colcon.colcon_core.package_identification:_identify(src/uros/micro-ROS-Agent/micro_ros_agent) by extension 'colcon_meta'
[0.343s] Level 1:colcon.colcon_core.package_identification:_identify(src/uros/micro-ROS-Agent/micro_ros_agent) by extensions ['ros']
[0.343s] Level 1:colcon.colcon_core.package_identification:_identify(src/uros/micro-ROS-Agent/micro_ros_agent) by extension 'ros'
[0.344s] DEBUG:colcon.colcon_core.package_identification:Package 'src/uros/micro-ROS-Agent/micro_ros_agent' with type 'ros.ament_cmake' and name 'micro_ros_agent'
[0.344s] Level 1:colcon.colcon_core.package_identification:_identify(src/uros/micro-ROS-Agent/snap) by extensions ['ignore', 'ignore_ament_install']
[0.345s] Level 1:colcon.colcon_core.package_identification:_identify(src/uros/micro-ROS-Agent/snap) by extension 'ignore'
[0.345s] Level 1:colcon.colcon_core.package_identification:_identify(src/uros/micro-ROS-Agent/snap) by extension 'ignore_ament_install'
[0.345s] Level 1:colcon.colcon_core.package_identification:_identify(src/uros/micro-ROS-Agent/snap) by extensions ['colcon_pkg']
[0.345s] Level 1:colcon.colcon_core.package_identification:_identify(src/uros/micro-ROS-Agent/snap) by extension 'colcon_pkg'
[0.345s] Level 1:colcon.colcon_core.package_identification:_identify(src/uros/micro-ROS-Agent/snap) by extensions ['colcon_meta']
[0.345s] Level 1:colcon.colcon_core.package_identification:_identify(src/uros/micro-ROS-Agent/snap) by extension 'colcon_meta'
[0.345s] Level 1:colcon.colcon_core.package_identification:_identify(src/uros/micro-ROS-Agent/snap) by extensions ['ros']
[0.345s] Level 1:colcon.colcon_core.package_identification:_identify(src/uros/micro-ROS-Agent/snap) by extension 'ros'
[0.345s] Level 1:colcon.colcon_core.package_identification:_identify(src/uros/micro-ROS-Agent/snap) by extensions ['cmake', 'python']
[0.345s] Level 1:colcon.colcon_core.package_identification:_identify(src/uros/micro-ROS-Agent/snap) by extension 'cmake'
[0.345s] Level 1:colcon.colcon_core.package_identification:_identify(src/uros/micro-ROS-Agent/snap) by extension 'python'
[0.345s] Level 1:colcon.colcon_core.package_identification:_identify(src/uros/micro-ROS-Agent/snap) by extensions ['python_setup_py']
[0.345s] Level 1:colcon.colcon_core.package_identification:_identify(src/uros/micro-ROS-Agent/snap) by extension 'python_setup_py'
[0.345s] Level 1:colcon.colcon_core.package_identification:_identify(src/uros/micro-ROS-Agent/snap/hooks) by extensions ['ignore', 'ignore_ament_install']
[0.345s] Level 1:colcon.colcon_core.package_identification:_identify(src/uros/micro-ROS-Agent/snap/hooks) by extension 'ignore'
[0.345s] Level 1:colcon.colcon_core.package_identification:_identify(src/uros/micro-ROS-Agent/snap/hooks) by extension 'ignore_ament_install'
[0.345s] Level 1:colcon.colcon_core.package_identification:_identify(src/uros/micro-ROS-Agent/snap/hooks) by extensions ['colcon_pkg']
[0.345s] Level 1:colcon.colcon_core.package_identification:_identify(src/uros/micro-ROS-Agent/snap/hooks) by extension 'colcon_pkg'
[0.345s] Level 1:colcon.colcon_core.package_identification:_identify(src/uros/micro-ROS-Agent/snap/hooks) by extensions ['colcon_meta']
[0.345s] Level 1:colcon.colcon_core.package_identification:_identify(src/uros/micro-ROS-Agent/snap/hooks) by extension 'colcon_meta'
[0.345s] Level 1:colcon.colcon_core.package_identification:_identify(src/uros/micro-ROS-Agent/snap/hooks) by extensions ['ros']
[0.345s] Level 1:colcon.colcon_core.package_identification:_identify(src/uros/micro-ROS-Agent/snap/hooks) by extension 'ros'
[0.345s] Level 1:colcon.colcon_core.package_identification:_identify(src/uros/micro-ROS-Agent/snap/hooks) by extensions ['cmake', 'python']
[0.345s] Level 1:colcon.colcon_core.package_identification:_identify(src/uros/micro-ROS-Agent/snap/hooks) by extension 'cmake'
[0.345s] Level 1:colcon.colcon_core.package_identification:_identify(src/uros/micro-ROS-Agent/snap/hooks) by extension 'python'
[0.345s] Level 1:colcon.colcon_core.package_identification:_identify(src/uros/micro-ROS-Agent/snap/hooks) by extensions ['python_setup_py']
[0.346s] Level 1:colcon.colcon_core.package_identification:_identify(src/uros/micro-ROS-Agent/snap/hooks) by extension 'python_setup_py'
[0.346s] Level 1:colcon.colcon_core.package_identification:_identify(src/uros/micro-ROS-Agent/snap/local) by extensions ['ignore', 'ignore_ament_install']
[0.346s] Level 1:colcon.colcon_core.package_identification:_identify(src/uros/micro-ROS-Agent/snap/local) by extension 'ignore'
[0.346s] Level 1:colcon.colcon_core.package_identification:_identify(src/uros/micro-ROS-Agent/snap/local) by extension 'ignore_ament_install'
[0.346s] Level 1:colcon.colcon_core.package_identification:_identify(src/uros/micro-ROS-Agent/snap/local) by extensions ['colcon_pkg']
[0.346s] Level 1:colcon.colcon_core.package_identification:_identify(src/uros/micro-ROS-Agent/snap/local) by extension 'colcon_pkg'
[0.346s] Level 1:colcon.colcon_core.package_identification:_identify(src/uros/micro-ROS-Agent/snap/local) by extensions ['colcon_meta']
[0.346s] Level 1:colcon.colcon_core.package_identification:_identify(src/uros/micro-ROS-Agent/snap/local) by extension 'colcon_meta'
[0.346s] Level 1:colcon.colcon_core.package_identification:_identify(src/uros/micro-ROS-Agent/snap/local) by extensions ['ros']
[0.346s] Level 1:colcon.colcon_core.package_identification:_identify(src/uros/micro-ROS-Agent/snap/local) by extension 'ros'
[0.346s] Level 1:colcon.colcon_core.package_identification:_identify(src/uros/micro-ROS-Agent/snap/local) by extensions ['cmake', 'python']
[0.346s] Level 1:colcon.colcon_core.package_identification:_identify(src/uros/micro-ROS-Agent/snap/local) by extension 'cmake'
[0.346s] Level 1:colcon.colcon_core.package_identification:_identify(src/uros/micro-ROS-Agent/snap/local) by extension 'python'
[0.346s] Level 1:colcon.colcon_core.package_identification:_identify(src/uros/micro-ROS-Agent/snap/local) by extensions ['python_setup_py']
[0.346s] Level 1:colcon.colcon_core.package_identification:_identify(src/uros/micro-ROS-Agent/snap/local) by extension 'python_setup_py'
[0.346s] Level 1:colcon.colcon_core.package_identification:_identify(src/uros/micro_ros_msgs) by extensions ['ignore', 'ignore_ament_install']
[0.346s] Level 1:colcon.colcon_core.package_identification:_identify(src/uros/micro_ros_msgs) by extension 'ignore'
[0.346s] Level 1:colcon.colcon_core.package_identification:_identify(src/uros/micro_ros_msgs) by extension 'ignore_ament_install'
[0.346s] Level 1:colcon.colcon_core.package_identification:_identify(src/uros/micro_ros_msgs) by extensions ['colcon_pkg']
[0.346s] Level 1:colcon.colcon_core.package_identification:_identify(src/uros/micro_ros_msgs) by extension 'colcon_pkg'
[0.346s] Level 1:colcon.colcon_core.package_identification:_identify(src/uros/micro_ros_msgs) by extensions ['colcon_meta']
[0.346s] Level 1:colcon.colcon_core.package_identification:_identify(src/uros/micro_ros_msgs) by extension 'colcon_meta'
[0.346s] Level 1:colcon.colcon_core.package_identification:_identify(src/uros/micro_ros_msgs) by extensions ['ros']
[0.346s] Level 1:colcon.colcon_core.package_identification:_identify(src/uros/micro_ros_msgs) by extension 'ros'
[0.347s] DEBUG:colcon.colcon_core.package_identification:Package 'src/uros/micro_ros_msgs' with type 'ros.ament_cmake' and name 'micro_ros_msgs'
[0.347s] Level 1:colcon.colcon_core.package_discovery:discover_packages(recursive) using defaults
[0.347s] Level 1:colcon.colcon_core.package_discovery:discover_packages(ignore) discover
[0.347s] Level 1:colcon.colcon_core.package_discovery:discover_packages(ignore) using defaults
[0.347s] Level 1:colcon.colcon_core.package_discovery:discover_packages(path) discover
[0.347s] Level 1:colcon.colcon_core.package_discovery:discover_packages(path) using defaults
[0.367s] Level 1:colcon.colcon_core.package_discovery:discover_packages(prefix_path) check parameters
[0.367s] Level 1:colcon.colcon_core.package_discovery:discover_packages(prefix_path) discover
[0.371s] DEBUG:colcon.colcon_installed_package_information.package_discovery:Found 4 installed packages in /home/max/microros_ws4/install
[0.372s] DEBUG:colcon.colcon_installed_package_information.package_discovery:Found 258 installed packages in /opt/ros/foxy
[0.374s] Level 1:colcon.colcon_core.package_discovery:discover_packages(prefix_path) using defaults
[0.427s] Level 5:colcon.colcon_core.verb:set package 'drive_base_msgs' build argument 'cmake_args' from command line to 'None'
[0.427s] Level 5:colcon.colcon_core.verb:set package 'drive_base_msgs' build argument 'cmake_target' from command line to 'None'
[0.427s] Level 5:colcon.colcon_core.verb:set package 'drive_base_msgs' build argument 'cmake_target_skip_unavailable' from command line to 'False'
[0.427s] Level 5:colcon.colcon_core.verb:set package 'drive_base_msgs' build argument 'cmake_clean_cache' from command line to 'False'
[0.427s] Level 5:colcon.colcon_core.verb:set package 'drive_base_msgs' build argument 'cmake_clean_first' from command line to 'False'
[0.427s] Level 5:colcon.colcon_core.verb:set package 'drive_base_msgs' build argument 'cmake_force_configure' from command line to 'False'
[0.427s] Level 5:colcon.colcon_core.verb:set package 'drive_base_msgs' build argument 'ament_cmake_args' from command line to 'None'
[0.427s] Level 5:colcon.colcon_core.verb:set package 'drive_base_msgs' build argument 'catkin_cmake_args' from command line to 'None'
[0.427s] Level 5:colcon.colcon_core.verb:set package 'drive_base_msgs' build argument 'catkin_skip_building_tests' from command line to 'False'
[0.427s] DEBUG:colcon.colcon_core.verb:Building package 'drive_base_msgs' with the following arguments: {'ament_cmake_args': None, 'build_base': '/home/max/microros_ws4/build/drive_base_msgs', 'catkin_cmake_args': None, 'catkin_skip_building_tests': False, 'cmake_args': None, 'cmake_clean_cache': False, 'cmake_clean_first': False, 'cmake_force_configure': False, 'cmake_target': None, 'cmake_target_skip_unavailable': False, 'install_base': '/home/max/microros_ws4/install/drive_base_msgs', 'merge_install': False, 'path': '/home/max/microros_ws4/src/uros/drive_base/drive_base_msgs', 'symlink_install': False, 'test_result_base': None}
[0.428s] Level 5:colcon.colcon_core.verb:set package 'micro_ros_msgs' build argument 'cmake_args' from command line to 'None'
[0.428s] Level 5:colcon.colcon_core.verb:set package 'micro_ros_msgs' build argument 'cmake_target' from command line to 'None'
[0.428s] Level 5:colcon.colcon_core.verb:set package 'micro_ros_msgs' build argument 'cmake_target_skip_unavailable' from command line to 'False'
[0.428s] Level 5:colcon.colcon_core.verb:set package 'micro_ros_msgs' build argument 'cmake_clean_cache' from command line to 'False'
[0.428s] Level 5:colcon.colcon_core.verb:set package 'micro_ros_msgs' build argument 'cmake_clean_first' from command line to 'False'
[0.428s] Level 5:colcon.colcon_core.verb:set package 'micro_ros_msgs' build argument 'cmake_force_configure' from command line to 'False'
[0.428s] Level 5:colcon.colcon_core.verb:set package 'micro_ros_msgs' build argument 'ament_cmake_args' from command line to 'None'
[0.428s] Level 5:colcon.colcon_core.verb:set package 'micro_ros_msgs' build argument 'catkin_cmake_args' from command line to 'None'
[0.428s] Level 5:colcon.colcon_core.verb:set package 'micro_ros_msgs' build argument 'catkin_skip_building_tests' from command line to 'False'
[0.429s] DEBUG:colcon.colcon_core.verb:Building package 'micro_ros_msgs' with the following arguments: {'ament_cmake_args': None, 'build_base': '/home/max/microros_ws4/build/micro_ros_msgs', 'catkin_cmake_args': None, 'catkin_skip_building_tests': False, 'cmake_args': None, 'cmake_clean_cache': False, 'cmake_clean_first': False, 'cmake_force_configure': False, 'cmake_target': None, 'cmake_target_skip_unavailable': False, 'install_base': '/home/max/microros_ws4/install/micro_ros_msgs', 'merge_install': False, 'path': '/home/max/microros_ws4/src/uros/micro_ros_msgs', 'symlink_install': False, 'test_result_base': None}
[0.429s] Level 5:colcon.colcon_core.verb:set package 'micro_ros_setup' build argument 'cmake_args' from command line to 'None'
[0.429s] Level 5:colcon.colcon_core.verb:set package 'micro_ros_setup' build argument 'cmake_target' from command line to 'None'
[0.429s] Level 5:colcon.colcon_core.verb:set package 'micro_ros_setup' build argument 'cmake_target_skip_unavailable' from command line to 'False'
[0.429s] Level 5:colcon.colcon_core.verb:set package 'micro_ros_setup' build argument 'cmake_clean_cache' from command line to 'False'
[0.430s] Level 5:colcon.colcon_core.verb:set package 'micro_ros_setup' build argument 'cmake_clean_first' from command line to 'False'
[0.430s] Level 5:colcon.colcon_core.verb:set package 'micro_ros_setup' build argument 'cmake_force_configure' from command line to 'False'
[0.430s] Level 5:colcon.colcon_core.verb:set package 'micro_ros_setup' build argument 'ament_cmake_args' from command line to 'None'
[0.430s] Level 5:colcon.colcon_core.verb:set package 'micro_ros_setup' build argument 'catkin_cmake_args' from command line to 'None'
[0.430s] Level 5:colcon.colcon_core.verb:set package 'micro_ros_setup' build argument 'catkin_skip_building_tests' from command line to 'False'
[0.430s] DEBUG:colcon.colcon_core.verb:Building package 'micro_ros_setup' with the following arguments: {'ament_cmake_args': None, 'build_base': '/home/max/microros_ws4/build/micro_ros_setup', 'catkin_cmake_args': None, 'catkin_skip_building_tests': False, 'cmake_args': None, 'cmake_clean_cache': False, 'cmake_clean_first': False, 'cmake_force_configure': False, 'cmake_target': None, 'cmake_target_skip_unavailable': False, 'install_base': '/home/max/microros_ws4/install/micro_ros_setup', 'merge_install': False, 'path': '/home/max/microros_ws4/src/micro_ros_setup', 'symlink_install': False, 'test_result_base': None}
[0.430s] Level 5:colcon.colcon_core.verb:set package 'micro_ros_agent' build argument 'cmake_args' from command line to 'None'
[0.430s] Level 5:colcon.colcon_core.verb:set package 'micro_ros_agent' build argument 'cmake_target' from command line to 'None'
[0.430s] Level 5:colcon.colcon_core.verb:set package 'micro_ros_agent' build argument 'cmake_target_skip_unavailable' from command line to 'False'
[0.430s] Level 5:colcon.colcon_core.verb:set package 'micro_ros_agent' build argument 'cmake_clean_cache' from command line to 'False'
[0.430s] Level 5:colcon.colcon_core.verb:set package 'micro_ros_agent' build argument 'cmake_clean_first' from command line to 'False'
[0.430s] Level 5:colcon.colcon_core.verb:set package 'micro_ros_agent' build argument 'cmake_force_configure' from command line to 'False'
[0.430s] Level 5:colcon.colcon_core.verb:set package 'micro_ros_agent' build argument 'ament_cmake_args' from command line to 'None'
[0.431s] Level 5:colcon.colcon_core.verb:set package 'micro_ros_agent' build argument 'catkin_cmake_args' from command line to 'None'
[0.431s] Level 5:colcon.colcon_core.verb:set package 'micro_ros_agent' build argument 'catkin_skip_building_tests' from command line to 'False'
[0.431s] DEBUG:colcon.colcon_core.verb:Building package 'micro_ros_agent' with the following arguments: {'ament_cmake_args': None, 'build_base': '/home/max/microros_ws4/build/micro_ros_agent', 'catkin_cmake_args': None, 'catkin_skip_building_tests': False, 'cmake_args': None, 'cmake_clean_cache': False, 'cmake_clean_first': False, 'cmake_force_configure': False, 'cmake_target': None, 'cmake_target_skip_unavailable': False, 'install_base': '/home/max/microros_ws4/install/micro_ros_agent', 'merge_install': False, 'path': '/home/max/microros_ws4/src/uros/micro-ROS-Agent/micro_ros_agent', 'symlink_install': False, 'test_result_base': None}
[0.431s] INFO:colcon.colcon_core.executor:Executing jobs using 'parallel' executor
[0.434s] DEBUG:colcon.colcon_parallel_executor.executor.parallel:run_until_complete
[0.434s] INFO:colcon.colcon_ros.task.ament_cmake.build:Building ROS package in '/home/max/microros_ws4/src/uros/micro_ros_msgs' with build type 'ament_cmake'
[0.434s] INFO:colcon.colcon_cmake.task.cmake.build:Building CMake package in '/home/max/microros_ws4/src/uros/micro_ros_msgs'
[0.439s] INFO:colcon.colcon_core.plugin_system:Skipping extension 'colcon_core.shell.bat': Not used on non-Windows systems
[0.439s] INFO:colcon.colcon_core.shell:Skip shell extension 'powershell' for command environment: Not usable outside of PowerShell
[0.439s] DEBUG:colcon.colcon_core.shell:Skip shell extension 'dsv' for command environment
[0.444s] INFO:colcon.colcon_ros.task.ament_cmake.build:Building ROS package in '/home/max/microros_ws4/src/uros/drive_base/drive_base_msgs' with build type 'ament_cmake'
[0.445s] INFO:colcon.colcon_cmake.task.cmake.build:Building CMake package in '/home/max/microros_ws4/src/uros/drive_base/drive_base_msgs'
[0.446s] INFO:colcon.colcon_core.shell:Skip shell extension 'powershell' for command environment: Not usable outside of PowerShell
[0.446s] DEBUG:colcon.colcon_core.shell:Skip shell extension 'dsv' for command environment
[0.452s] INFO:colcon.colcon_ros.task.ament_cmake.build:Building ROS package in '/home/max/microros_ws4/src/micro_ros_setup' with build type 'ament_cmake'
[0.453s] INFO:colcon.colcon_cmake.task.cmake.build:Building CMake package in '/home/max/microros_ws4/src/micro_ros_setup'
[0.454s] INFO:colcon.colcon_core.shell:Skip shell extension 'powershell' for command environment: Not usable outside of PowerShell
[0.454s] DEBUG:colcon.colcon_core.shell:Skip shell extension 'dsv' for command environment
[0.464s] DEBUG:colcon.colcon_core.event_handler.log_command:Invoking command in '/home/max/microros_ws4/build/micro_ros_msgs': CMAKE_PREFIX_PATH=${CMAKE_PREFIX_PATH}:/opt/ros/foxy /usr/bin/cmake /home/max/microros_ws4/src/uros/micro_ros_msgs -DCMAKE_INSTALL_PREFIX=/home/max/microros_ws4/install/micro_ros_msgs
[0.477s] DEBUG:colcon.colcon_core.event_handler.log_command:Invoking command in '/home/max/microros_ws4/build/drive_base_msgs': CMAKE_PREFIX_PATH=${CMAKE_PREFIX_PATH}:/opt/ros/foxy /usr/bin/cmake --build /home/max/microros_ws4/build/drive_base_msgs -- -j4 -l4
[0.485s] DEBUG:colcon.colcon_core.event_handler.log_command:Invoking command in '/home/max/microros_ws4/build/micro_ros_setup': CMAKE_PREFIX_PATH=${CMAKE_PREFIX_PATH}:/opt/ros/foxy /usr/bin/cmake --build /home/max/microros_ws4/build/micro_ros_setup -- -j4 -l4
[0.550s] DEBUG:colcon.colcon_core.event_handler.log_command:Invoked command in '/home/max/microros_ws4/build/micro_ros_setup' returned '0': CMAKE_PREFIX_PATH=${CMAKE_PREFIX_PATH}:/opt/ros/foxy /usr/bin/cmake --build /home/max/microros_ws4/build/micro_ros_setup -- -j4 -l4
[0.600s] DEBUG:colcon.colcon_core.event_handler.log_command:Invoking command in '/home/max/microros_ws4/build/micro_ros_setup': CMAKE_PREFIX_PATH=${CMAKE_PREFIX_PATH}:/opt/ros/foxy /usr/bin/cmake --install /home/max/microros_ws4/build/micro_ros_setup
[0.627s] Level 1:colcon.colcon_core.environment:create_environment_scripts_only(micro_ros_setup)
[0.639s] Level 1:colcon.colcon_core.environment:checking '/home/max/microros_ws4/install/micro_ros_setup' for CMake module files
[0.640s] Level 1:colcon.colcon_core.environment:checking '/home/max/microros_ws4/install/micro_ros_setup' for CMake config files
[0.640s] Level 1:colcon.colcon_core.shell:create_environment_hook('micro_ros_setup', 'cmake_prefix_path')
[0.642s] INFO:colcon.colcon_core.shell:Creating environment hook '/home/max/microros_ws4/install/micro_ros_setup/share/micro_ros_setup/hook/cmake_prefix_path.ps1'
[0.643s] INFO:colcon.colcon_core.shell:Creating environment descriptor '/home/max/microros_ws4/install/micro_ros_setup/share/micro_ros_setup/hook/cmake_prefix_path.dsv'
[0.643s] INFO:colcon.colcon_core.shell:Creating environment hook '/home/max/microros_ws4/install/micro_ros_setup/share/micro_ros_setup/hook/cmake_prefix_path.sh'
[0.644s] Level 1:colcon.colcon_core.environment:checking '/home/max/microros_ws4/install/micro_ros_setup/lib'
[0.645s] Level 1:colcon.colcon_core.environment:checking '/home/max/microros_ws4/install/micro_ros_setup/bin'
[0.645s] Level 1:colcon.colcon_core.environment:checking '/home/max/microros_ws4/install/micro_ros_setup/lib/pkgconfig/micro_ros_setup.pc'
[0.645s] Level 1:colcon.colcon_core.environment:checking '/home/max/microros_ws4/install/micro_ros_setup/lib/python3.8/site-packages'
[0.645s] Level 1:colcon.colcon_core.environment:checking '/home/max/microros_ws4/install/micro_ros_setup/bin'
[0.647s] INFO:colcon.colcon_core.shell:Creating package script '/home/max/microros_ws4/install/micro_ros_setup/share/micro_ros_setup/package.ps1'
[0.649s] DEBUG:colcon.colcon_core.event_handler.log_command:Invoked command in '/home/max/microros_ws4/build/micro_ros_setup' returned '0': CMAKE_PREFIX_PATH=${CMAKE_PREFIX_PATH}:/opt/ros/foxy /usr/bin/cmake --install /home/max/microros_ws4/build/micro_ros_setup
[0.650s] INFO:colcon.colcon_core.shell:Creating package descriptor '/home/max/microros_ws4/install/micro_ros_setup/share/micro_ros_setup/package.dsv'
[0.651s] INFO:colcon.colcon_core.shell:Creating package script '/home/max/microros_ws4/install/micro_ros_setup/share/micro_ros_setup/package.sh'
[0.652s] INFO:colcon.colcon_core.shell:Creating package script '/home/max/microros_ws4/install/micro_ros_setup/share/micro_ros_setup/package.bash'
[0.653s] INFO:colcon.colcon_core.shell:Creating package script '/home/max/microros_ws4/install/micro_ros_setup/share/micro_ros_setup/package.zsh'
[0.653s] Level 1:colcon.colcon_core.environment:create_file_with_runtime_dependencies(/home/max/microros_ws4/install/micro_ros_setup/share/colcon-core/packages/micro_ros_setup)
[0.676s] Level 1:colcon.colcon_core.environment:create_environment_scripts_only(micro_ros_setup)
[0.678s] Level 1:colcon.colcon_core.environment:checking '/home/max/microros_ws4/install/micro_ros_setup' for CMake module files
[0.678s] Level 1:colcon.colcon_core.environment:checking '/home/max/microros_ws4/install/micro_ros_setup' for CMake config files
[0.678s] Level 1:colcon.colcon_core.shell:create_environment_hook('micro_ros_setup', 'cmake_prefix_path')
[0.680s] INFO:colcon.colcon_core.shell:Creating environment hook '/home/max/microros_ws4/install/micro_ros_setup/share/micro_ros_setup/hook/cmake_prefix_path.ps1'
[0.680s] INFO:colcon.colcon_core.shell:Creating environment descriptor '/home/max/microros_ws4/install/micro_ros_setup/share/micro_ros_setup/hook/cmake_prefix_path.dsv'
[0.681s] INFO:colcon.colcon_core.shell:Creating environment hook '/home/max/microros_ws4/install/micro_ros_setup/share/micro_ros_setup/hook/cmake_prefix_path.sh'
[0.681s] Level 1:colcon.colcon_core.environment:checking '/home/max/microros_ws4/install/micro_ros_setup/lib'
[0.681s] Level 1:colcon.colcon_core.environment:checking '/home/max/microros_ws4/install/micro_ros_setup/bin'
[0.681s] Level 1:colcon.colcon_core.environment:checking '/home/max/microros_ws4/install/micro_ros_setup/lib/pkgconfig/micro_ros_setup.pc'
[0.682s] Level 1:colcon.colcon_core.environment:checking '/home/max/microros_ws4/install/micro_ros_setup/lib/python3.8/site-packages'
[0.682s] Level 1:colcon.colcon_core.environment:checking '/home/max/microros_ws4/install/micro_ros_setup/bin'
[0.683s] INFO:colcon.colcon_core.shell:Creating package script '/home/max/microros_ws4/install/micro_ros_setup/share/micro_ros_setup/package.ps1'
[0.684s] INFO:colcon.colcon_core.shell:Creating package descriptor '/home/max/microros_ws4/install/micro_ros_setup/share/micro_ros_setup/package.dsv'
[0.684s] INFO:colcon.colcon_core.shell:Creating package script '/home/max/microros_ws4/install/micro_ros_setup/share/micro_ros_setup/package.sh'
[0.684s] INFO:colcon.colcon_core.shell:Creating package script '/home/max/microros_ws4/install/micro_ros_setup/share/micro_ros_setup/package.bash'
[0.685s] INFO:colcon.colcon_core.shell:Creating package script '/home/max/microros_ws4/install/micro_ros_setup/share/micro_ros_setup/package.zsh'
[0.685s] Level 1:colcon.colcon_core.environment:create_file_with_runtime_dependencies(/home/max/microros_ws4/install/micro_ros_setup/share/colcon-core/packages/micro_ros_setup)
[0.794s] DEBUG:colcon.colcon_core.event_handler.log_command:Invoked command in '/home/max/microros_ws4/build/drive_base_msgs' returned '0': CMAKE_PREFIX_PATH=${CMAKE_PREFIX_PATH}:/opt/ros/foxy /usr/bin/cmake --build /home/max/microros_ws4/build/drive_base_msgs -- -j4 -l4
[0.903s] DEBUG:colcon.colcon_core.event_handler.log_command:Invoking command in '/home/max/microros_ws4/build/drive_base_msgs': CMAKE_PREFIX_PATH=${CMAKE_PREFIX_PATH}:/opt/ros/foxy /usr/bin/cmake --install /home/max/microros_ws4/build/drive_base_msgs
[0.968s] Level 1:colcon.colcon_core.environment:create_environment_scripts_only(drive_base_msgs)
[0.971s] Level 1:colcon.colcon_core.environment:checking '/home/max/microros_ws4/install/drive_base_msgs' for CMake module files
[0.972s] DEBUG:colcon.colcon_core.event_handler.log_command:Invoked command in '/home/max/microros_ws4/build/drive_base_msgs' returned '0': CMAKE_PREFIX_PATH=${CMAKE_PREFIX_PATH}:/opt/ros/foxy /usr/bin/cmake --install /home/max/microros_ws4/build/drive_base_msgs
[0.973s] Level 1:colcon.colcon_core.environment:checking '/home/max/microros_ws4/install/drive_base_msgs' for CMake config files
[0.974s] Level 1:colcon.colcon_core.shell:create_environment_hook('drive_base_msgs', 'cmake_prefix_path')
[0.976s] INFO:colcon.colcon_core.shell:Creating environment hook '/home/max/microros_ws4/install/drive_base_msgs/share/drive_base_msgs/hook/cmake_prefix_path.ps1'
[0.977s] INFO:colcon.colcon_core.shell:Creating environment descriptor '/home/max/microros_ws4/install/drive_base_msgs/share/drive_base_msgs/hook/cmake_prefix_path.dsv'
[0.977s] INFO:colcon.colcon_core.shell:Creating environment hook '/home/max/microros_ws4/install/drive_base_msgs/share/drive_base_msgs/hook/cmake_prefix_path.sh'
[0.978s] Level 1:colcon.colcon_core.environment:checking '/home/max/microros_ws4/install/drive_base_msgs/lib'
[0.978s] Level 1:colcon.colcon_core.shell:create_environment_hook('drive_base_msgs', 'ld_library_path_lib')
[0.979s] INFO:colcon.colcon_core.shell:Creating environment hook '/home/max/microros_ws4/install/drive_base_msgs/share/drive_base_msgs/hook/ld_library_path_lib.ps1'
[0.980s] INFO:colcon.colcon_core.shell:Creating environment descriptor '/home/max/microros_ws4/install/drive_base_msgs/share/drive_base_msgs/hook/ld_library_path_lib.dsv'
[0.980s] INFO:colcon.colcon_core.shell:Creating environment hook '/home/max/microros_ws4/install/drive_base_msgs/share/drive_base_msgs/hook/ld_library_path_lib.sh'
[0.980s] Level 1:colcon.colcon_core.environment:checking '/home/max/microros_ws4/install/drive_base_msgs/bin'
[0.980s] Level 1:colcon.colcon_core.environment:checking '/home/max/microros_ws4/install/drive_base_msgs/lib/pkgconfig/drive_base_msgs.pc'
[0.980s] Level 1:colcon.colcon_core.environment:checking '/home/max/microros_ws4/install/drive_base_msgs/lib/python3.8/site-packages'
[0.980s] Level 1:colcon.colcon_core.shell:create_environment_hook('drive_base_msgs', 'pythonpath')
[0.982s] INFO:colcon.colcon_core.shell:Creating environment hook '/home/max/microros_ws4/install/drive_base_msgs/share/drive_base_msgs/hook/pythonpath.ps1'
[0.982s] INFO:colcon.colcon_core.shell:Creating environment descriptor '/home/max/microros_ws4/install/drive_base_msgs/share/drive_base_msgs/hook/pythonpath.dsv'
[0.983s] INFO:colcon.colcon_core.shell:Creating environment hook '/home/max/microros_ws4/install/drive_base_msgs/share/drive_base_msgs/hook/pythonpath.sh'
[0.983s] Level 1:colcon.colcon_core.environment:checking '/home/max/microros_ws4/install/drive_base_msgs/bin'
[0.984s] INFO:colcon.colcon_core.shell:Creating package script '/home/max/microros_ws4/install/drive_base_msgs/share/drive_base_msgs/package.ps1'
[0.985s] INFO:colcon.colcon_core.shell:Creating package descriptor '/home/max/microros_ws4/install/drive_base_msgs/share/drive_base_msgs/package.dsv'
[0.985s] INFO:colcon.colcon_core.shell:Creating package script '/home/max/microros_ws4/install/drive_base_msgs/share/drive_base_msgs/package.sh'
[0.985s] INFO:colcon.colcon_core.shell:Creating package script '/home/max/microros_ws4/install/drive_base_msgs/share/drive_base_msgs/package.bash'
[0.986s] INFO:colcon.colcon_core.shell:Creating package script '/home/max/microros_ws4/install/drive_base_msgs/share/drive_base_msgs/package.zsh'
[0.986s] Level 1:colcon.colcon_core.environment:create_file_with_runtime_dependencies(/home/max/microros_ws4/install/drive_base_msgs/share/colcon-core/packages/drive_base_msgs)
[1.077s] Level 1:colcon.colcon_core.environment:create_environment_scripts_only(drive_base_msgs)
[1.081s] Level 1:colcon.colcon_core.environment:checking '/home/max/microros_ws4/install/drive_base_msgs' for CMake module files
[1.082s] Level 1:colcon.colcon_core.environment:checking '/home/max/microros_ws4/install/drive_base_msgs' for CMake config files
[1.083s] Level 1:colcon.colcon_core.shell:create_environment_hook('drive_base_msgs', 'cmake_prefix_path')
[1.085s] INFO:colcon.colcon_core.shell:Creating environment hook '/home/max/microros_ws4/install/drive_base_msgs/share/drive_base_msgs/hook/cmake_prefix_path.ps1'
[1.085s] INFO:colcon.colcon_core.shell:Creating environment descriptor '/home/max/microros_ws4/install/drive_base_msgs/share/drive_base_msgs/hook/cmake_prefix_path.dsv'
[1.086s] INFO:colcon.colcon_core.shell:Creating environment hook '/home/max/microros_ws4/install/drive_base_msgs/share/drive_base_msgs/hook/cmake_prefix_path.sh'
[1.086s] Level 1:colcon.colcon_core.environment:checking '/home/max/microros_ws4/install/drive_base_msgs/lib'
[1.086s] Level 1:colcon.colcon_core.shell:create_environment_hook('drive_base_msgs', 'ld_library_path_lib')
[1.087s] INFO:colcon.colcon_core.shell:Creating environment hook '/home/max/microros_ws4/install/drive_base_msgs/share/drive_base_msgs/hook/ld_library_path_lib.ps1'
[1.088s] INFO:colcon.colcon_core.shell:Creating environment descriptor '/home/max/microros_ws4/install/drive_base_msgs/share/drive_base_msgs/hook/ld_library_path_lib.dsv'
[1.088s] INFO:colcon.colcon_core.shell:Creating environment hook '/home/max/microros_ws4/install/drive_base_msgs/share/drive_base_msgs/hook/ld_library_path_lib.sh'
[1.089s] Level 1:colcon.colcon_core.environment:checking '/home/max/microros_ws4/install/drive_base_msgs/bin'
[1.089s] Level 1:colcon.colcon_core.environment:checking '/home/max/microros_ws4/install/drive_base_msgs/lib/pkgconfig/drive_base_msgs.pc'
[1.089s] Level 1:colcon.colcon_core.environment:checking '/home/max/microros_ws4/install/drive_base_msgs/lib/python3.8/site-packages'
[1.089s] Level 1:colcon.colcon_core.shell:create_environment_hook('drive_base_msgs', 'pythonpath')
[1.090s] INFO:colcon.colcon_core.shell:Creating environment hook '/home/max/microros_ws4/install/drive_base_msgs/share/drive_base_msgs/hook/pythonpath.ps1'
[1.091s] INFO:colcon.colcon_core.shell:Creating environment descriptor '/home/max/microros_ws4/install/drive_base_msgs/share/drive_base_msgs/hook/pythonpath.dsv'
[1.091s] INFO:colcon.colcon_core.shell:Creating environment hook '/home/max/microros_ws4/install/drive_base_msgs/share/drive_base_msgs/hook/pythonpath.sh'
[1.091s] Level 1:colcon.colcon_core.environment:checking '/home/max/microros_ws4/install/drive_base_msgs/bin'
[1.093s] INFO:colcon.colcon_core.shell:Creating package script '/home/max/microros_ws4/install/drive_base_msgs/share/drive_base_msgs/package.ps1'
[1.094s] INFO:colcon.colcon_core.shell:Creating package descriptor '/home/max/microros_ws4/install/drive_base_msgs/share/drive_base_msgs/package.dsv'
[1.094s] INFO:colcon.colcon_core.shell:Creating package script '/home/max/microros_ws4/install/drive_base_msgs/share/drive_base_msgs/package.sh'
[1.094s] INFO:colcon.colcon_core.shell:Creating package script '/home/max/microros_ws4/install/drive_base_msgs/share/drive_base_msgs/package.bash'
[1.095s] INFO:colcon.colcon_core.shell:Creating package script '/home/max/microros_ws4/install/drive_base_msgs/share/drive_base_msgs/package.zsh'
[1.095s] Level 1:colcon.colcon_core.environment:create_file_with_runtime_dependencies(/home/max/microros_ws4/install/drive_base_msgs/share/colcon-core/packages/drive_base_msgs)
[1.380s] DEBUG:colcon.colcon_core.event_handler.log_command:Invoked command in '/home/max/microros_ws4/build/micro_ros_msgs' returned '0': CMAKE_PREFIX_PATH=${CMAKE_PREFIX_PATH}:/opt/ros/foxy /usr/bin/cmake /home/max/microros_ws4/src/uros/micro_ros_msgs -DCMAKE_INSTALL_PREFIX=/home/max/microros_ws4/install/micro_ros_msgs
[1.382s] DEBUG:colcon.colcon_core.event_handler.log_command:Invoking command in '/home/max/microros_ws4/build/micro_ros_msgs': CMAKE_PREFIX_PATH=${CMAKE_PREFIX_PATH}:/opt/ros/foxy /usr/bin/cmake --build /home/max/microros_ws4/build/micro_ros_msgs -- -j4 -l4
[1.676s] DEBUG:colcon.colcon_core.event_handler.log_command:Invoked command in '/home/max/microros_ws4/build/micro_ros_msgs' returned '0': CMAKE_PREFIX_PATH=${CMAKE_PREFIX_PATH}:/opt/ros/foxy /usr/bin/cmake --build /home/max/microros_ws4/build/micro_ros_msgs -- -j4 -l4
[1.759s] DEBUG:colcon.colcon_core.event_handler.log_command:Invoking command in '/home/max/microros_ws4/build/micro_ros_msgs': CMAKE_PREFIX_PATH=${CMAKE_PREFIX_PATH}:/opt/ros/foxy /usr/bin/cmake --install /home/max/microros_ws4/build/micro_ros_msgs
[1.832s] Level 1:colcon.colcon_core.environment:create_environment_scripts_only(micro_ros_msgs)
[1.834s] Level 1:colcon.colcon_core.environment:checking '/home/max/microros_ws4/install/micro_ros_msgs' for CMake module files
[1.835s] DEBUG:colcon.colcon_core.event_handler.log_command:Invoked command in '/home/max/microros_ws4/build/micro_ros_msgs' returned '0': CMAKE_PREFIX_PATH=${CMAKE_PREFIX_PATH}:/opt/ros/foxy /usr/bin/cmake --install /home/max/microros_ws4/build/micro_ros_msgs
[1.835s] Level 1:colcon.colcon_core.environment:checking '/home/max/microros_ws4/install/micro_ros_msgs' for CMake config files
[1.836s] Level 1:colcon.colcon_core.shell:create_environment_hook('micro_ros_msgs', 'cmake_prefix_path')
[1.837s] INFO:colcon.colcon_core.shell:Creating environment hook '/home/max/microros_ws4/install/micro_ros_msgs/share/micro_ros_msgs/hook/cmake_prefix_path.ps1'
[1.837s] INFO:colcon.colcon_core.shell:Creating environment descriptor '/home/max/microros_ws4/install/micro_ros_msgs/share/micro_ros_msgs/hook/cmake_prefix_path.dsv'
[1.837s] INFO:colcon.colcon_core.shell:Creating environment hook '/home/max/microros_ws4/install/micro_ros_msgs/share/micro_ros_msgs/hook/cmake_prefix_path.sh'
[1.838s] Level 1:colcon.colcon_core.environment:checking '/home/max/microros_ws4/install/micro_ros_msgs/lib'
[1.838s] Level 1:colcon.colcon_core.shell:create_environment_hook('micro_ros_msgs', 'ld_library_path_lib')
[1.839s] INFO:colcon.colcon_core.shell:Creating environment hook '/home/max/microros_ws4/install/micro_ros_msgs/share/micro_ros_msgs/hook/ld_library_path_lib.ps1'
[1.839s] INFO:colcon.colcon_core.shell:Creating environment descriptor '/home/max/microros_ws4/install/micro_ros_msgs/share/micro_ros_msgs/hook/ld_library_path_lib.dsv'
[1.840s] INFO:colcon.colcon_core.shell:Creating environment hook '/home/max/microros_ws4/install/micro_ros_msgs/share/micro_ros_msgs/hook/ld_library_path_lib.sh'
[1.840s] Level 1:colcon.colcon_core.environment:checking '/home/max/microros_ws4/install/micro_ros_msgs/bin'
[1.840s] Level 1:colcon.colcon_core.environment:checking '/home/max/microros_ws4/install/micro_ros_msgs/lib/pkgconfig/micro_ros_msgs.pc'
[1.840s] Level 1:colcon.colcon_core.environment:checking '/home/max/microros_ws4/install/micro_ros_msgs/lib/python3.8/site-packages'
[1.840s] Level 1:colcon.colcon_core.shell:create_environment_hook('micro_ros_msgs', 'pythonpath')
[1.841s] INFO:colcon.colcon_core.shell:Creating environment hook '/home/max/microros_ws4/install/micro_ros_msgs/share/micro_ros_msgs/hook/pythonpath.ps1'
[1.842s] INFO:colcon.colcon_core.shell:Creating environment descriptor '/home/max/microros_ws4/install/micro_ros_msgs/share/micro_ros_msgs/hook/pythonpath.dsv'
[1.842s] INFO:colcon.colcon_core.shell:Creating environment hook '/home/max/microros_ws4/install/micro_ros_msgs/share/micro_ros_msgs/hook/pythonpath.sh'
[1.842s] Level 1:colcon.colcon_core.environment:checking '/home/max/microros_ws4/install/micro_ros_msgs/bin'
[1.843s] INFO:colcon.colcon_core.shell:Creating package script '/home/max/microros_ws4/install/micro_ros_msgs/share/micro_ros_msgs/package.ps1'
[1.844s] INFO:colcon.colcon_core.shell:Creating package descriptor '/home/max/microros_ws4/install/micro_ros_msgs/share/micro_ros_msgs/package.dsv'
[1.844s] INFO:colcon.colcon_core.shell:Creating package script '/home/max/microros_ws4/install/micro_ros_msgs/share/micro_ros_msgs/package.sh'
[1.844s] INFO:colcon.colcon_core.shell:Creating package script '/home/max/microros_ws4/install/micro_ros_msgs/share/micro_ros_msgs/package.bash'
[1.845s] INFO:colcon.colcon_core.shell:Creating package script '/home/max/microros_ws4/install/micro_ros_msgs/share/micro_ros_msgs/package.zsh'
[1.845s] Level 1:colcon.colcon_core.environment:create_file_with_runtime_dependencies(/home/max/microros_ws4/install/micro_ros_msgs/share/colcon-core/packages/micro_ros_msgs)
[1.935s] Level 1:colcon.colcon_core.environment:create_environment_scripts_only(micro_ros_msgs)
[1.938s] Level 1:colcon.colcon_core.environment:checking '/home/max/microros_ws4/install/micro_ros_msgs' for CMake module files
[1.940s] Level 1:colcon.colcon_core.environment:checking '/home/max/microros_ws4/install/micro_ros_msgs' for CMake config files
[1.940s] Level 1:colcon.colcon_core.shell:create_environment_hook('micro_ros_msgs', 'cmake_prefix_path')
[1.942s] INFO:colcon.colcon_core.shell:Creating environment hook '/home/max/microros_ws4/install/micro_ros_msgs/share/micro_ros_msgs/hook/cmake_prefix_path.ps1'
[1.942s] INFO:colcon.colcon_core.shell:Creating environment descriptor '/home/max/microros_ws4/install/micro_ros_msgs/share/micro_ros_msgs/hook/cmake_prefix_path.dsv'
[1.942s] INFO:colcon.colcon_core.shell:Creating environment hook '/home/max/microros_ws4/install/micro_ros_msgs/share/micro_ros_msgs/hook/cmake_prefix_path.sh'
[1.943s] Level 1:colcon.colcon_core.environment:checking '/home/max/microros_ws4/install/micro_ros_msgs/lib'
[1.943s] Level 1:colcon.colcon_core.shell:create_environment_hook('micro_ros_msgs', 'ld_library_path_lib')
[1.944s] INFO:colcon.colcon_core.shell:Creating environment hook '/home/max/microros_ws4/install/micro_ros_msgs/share/micro_ros_msgs/hook/ld_library_path_lib.ps1'
[1.944s] INFO:colcon.colcon_core.shell:Creating environment descriptor '/home/max/microros_ws4/install/micro_ros_msgs/share/micro_ros_msgs/hook/ld_library_path_lib.dsv'
[1.944s] INFO:colcon.colcon_core.shell:Creating environment hook '/home/max/microros_ws4/install/micro_ros_msgs/share/micro_ros_msgs/hook/ld_library_path_lib.sh'
[1.945s] Level 1:colcon.colcon_core.environment:checking '/home/max/microros_ws4/install/micro_ros_msgs/bin'
[1.945s] Level 1:colcon.colcon_core.environment:checking '/home/max/microros_ws4/install/micro_ros_msgs/lib/pkgconfig/micro_ros_msgs.pc'
[1.945s] Level 1:colcon.colcon_core.environment:checking '/home/max/microros_ws4/install/micro_ros_msgs/lib/python3.8/site-packages'
[1.945s] Level 1:colcon.colcon_core.shell:create_environment_hook('micro_ros_msgs', 'pythonpath')
[1.946s] INFO:colcon.colcon_core.shell:Creating environment hook '/home/max/microros_ws4/install/micro_ros_msgs/share/micro_ros_msgs/hook/pythonpath.ps1'
[1.946s] INFO:colcon.colcon_core.shell:Creating environment descriptor '/home/max/microros_ws4/install/micro_ros_msgs/share/micro_ros_msgs/hook/pythonpath.dsv'
[1.947s] INFO:colcon.colcon_core.shell:Creating environment hook '/home/max/microros_ws4/install/micro_ros_msgs/share/micro_ros_msgs/hook/pythonpath.sh'
[1.947s] Level 1:colcon.colcon_core.environment:checking '/home/max/microros_ws4/install/micro_ros_msgs/bin'
[1.948s] INFO:colcon.colcon_core.shell:Creating package script '/home/max/microros_ws4/install/micro_ros_msgs/share/micro_ros_msgs/package.ps1'
[1.949s] INFO:colcon.colcon_core.shell:Creating package descriptor '/home/max/microros_ws4/install/micro_ros_msgs/share/micro_ros_msgs/package.dsv'
[1.949s] INFO:colcon.colcon_core.shell:Creating package script '/home/max/microros_ws4/install/micro_ros_msgs/share/micro_ros_msgs/package.sh'
[1.949s] INFO:colcon.colcon_core.shell:Creating package script '/home/max/microros_ws4/install/micro_ros_msgs/share/micro_ros_msgs/package.bash'
[1.950s] INFO:colcon.colcon_core.shell:Creating package script '/home/max/microros_ws4/install/micro_ros_msgs/share/micro_ros_msgs/package.zsh'
[1.950s] Level 1:colcon.colcon_core.environment:create_file_with_runtime_dependencies(/home/max/microros_ws4/install/micro_ros_msgs/share/colcon-core/packages/micro_ros_msgs)
[1.950s] INFO:colcon.colcon_ros.task.ament_cmake.build:Building ROS package in '/home/max/microros_ws4/src/uros/micro-ROS-Agent/micro_ros_agent' with build type 'ament_cmake'
[1.951s] INFO:colcon.colcon_cmake.task.cmake.build:Building CMake package in '/home/max/microros_ws4/src/uros/micro-ROS-Agent/micro_ros_agent'
[1.952s] INFO:colcon.colcon_core.shell:Skip shell extension 'powershell' for command environment: Not usable outside of PowerShell
[1.952s] DEBUG:colcon.colcon_core.shell:Skip shell extension 'dsv' for command environment
[1.970s] DEBUG:colcon.colcon_core.event_handler.log_command:Invoking command in '/home/max/microros_ws4/build/micro_ros_agent': CMAKE_PREFIX_PATH=/home/max/microros_ws4/install/micro_ros_msgs:/home/max/microros_ws4/install/micro_ros_setup:/home/max/microros_ws4/install/micro_ros_agent:/home/max/microros_ws4/install/drive_base_msgs:/opt/ros/foxy LD_LIBRARY_PATH=/home/max/microros_ws4/install/micro_ros_msgs/lib:/home/max/microros_ws4/install/micro_ros_agent/lib:/home/max/microros_ws4/install/drive_base_msgs/lib:/opt/ros/foxy/opt/yaml_cpp_vendor/lib:/opt/ros/foxy/opt/rviz_ogre_vendor/lib:/opt/ros/foxy/lib/x86_64-linux-gnu:/opt/ros/foxy/lib /usr/bin/cmake /home/max/microros_ws4/src/uros/micro-ROS-Agent/micro_ros_agent -DCMAKE_INSTALL_PREFIX=/home/max/microros_ws4/install/micro_ros_agent
[2.521s] DEBUG:colcon.colcon_core.event_handler.log_command:Invoked command in '/home/max/microros_ws4/build/micro_ros_agent' returned '0': CMAKE_PREFIX_PATH=/home/max/microros_ws4/install/micro_ros_msgs:/home/max/microros_ws4/install/micro_ros_setup:/home/max/microros_ws4/install/micro_ros_agent:/home/max/microros_ws4/install/drive_base_msgs:/opt/ros/foxy LD_LIBRARY_PATH=/home/max/microros_ws4/install/micro_ros_msgs/lib:/home/max/microros_ws4/install/micro_ros_agent/lib:/home/max/microros_ws4/install/drive_base_msgs/lib:/opt/ros/foxy/opt/yaml_cpp_vendor/lib:/opt/ros/foxy/opt/rviz_ogre_vendor/lib:/opt/ros/foxy/lib/x86_64-linux-gnu:/opt/ros/foxy/lib /usr/bin/cmake /home/max/microros_ws4/src/uros/micro-ROS-Agent/micro_ros_agent -DCMAKE_INSTALL_PREFIX=/home/max/microros_ws4/install/micro_ros_agent
[2.524s] DEBUG:colcon.colcon_core.event_handler.log_command:Invoking command in '/home/max/microros_ws4/build/micro_ros_agent': CMAKE_PREFIX_PATH=/home/max/microros_ws4/install/micro_ros_msgs:/home/max/microros_ws4/install/micro_ros_setup:/home/max/microros_ws4/install/micro_ros_agent:/home/max/microros_ws4/install/drive_base_msgs:/opt/ros/foxy LD_LIBRARY_PATH=/home/max/microros_ws4/install/micro_ros_msgs/lib:/home/max/microros_ws4/install/micro_ros_agent/lib:/home/max/microros_ws4/install/drive_base_msgs/lib:/opt/ros/foxy/opt/yaml_cpp_vendor/lib:/opt/ros/foxy/opt/rviz_ogre_vendor/lib:/opt/ros/foxy/lib/x86_64-linux-gnu:/opt/ros/foxy/lib /usr/bin/cmake --build /home/max/microros_ws4/build/micro_ros_agent -- -j4 -l4
[2.641s] DEBUG:colcon.colcon_core.event_handler.log_command:Invoked command in '/home/max/microros_ws4/build/micro_ros_agent' returned '0': CMAKE_PREFIX_PATH=/home/max/microros_ws4/install/micro_ros_msgs:/home/max/microros_ws4/install/micro_ros_setup:/home/max/microros_ws4/install/micro_ros_agent:/home/max/microros_ws4/install/drive_base_msgs:/opt/ros/foxy LD_LIBRARY_PATH=/home/max/microros_ws4/install/micro_ros_msgs/lib:/home/max/microros_ws4/install/micro_ros_agent/lib:/home/max/microros_ws4/install/drive_base_msgs/lib:/opt/ros/foxy/opt/yaml_cpp_vendor/lib:/opt/ros/foxy/opt/rviz_ogre_vendor/lib:/opt/ros/foxy/lib/x86_64-linux-gnu:/opt/ros/foxy/lib /usr/bin/cmake --build /home/max/microros_ws4/build/micro_ros_agent -- -j4 -l4
[2.680s] DEBUG:colcon.colcon_core.event_handler.log_command:Invoking command in '/home/max/microros_ws4/build/micro_ros_agent': CMAKE_PREFIX_PATH=/home/max/microros_ws4/install/micro_ros_msgs:/home/max/microros_ws4/install/micro_ros_setup:/home/max/microros_ws4/install/micro_ros_agent:/home/max/microros_ws4/install/drive_base_msgs:/opt/ros/foxy LD_LIBRARY_PATH=/home/max/microros_ws4/install/micro_ros_msgs/lib:/home/max/microros_ws4/install/micro_ros_agent/lib:/home/max/microros_ws4/install/drive_base_msgs/lib:/opt/ros/foxy/opt/yaml_cpp_vendor/lib:/opt/ros/foxy/opt/rviz_ogre_vendor/lib:/opt/ros/foxy/lib/x86_64-linux-gnu:/opt/ros/foxy/lib /usr/bin/cmake --install /home/max/microros_ws4/build/micro_ros_agent
[2.695s] Level 1:colcon.colcon_core.environment:create_environment_scripts_only(micro_ros_agent)
[2.700s] Level 1:colcon.colcon_core.environment:checking '/home/max/microros_ws4/install/micro_ros_agent' for CMake module files
[2.701s] DEBUG:colcon.colcon_core.event_handler.log_command:Invoked command in '/home/max/microros_ws4/build/micro_ros_agent' returned '0': CMAKE_PREFIX_PATH=/home/max/microros_ws4/install/micro_ros_msgs:/home/max/microros_ws4/install/micro_ros_setup:/home/max/microros_ws4/install/micro_ros_agent:/home/max/microros_ws4/install/drive_base_msgs:/opt/ros/foxy LD_LIBRARY_PATH=/home/max/microros_ws4/install/micro_ros_msgs/lib:/home/max/microros_ws4/install/micro_ros_agent/lib:/home/max/microros_ws4/install/drive_base_msgs/lib:/opt/ros/foxy/opt/yaml_cpp_vendor/lib:/opt/ros/foxy/opt/rviz_ogre_vendor/lib:/opt/ros/foxy/lib/x86_64-linux-gnu:/opt/ros/foxy/lib /usr/bin/cmake --install /home/max/microros_ws4/build/micro_ros_agent
[2.701s] Level 1:colcon.colcon_core.environment:checking '/home/max/microros_ws4/install/micro_ros_agent' for CMake config files
[2.702s] Level 1:colcon.colcon_core.shell:create_environment_hook('micro_ros_agent', 'cmake_prefix_path')
[2.703s] INFO:colcon.colcon_core.shell:Creating environment hook '/home/max/microros_ws4/install/micro_ros_agent/share/micro_ros_agent/hook/cmake_prefix_path.ps1'
[2.703s] INFO:colcon.colcon_core.shell:Creating environment descriptor '/home/max/microros_ws4/install/micro_ros_agent/share/micro_ros_agent/hook/cmake_prefix_path.dsv'
[2.703s] INFO:colcon.colcon_core.shell:Creating environment hook '/home/max/microros_ws4/install/micro_ros_agent/share/micro_ros_agent/hook/cmake_prefix_path.sh'
[2.704s] Level 1:colcon.colcon_core.environment:checking '/home/max/microros_ws4/install/micro_ros_agent/lib'
[2.704s] Level 1:colcon.colcon_core.shell:create_environment_hook('micro_ros_agent', 'ld_library_path_lib')
[2.705s] INFO:colcon.colcon_core.shell:Creating environment hook '/home/max/microros_ws4/install/micro_ros_agent/share/micro_ros_agent/hook/ld_library_path_lib.ps1'
[2.706s] INFO:colcon.colcon_core.shell:Creating environment descriptor '/home/max/microros_ws4/install/micro_ros_agent/share/micro_ros_agent/hook/ld_library_path_lib.dsv'
[2.706s] INFO:colcon.colcon_core.shell:Creating environment hook '/home/max/microros_ws4/install/micro_ros_agent/share/micro_ros_agent/hook/ld_library_path_lib.sh'
[2.706s] Level 1:colcon.colcon_core.environment:checking '/home/max/microros_ws4/install/micro_ros_agent/bin'
[2.706s] Level 1:colcon.colcon_core.environment:checking '/home/max/microros_ws4/install/micro_ros_agent/lib/pkgconfig/micro_ros_agent.pc'
[2.706s] Level 1:colcon.colcon_core.environment:checking '/home/max/microros_ws4/install/micro_ros_agent/lib/python3.8/site-packages'
[2.706s] Level 1:colcon.colcon_core.environment:checking '/home/max/microros_ws4/install/micro_ros_agent/bin'
[2.708s] INFO:colcon.colcon_core.shell:Creating package script '/home/max/microros_ws4/install/micro_ros_agent/share/micro_ros_agent/package.ps1'
[2.708s] INFO:colcon.colcon_core.shell:Creating package descriptor '/home/max/microros_ws4/install/micro_ros_agent/share/micro_ros_agent/package.dsv'
[2.708s] INFO:colcon.colcon_core.shell:Creating package script '/home/max/microros_ws4/install/micro_ros_agent/share/micro_ros_agent/package.sh'
[2.709s] INFO:colcon.colcon_core.shell:Creating package script '/home/max/microros_ws4/install/micro_ros_agent/share/micro_ros_agent/package.bash'
[2.710s] INFO:colcon.colcon_core.shell:Creating package script '/home/max/microros_ws4/install/micro_ros_agent/share/micro_ros_agent/package.zsh'
[2.710s] Level 1:colcon.colcon_core.environment:create_file_with_runtime_dependencies(/home/max/microros_ws4/install/micro_ros_agent/share/colcon-core/packages/micro_ros_agent)
[2.757s] Level 1:colcon.colcon_core.environment:create_environment_scripts_only(micro_ros_agent)
[2.760s] Level 1:colcon.colcon_core.environment:checking '/home/max/microros_ws4/install/micro_ros_agent' for CMake module files
[2.761s] Level 1:colcon.colcon_core.environment:checking '/home/max/microros_ws4/install/micro_ros_agent' for CMake config files
[2.763s] Level 1:colcon.colcon_core.shell:create_environment_hook('micro_ros_agent', 'cmake_prefix_path')
[2.765s] INFO:colcon.colcon_core.shell:Creating environment hook '/home/max/microros_ws4/install/micro_ros_agent/share/micro_ros_agent/hook/cmake_prefix_path.ps1'
[2.765s] INFO:colcon.colcon_core.shell:Creating environment descriptor '/home/max/microros_ws4/install/micro_ros_agent/share/micro_ros_agent/hook/cmake_prefix_path.dsv'
[2.765s] INFO:colcon.colcon_core.shell:Creating environment hook '/home/max/microros_ws4/install/micro_ros_agent/share/micro_ros_agent/hook/cmake_prefix_path.sh'
[2.766s] Level 1:colcon.colcon_core.environment:checking '/home/max/microros_ws4/install/micro_ros_agent/lib'
[2.766s] Level 1:colcon.colcon_core.shell:create_environment_hook('micro_ros_agent', 'ld_library_path_lib')
[2.767s] INFO:colcon.colcon_core.shell:Creating environment hook '/home/max/microros_ws4/install/micro_ros_agent/share/micro_ros_agent/hook/ld_library_path_lib.ps1'
[2.767s] INFO:colcon.colcon_core.shell:Creating environment descriptor '/home/max/microros_ws4/install/micro_ros_agent/share/micro_ros_agent/hook/ld_library_path_lib.dsv'
[2.767s] INFO:colcon.colcon_core.shell:Creating environment hook '/home/max/microros_ws4/install/micro_ros_agent/share/micro_ros_agent/hook/ld_library_path_lib.sh'
[2.768s] Level 1:colcon.colcon_core.environment:checking '/home/max/microros_ws4/install/micro_ros_agent/bin'
[2.768s] Level 1:colcon.colcon_core.environment:checking '/home/max/microros_ws4/install/micro_ros_agent/lib/pkgconfig/micro_ros_agent.pc'
[2.768s] Level 1:colcon.colcon_core.environment:checking '/home/max/microros_ws4/install/micro_ros_agent/lib/python3.8/site-packages'
[2.768s] Level 1:colcon.colcon_core.environment:checking '/home/max/microros_ws4/install/micro_ros_agent/bin'
[2.769s] INFO:colcon.colcon_core.shell:Creating package script '/home/max/microros_ws4/install/micro_ros_agent/share/micro_ros_agent/package.ps1'
[2.770s] INFO:colcon.colcon_core.shell:Creating package descriptor '/home/max/microros_ws4/install/micro_ros_agent/share/micro_ros_agent/package.dsv'
[2.770s] INFO:colcon.colcon_core.shell:Creating package script '/home/max/microros_ws4/install/micro_ros_agent/share/micro_ros_agent/package.sh'
[2.771s] INFO:colcon.colcon_core.shell:Creating package script '/home/max/microros_ws4/install/micro_ros_agent/share/micro_ros_agent/package.bash'
[2.771s] INFO:colcon.colcon_core.shell:Creating package script '/home/max/microros_ws4/install/micro_ros_agent/share/micro_ros_agent/package.zsh'
[2.771s] Level 1:colcon.colcon_core.environment:create_file_with_runtime_dependencies(/home/max/microros_ws4/install/micro_ros_agent/share/colcon-core/packages/micro_ros_agent)
[2.771s] DEBUG:colcon.colcon_parallel_executor.executor.parallel:closing loop
[2.772s] DEBUG:colcon.colcon_parallel_executor.executor.parallel:loop closed
[2.772s] DEBUG:colcon.colcon_parallel_executor.executor.parallel:run_until_complete finished with '0'
[2.772s] DEBUG:colcon.colcon_core.event_reactor:joining thread
[2.780s] INFO:colcon.colcon_core.plugin_system:Skipping extension 'colcon_notification.desktop_notification.terminal_notifier': Not used on non-Darwin systems
[2.780s] INFO:colcon.colcon_core.plugin_system:Skipping extension 'colcon_notification.desktop_notification.win32': Not used on non-Windows systems
[2.780s] INFO:colcon.colcon_notification.desktop_notification:Sending desktop notification using 'notify2'
[2.784s] DEBUG:colcon.colcon_core.event_reactor:joined thread
[2.786s] INFO:colcon.colcon_core.shell:Creating prefix script '/home/max/microros_ws4/install/local_setup.ps1'
[2.788s] INFO:colcon.colcon_core.shell:Creating prefix util module '/home/max/microros_ws4/install/_local_setup_util_ps1.py'
[2.790s] INFO:colcon.colcon_core.shell:Creating prefix chain script '/home/max/microros_ws4/install/setup.ps1'
[2.792s] INFO:colcon.colcon_core.shell:Creating prefix script '/home/max/microros_ws4/install/local_setup.sh'
[2.792s] INFO:colcon.colcon_core.shell:Creating prefix util module '/home/max/microros_ws4/install/_local_setup_util_sh.py'
[2.793s] INFO:colcon.colcon_core.shell:Creating prefix chain script '/home/max/microros_ws4/install/setup.sh'
[2.795s] INFO:colcon.colcon_core.shell:Creating prefix script '/home/max/microros_ws4/install/local_setup.bash'
[2.795s] INFO:colcon.colcon_core.shell:Creating prefix chain script '/home/max/microros_ws4/install/setup.bash'
[2.796s] INFO:colcon.colcon_core.shell:Creating prefix script '/home/max/microros_ws4/install/local_setup.zsh'
[2.797s] INFO:colcon.colcon_core.shell:Creating prefix chain script '/home/max/microros_ws4/install/setup.zsh'
