[0.025s] Invoking command in '/home/max/microros_ws4/build/micro_ros_msgs': CMAKE_PREFIX_PATH=${CMAKE_PREFIX_PATH}:/opt/ros/foxy /usr/bin/cmake /home/max/microros_ws4/src/uros/micro_ros_msgs -DUAGENT_BUILD_EXECUTABLE=OFF -DUAGENT_P2P_PROFILE=OFF --no-warn-unused-cli -DCMAKE_INSTALL_PREFIX=/home/max/microros_ws4/install/micro_ros_msgs
[0.035s] Not searching for unused variables given on the command line.
[0.103s] -- The C compiler identification is GNU 9.4.0
[0.165s] -- The CXX compiler identification is GNU 9.4.0
[0.172s] -- Check for working C compiler: /usr/bin/cc
[0.265s] -- Check for working C compiler: /usr/bin/cc -- works
[0.266s] -- Detecting C compiler ABI info
[0.341s] -- Detecting C compiler ABI info - done
[0.359s] -- Detecting C compile features
[0.359s] -- Detecting C compile features - done
[0.361s] -- Check for working CXX compiler: /usr/bin/c++
[0.450s] -- Check for working CXX compiler: /usr/bin/c++ -- works
[0.452s] -- Detecting CXX compiler ABI info
[0.550s] -- Detecting CXX compiler ABI info - done
[0.563s] -- Detecting CXX compile features
[0.563s] -- Detecting CXX compile features - done
[0.570s] -- Found ament_cmake: 0.9.11 (/opt/ros/foxy/share/ament_cmake/cmake)
[0.600s] -- Found PythonInterp: /usr/bin/python3 (found suitable version "3.8.10", minimum required is "3") 
[0.601s] -- Using PYTHON_EXECUTABLE: /usr/bin/python3
[0.810s] -- Found rosidl_default_generators: 1.0.1 (/opt/ros/foxy/share/rosidl_default_generators/cmake)
[0.819s] -- Using all available rosidl_typesupport_c: rosidl_typesupport_fastrtps_c;rosidl_typesupport_introspection_c
[0.828s] -- Found rosidl_adapter: 1.3.0 (/opt/ros/foxy/share/rosidl_adapter/cmake)
[0.990s] -- Found OpenSSL: /usr/lib/x86_64-linux-gnu/libcrypto.so (found version "1.1.1f")  
[1.017s] -- Found FastRTPS: /opt/ros/foxy/include  
[1.100s] -- Using all available rosidl_typesupport_cpp: rosidl_typesupport_fastrtps_cpp;rosidl_typesupport_introspection_cpp
[1.131s] -- Found ament_lint_auto: 0.9.8 (/opt/ros/foxy/share/ament_lint_auto/cmake)
[1.259s] -- Found PythonInterp: /usr/bin/python3 (found version "3.8.10") 
[1.328s] -- Found ament_cmake_ros: 0.9.2 (/opt/ros/foxy/share/ament_cmake_ros/cmake)
[1.423s] -- Using all available rosidl_typesupport_c: rosidl_typesupport_fastrtps_c;rosidl_typesupport_introspection_c
[1.430s] -- Using all available rosidl_typesupport_cpp: rosidl_typesupport_fastrtps_cpp;rosidl_typesupport_introspection_cpp
[1.457s] -- Found PythonInterp: /usr/bin/python3 (found suitable version "3.8.10", minimum required is "3.5") 
[1.461s] -- Found python_cmake_module: 0.8.1 (/opt/ros/foxy/share/python_cmake_module/cmake)
[1.501s] -- Found PythonLibs: /usr/lib/x86_64-linux-gnu/libpython3.8.so (found suitable version "3.8.10", minimum required is "3.5") 
[1.501s] -- Using PYTHON_EXECUTABLE: /usr/bin/python3
[1.501s] -- Using PYTHON_INCLUDE_DIRS: /usr/include/python3.8
[1.501s] -- Using PYTHON_LIBRARIES: /usr/lib/x86_64-linux-gnu/libpython3.8.so
[1.529s] -- Found PythonExtra: .so  
[1.579s] -- Added test 'copyright' to check source files copyright and LICENSE
[1.588s] -- Added test 'lint_cmake' to check CMake code style
[1.593s] -- Added test 'xmllint' to check XML markup files
[1.600s] -- Configuring done
[1.628s] -- Generating done
[1.630s] -- Build files have been written to: /home/max/microros_ws4/build/micro_ros_msgs
[1.642s] Invoked command in '/home/max/microros_ws4/build/micro_ros_msgs' returned '0': CMAKE_PREFIX_PATH=${CMAKE_PREFIX_PATH}:/opt/ros/foxy /usr/bin/cmake /home/max/microros_ws4/src/uros/micro_ros_msgs -DUAGENT_BUILD_EXECUTABLE=OFF -DUAGENT_P2P_PROFILE=OFF --no-warn-unused-cli -DCMAKE_INSTALL_PREFIX=/home/max/microros_ws4/install/micro_ros_msgs
[1.644s] Invoking command in '/home/max/microros_ws4/build/micro_ros_msgs': CMAKE_PREFIX_PATH=${CMAKE_PREFIX_PATH}:/opt/ros/foxy /usr/bin/cmake --build /home/max/microros_ws4/build/micro_ros_msgs -- -j4 -l4
[1.699s] [35m[1mScanning dependencies of target micro_ros_msgs__cpp[0m
[1.699s] [  2%] [34m[1mGenerating C code for ROS interfaces[0m
[1.714s] [  4%] [34m[1mGenerating C++ code for ROS interfaces[0m
[2.052s] [  4%] Built target micro_ros_msgs__cpp
[2.063s] [  6%] [34m[1mGenerating C++ introspection for ROS interfaces[0m
[2.071s] [  8%] [34m[1mGenerating C++ type support for eProsima Fast-RTPS[0m
[2.185s] [35m[1mScanning dependencies of target micro_ros_msgs__rosidl_generator_c[0m
[2.186s] [ 10%] [34m[1mGenerating C++ type support dispatch for ROS interfaces[0m
[2.218s] [ 12%] [32mBuilding C object CMakeFiles/micro_ros_msgs__rosidl_generator_c.dir/rosidl_generator_c/micro_ros_msgs/msg/detail/graph__functions.c.o[0m
[2.353s] [ 14%] [32mBuilding C object CMakeFiles/micro_ros_msgs__rosidl_generator_c.dir/rosidl_generator_c/micro_ros_msgs/msg/detail/node__functions.c.o[0m
[2.419s] [ 17%] [32mBuilding C object CMakeFiles/micro_ros_msgs__rosidl_generator_c.dir/rosidl_generator_c/micro_ros_msgs/msg/detail/entity__functions.c.o[0m
[2.440s] [35m[1mScanning dependencies of target micro_ros_msgs__rosidl_typesupport_introspection_cpp[0m
[2.456s] [ 19%] [32mBuilding CXX object CMakeFiles/micro_ros_msgs__rosidl_typesupport_introspection_cpp.dir/rosidl_typesupport_introspection_cpp/micro_ros_msgs/msg/detail/graph__type_support.cpp.o[0m
[2.471s] [ 21%] [32m[1mLinking C shared library libmicro_ros_msgs__rosidl_generator_c.so[0m
[2.518s] [ 21%] Built target micro_ros_msgs__rosidl_generator_c
[2.521s] [35m[1mScanning dependencies of target micro_ros_msgs__rosidl_typesupport_fastrtps_cpp[0m
[2.530s] [ 23%] [34m[1mGenerating C type support dispatch for ROS interfaces[0m
[2.551s] [ 25%] [32mBuilding CXX object CMakeFiles/micro_ros_msgs__rosidl_typesupport_fastrtps_cpp.dir/rosidl_typesupport_fastrtps_cpp/micro_ros_msgs/msg/detail/dds_fastrtps/graph__type_support.cpp.o[0m
[2.581s] [35m[1mScanning dependencies of target micro_ros_msgs__rosidl_typesupport_cpp[0m
[2.596s] [ 27%] [32mBuilding CXX object CMakeFiles/micro_ros_msgs__rosidl_typesupport_cpp.dir/rosidl_typesupport_cpp/micro_ros_msgs/msg/graph__type_support.cpp.o[0m
[2.869s] [ 29%] [32mBuilding CXX object CMakeFiles/micro_ros_msgs__rosidl_typesupport_introspection_cpp.dir/rosidl_typesupport_introspection_cpp/micro_ros_msgs/msg/detail/node__type_support.cpp.o[0m
[2.869s] [35m[1mScanning dependencies of target micro_ros_msgs__rosidl_typesupport_c[0m
[2.887s] [ 31%] [32mBuilding CXX object CMakeFiles/micro_ros_msgs__rosidl_typesupport_c.dir/rosidl_typesupport_c/micro_ros_msgs/msg/graph__type_support.cpp.o[0m
[2.896s] [ 34%] [32mBuilding CXX object CMakeFiles/micro_ros_msgs__rosidl_typesupport_cpp.dir/rosidl_typesupport_cpp/micro_ros_msgs/msg/node__type_support.cpp.o[0m
[2.922s] [ 36%] [32mBuilding CXX object CMakeFiles/micro_ros_msgs__rosidl_typesupport_c.dir/rosidl_typesupport_c/micro_ros_msgs/msg/node__type_support.cpp.o[0m
[2.961s] [ 38%] [32mBuilding CXX object CMakeFiles/micro_ros_msgs__rosidl_typesupport_c.dir/rosidl_typesupport_c/micro_ros_msgs/msg/entity__type_support.cpp.o[0m
[3.009s] [ 40%] [32m[1mLinking CXX shared library libmicro_ros_msgs__rosidl_typesupport_c.so[0m
[3.078s] [ 40%] Built target micro_ros_msgs__rosidl_typesupport_c
[3.095s] [ 42%] [34m[1mGenerating C introspection for ROS interfaces[0m
[3.141s] [ 44%] [32mBuilding CXX object CMakeFiles/micro_ros_msgs__rosidl_typesupport_fastrtps_cpp.dir/rosidl_typesupport_fastrtps_cpp/micro_ros_msgs/msg/detail/dds_fastrtps/node__type_support.cpp.o[0m
[3.224s] [ 46%] [32mBuilding CXX object CMakeFiles/micro_ros_msgs__rosidl_typesupport_cpp.dir/rosidl_typesupport_cpp/micro_ros_msgs/msg/entity__type_support.cpp.o[0m
[3.292s] [ 48%] [32mBuilding CXX object CMakeFiles/micro_ros_msgs__rosidl_typesupport_introspection_cpp.dir/rosidl_typesupport_introspection_cpp/micro_ros_msgs/msg/detail/entity__type_support.cpp.o[0m
[3.511s] [35m[1mScanning dependencies of target micro_ros_msgs__rosidl_typesupport_introspection_c[0m
[3.542s] [ 51%] [32mBuilding C object CMakeFiles/micro_ros_msgs__rosidl_typesupport_introspection_c.dir/rosidl_typesupport_introspection_c/micro_ros_msgs/msg/detail/graph__type_support.c.o[0m
[3.546s] [ 53%] [32m[1mLinking CXX shared library libmicro_ros_msgs__rosidl_typesupport_cpp.so[0m
[3.593s] [ 55%] [32mBuilding C object CMakeFiles/micro_ros_msgs__rosidl_typesupport_introspection_c.dir/rosidl_typesupport_introspection_c/micro_ros_msgs/msg/detail/node__type_support.c.o[0m
[3.593s] [ 55%] Built target micro_ros_msgs__rosidl_typesupport_cpp
[3.608s] [ 57%] [32mBuilding CXX object CMakeFiles/micro_ros_msgs__rosidl_typesupport_fastrtps_cpp.dir/rosidl_typesupport_fastrtps_cpp/micro_ros_msgs/msg/detail/dds_fastrtps/entity__type_support.cpp.o[0m
[3.636s] [ 59%] [32mBuilding C object CMakeFiles/micro_ros_msgs__rosidl_typesupport_introspection_c.dir/rosidl_typesupport_introspection_c/micro_ros_msgs/msg/detail/entity__type_support.c.o[0m
[3.672s] [ 61%] [32m[1mLinking C shared library libmicro_ros_msgs__rosidl_typesupport_introspection_c.so[0m
[3.677s] [ 63%] [32m[1mLinking CXX shared library libmicro_ros_msgs__rosidl_typesupport_introspection_cpp.so[0m
[3.703s] [ 63%] Built target micro_ros_msgs__rosidl_typesupport_introspection_c
[3.787s] [ 63%] Built target micro_ros_msgs__rosidl_typesupport_introspection_cpp
[4.044s] [ 65%] [32m[1mLinking CXX shared library libmicro_ros_msgs__rosidl_typesupport_fastrtps_cpp.so[0m
[4.164s] [ 65%] Built target micro_ros_msgs__rosidl_typesupport_fastrtps_cpp
[4.175s] [ 68%] [34m[1mGenerating C type support for eProsima Fast-RTPS[0m
[4.476s] [35m[1mScanning dependencies of target micro_ros_msgs__rosidl_typesupport_fastrtps_c[0m
[4.503s] [ 70%] [32mBuilding CXX object CMakeFiles/micro_ros_msgs__rosidl_typesupport_fastrtps_c.dir/rosidl_typesupport_fastrtps_c/micro_ros_msgs/msg/detail/graph__type_support_c.cpp.o[0m
[4.508s] [ 72%] [32mBuilding CXX object CMakeFiles/micro_ros_msgs__rosidl_typesupport_fastrtps_c.dir/rosidl_typesupport_fastrtps_c/micro_ros_msgs/msg/detail/entity__type_support_c.cpp.o[0m
[4.508s] [ 74%] [32mBuilding CXX object CMakeFiles/micro_ros_msgs__rosidl_typesupport_fastrtps_c.dir/rosidl_typesupport_fastrtps_c/micro_ros_msgs/msg/detail/node__type_support_c.cpp.o[0m
[4.844s] [ 76%] [32m[1mLinking CXX shared library libmicro_ros_msgs__rosidl_typesupport_fastrtps_c.so[0m
[4.954s] [ 76%] Built target micro_ros_msgs__rosidl_typesupport_fastrtps_c
[4.972s] [35m[1mScanning dependencies of target micro_ros_msgs[0m
[4.988s] [ 76%] Built target micro_ros_msgs
[5.002s] [35m[1mScanning dependencies of target micro_ros_msgs__py[0m
[5.019s] [ 78%] [34m[1mGenerating Python code for ROS interfaces[0m
[5.578s] [ 78%] Built target micro_ros_msgs__py
[5.594s] [35m[1mScanning dependencies of target micro_ros_msgs__python[0m
[5.639s] [ 80%] [32mBuilding C object CMakeFiles/micro_ros_msgs__python.dir/rosidl_generator_py/micro_ros_msgs/msg/_graph_s.c.o[0m
[5.639s] [ 85%] [32mBuilding C object CMakeFiles/micro_ros_msgs__python.dir/rosidl_generator_py/micro_ros_msgs/msg/_node_s.c.o[0m
[5.640s] [ 85%] [32mBuilding C object CMakeFiles/micro_ros_msgs__python.dir/rosidl_generator_py/micro_ros_msgs/msg/_entity_s.c.o[0m
[5.744s] [ 87%] [32m[1mLinking C shared library rosidl_generator_py/micro_ros_msgs/libmicro_ros_msgs__python.so[0m
[5.800s] [ 87%] Built target micro_ros_msgs__python
[5.811s] [35m[1mScanning dependencies of target micro_ros_msgs__rosidl_typesupport_fastrtps_c__pyext[0m
[5.814s] [35m[1mScanning dependencies of target micro_ros_msgs__rosidl_typesupport_c__pyext[0m
[5.815s] [35m[1mScanning dependencies of target micro_ros_msgs__rosidl_typesupport_introspection_c__pyext[0m
[5.830s] [ 89%] [32mBuilding C object CMakeFiles/micro_ros_msgs__rosidl_typesupport_c__pyext.dir/rosidl_generator_py/micro_ros_msgs/_micro_ros_msgs_s.ep.rosidl_typesupport_c.c.o[0m
[5.834s] [ 93%] [32mBuilding C object CMakeFiles/micro_ros_msgs__rosidl_typesupport_introspection_c__pyext.dir/rosidl_generator_py/micro_ros_msgs/_micro_ros_msgs_s.ep.rosidl_typesupport_introspection_c.c.o[0m
[5.834s] [ 93%] [32mBuilding C object CMakeFiles/micro_ros_msgs__rosidl_typesupport_fastrtps_c__pyext.dir/rosidl_generator_py/micro_ros_msgs/_micro_ros_msgs_s.ep.rosidl_typesupport_fastrtps_c.c.o[0m
[5.917s] [ 95%] [32m[1mLinking C shared library rosidl_generator_py/micro_ros_msgs/micro_ros_msgs_s__rosidl_typesupport_introspection_c.cpython-38-x86_64-linux-gnu.so[0m
[5.921s] [100%] [32m[1mLinking CXX shared library rosidl_generator_py/micro_ros_msgs/micro_ros_msgs_s__rosidl_typesupport_fastrtps_c.cpython-38-x86_64-linux-gnu.so[0m
[5.921s] [100%] [32m[1mLinking C shared library rosidl_generator_py/micro_ros_msgs/micro_ros_msgs_s__rosidl_typesupport_c.cpython-38-x86_64-linux-gnu.so[0m
[5.956s] [100%] Built target micro_ros_msgs__rosidl_typesupport_c__pyext
[5.957s] [100%] Built target micro_ros_msgs__rosidl_typesupport_introspection_c__pyext
[5.992s] [100%] Built target micro_ros_msgs__rosidl_typesupport_fastrtps_c__pyext
[6.004s] Invoked command in '/home/max/microros_ws4/build/micro_ros_msgs' returned '0': CMAKE_PREFIX_PATH=${CMAKE_PREFIX_PATH}:/opt/ros/foxy /usr/bin/cmake --build /home/max/microros_ws4/build/micro_ros_msgs -- -j4 -l4
[6.123s] Invoking command in '/home/max/microros_ws4/build/micro_ros_msgs': CMAKE_PREFIX_PATH=${CMAKE_PREFIX_PATH}:/opt/ros/foxy /usr/bin/cmake --install /home/max/microros_ws4/build/micro_ros_msgs
[6.137s] -- Install configuration: ""
[6.137s] -- Installing: /home/max/microros_ws4/install/micro_ros_msgs/share/ament_index/resource_index/rosidl_interfaces/micro_ros_msgs
[6.137s] -- Installing: /home/max/microros_ws4/install/micro_ros_msgs/include/micro_ros_msgs
[6.137s] -- Installing: /home/max/microros_ws4/install/micro_ros_msgs/include/micro_ros_msgs/msg
[6.137s] -- Installing: /home/max/microros_ws4/install/micro_ros_msgs/include/micro_ros_msgs/msg/graph.h
[6.137s] -- Installing: /home/max/microros_ws4/install/micro_ros_msgs/include/micro_ros_msgs/msg/entity.h
[6.137s] -- Installing: /home/max/microros_ws4/install/micro_ros_msgs/include/micro_ros_msgs/msg/node.h
[6.137s] -- Installing: /home/max/microros_ws4/install/micro_ros_msgs/include/micro_ros_msgs/msg/detail
[6.138s] -- Installing: /home/max/microros_ws4/install/micro_ros_msgs/include/micro_ros_msgs/msg/detail/node__type_support.h
[6.138s] -- Installing: /home/max/microros_ws4/install/micro_ros_msgs/include/micro_ros_msgs/msg/detail/entity__struct.h
[6.138s] -- Installing: /home/max/microros_ws4/install/micro_ros_msgs/include/micro_ros_msgs/msg/detail/entity__functions.c
[6.138s] -- Installing: /home/max/microros_ws4/install/micro_ros_msgs/include/micro_ros_msgs/msg/detail/entity__functions.h
[6.138s] -- Installing: /home/max/microros_ws4/install/micro_ros_msgs/include/micro_ros_msgs/msg/detail/node__struct.h
[6.138s] -- Installing: /home/max/microros_ws4/install/micro_ros_msgs/include/micro_ros_msgs/msg/detail/entity__type_support.h
[6.139s] -- Installing: /home/max/microros_ws4/install/micro_ros_msgs/include/micro_ros_msgs/msg/detail/graph__functions.h
[6.139s] -- Installing: /home/max/microros_ws4/install/micro_ros_msgs/include/micro_ros_msgs/msg/detail/graph__functions.c
[6.139s] -- Installing: /home/max/microros_ws4/install/micro_ros_msgs/include/micro_ros_msgs/msg/detail/graph__type_support.h
[6.139s] -- Installing: /home/max/microros_ws4/install/micro_ros_msgs/include/micro_ros_msgs/msg/detail/graph__struct.h
[6.139s] -- Installing: /home/max/microros_ws4/install/micro_ros_msgs/include/micro_ros_msgs/msg/detail/node__functions.c
[6.139s] -- Installing: /home/max/microros_ws4/install/micro_ros_msgs/include/micro_ros_msgs/msg/detail/node__functions.h
[6.139s] -- Installing: /home/max/microros_ws4/install/micro_ros_msgs/include/micro_ros_msgs/msg/rosidl_generator_c__visibility_control.h
[6.139s] -- Installing: /home/max/microros_ws4/install/micro_ros_msgs/share/micro_ros_msgs/environment/library_path.sh
[6.140s] -- Installing: /home/max/microros_ws4/install/micro_ros_msgs/share/micro_ros_msgs/environment/library_path.dsv
[6.140s] -- Installing: /home/max/microros_ws4/install/micro_ros_msgs/lib/libmicro_ros_msgs__rosidl_generator_c.so
[6.140s] -- Set runtime path of "/home/max/microros_ws4/install/micro_ros_msgs/lib/libmicro_ros_msgs__rosidl_generator_c.so" to ""
[6.140s] -- Up-to-date: /home/max/microros_ws4/install/micro_ros_msgs/include/micro_ros_msgs
[6.140s] -- Up-to-date: /home/max/microros_ws4/install/micro_ros_msgs/include/micro_ros_msgs/msg
[6.140s] -- Installing: /home/max/microros_ws4/install/micro_ros_msgs/include/micro_ros_msgs/msg/rosidl_typesupport_fastrtps_c__visibility_control.h
[6.140s] -- Up-to-date: /home/max/microros_ws4/install/micro_ros_msgs/include/micro_ros_msgs/msg/detail
[6.140s] -- Installing: /home/max/microros_ws4/install/micro_ros_msgs/include/micro_ros_msgs/msg/detail/entity__rosidl_typesupport_fastrtps_c.h
[6.140s] -- Installing: /home/max/microros_ws4/install/micro_ros_msgs/include/micro_ros_msgs/msg/detail/graph__rosidl_typesupport_fastrtps_c.h
[6.141s] -- Installing: /home/max/microros_ws4/install/micro_ros_msgs/include/micro_ros_msgs/msg/detail/node__rosidl_typesupport_fastrtps_c.h
[6.141s] -- Installing: /home/max/microros_ws4/install/micro_ros_msgs/lib/libmicro_ros_msgs__rosidl_typesupport_fastrtps_c.so
[6.141s] -- Set runtime path of "/home/max/microros_ws4/install/micro_ros_msgs/lib/libmicro_ros_msgs__rosidl_typesupport_fastrtps_c.so" to ""
[6.141s] -- Up-to-date: /home/max/microros_ws4/install/micro_ros_msgs/include/micro_ros_msgs
[6.141s] -- Up-to-date: /home/max/microros_ws4/install/micro_ros_msgs/include/micro_ros_msgs/msg
[6.141s] -- Installing: /home/max/microros_ws4/install/micro_ros_msgs/include/micro_ros_msgs/msg/rosidl_typesupport_fastrtps_cpp__visibility_control.h
[6.141s] -- Up-to-date: /home/max/microros_ws4/install/micro_ros_msgs/include/micro_ros_msgs/msg/detail
[6.141s] -- Installing: /home/max/microros_ws4/install/micro_ros_msgs/include/micro_ros_msgs/msg/detail/entity__rosidl_typesupport_fastrtps_cpp.hpp
[6.142s] -- Installing: /home/max/microros_ws4/install/micro_ros_msgs/include/micro_ros_msgs/msg/detail/node__rosidl_typesupport_fastrtps_cpp.hpp
[6.142s] -- Installing: /home/max/microros_ws4/install/micro_ros_msgs/include/micro_ros_msgs/msg/detail/dds_fastrtps
[6.142s] -- Installing: /home/max/microros_ws4/install/micro_ros_msgs/include/micro_ros_msgs/msg/detail/graph__rosidl_typesupport_fastrtps_cpp.hpp
[6.142s] -- Installing: /home/max/microros_ws4/install/micro_ros_msgs/lib/libmicro_ros_msgs__rosidl_typesupport_fastrtps_cpp.so
[6.142s] -- Set runtime path of "/home/max/microros_ws4/install/micro_ros_msgs/lib/libmicro_ros_msgs__rosidl_typesupport_fastrtps_cpp.so" to ""
[6.142s] -- Up-to-date: /home/max/microros_ws4/install/micro_ros_msgs/include/micro_ros_msgs
[6.142s] -- Up-to-date: /home/max/microros_ws4/install/micro_ros_msgs/include/micro_ros_msgs/msg
[6.143s] -- Up-to-date: /home/max/microros_ws4/install/micro_ros_msgs/include/micro_ros_msgs/msg/detail
[6.143s] -- Installing: /home/max/microros_ws4/install/micro_ros_msgs/include/micro_ros_msgs/msg/detail/graph__type_support.c
[6.143s] -- Installing: /home/max/microros_ws4/install/micro_ros_msgs/include/micro_ros_msgs/msg/detail/node__type_support.c
[6.143s] -- Installing: /home/max/microros_ws4/install/micro_ros_msgs/include/micro_ros_msgs/msg/detail/graph__rosidl_typesupport_introspection_c.h
[6.143s] -- Installing: /home/max/microros_ws4/install/micro_ros_msgs/include/micro_ros_msgs/msg/detail/node__rosidl_typesupport_introspection_c.h
[6.143s] -- Installing: /home/max/microros_ws4/install/micro_ros_msgs/include/micro_ros_msgs/msg/detail/entity__type_support.c
[6.143s] -- Installing: /home/max/microros_ws4/install/micro_ros_msgs/include/micro_ros_msgs/msg/detail/entity__rosidl_typesupport_introspection_c.h
[6.143s] -- Installing: /home/max/microros_ws4/install/micro_ros_msgs/include/micro_ros_msgs/msg/rosidl_typesupport_introspection_c__visibility_control.h
[6.143s] -- Installing: /home/max/microros_ws4/install/micro_ros_msgs/lib/libmicro_ros_msgs__rosidl_typesupport_introspection_c.so
[6.144s] -- Set runtime path of "/home/max/microros_ws4/install/micro_ros_msgs/lib/libmicro_ros_msgs__rosidl_typesupport_introspection_c.so" to ""
[6.144s] -- Installing: /home/max/microros_ws4/install/micro_ros_msgs/lib/libmicro_ros_msgs__rosidl_typesupport_c.so
[6.144s] -- Set runtime path of "/home/max/microros_ws4/install/micro_ros_msgs/lib/libmicro_ros_msgs__rosidl_typesupport_c.so" to ""
[6.144s] -- Up-to-date: /home/max/microros_ws4/install/micro_ros_msgs/include/micro_ros_msgs
[6.144s] -- Up-to-date: /home/max/microros_ws4/install/micro_ros_msgs/include/micro_ros_msgs/msg
[6.144s] -- Installing: /home/max/microros_ws4/install/micro_ros_msgs/include/micro_ros_msgs/msg/entity.hpp
[6.144s] -- Up-to-date: /home/max/microros_ws4/install/micro_ros_msgs/include/micro_ros_msgs/msg/detail
[6.144s] -- Installing: /home/max/microros_ws4/install/micro_ros_msgs/include/micro_ros_msgs/msg/detail/graph__struct.hpp
[6.144s] -- Installing: /home/max/microros_ws4/install/micro_ros_msgs/include/micro_ros_msgs/msg/detail/node__struct.hpp
[6.144s] -- Installing: /home/max/microros_ws4/install/micro_ros_msgs/include/micro_ros_msgs/msg/detail/entity__traits.hpp
[6.145s] -- Installing: /home/max/microros_ws4/install/micro_ros_msgs/include/micro_ros_msgs/msg/detail/graph__builder.hpp
[6.145s] -- Installing: /home/max/microros_ws4/install/micro_ros_msgs/include/micro_ros_msgs/msg/detail/graph__traits.hpp
[6.145s] -- Installing: /home/max/microros_ws4/install/micro_ros_msgs/include/micro_ros_msgs/msg/detail/entity__struct.hpp
[6.145s] -- Installing: /home/max/microros_ws4/install/micro_ros_msgs/include/micro_ros_msgs/msg/detail/node__traits.hpp
[6.145s] -- Installing: /home/max/microros_ws4/install/micro_ros_msgs/include/micro_ros_msgs/msg/detail/entity__builder.hpp
[6.145s] -- Installing: /home/max/microros_ws4/install/micro_ros_msgs/include/micro_ros_msgs/msg/detail/node__builder.hpp
[6.145s] -- Installing: /home/max/microros_ws4/install/micro_ros_msgs/include/micro_ros_msgs/msg/node.hpp
[6.145s] -- Installing: /home/max/microros_ws4/install/micro_ros_msgs/include/micro_ros_msgs/msg/graph.hpp
[6.145s] -- Up-to-date: /home/max/microros_ws4/install/micro_ros_msgs/include/micro_ros_msgs
[6.146s] -- Up-to-date: /home/max/microros_ws4/install/micro_ros_msgs/include/micro_ros_msgs/msg
[6.146s] -- Up-to-date: /home/max/microros_ws4/install/micro_ros_msgs/include/micro_ros_msgs/msg/detail
[6.146s] -- Installing: /home/max/microros_ws4/install/micro_ros_msgs/include/micro_ros_msgs/msg/detail/node__type_support.cpp
[6.146s] -- Installing: /home/max/microros_ws4/install/micro_ros_msgs/include/micro_ros_msgs/msg/detail/graph__type_support.cpp
[6.146s] -- Installing: /home/max/microros_ws4/install/micro_ros_msgs/include/micro_ros_msgs/msg/detail/graph__rosidl_typesupport_introspection_cpp.hpp
[6.146s] -- Installing: /home/max/microros_ws4/install/micro_ros_msgs/include/micro_ros_msgs/msg/detail/node__rosidl_typesupport_introspection_cpp.hpp
[6.146s] -- Installing: /home/max/microros_ws4/install/micro_ros_msgs/include/micro_ros_msgs/msg/detail/entity__type_support.cpp
[6.146s] -- Installing: /home/max/microros_ws4/install/micro_ros_msgs/include/micro_ros_msgs/msg/detail/entity__rosidl_typesupport_introspection_cpp.hpp
[6.146s] -- Installing: /home/max/microros_ws4/install/micro_ros_msgs/lib/libmicro_ros_msgs__rosidl_typesupport_introspection_cpp.so
[6.146s] -- Set runtime path of "/home/max/microros_ws4/install/micro_ros_msgs/lib/libmicro_ros_msgs__rosidl_typesupport_introspection_cpp.so" to ""
[6.147s] -- Installing: /home/max/microros_ws4/install/micro_ros_msgs/lib/libmicro_ros_msgs__rosidl_typesupport_cpp.so
[6.147s] -- Set runtime path of "/home/max/microros_ws4/install/micro_ros_msgs/lib/libmicro_ros_msgs__rosidl_typesupport_cpp.so" to ""
[6.147s] -- Installing: /home/max/microros_ws4/install/micro_ros_msgs/share/micro_ros_msgs/environment/pythonpath.sh
[6.147s] -- Installing: /home/max/microros_ws4/install/micro_ros_msgs/share/micro_ros_msgs/environment/pythonpath.dsv
[6.147s] -- Installing: /home/max/microros_ws4/install/micro_ros_msgs/lib/python3.8/site-packages/micro_ros_msgs/__init__.py
[6.176s] Compiling '/home/max/microros_ws4/install/micro_ros_msgs/lib/python3.8/site-packages/micro_ros_msgs/__init__.py'...
[6.179s] -- Installing: /home/max/microros_ws4/install/micro_ros_msgs/lib/python3.8/site-packages/micro_ros_msgs/msg
[6.180s] -- Installing: /home/max/microros_ws4/install/micro_ros_msgs/lib/python3.8/site-packages/micro_ros_msgs/msg/_graph_s.c
[6.180s] -- Installing: /home/max/microros_ws4/install/micro_ros_msgs/lib/python3.8/site-packages/micro_ros_msgs/msg/_graph.py
[6.180s] -- Installing: /home/max/microros_ws4/install/micro_ros_msgs/lib/python3.8/site-packages/micro_ros_msgs/msg/_entity_s.c
[6.180s] -- Installing: /home/max/microros_ws4/install/micro_ros_msgs/lib/python3.8/site-packages/micro_ros_msgs/msg/_node_s.c
[6.180s] -- Installing: /home/max/microros_ws4/install/micro_ros_msgs/lib/python3.8/site-packages/micro_ros_msgs/msg/_node.py
[6.180s] -- Installing: /home/max/microros_ws4/install/micro_ros_msgs/lib/python3.8/site-packages/micro_ros_msgs/msg/_entity.py
[6.180s] -- Installing: /home/max/microros_ws4/install/micro_ros_msgs/lib/python3.8/site-packages/micro_ros_msgs/msg/__init__.py
[6.181s] -- Installing: /home/max/microros_ws4/install/micro_ros_msgs/lib/python3.8/site-packages/micro_ros_msgs/micro_ros_msgs_s__rosidl_typesupport_fastrtps_c.cpython-38-x86_64-linux-gnu.so
[6.182s] -- Set runtime path of "/home/max/microros_ws4/install/micro_ros_msgs/lib/python3.8/site-packages/micro_ros_msgs/micro_ros_msgs_s__rosidl_typesupport_fastrtps_c.cpython-38-x86_64-linux-gnu.so" to ""
[6.182s] -- Installing: /home/max/microros_ws4/install/micro_ros_msgs/lib/python3.8/site-packages/micro_ros_msgs/micro_ros_msgs_s__rosidl_typesupport_introspection_c.cpython-38-x86_64-linux-gnu.so
[6.183s] -- Set runtime path of "/home/max/microros_ws4/install/micro_ros_msgs/lib/python3.8/site-packages/micro_ros_msgs/micro_ros_msgs_s__rosidl_typesupport_introspection_c.cpython-38-x86_64-linux-gnu.so" to ""
[6.184s] -- Installing: /home/max/microros_ws4/install/micro_ros_msgs/lib/python3.8/site-packages/micro_ros_msgs/micro_ros_msgs_s__rosidl_typesupport_c.cpython-38-x86_64-linux-gnu.so
[6.184s] -- Set runtime path of "/home/max/microros_ws4/install/micro_ros_msgs/lib/python3.8/site-packages/micro_ros_msgs/micro_ros_msgs_s__rosidl_typesupport_c.cpython-38-x86_64-linux-gnu.so" to ""
[6.185s] -- Installing: /home/max/microros_ws4/install/micro_ros_msgs/lib/libmicro_ros_msgs__python.so
[6.185s] -- Set runtime path of "/home/max/microros_ws4/install/micro_ros_msgs/lib/libmicro_ros_msgs__python.so" to ""
[6.185s] -- Installing: /home/max/microros_ws4/install/micro_ros_msgs/share/micro_ros_msgs/msg/Graph.idl
[6.185s] -- Installing: /home/max/microros_ws4/install/micro_ros_msgs/share/micro_ros_msgs/msg/Node.idl
[6.186s] -- Installing: /home/max/microros_ws4/install/micro_ros_msgs/share/micro_ros_msgs/msg/Entity.idl
[6.186s] -- Installing: /home/max/microros_ws4/install/micro_ros_msgs/share/micro_ros_msgs/msg/Graph.msg
[6.186s] -- Installing: /home/max/microros_ws4/install/micro_ros_msgs/share/micro_ros_msgs/msg/Node.msg
[6.186s] -- Installing: /home/max/microros_ws4/install/micro_ros_msgs/share/micro_ros_msgs/msg/Entity.msg
[6.186s] -- Installing: /home/max/microros_ws4/install/micro_ros_msgs/share/ament_index/resource_index/package_run_dependencies/micro_ros_msgs
[6.187s] -- Installing: /home/max/microros_ws4/install/micro_ros_msgs/share/ament_index/resource_index/parent_prefix_path/micro_ros_msgs
[6.187s] -- Installing: /home/max/microros_ws4/install/micro_ros_msgs/share/micro_ros_msgs/environment/ament_prefix_path.sh
[6.188s] -- Installing: /home/max/microros_ws4/install/micro_ros_msgs/share/micro_ros_msgs/environment/ament_prefix_path.dsv
[6.188s] -- Installing: /home/max/microros_ws4/install/micro_ros_msgs/share/micro_ros_msgs/environment/path.sh
[6.188s] -- Installing: /home/max/microros_ws4/install/micro_ros_msgs/share/micro_ros_msgs/environment/path.dsv
[6.188s] -- Installing: /home/max/microros_ws4/install/micro_ros_msgs/share/micro_ros_msgs/local_setup.bash
[6.189s] -- Installing: /home/max/microros_ws4/install/micro_ros_msgs/share/micro_ros_msgs/local_setup.sh
[6.189s] -- Installing: /home/max/microros_ws4/install/micro_ros_msgs/share/micro_ros_msgs/local_setup.zsh
[6.189s] -- Installing: /home/max/microros_ws4/install/micro_ros_msgs/share/micro_ros_msgs/local_setup.dsv
[6.189s] -- Installing: /home/max/microros_ws4/install/micro_ros_msgs/share/micro_ros_msgs/package.dsv
[6.190s] -- Installing: /home/max/microros_ws4/install/micro_ros_msgs/share/ament_index/resource_index/packages/micro_ros_msgs
[6.190s] -- Installing: /home/max/microros_ws4/install/micro_ros_msgs/share/micro_ros_msgs/cmake/micro_ros_msgs__rosidl_generator_cExport.cmake
[6.190s] -- Installing: /home/max/microros_ws4/install/micro_ros_msgs/share/micro_ros_msgs/cmake/micro_ros_msgs__rosidl_generator_cExport-noconfig.cmake
[6.191s] -- Installing: /home/max/microros_ws4/install/micro_ros_msgs/share/micro_ros_msgs/cmake/micro_ros_msgs__rosidl_typesupport_introspection_cExport.cmake
[6.191s] -- Installing: /home/max/microros_ws4/install/micro_ros_msgs/share/micro_ros_msgs/cmake/micro_ros_msgs__rosidl_typesupport_introspection_cExport-noconfig.cmake
[6.191s] -- Installing: /home/max/microros_ws4/install/micro_ros_msgs/share/micro_ros_msgs/cmake/micro_ros_msgs__rosidl_typesupport_cExport.cmake
[6.191s] -- Installing: /home/max/microros_ws4/install/micro_ros_msgs/share/micro_ros_msgs/cmake/micro_ros_msgs__rosidl_typesupport_cExport-noconfig.cmake
[6.191s] -- Installing: /home/max/microros_ws4/install/micro_ros_msgs/share/micro_ros_msgs/cmake/micro_ros_msgs__rosidl_generator_cppExport.cmake
[6.191s] -- Installing: /home/max/microros_ws4/install/micro_ros_msgs/share/micro_ros_msgs/cmake/micro_ros_msgs__rosidl_typesupport_introspection_cppExport.cmake
[6.191s] -- Installing: /home/max/microros_ws4/install/micro_ros_msgs/share/micro_ros_msgs/cmake/micro_ros_msgs__rosidl_typesupport_introspection_cppExport-noconfig.cmake
[6.192s] -- Installing: /home/max/microros_ws4/install/micro_ros_msgs/share/micro_ros_msgs/cmake/micro_ros_msgs__rosidl_typesupport_cppExport.cmake
[6.192s] -- Installing: /home/max/microros_ws4/install/micro_ros_msgs/share/micro_ros_msgs/cmake/micro_ros_msgs__rosidl_typesupport_cppExport-noconfig.cmake
[6.192s] -- Installing: /home/max/microros_ws4/install/micro_ros_msgs/share/micro_ros_msgs/cmake/rosidl_cmake-extras.cmake
[6.192s] -- Installing: /home/max/microros_ws4/install/micro_ros_msgs/share/micro_ros_msgs/cmake/ament_cmake_export_dependencies-extras.cmake
[6.192s] -- Installing: /home/max/microros_ws4/install/micro_ros_msgs/share/micro_ros_msgs/cmake/ament_cmake_export_libraries-extras.cmake
[6.192s] -- Installing: /home/max/microros_ws4/install/micro_ros_msgs/share/micro_ros_msgs/cmake/ament_cmake_export_targets-extras.cmake
[6.192s] -- Installing: /home/max/microros_ws4/install/micro_ros_msgs/share/micro_ros_msgs/cmake/ament_cmake_export_include_directories-extras.cmake
[6.192s] -- Installing: /home/max/microros_ws4/install/micro_ros_msgs/share/micro_ros_msgs/cmake/rosidl_cmake_export_typesupport_libraries-extras.cmake
[6.193s] -- Installing: /home/max/microros_ws4/install/micro_ros_msgs/share/micro_ros_msgs/cmake/rosidl_cmake_export_typesupport_targets-extras.cmake
[6.193s] -- Installing: /home/max/microros_ws4/install/micro_ros_msgs/share/micro_ros_msgs/cmake/micro_ros_msgsConfig.cmake
[6.193s] -- Installing: /home/max/microros_ws4/install/micro_ros_msgs/share/micro_ros_msgs/cmake/micro_ros_msgsConfig-version.cmake
[6.193s] -- Installing: /home/max/microros_ws4/install/micro_ros_msgs/share/micro_ros_msgs/package.xml
[6.196s] Invoked command in '/home/max/microros_ws4/build/micro_ros_msgs' returned '0': CMAKE_PREFIX_PATH=${CMAKE_PREFIX_PATH}:/opt/ros/foxy /usr/bin/cmake --install /home/max/microros_ws4/build/micro_ros_msgs
