[0.267s] DEBUG:colcon:Command line arguments: ['/usr/bin/colcon', 'build']
[0.267s] DEBUG:colcon:Parsed command line arguments: Namespace(allow_overriding=[], ament_cmake_args=None, base_paths=['.'], build_base='build', catkin_cmake_args=None, catkin_skip_building_tests=False, cmake_args=None, cmake_clean_cache=False, cmake_clean_first=False, cmake_force_configure=False, cmake_target=None, cmake_target_skip_unavailable=False, continue_on_error=False, event_handlers=None, executor='parallel', ignore_user_meta=False, install_base='install', log_base=None, log_level=None, main=<bound method BuildVerb.main of <colcon_core.verb.build.BuildVerb object at 0x7fbf5f4ff760>>, merge_install=False, metas=['./colcon.meta'], packages_above=None, packages_above_and_dependencies=None, packages_above_depth=None, packages_end=None, packages_ignore=None, packages_ignore_regex=None, packages_select=None, packages_select_build_failed=False, packages_select_by_dep=None, packages_select_regex=None, packages_select_test_failures=False, packages_skip=None, packages_skip_build_finished=False, packages_skip_by_dep=None, packages_skip_regex=None, packages_skip_test_passed=False, packages_skip_up_to=None, packages_start=None, packages_up_to=None, packages_up_to_regex=None, parallel_workers=4, paths=None, symlink_install=False, test_result_base=None, verb_extension=<colcon_core.verb.build.BuildVerb object at 0x7fbf5f4ff760>, verb_name='build', verb_parser=<colcon_defaults.argument_parser.defaults.DefaultArgumentsDecorator object at 0x7fbf5f4ffca0>)
[0.290s] Level 1:colcon.colcon_core.package_discovery:discover_packages(colcon_meta) check parameters
[0.290s] Level 1:colcon.colcon_core.package_discovery:discover_packages(recursive) check parameters
[0.290s] Level 1:colcon.colcon_core.package_discovery:discover_packages(ignore) check parameters
[0.290s] Level 1:colcon.colcon_core.package_discovery:discover_packages(path) check parameters
[0.290s] Level 1:colcon.colcon_core.package_discovery:discover_packages(colcon_meta) discover
[0.290s] Level 1:colcon.colcon_core.package_discovery:discover_packages(recursive) discover
[0.291s] INFO:colcon.colcon_core.package_discovery:Crawling recursively for packages in '/home/max/PycharmProjects/my_ros2_ws/servo_message'
[0.291s] Level 1:colcon.colcon_core.package_identification:_identify(.) by extensions ['ignore', 'ignore_ament_install']
[0.291s] Level 1:colcon.colcon_core.package_identification:_identify(.) by extension 'ignore'
[0.291s] Level 1:colcon.colcon_core.package_identification:_identify(.) by extension 'ignore_ament_install'
[0.291s] Level 1:colcon.colcon_core.package_identification:_identify(.) by extensions ['colcon_pkg']
[0.291s] Level 1:colcon.colcon_core.package_identification:_identify(.) by extension 'colcon_pkg'
[0.291s] Level 1:colcon.colcon_core.package_identification:_identify(.) by extensions ['colcon_meta']
[0.291s] Level 1:colcon.colcon_core.package_identification:_identify(.) by extension 'colcon_meta'
[0.291s] Level 1:colcon.colcon_core.package_identification:_identify(.) by extensions ['ros']
[0.291s] Level 1:colcon.colcon_core.package_identification:_identify(.) by extension 'ros'
[0.324s] DEBUG:colcon.colcon_core.package_identification:Package '.' with type 'ros.ament_cmake' and name 'servo_message'
[0.324s] Level 1:colcon.colcon_core.package_discovery:discover_packages(recursive) using defaults
[0.324s] Level 1:colcon.colcon_core.package_discovery:discover_packages(ignore) discover
[0.324s] Level 1:colcon.colcon_core.package_discovery:discover_packages(ignore) using defaults
[0.324s] Level 1:colcon.colcon_core.package_discovery:discover_packages(path) discover
[0.324s] Level 1:colcon.colcon_core.package_discovery:discover_packages(path) using defaults
[0.341s] Level 1:colcon.colcon_core.package_discovery:discover_packages(prefix_path) check parameters
[0.341s] Level 1:colcon.colcon_core.package_discovery:discover_packages(prefix_path) discover
[0.343s] DEBUG:colcon.colcon_installed_package_information.package_discovery:Found 2 installed packages in /home/max/PycharmProjects/my_ros2_ws/install
[0.345s] DEBUG:colcon.colcon_installed_package_information.package_discovery:Found 258 installed packages in /opt/ros/foxy
[0.346s] Level 1:colcon.colcon_core.package_discovery:discover_packages(prefix_path) using defaults
[0.402s] Level 5:colcon.colcon_core.verb:set package 'servo_message' build argument 'cmake_args' from command line to 'None'
[0.402s] Level 5:colcon.colcon_core.verb:set package 'servo_message' build argument 'cmake_target' from command line to 'None'
[0.402s] Level 5:colcon.colcon_core.verb:set package 'servo_message' build argument 'cmake_target_skip_unavailable' from command line to 'False'
[0.402s] Level 5:colcon.colcon_core.verb:set package 'servo_message' build argument 'cmake_clean_cache' from command line to 'False'
[0.402s] Level 5:colcon.colcon_core.verb:set package 'servo_message' build argument 'cmake_clean_first' from command line to 'False'
[0.402s] Level 5:colcon.colcon_core.verb:set package 'servo_message' build argument 'cmake_force_configure' from command line to 'False'
[0.402s] Level 5:colcon.colcon_core.verb:set package 'servo_message' build argument 'ament_cmake_args' from command line to 'None'
[0.402s] Level 5:colcon.colcon_core.verb:set package 'servo_message' build argument 'catkin_cmake_args' from command line to 'None'
[0.402s] Level 5:colcon.colcon_core.verb:set package 'servo_message' build argument 'catkin_skip_building_tests' from command line to 'False'
[0.402s] DEBUG:colcon.colcon_core.verb:Building package 'servo_message' with the following arguments: {'ament_cmake_args': None, 'build_base': '/home/max/PycharmProjects/my_ros2_ws/servo_message/build/servo_message', 'catkin_cmake_args': None, 'catkin_skip_building_tests': False, 'cmake_args': None, 'cmake_clean_cache': False, 'cmake_clean_first': False, 'cmake_force_configure': False, 'cmake_target': None, 'cmake_target_skip_unavailable': False, 'install_base': '/home/max/PycharmProjects/my_ros2_ws/servo_message/install/servo_message', 'merge_install': False, 'path': '/home/max/PycharmProjects/my_ros2_ws/servo_message', 'symlink_install': False, 'test_result_base': None}
[0.403s] INFO:colcon.colcon_core.executor:Executing jobs using 'parallel' executor
[0.406s] DEBUG:colcon.colcon_parallel_executor.executor.parallel:run_until_complete
[0.406s] INFO:colcon.colcon_ros.task.ament_cmake.build:Building ROS package in '/home/max/PycharmProjects/my_ros2_ws/servo_message' with build type 'ament_cmake'
[0.406s] INFO:colcon.colcon_cmake.task.cmake.build:Building CMake package in '/home/max/PycharmProjects/my_ros2_ws/servo_message'
[0.410s] INFO:colcon.colcon_core.plugin_system:Skipping extension 'colcon_core.shell.bat': Not used on non-Windows systems
[0.410s] INFO:colcon.colcon_core.shell:Skip shell extension 'powershell' for command environment: Not usable outside of PowerShell
[0.410s] DEBUG:colcon.colcon_core.shell:Skip shell extension 'dsv' for command environment
[0.427s] DEBUG:colcon.colcon_core.event_handler.log_command:Invoking command in '/home/max/PycharmProjects/my_ros2_ws/servo_message/build/servo_message': CMAKE_PREFIX_PATH=/home/max/PycharmProjects/my_ros2_ws/install/py_pubsub:/opt/ros/foxy /usr/bin/cmake --build /home/max/PycharmProjects/my_ros2_ws/servo_message/build/servo_message -- -j4 -l4
[1.093s] DEBUG:colcon.colcon_core.event_handler.log_command:Invoked command in '/home/max/PycharmProjects/my_ros2_ws/servo_message/build/servo_message' returned '2': CMAKE_PREFIX_PATH=/home/max/PycharmProjects/my_ros2_ws/install/py_pubsub:/opt/ros/foxy /usr/bin/cmake --build /home/max/PycharmProjects/my_ros2_ws/servo_message/build/servo_message -- -j4 -l4
[1.159s] Level 1:colcon.colcon_core.environment:create_environment_scripts_only(servo_message)
[1.164s] Level 1:colcon.colcon_core.environment:checking '/home/max/PycharmProjects/my_ros2_ws/servo_message/install/servo_message' for CMake module files
[1.165s] Level 1:colcon.colcon_core.environment:checking '/home/max/PycharmProjects/my_ros2_ws/servo_message/install/servo_message' for CMake config files
[1.165s] Level 1:colcon.colcon_core.shell:create_environment_hook('servo_message', 'cmake_prefix_path')
[1.167s] INFO:colcon.colcon_core.shell:Creating environment hook '/home/max/PycharmProjects/my_ros2_ws/servo_message/install/servo_message/share/servo_message/hook/cmake_prefix_path.ps1'
[1.167s] INFO:colcon.colcon_core.shell:Creating environment descriptor '/home/max/PycharmProjects/my_ros2_ws/servo_message/install/servo_message/share/servo_message/hook/cmake_prefix_path.dsv'
[1.168s] INFO:colcon.colcon_core.shell:Creating environment hook '/home/max/PycharmProjects/my_ros2_ws/servo_message/install/servo_message/share/servo_message/hook/cmake_prefix_path.sh'
[1.169s] Level 1:colcon.colcon_core.environment:checking '/home/max/PycharmProjects/my_ros2_ws/servo_message/install/servo_message/lib'
[1.169s] Level 1:colcon.colcon_core.shell:create_environment_hook('servo_message', 'ld_library_path_lib')
[1.170s] INFO:colcon.colcon_core.shell:Creating environment hook '/home/max/PycharmProjects/my_ros2_ws/servo_message/install/servo_message/share/servo_message/hook/ld_library_path_lib.ps1'
[1.170s] INFO:colcon.colcon_core.shell:Creating environment descriptor '/home/max/PycharmProjects/my_ros2_ws/servo_message/install/servo_message/share/servo_message/hook/ld_library_path_lib.dsv'
[1.171s] INFO:colcon.colcon_core.shell:Creating environment hook '/home/max/PycharmProjects/my_ros2_ws/servo_message/install/servo_message/share/servo_message/hook/ld_library_path_lib.sh'
[1.171s] Level 1:colcon.colcon_core.environment:checking '/home/max/PycharmProjects/my_ros2_ws/servo_message/install/servo_message/bin'
[1.171s] Level 1:colcon.colcon_core.environment:checking '/home/max/PycharmProjects/my_ros2_ws/servo_message/install/servo_message/lib/pkgconfig/servo_message.pc'
[1.171s] Level 1:colcon.colcon_core.environment:checking '/home/max/PycharmProjects/my_ros2_ws/servo_message/install/servo_message/lib/python3.8/site-packages'
[1.171s] Level 1:colcon.colcon_core.shell:create_environment_hook('servo_message', 'pythonpath')
[1.173s] INFO:colcon.colcon_core.shell:Creating environment hook '/home/max/PycharmProjects/my_ros2_ws/servo_message/install/servo_message/share/servo_message/hook/pythonpath.ps1'
[1.173s] INFO:colcon.colcon_core.shell:Creating environment descriptor '/home/max/PycharmProjects/my_ros2_ws/servo_message/install/servo_message/share/servo_message/hook/pythonpath.dsv'
[1.173s] INFO:colcon.colcon_core.shell:Creating environment hook '/home/max/PycharmProjects/my_ros2_ws/servo_message/install/servo_message/share/servo_message/hook/pythonpath.sh'
[1.174s] Level 1:colcon.colcon_core.environment:checking '/home/max/PycharmProjects/my_ros2_ws/servo_message/install/servo_message/bin'
[1.175s] INFO:colcon.colcon_core.shell:Creating package script '/home/max/PycharmProjects/my_ros2_ws/servo_message/install/servo_message/share/servo_message/package.ps1'
[1.175s] INFO:colcon.colcon_core.shell:Creating package descriptor '/home/max/PycharmProjects/my_ros2_ws/servo_message/install/servo_message/share/servo_message/package.dsv'
[1.176s] INFO:colcon.colcon_core.shell:Creating package script '/home/max/PycharmProjects/my_ros2_ws/servo_message/install/servo_message/share/servo_message/package.sh'
[1.177s] INFO:colcon.colcon_core.shell:Creating package script '/home/max/PycharmProjects/my_ros2_ws/servo_message/install/servo_message/share/servo_message/package.bash'
[1.177s] INFO:colcon.colcon_core.shell:Creating package script '/home/max/PycharmProjects/my_ros2_ws/servo_message/install/servo_message/share/servo_message/package.zsh'
[1.178s] Level 1:colcon.colcon_core.environment:create_file_with_runtime_dependencies(/home/max/PycharmProjects/my_ros2_ws/servo_message/install/servo_message/share/colcon-core/packages/servo_message)
[1.189s] DEBUG:colcon.colcon_parallel_executor.executor.parallel:closing loop
[1.189s] DEBUG:colcon.colcon_parallel_executor.executor.parallel:loop closed
[1.189s] DEBUG:colcon.colcon_parallel_executor.executor.parallel:run_until_complete finished with '2'
[1.189s] DEBUG:colcon.colcon_core.event_reactor:joining thread
[1.199s] INFO:colcon.colcon_core.plugin_system:Skipping extension 'colcon_notification.desktop_notification.terminal_notifier': Not used on non-Darwin systems
[1.200s] INFO:colcon.colcon_core.plugin_system:Skipping extension 'colcon_notification.desktop_notification.win32': Not used on non-Windows systems
[1.200s] INFO:colcon.colcon_notification.desktop_notification:Sending desktop notification using 'notify2'
[1.206s] DEBUG:colcon.colcon_core.event_reactor:joined thread
[1.209s] INFO:colcon.colcon_core.shell:Creating prefix script '/home/max/PycharmProjects/my_ros2_ws/servo_message/install/local_setup.ps1'
[1.211s] INFO:colcon.colcon_core.shell:Creating prefix util module '/home/max/PycharmProjects/my_ros2_ws/servo_message/install/_local_setup_util_ps1.py'
[1.213s] INFO:colcon.colcon_core.shell:Creating prefix chain script '/home/max/PycharmProjects/my_ros2_ws/servo_message/install/setup.ps1'
[1.215s] INFO:colcon.colcon_core.shell:Creating prefix script '/home/max/PycharmProjects/my_ros2_ws/servo_message/install/local_setup.sh'
[1.216s] INFO:colcon.colcon_core.shell:Creating prefix util module '/home/max/PycharmProjects/my_ros2_ws/servo_message/install/_local_setup_util_sh.py'
[1.217s] INFO:colcon.colcon_core.shell:Creating prefix chain script '/home/max/PycharmProjects/my_ros2_ws/servo_message/install/setup.sh'
[1.219s] INFO:colcon.colcon_core.shell:Creating prefix script '/home/max/PycharmProjects/my_ros2_ws/servo_message/install/local_setup.bash'
[1.220s] INFO:colcon.colcon_core.shell:Creating prefix chain script '/home/max/PycharmProjects/my_ros2_ws/servo_message/install/setup.bash'
[1.221s] INFO:colcon.colcon_core.shell:Creating prefix script '/home/max/PycharmProjects/my_ros2_ws/servo_message/install/local_setup.zsh'
[1.222s] INFO:colcon.colcon_core.shell:Creating prefix chain script '/home/max/PycharmProjects/my_ros2_ws/servo_message/install/setup.zsh'
