[0.036s] Invoking command in '/home/max/microros_ws4/build/micro_ros_msgs': CMAKE_PREFIX_PATH=${CMAKE_PREFIX_PATH}:/opt/ros/foxy /usr/bin/cmake /home/max/microros_ws4/src/uros/micro_ros_msgs -DCMAKE_INSTALL_PREFIX=/home/max/microros_ws4/install/micro_ros_msgs
[0.055s] -- Found ament_cmake: 0.9.11 (/opt/ros/foxy/share/ament_cmake/cmake)
[0.073s] -- Found PythonInterp: /usr/bin/python3 (found suitable version "3.8.10", minimum required is "3") 
[0.074s] -- Using PYTHON_EXECUTABLE: /usr/bin/python3
[0.264s] -- Found rosidl_default_generators: 1.0.1 (/opt/ros/foxy/share/rosidl_default_generators/cmake)
[0.267s] -- Using all available rosidl_typesupport_c: rosidl_typesupport_fastrtps_c;rosidl_typesupport_introspection_c
[0.270s] -- Found rosidl_adapter: 1.3.0 (/opt/ros/foxy/share/rosidl_adapter/cmake)
[0.409s] -- Using all available rosidl_typesupport_cpp: rosidl_typesupport_fastrtps_cpp;rosidl_typesupport_introspection_cpp
[0.430s] -- Found ament_lint_auto: 0.9.8 (/opt/ros/foxy/share/ament_lint_auto/cmake)
[0.544s] -- Found PythonInterp: /usr/bin/python3 (found version "3.8.10") 
[0.624s] -- Found ament_cmake_ros: 0.9.2 (/opt/ros/foxy/share/ament_cmake_ros/cmake)
[0.725s] -- Using all available rosidl_typesupport_c: rosidl_typesupport_fastrtps_c;rosidl_typesupport_introspection_c
[0.732s] -- Using all available rosidl_typesupport_cpp: rosidl_typesupport_fastrtps_cpp;rosidl_typesupport_introspection_cpp
[0.763s] -- Found PythonInterp: /usr/bin/python3 (found suitable version "3.8.10", minimum required is "3.5") 
[0.763s] -- Found python_cmake_module: 0.8.1 (/opt/ros/foxy/share/python_cmake_module/cmake)
[0.790s] -- Using PYTHON_EXECUTABLE: /usr/bin/python3
[0.791s] -- Using PYTHON_INCLUDE_DIRS: /usr/include/python3.8
[0.791s] -- Using PYTHON_LIBRARIES: /usr/lib/x86_64-linux-gnu/libpython3.8.so
[0.808s] -- Added test 'copyright' to check source files copyright and LICENSE
[0.817s] -- Added test 'lint_cmake' to check CMake code style
[0.822s] -- Added test 'xmllint' to check XML markup files
[0.826s] -- Configuring done
[0.855s] -- Generating done
[0.858s] -- Build files have been written to: /home/max/microros_ws4/build/micro_ros_msgs
[0.867s] Invoked command in '/home/max/microros_ws4/build/micro_ros_msgs' returned '0': CMAKE_PREFIX_PATH=${CMAKE_PREFIX_PATH}:/opt/ros/foxy /usr/bin/cmake /home/max/microros_ws4/src/uros/micro_ros_msgs -DCMAKE_INSTALL_PREFIX=/home/max/microros_ws4/install/micro_ros_msgs
[0.870s] Invoking command in '/home/max/microros_ws4/build/micro_ros_msgs': CMAKE_PREFIX_PATH=${CMAKE_PREFIX_PATH}:/opt/ros/foxy /usr/bin/cmake --build /home/max/microros_ws4/build/micro_ros_msgs -- -j4 -l4
[0.931s] [  2%] Built target micro_ros_msgs__cpp
[0.934s] [ 12%] Built target micro_ros_msgs__rosidl_generator_c
[0.960s] [ 34%] Built target micro_ros_msgs__rosidl_typesupport_c
[0.960s] [ 34%] Built target micro_ros_msgs__rosidl_typesupport_fastrtps_cpp
[0.961s] [ 44%] Built target micro_ros_msgs__rosidl_typesupport_introspection_cpp
[0.970s] [ 55%] Built target micro_ros_msgs__rosidl_typesupport_cpp
[0.982s] [ 65%] Built target micro_ros_msgs__rosidl_typesupport_introspection_c
[0.985s] [ 76%] Built target micro_ros_msgs__rosidl_typesupport_fastrtps_c
[1.012s] [ 76%] Built target micro_ros_msgs
[1.041s] [ 78%] Built target micro_ros_msgs__py
[1.077s] [ 87%] Built target micro_ros_msgs__python
[1.103s] [ 91%] Built target micro_ros_msgs__rosidl_typesupport_c__pyext
[1.105s] [ 95%] Built target micro_ros_msgs__rosidl_typesupport_introspection_c__pyext
[1.108s] [100%] Built target micro_ros_msgs__rosidl_typesupport_fastrtps_c__pyext
[1.125s] Invoked command in '/home/max/microros_ws4/build/micro_ros_msgs' returned '0': CMAKE_PREFIX_PATH=${CMAKE_PREFIX_PATH}:/opt/ros/foxy /usr/bin/cmake --build /home/max/microros_ws4/build/micro_ros_msgs -- -j4 -l4
[1.222s] Invoking command in '/home/max/microros_ws4/build/micro_ros_msgs': CMAKE_PREFIX_PATH=${CMAKE_PREFIX_PATH}:/opt/ros/foxy /usr/bin/cmake --install /home/max/microros_ws4/build/micro_ros_msgs
[1.235s] -- Install configuration: ""
[1.235s] -- Up-to-date: /home/max/microros_ws4/install/micro_ros_msgs/share/ament_index/resource_index/rosidl_interfaces/micro_ros_msgs
[1.235s] -- Up-to-date: /home/max/microros_ws4/install/micro_ros_msgs/include/micro_ros_msgs
[1.235s] -- Up-to-date: /home/max/microros_ws4/install/micro_ros_msgs/include/micro_ros_msgs/msg
[1.235s] -- Up-to-date: /home/max/microros_ws4/install/micro_ros_msgs/include/micro_ros_msgs/msg/graph.h
[1.236s] -- Up-to-date: /home/max/microros_ws4/install/micro_ros_msgs/include/micro_ros_msgs/msg/entity.h
[1.236s] -- Up-to-date: /home/max/microros_ws4/install/micro_ros_msgs/include/micro_ros_msgs/msg/node.h
[1.236s] -- Up-to-date: /home/max/microros_ws4/install/micro_ros_msgs/include/micro_ros_msgs/msg/detail
[1.236s] -- Up-to-date: /home/max/microros_ws4/install/micro_ros_msgs/include/micro_ros_msgs/msg/detail/node__type_support.h
[1.236s] -- Up-to-date: /home/max/microros_ws4/install/micro_ros_msgs/include/micro_ros_msgs/msg/detail/entity__struct.h
[1.236s] -- Up-to-date: /home/max/microros_ws4/install/micro_ros_msgs/include/micro_ros_msgs/msg/detail/entity__functions.c
[1.237s] -- Up-to-date: /home/max/microros_ws4/install/micro_ros_msgs/include/micro_ros_msgs/msg/detail/entity__functions.h
[1.237s] -- Up-to-date: /home/max/microros_ws4/install/micro_ros_msgs/include/micro_ros_msgs/msg/detail/node__struct.h
[1.237s] -- Up-to-date: /home/max/microros_ws4/install/micro_ros_msgs/include/micro_ros_msgs/msg/detail/entity__type_support.h
[1.237s] -- Up-to-date: /home/max/microros_ws4/install/micro_ros_msgs/include/micro_ros_msgs/msg/detail/graph__functions.h
[1.237s] -- Up-to-date: /home/max/microros_ws4/install/micro_ros_msgs/include/micro_ros_msgs/msg/detail/graph__functions.c
[1.237s] -- Up-to-date: /home/max/microros_ws4/install/micro_ros_msgs/include/micro_ros_msgs/msg/detail/graph__type_support.h
[1.237s] -- Up-to-date: /home/max/microros_ws4/install/micro_ros_msgs/include/micro_ros_msgs/msg/detail/graph__struct.h
[1.237s] -- Up-to-date: /home/max/microros_ws4/install/micro_ros_msgs/include/micro_ros_msgs/msg/detail/node__functions.c
[1.237s] -- Up-to-date: /home/max/microros_ws4/install/micro_ros_msgs/include/micro_ros_msgs/msg/detail/node__functions.h
[1.237s] -- Up-to-date: /home/max/microros_ws4/install/micro_ros_msgs/include/micro_ros_msgs/msg/rosidl_generator_c__visibility_control.h
[1.237s] -- Up-to-date: /home/max/microros_ws4/install/micro_ros_msgs/share/micro_ros_msgs/environment/library_path.sh
[1.237s] -- Installing: /home/max/microros_ws4/install/micro_ros_msgs/share/micro_ros_msgs/environment/library_path.dsv
[1.237s] -- Up-to-date: /home/max/microros_ws4/install/micro_ros_msgs/lib/libmicro_ros_msgs__rosidl_generator_c.so
[1.237s] -- Up-to-date: /home/max/microros_ws4/install/micro_ros_msgs/include/micro_ros_msgs
[1.237s] -- Up-to-date: /home/max/microros_ws4/install/micro_ros_msgs/include/micro_ros_msgs/msg
[1.237s] -- Up-to-date: /home/max/microros_ws4/install/micro_ros_msgs/include/micro_ros_msgs/msg/rosidl_typesupport_fastrtps_c__visibility_control.h
[1.237s] -- Up-to-date: /home/max/microros_ws4/install/micro_ros_msgs/include/micro_ros_msgs/msg/detail
[1.238s] -- Up-to-date: /home/max/microros_ws4/install/micro_ros_msgs/include/micro_ros_msgs/msg/detail/entity__rosidl_typesupport_fastrtps_c.h
[1.238s] -- Up-to-date: /home/max/microros_ws4/install/micro_ros_msgs/include/micro_ros_msgs/msg/detail/graph__rosidl_typesupport_fastrtps_c.h
[1.238s] -- Up-to-date: /home/max/microros_ws4/install/micro_ros_msgs/include/micro_ros_msgs/msg/detail/node__rosidl_typesupport_fastrtps_c.h
[1.238s] -- Up-to-date: /home/max/microros_ws4/install/micro_ros_msgs/lib/libmicro_ros_msgs__rosidl_typesupport_fastrtps_c.so
[1.238s] -- Up-to-date: /home/max/microros_ws4/install/micro_ros_msgs/include/micro_ros_msgs
[1.238s] -- Up-to-date: /home/max/microros_ws4/install/micro_ros_msgs/include/micro_ros_msgs/msg
[1.238s] -- Up-to-date: /home/max/microros_ws4/install/micro_ros_msgs/include/micro_ros_msgs/msg/rosidl_typesupport_fastrtps_cpp__visibility_control.h
[1.238s] -- Up-to-date: /home/max/microros_ws4/install/micro_ros_msgs/include/micro_ros_msgs/msg/detail
[1.238s] -- Up-to-date: /home/max/microros_ws4/install/micro_ros_msgs/include/micro_ros_msgs/msg/detail/entity__rosidl_typesupport_fastrtps_cpp.hpp
[1.238s] -- Up-to-date: /home/max/microros_ws4/install/micro_ros_msgs/include/micro_ros_msgs/msg/detail/node__rosidl_typesupport_fastrtps_cpp.hpp
[1.238s] -- Up-to-date: /home/max/microros_ws4/install/micro_ros_msgs/include/micro_ros_msgs/msg/detail/dds_fastrtps
[1.238s] -- Up-to-date: /home/max/microros_ws4/install/micro_ros_msgs/include/micro_ros_msgs/msg/detail/graph__rosidl_typesupport_fastrtps_cpp.hpp
[1.238s] -- Up-to-date: /home/max/microros_ws4/install/micro_ros_msgs/lib/libmicro_ros_msgs__rosidl_typesupport_fastrtps_cpp.so
[1.238s] -- Up-to-date: /home/max/microros_ws4/install/micro_ros_msgs/include/micro_ros_msgs
[1.238s] -- Up-to-date: /home/max/microros_ws4/install/micro_ros_msgs/include/micro_ros_msgs/msg
[1.238s] -- Up-to-date: /home/max/microros_ws4/install/micro_ros_msgs/include/micro_ros_msgs/msg/detail
[1.239s] -- Up-to-date: /home/max/microros_ws4/install/micro_ros_msgs/include/micro_ros_msgs/msg/detail/graph__type_support.c
[1.239s] -- Up-to-date: /home/max/microros_ws4/install/micro_ros_msgs/include/micro_ros_msgs/msg/detail/node__type_support.c
[1.239s] -- Up-to-date: /home/max/microros_ws4/install/micro_ros_msgs/include/micro_ros_msgs/msg/detail/graph__rosidl_typesupport_introspection_c.h
[1.239s] -- Up-to-date: /home/max/microros_ws4/install/micro_ros_msgs/include/micro_ros_msgs/msg/detail/node__rosidl_typesupport_introspection_c.h
[1.239s] -- Up-to-date: /home/max/microros_ws4/install/micro_ros_msgs/include/micro_ros_msgs/msg/detail/entity__type_support.c
[1.239s] -- Up-to-date: /home/max/microros_ws4/install/micro_ros_msgs/include/micro_ros_msgs/msg/detail/entity__rosidl_typesupport_introspection_c.h
[1.239s] -- Up-to-date: /home/max/microros_ws4/install/micro_ros_msgs/include/micro_ros_msgs/msg/rosidl_typesupport_introspection_c__visibility_control.h
[1.239s] -- Up-to-date: /home/max/microros_ws4/install/micro_ros_msgs/lib/libmicro_ros_msgs__rosidl_typesupport_introspection_c.so
[1.239s] -- Up-to-date: /home/max/microros_ws4/install/micro_ros_msgs/lib/libmicro_ros_msgs__rosidl_typesupport_c.so
[1.239s] -- Up-to-date: /home/max/microros_ws4/install/micro_ros_msgs/include/micro_ros_msgs
[1.239s] -- Up-to-date: /home/max/microros_ws4/install/micro_ros_msgs/include/micro_ros_msgs/msg
[1.239s] -- Up-to-date: /home/max/microros_ws4/install/micro_ros_msgs/include/micro_ros_msgs/msg/entity.hpp
[1.239s] -- Up-to-date: /home/max/microros_ws4/install/micro_ros_msgs/include/micro_ros_msgs/msg/detail
[1.239s] -- Up-to-date: /home/max/microros_ws4/install/micro_ros_msgs/include/micro_ros_msgs/msg/detail/graph__struct.hpp
[1.239s] -- Up-to-date: /home/max/microros_ws4/install/micro_ros_msgs/include/micro_ros_msgs/msg/detail/node__struct.hpp
[1.239s] -- Up-to-date: /home/max/microros_ws4/install/micro_ros_msgs/include/micro_ros_msgs/msg/detail/entity__traits.hpp
[1.239s] -- Up-to-date: /home/max/microros_ws4/install/micro_ros_msgs/include/micro_ros_msgs/msg/detail/graph__builder.hpp
[1.239s] -- Up-to-date: /home/max/microros_ws4/install/micro_ros_msgs/include/micro_ros_msgs/msg/detail/graph__traits.hpp
[1.239s] -- Up-to-date: /home/max/microros_ws4/install/micro_ros_msgs/include/micro_ros_msgs/msg/detail/entity__struct.hpp
[1.240s] -- Up-to-date: /home/max/microros_ws4/install/micro_ros_msgs/include/micro_ros_msgs/msg/detail/node__traits.hpp
[1.240s] -- Up-to-date: /home/max/microros_ws4/install/micro_ros_msgs/include/micro_ros_msgs/msg/detail/entity__builder.hpp
[1.240s] -- Up-to-date: /home/max/microros_ws4/install/micro_ros_msgs/include/micro_ros_msgs/msg/detail/node__builder.hpp
[1.240s] -- Up-to-date: /home/max/microros_ws4/install/micro_ros_msgs/include/micro_ros_msgs/msg/node.hpp
[1.240s] -- Up-to-date: /home/max/microros_ws4/install/micro_ros_msgs/include/micro_ros_msgs/msg/graph.hpp
[1.240s] -- Up-to-date: /home/max/microros_ws4/install/micro_ros_msgs/include/micro_ros_msgs
[1.240s] -- Up-to-date: /home/max/microros_ws4/install/micro_ros_msgs/include/micro_ros_msgs/msg
[1.240s] -- Up-to-date: /home/max/microros_ws4/install/micro_ros_msgs/include/micro_ros_msgs/msg/detail
[1.240s] -- Up-to-date: /home/max/microros_ws4/install/micro_ros_msgs/include/micro_ros_msgs/msg/detail/node__type_support.cpp
[1.240s] -- Up-to-date: /home/max/microros_ws4/install/micro_ros_msgs/include/micro_ros_msgs/msg/detail/graph__type_support.cpp
[1.240s] -- Up-to-date: /home/max/microros_ws4/install/micro_ros_msgs/include/micro_ros_msgs/msg/detail/graph__rosidl_typesupport_introspection_cpp.hpp
[1.240s] -- Up-to-date: /home/max/microros_ws4/install/micro_ros_msgs/include/micro_ros_msgs/msg/detail/node__rosidl_typesupport_introspection_cpp.hpp
[1.240s] -- Up-to-date: /home/max/microros_ws4/install/micro_ros_msgs/include/micro_ros_msgs/msg/detail/entity__type_support.cpp
[1.241s] -- Up-to-date: /home/max/microros_ws4/install/micro_ros_msgs/include/micro_ros_msgs/msg/detail/entity__rosidl_typesupport_introspection_cpp.hpp
[1.241s] -- Up-to-date: /home/max/microros_ws4/install/micro_ros_msgs/lib/libmicro_ros_msgs__rosidl_typesupport_introspection_cpp.so
[1.241s] -- Up-to-date: /home/max/microros_ws4/install/micro_ros_msgs/lib/libmicro_ros_msgs__rosidl_typesupport_cpp.so
[1.241s] -- Up-to-date: /home/max/microros_ws4/install/micro_ros_msgs/share/micro_ros_msgs/environment/pythonpath.sh
[1.241s] -- Installing: /home/max/microros_ws4/install/micro_ros_msgs/share/micro_ros_msgs/environment/pythonpath.dsv
[1.241s] -- Installing: /home/max/microros_ws4/install/micro_ros_msgs/lib/python3.8/site-packages/micro_ros_msgs/__init__.py
[1.264s] Compiling '/home/max/microros_ws4/install/micro_ros_msgs/lib/python3.8/site-packages/micro_ros_msgs/__init__.py'...
[1.269s] -- Up-to-date: /home/max/microros_ws4/install/micro_ros_msgs/lib/python3.8/site-packages/micro_ros_msgs/msg
[1.269s] -- Up-to-date: /home/max/microros_ws4/install/micro_ros_msgs/lib/python3.8/site-packages/micro_ros_msgs/msg/_graph_s.c
[1.269s] -- Up-to-date: /home/max/microros_ws4/install/micro_ros_msgs/lib/python3.8/site-packages/micro_ros_msgs/msg/_graph.py
[1.270s] -- Up-to-date: /home/max/microros_ws4/install/micro_ros_msgs/lib/python3.8/site-packages/micro_ros_msgs/msg/_entity_s.c
[1.270s] -- Up-to-date: /home/max/microros_ws4/install/micro_ros_msgs/lib/python3.8/site-packages/micro_ros_msgs/msg/_node_s.c
[1.270s] -- Up-to-date: /home/max/microros_ws4/install/micro_ros_msgs/lib/python3.8/site-packages/micro_ros_msgs/msg/_node.py
[1.270s] -- Up-to-date: /home/max/microros_ws4/install/micro_ros_msgs/lib/python3.8/site-packages/micro_ros_msgs/msg/_entity.py
[1.270s] -- Up-to-date: /home/max/microros_ws4/install/micro_ros_msgs/lib/python3.8/site-packages/micro_ros_msgs/msg/__init__.py
[1.270s] -- Up-to-date: /home/max/microros_ws4/install/micro_ros_msgs/lib/python3.8/site-packages/micro_ros_msgs/micro_ros_msgs_s__rosidl_typesupport_fastrtps_c.cpython-38-x86_64-linux-gnu.so
[1.271s] -- Up-to-date: /home/max/microros_ws4/install/micro_ros_msgs/lib/python3.8/site-packages/micro_ros_msgs/micro_ros_msgs_s__rosidl_typesupport_introspection_c.cpython-38-x86_64-linux-gnu.so
[1.272s] -- Up-to-date: /home/max/microros_ws4/install/micro_ros_msgs/lib/python3.8/site-packages/micro_ros_msgs/micro_ros_msgs_s__rosidl_typesupport_c.cpython-38-x86_64-linux-gnu.so
[1.273s] -- Up-to-date: /home/max/microros_ws4/install/micro_ros_msgs/lib/libmicro_ros_msgs__python.so
[1.273s] -- Up-to-date: /home/max/microros_ws4/install/micro_ros_msgs/share/micro_ros_msgs/msg/Graph.idl
[1.273s] -- Up-to-date: /home/max/microros_ws4/install/micro_ros_msgs/share/micro_ros_msgs/msg/Node.idl
[1.274s] -- Up-to-date: /home/max/microros_ws4/install/micro_ros_msgs/share/micro_ros_msgs/msg/Entity.idl
[1.274s] -- Up-to-date: /home/max/microros_ws4/install/micro_ros_msgs/share/micro_ros_msgs/msg/Graph.msg
[1.274s] -- Up-to-date: /home/max/microros_ws4/install/micro_ros_msgs/share/micro_ros_msgs/msg/Node.msg
[1.274s] -- Up-to-date: /home/max/microros_ws4/install/micro_ros_msgs/share/micro_ros_msgs/msg/Entity.msg
[1.274s] -- Up-to-date: /home/max/microros_ws4/install/micro_ros_msgs/share/ament_index/resource_index/package_run_dependencies/micro_ros_msgs
[1.274s] -- Installing: /home/max/microros_ws4/install/micro_ros_msgs/share/ament_index/resource_index/parent_prefix_path/micro_ros_msgs
[1.274s] -- Up-to-date: /home/max/microros_ws4/install/micro_ros_msgs/share/micro_ros_msgs/environment/ament_prefix_path.sh
[1.274s] -- Installing: /home/max/microros_ws4/install/micro_ros_msgs/share/micro_ros_msgs/environment/ament_prefix_path.dsv
[1.275s] -- Up-to-date: /home/max/microros_ws4/install/micro_ros_msgs/share/micro_ros_msgs/environment/path.sh
[1.275s] -- Installing: /home/max/microros_ws4/install/micro_ros_msgs/share/micro_ros_msgs/environment/path.dsv
[1.275s] -- Up-to-date: /home/max/microros_ws4/install/micro_ros_msgs/share/micro_ros_msgs/local_setup.bash
[1.275s] -- Up-to-date: /home/max/microros_ws4/install/micro_ros_msgs/share/micro_ros_msgs/local_setup.sh
[1.275s] -- Up-to-date: /home/max/microros_ws4/install/micro_ros_msgs/share/micro_ros_msgs/local_setup.zsh
[1.275s] -- Installing: /home/max/microros_ws4/install/micro_ros_msgs/share/micro_ros_msgs/local_setup.dsv
[1.276s] -- Installing: /home/max/microros_ws4/install/micro_ros_msgs/share/micro_ros_msgs/package.dsv
[1.276s] -- Up-to-date: /home/max/microros_ws4/install/micro_ros_msgs/share/ament_index/resource_index/packages/micro_ros_msgs
[1.276s] -- Up-to-date: /home/max/microros_ws4/install/micro_ros_msgs/share/micro_ros_msgs/cmake/micro_ros_msgs__rosidl_generator_cExport.cmake
[1.276s] -- Installing: /home/max/microros_ws4/install/micro_ros_msgs/share/micro_ros_msgs/cmake/micro_ros_msgs__rosidl_generator_cExport-noconfig.cmake
[1.277s] -- Up-to-date: /home/max/microros_ws4/install/micro_ros_msgs/share/micro_ros_msgs/cmake/micro_ros_msgs__rosidl_typesupport_introspection_cExport.cmake
[1.277s] -- Installing: /home/max/microros_ws4/install/micro_ros_msgs/share/micro_ros_msgs/cmake/micro_ros_msgs__rosidl_typesupport_introspection_cExport-noconfig.cmake
[1.277s] -- Up-to-date: /home/max/microros_ws4/install/micro_ros_msgs/share/micro_ros_msgs/cmake/micro_ros_msgs__rosidl_typesupport_cExport.cmake
[1.277s] -- Installing: /home/max/microros_ws4/install/micro_ros_msgs/share/micro_ros_msgs/cmake/micro_ros_msgs__rosidl_typesupport_cExport-noconfig.cmake
[1.278s] -- Up-to-date: /home/max/microros_ws4/install/micro_ros_msgs/share/micro_ros_msgs/cmake/micro_ros_msgs__rosidl_generator_cppExport.cmake
[1.278s] -- Up-to-date: /home/max/microros_ws4/install/micro_ros_msgs/share/micro_ros_msgs/cmake/micro_ros_msgs__rosidl_typesupport_introspection_cppExport.cmake
[1.278s] -- Installing: /home/max/microros_ws4/install/micro_ros_msgs/share/micro_ros_msgs/cmake/micro_ros_msgs__rosidl_typesupport_introspection_cppExport-noconfig.cmake
[1.278s] -- Up-to-date: /home/max/microros_ws4/install/micro_ros_msgs/share/micro_ros_msgs/cmake/micro_ros_msgs__rosidl_typesupport_cppExport.cmake
[1.279s] -- Installing: /home/max/microros_ws4/install/micro_ros_msgs/share/micro_ros_msgs/cmake/micro_ros_msgs__rosidl_typesupport_cppExport-noconfig.cmake
[1.279s] -- Up-to-date: /home/max/microros_ws4/install/micro_ros_msgs/share/micro_ros_msgs/cmake/rosidl_cmake-extras.cmake
[1.279s] -- Up-to-date: /home/max/microros_ws4/install/micro_ros_msgs/share/micro_ros_msgs/cmake/ament_cmake_export_dependencies-extras.cmake
[1.279s] -- Up-to-date: /home/max/microros_ws4/install/micro_ros_msgs/share/micro_ros_msgs/cmake/ament_cmake_export_libraries-extras.cmake
[1.279s] -- Up-to-date: /home/max/microros_ws4/install/micro_ros_msgs/share/micro_ros_msgs/cmake/ament_cmake_export_targets-extras.cmake
[1.279s] -- Up-to-date: /home/max/microros_ws4/install/micro_ros_msgs/share/micro_ros_msgs/cmake/ament_cmake_export_include_directories-extras.cmake
[1.279s] -- Up-to-date: /home/max/microros_ws4/install/micro_ros_msgs/share/micro_ros_msgs/cmake/rosidl_cmake_export_typesupport_libraries-extras.cmake
[1.279s] -- Up-to-date: /home/max/microros_ws4/install/micro_ros_msgs/share/micro_ros_msgs/cmake/rosidl_cmake_export_typesupport_targets-extras.cmake
[1.279s] -- Up-to-date: /home/max/microros_ws4/install/micro_ros_msgs/share/micro_ros_msgs/cmake/micro_ros_msgsConfig.cmake
[1.280s] -- Up-to-date: /home/max/microros_ws4/install/micro_ros_msgs/share/micro_ros_msgs/cmake/micro_ros_msgsConfig-version.cmake
[1.280s] -- Up-to-date: /home/max/microros_ws4/install/micro_ros_msgs/share/micro_ros_msgs/package.xml
[1.283s] Invoked command in '/home/max/microros_ws4/build/micro_ros_msgs' returned '0': CMAKE_PREFIX_PATH=${CMAKE_PREFIX_PATH}:/opt/ros/foxy /usr/bin/cmake --install /home/max/microros_ws4/build/micro_ros_msgs
