[0.701s] Invoking command in '/home/max/PycharmProjects/my_ros2_ws/src/py_pubsub': PYTHONPATH=/home/max/PycharmProjects/my_ros2_ws/build/py_pubsub/prefix_override:/home/max/PycharmProjects/my_ros2_ws/install/py_pubsub/lib/python3.8/site-packages:${PYTHONPATH} /usr/bin/python3 setup.py egg_info --egg-base ../../build/py_pubsub build --build-base /home/max/PycharmProjects/my_ros2_ws/build/py_pubsub/build install --record /home/max/PycharmProjects/my_ros2_ws/build/py_pubsub/install.log --install-scripts $base/lib/py_pubsub --single-version-externally-managed
[0.887s] running egg_info
[0.887s] writing ../../build/py_pubsub/py_pubsub.egg-info/PKG-INFO
[0.888s] writing dependency_links to ../../build/py_pubsub/py_pubsub.egg-info/dependency_links.txt
[0.888s] writing entry points to ../../build/py_pubsub/py_pubsub.egg-info/entry_points.txt
[0.888s] writing requirements to ../../build/py_pubsub/py_pubsub.egg-info/requires.txt
[0.888s] writing top-level names to ../../build/py_pubsub/py_pubsub.egg-info/top_level.txt
[0.921s] reading manifest file '../../build/py_pubsub/py_pubsub.egg-info/SOURCES.txt'
[0.922s] writing manifest file '../../build/py_pubsub/py_pubsub.egg-info/SOURCES.txt'
[0.922s] running build
[0.923s] running build_py
[0.923s] copying py_pubsub/publisher_member_function.py -> /home/max/PycharmProjects/my_ros2_ws/build/py_pubsub/build/lib/py_pubsub
[0.923s] running install
[0.924s] running install_lib
[0.925s] copying /home/max/PycharmProjects/my_ros2_ws/build/py_pubsub/build/lib/py_pubsub/publisher_member_function.py -> /home/max/PycharmProjects/my_ros2_ws/install/py_pubsub/lib/python3.8/site-packages/py_pubsub
[0.925s] byte-compiling /home/max/PycharmProjects/my_ros2_ws/install/py_pubsub/lib/python3.8/site-packages/py_pubsub/publisher_member_function.py to publisher_member_function.cpython-38.pyc
[0.926s] running install_data
[0.927s] running install_egg_info
[0.928s] removing '/home/max/PycharmProjects/my_ros2_ws/install/py_pubsub/lib/python3.8/site-packages/py_pubsub-0.0.0-py3.8.egg-info' (and everything under it)
[0.929s] Copying ../../build/py_pubsub/py_pubsub.egg-info to /home/max/PycharmProjects/my_ros2_ws/install/py_pubsub/lib/python3.8/site-packages/py_pubsub-0.0.0-py3.8.egg-info
[0.930s] running install_scripts
[0.948s] Installing talker script to /home/max/PycharmProjects/my_ros2_ws/install/py_pubsub/lib/py_pubsub
[0.948s] writing list of installed files to '/home/max/PycharmProjects/my_ros2_ws/build/py_pubsub/install.log'
[0.978s] Invoked command in '/home/max/PycharmProjects/my_ros2_ws/src/py_pubsub' returned '0': PYTHONPATH=/home/max/PycharmProjects/my_ros2_ws/build/py_pubsub/prefix_override:/home/max/PycharmProjects/my_ros2_ws/install/py_pubsub/lib/python3.8/site-packages:${PYTHONPATH} /usr/bin/python3 setup.py egg_info --egg-base ../../build/py_pubsub build --build-base /home/max/PycharmProjects/my_ros2_ws/build/py_pubsub/build install --record /home/max/PycharmProjects/my_ros2_ws/build/py_pubsub/install.log --install-scripts $base/lib/py_pubsub --single-version-externally-managed
