[0.023s] Invoking command in '/home/max/PycharmProjects/my_ros2_ws/servo_message/build/servo_message': CMAKE_PREFIX_PATH=/home/max/PycharmProjects/my_ros2_ws/install/py_pubsub:/opt/ros/foxy /usr/bin/cmake --build /home/max/PycharmProjects/my_ros2_ws/servo_message/build/servo_message -- -j4 -l4
[0.054s] -- Found ament_cmake: 0.9.11 (/opt/ros/foxy/share/ament_cmake/cmake)
[0.079s] -- Found PythonInterp: /usr/bin/python3 (found suitable version "3.8.10", minimum required is "3") 
[0.079s] -- Using PYTHON_EXECUTABLE: /usr/bin/python3
[0.256s] -- Found ament_lint_auto: 0.9.8 (/opt/ros/foxy/share/ament_lint_auto/cmake)
[0.333s] -- Found rosidl_default_generators: 1.0.1 (/opt/ros/foxy/share/rosidl_default_generators/cmake)
[0.335s] -- Using all available rosidl_typesupport_c: rosidl_typesupport_fastrtps_c;rosidl_typesupport_introspection_c
[0.338s] -- Found rosidl_adapter: 1.3.0 (/opt/ros/foxy/share/rosidl_adapter/cmake)
[0.465s] -- Using all available rosidl_typesupport_cpp: rosidl_typesupport_fastrtps_cpp;rosidl_typesupport_introspection_cpp
[0.510s] -- Found PythonInterp: /usr/bin/python3 (found version "3.8.10") 
[0.562s] -- Found ament_cmake_ros: 0.9.2 (/opt/ros/foxy/share/ament_cmake_ros/cmake)
[0.649s] -- Using all available rosidl_typesupport_c: rosidl_typesupport_fastrtps_c;rosidl_typesupport_introspection_c
[0.654s] -- Using all available rosidl_typesupport_cpp: rosidl_typesupport_fastrtps_cpp;rosidl_typesupport_introspection_cpp
[0.679s] -- Found PythonInterp: /usr/bin/python3 (found suitable version "3.8.10", minimum required is "3.5") 
[0.679s] -- Found python_cmake_module: 0.8.1 (/opt/ros/foxy/share/python_cmake_module/cmake)
[0.708s] -- Using PYTHON_EXECUTABLE: /usr/bin/python3
[0.708s] -- Using PYTHON_INCLUDE_DIRS: /usr/include/python3.8
[0.708s] -- Using PYTHON_LIBRARIES: /usr/lib/x86_64-linux-gnu/libpython3.8.so
[0.725s] -- Added test 'copyright' to check source files copyright and LICENSE
[0.744s] -- Added test 'cppcheck' to perform static code analysis on C / C++ code
[0.745s] -- Configured cppcheck include dirs: $<BUILD_INTERFACE:/home/max/PycharmProjects/my_ros2_ws/servo_message/build/servo_message/rosidl_generator_c>;/home/max/PycharmProjects/my_ros2_ws/servo_message/build/servo_message/rosidl_generator_c;/home/max/PycharmProjects/my_ros2_ws/servo_message/build/servo_message/rosidl_generator_cpp;/home/max/PycharmProjects/my_ros2_ws/servo_message/build/servo_message/rosidl_typesupport_fastrtps_c;/home/max/PycharmProjects/my_ros2_ws/servo_message/build/servo_message/rosidl_typesupport_fastrtps_cpp;$<BUILD_INTERFACE:/home/max/PycharmProjects/my_ros2_ws/servo_message/build/servo_message/rosidl_typesupport_introspection_c>;$<BUILD_INTERFACE:/home/max/PycharmProjects/my_ros2_ws/servo_message/build/servo_message/rosidl_typesupport_c>;$<BUILD_INTERFACE:/home/max/PycharmProjects/my_ros2_ws/servo_message/build/servo_message/rosidl_generator_cpp>;/home/max/PycharmProjects/my_ros2_ws/servo_message/build/servo_message/rosidl_generator_py
[0.745s] -- Configured cppcheck exclude dirs and/or files: 
[0.764s] -- Added test 'cpplint' to check C / C++ code against the Google style
[0.764s] -- Configured cpplint exclude dirs and/or files: 
[0.766s] -- Added test 'flake8' to check Python code syntax and style conventions
[0.771s] -- Added test 'lint_cmake' to check CMake code style
[0.773s] -- Added test 'pep257' to check Python code against some of the style conventions in PEP 257
[0.791s] -- Added test 'uncrustify' to check C / C++ code style
[0.792s] -- Configured uncrustify additional arguments: 
[0.794s] -- Added test 'xmllint' to check XML markup files
[0.798s] -- Configuring done
[0.822s] -- Generating done
[0.825s] -- Build files have been written to: /home/max/PycharmProjects/my_ros2_ws/servo_message/build/servo_message
[0.862s] [  3%] [34m[1mGenerating C code for ROS interfaces[0m
[0.871s] [  6%] [34m[1mGenerating C++ code for ROS interfaces[0m
[1.079s] [35m[1mScanning dependencies of target servo_message__rosidl_generator_c[0m
[1.084s] [  6%] Built target servo_message__cpp
[1.091s] [  9%] [32mBuilding C object CMakeFiles/servo_message__rosidl_generator_c.dir/rosidl_generator_c/servo_message/msg/detail/servo_message__functions.c.o[0m
[1.094s] [ 16%] [34m[1mGenerating C++ introspection for ROS interfaces[0m
[1.094s] [ 16%] [34m[1mGenerating C++ type support for eProsima Fast-RTPS[0m
[1.100s] [ 19%] [34m[1mGenerating C++ type support dispatch for ROS interfaces[0m
[1.147s] [ 22%] [32m[1mLinking C shared library libservo_message__rosidl_generator_c.so[0m
[1.184s] [ 22%] Built target servo_message__rosidl_generator_c
[1.196s] [ 25%] [34m[1mGenerating C introspection for ROS interfaces[0m
[1.322s] [35m[1mScanning dependencies of target servo_message__rosidl_typesupport_cpp[0m
[1.338s] [ 29%] [32mBuilding CXX object CMakeFiles/servo_message__rosidl_typesupport_cpp.dir/rosidl_typesupport_cpp/servo_message/msg/servo_message__type_support.cpp.o[0m
[1.341s] [35m[1mScanning dependencies of target servo_message__rosidl_typesupport_introspection_cpp[0m
[1.348s] [35m[1mScanning dependencies of target servo_message__rosidl_typesupport_fastrtps_cpp[0m
[1.354s] [ 32%] [32mBuilding CXX object CMakeFiles/servo_message__rosidl_typesupport_introspection_cpp.dir/rosidl_typesupport_introspection_cpp/servo_message/msg/detail/servo_message__type_support.cpp.o[0m
[1.367s] [ 35%] [32mBuilding CXX object CMakeFiles/servo_message__rosidl_typesupport_fastrtps_cpp.dir/rosidl_typesupport_fastrtps_cpp/servo_message/msg/detail/dds_fastrtps/servo_message__type_support.cpp.o[0m
[1.440s] [35m[1mScanning dependencies of target servo_message__rosidl_typesupport_introspection_c[0m
[1.453s] [ 38%] [32mBuilding C object CMakeFiles/servo_message__rosidl_typesupport_introspection_c.dir/rosidl_typesupport_introspection_c/servo_message/msg/detail/servo_message__type_support.c.o[0m
[1.488s] [ 41%] [32m[1mLinking C shared library libservo_message__rosidl_typesupport_introspection_c.so[0m
[1.520s] [ 41%] Built target servo_message__rosidl_typesupport_introspection_c
[1.532s] [ 45%] [34m[1mGenerating C type support dispatch for ROS interfaces[0m
[1.618s] [ 48%] [32m[1mLinking CXX shared library libservo_message__rosidl_typesupport_cpp.so[0m
[1.660s] [ 48%] Built target servo_message__rosidl_typesupport_cpp
[1.661s] [ 51%] [32m[1mLinking CXX shared library libservo_message__rosidl_typesupport_introspection_cpp.so[0m
[1.706s] [ 51%] Built target servo_message__rosidl_typesupport_introspection_cpp
[1.752s] [35m[1mScanning dependencies of target servo_message__rosidl_typesupport_c[0m
[1.766s] [ 54%] [32mBuilding CXX object CMakeFiles/servo_message__rosidl_typesupport_c.dir/rosidl_typesupport_c/servo_message/msg/servo_message__type_support.cpp.o[0m
[1.777s] [ 58%] [32m[1mLinking CXX shared library libservo_message__rosidl_typesupport_fastrtps_cpp.so[0m
[1.800s] [ 61%] [32m[1mLinking CXX shared library libservo_message__rosidl_typesupport_c.so[0m
[1.852s] [ 61%] Built target servo_message__rosidl_typesupport_c
[1.898s] [ 61%] Built target servo_message__rosidl_typesupport_fastrtps_cpp
[1.910s] [ 64%] [34m[1mGenerating C type support for eProsima Fast-RTPS[0m
[2.113s] [35m[1mScanning dependencies of target servo_message__rosidl_typesupport_fastrtps_c[0m
[2.124s] [ 67%] [32mBuilding CXX object CMakeFiles/servo_message__rosidl_typesupport_fastrtps_c.dir/rosidl_typesupport_fastrtps_c/servo_message/msg/detail/servo_message__type_support_c.cpp.o[0m
[2.430s] [ 70%] [32m[1mLinking CXX shared library libservo_message__rosidl_typesupport_fastrtps_c.so[0m
[2.553s] [ 70%] Built target servo_message__rosidl_typesupport_fastrtps_c
[2.583s] [ 70%] Built target servo_message
[2.611s] [ 74%] [34m[1mGenerating Python code for ROS interfaces[0m
[2.923s] [ 74%] Built target servo_message__py
[2.939s] [35m[1mScanning dependencies of target servo_message__python[0m
[2.962s] [ 77%] [32mBuilding C object CMakeFiles/servo_message__python.dir/rosidl_generator_py/servo_message/msg/_servo_message_s.c.o[0m
[3.057s] [ 80%] [32m[1mLinking C shared library rosidl_generator_py/servo_message/libservo_message__python.so[0m
[3.103s] [ 80%] Built target servo_message__python
[3.114s] [35m[1mScanning dependencies of target servo_message__rosidl_typesupport_c__pyext[0m
[3.118s] [35m[1mScanning dependencies of target servo_message__rosidl_typesupport_introspection_c__pyext[0m
[3.118s] [35m[1mScanning dependencies of target servo_message__rosidl_typesupport_fastrtps_c__pyext[0m
[3.131s] [ 83%] [32mBuilding C object CMakeFiles/servo_message__rosidl_typesupport_fastrtps_c__pyext.dir/rosidl_generator_py/servo_message/_servo_message_s.ep.rosidl_typesupport_fastrtps_c.c.o[0m
[3.134s] [ 87%] [32mBuilding C object CMakeFiles/servo_message__rosidl_typesupport_c__pyext.dir/rosidl_generator_py/servo_message/_servo_message_s.ep.rosidl_typesupport_c.c.o[0m
[3.135s] [ 90%] [32mBuilding C object CMakeFiles/servo_message__rosidl_typesupport_introspection_c__pyext.dir/rosidl_generator_py/servo_message/_servo_message_s.ep.rosidl_typesupport_introspection_c.c.o[0m
[3.212s] [ 93%] [32m[1mLinking C shared library rosidl_generator_py/servo_message/servo_message_s__rosidl_typesupport_introspection_c.cpython-38-x86_64-linux-gnu.so[0m
[3.215s] [ 96%] [32m[1mLinking C shared library rosidl_generator_py/servo_message/servo_message_s__rosidl_typesupport_c.cpython-38-x86_64-linux-gnu.so[0m
[3.216s] [100%] [32m[1mLinking CXX shared library rosidl_generator_py/servo_message/servo_message_s__rosidl_typesupport_fastrtps_c.cpython-38-x86_64-linux-gnu.so[0m
[3.249s] [100%] Built target servo_message__rosidl_typesupport_introspection_c__pyext
[3.258s] [100%] Built target servo_message__rosidl_typesupport_c__pyext
[3.283s] [100%] Built target servo_message__rosidl_typesupport_fastrtps_c__pyext
[3.295s] Invoked command in '/home/max/PycharmProjects/my_ros2_ws/servo_message/build/servo_message' returned '0': CMAKE_PREFIX_PATH=/home/max/PycharmProjects/my_ros2_ws/install/py_pubsub:/opt/ros/foxy /usr/bin/cmake --build /home/max/PycharmProjects/my_ros2_ws/servo_message/build/servo_message -- -j4 -l4
[3.363s] Invoking command in '/home/max/PycharmProjects/my_ros2_ws/servo_message/build/servo_message': CMAKE_PREFIX_PATH=/home/max/PycharmProjects/my_ros2_ws/install/py_pubsub:/opt/ros/foxy /usr/bin/cmake --install /home/max/PycharmProjects/my_ros2_ws/servo_message/build/servo_message
[3.371s] -- Install configuration: ""
[3.372s] -- Up-to-date: /home/max/PycharmProjects/my_ros2_ws/servo_message/install/servo_message/share/ament_index/resource_index/rosidl_interfaces/servo_message
[3.372s] -- Up-to-date: /home/max/PycharmProjects/my_ros2_ws/servo_message/install/servo_message/include/servo_message
[3.372s] -- Up-to-date: /home/max/PycharmProjects/my_ros2_ws/servo_message/install/servo_message/include/servo_message/msg
[3.372s] -- Installing: /home/max/PycharmProjects/my_ros2_ws/servo_message/install/servo_message/include/servo_message/msg/servo_message.h
[3.372s] -- Up-to-date: /home/max/PycharmProjects/my_ros2_ws/servo_message/install/servo_message/include/servo_message/msg/detail
[3.372s] -- Installing: /home/max/PycharmProjects/my_ros2_ws/servo_message/install/servo_message/include/servo_message/msg/detail/servo_message__functions.h
[3.372s] -- Installing: /home/max/PycharmProjects/my_ros2_ws/servo_message/install/servo_message/include/servo_message/msg/detail/servo_message__type_support.h
[3.372s] -- Installing: /home/max/PycharmProjects/my_ros2_ws/servo_message/install/servo_message/include/servo_message/msg/detail/servo_message__functions.c
[3.372s] -- Installing: /home/max/PycharmProjects/my_ros2_ws/servo_message/install/servo_message/include/servo_message/msg/detail/servo_message__struct.h
[3.373s] -- Up-to-date: /home/max/PycharmProjects/my_ros2_ws/servo_message/install/servo_message/include/servo_message/msg/rosidl_generator_c__visibility_control.h
[3.373s] -- Up-to-date: /home/max/PycharmProjects/my_ros2_ws/servo_message/install/servo_message/share/servo_message/environment/library_path.sh
[3.373s] -- Installing: /home/max/PycharmProjects/my_ros2_ws/servo_message/install/servo_message/share/servo_message/environment/library_path.dsv
[3.373s] -- Installing: /home/max/PycharmProjects/my_ros2_ws/servo_message/install/servo_message/lib/libservo_message__rosidl_generator_c.so
[3.373s] -- Set runtime path of "/home/max/PycharmProjects/my_ros2_ws/servo_message/install/servo_message/lib/libservo_message__rosidl_generator_c.so" to ""
[3.373s] -- Up-to-date: /home/max/PycharmProjects/my_ros2_ws/servo_message/install/servo_message/include/servo_message
[3.373s] -- Up-to-date: /home/max/PycharmProjects/my_ros2_ws/servo_message/install/servo_message/include/servo_message/msg
[3.374s] -- Up-to-date: /home/max/PycharmProjects/my_ros2_ws/servo_message/install/servo_message/include/servo_message/msg/rosidl_typesupport_fastrtps_c__visibility_control.h
[3.374s] -- Up-to-date: /home/max/PycharmProjects/my_ros2_ws/servo_message/install/servo_message/include/servo_message/msg/detail
[3.374s] -- Installing: /home/max/PycharmProjects/my_ros2_ws/servo_message/install/servo_message/include/servo_message/msg/detail/servo_message__rosidl_typesupport_fastrtps_c.h
[3.374s] -- Installing: /home/max/PycharmProjects/my_ros2_ws/servo_message/install/servo_message/lib/libservo_message__rosidl_typesupport_fastrtps_c.so
[3.374s] -- Set runtime path of "/home/max/PycharmProjects/my_ros2_ws/servo_message/install/servo_message/lib/libservo_message__rosidl_typesupport_fastrtps_c.so" to ""
[3.374s] -- Up-to-date: /home/max/PycharmProjects/my_ros2_ws/servo_message/install/servo_message/include/servo_message
[3.374s] -- Up-to-date: /home/max/PycharmProjects/my_ros2_ws/servo_message/install/servo_message/include/servo_message/msg
[3.374s] -- Up-to-date: /home/max/PycharmProjects/my_ros2_ws/servo_message/install/servo_message/include/servo_message/msg/rosidl_typesupport_fastrtps_cpp__visibility_control.h
[3.374s] -- Up-to-date: /home/max/PycharmProjects/my_ros2_ws/servo_message/install/servo_message/include/servo_message/msg/detail
[3.375s] -- Installing: /home/max/PycharmProjects/my_ros2_ws/servo_message/install/servo_message/include/servo_message/msg/detail/servo_message__rosidl_typesupport_fastrtps_cpp.hpp
[3.375s] -- Up-to-date: /home/max/PycharmProjects/my_ros2_ws/servo_message/install/servo_message/include/servo_message/msg/detail/dds_fastrtps
[3.375s] -- Installing: /home/max/PycharmProjects/my_ros2_ws/servo_message/install/servo_message/lib/libservo_message__rosidl_typesupport_fastrtps_cpp.so
[3.375s] -- Set runtime path of "/home/max/PycharmProjects/my_ros2_ws/servo_message/install/servo_message/lib/libservo_message__rosidl_typesupport_fastrtps_cpp.so" to ""
[3.375s] -- Up-to-date: /home/max/PycharmProjects/my_ros2_ws/servo_message/install/servo_message/include/servo_message
[3.376s] -- Up-to-date: /home/max/PycharmProjects/my_ros2_ws/servo_message/install/servo_message/include/servo_message/msg
[3.376s] -- Up-to-date: /home/max/PycharmProjects/my_ros2_ws/servo_message/install/servo_message/include/servo_message/msg/detail
[3.376s] -- Installing: /home/max/PycharmProjects/my_ros2_ws/servo_message/install/servo_message/include/servo_message/msg/detail/servo_message__type_support.c
[3.376s] -- Installing: /home/max/PycharmProjects/my_ros2_ws/servo_message/install/servo_message/include/servo_message/msg/detail/servo_message__rosidl_typesupport_introspection_c.h
[3.376s] -- Up-to-date: /home/max/PycharmProjects/my_ros2_ws/servo_message/install/servo_message/include/servo_message/msg/rosidl_typesupport_introspection_c__visibility_control.h
[3.376s] -- Installing: /home/max/PycharmProjects/my_ros2_ws/servo_message/install/servo_message/lib/libservo_message__rosidl_typesupport_introspection_c.so
[3.376s] -- Set runtime path of "/home/max/PycharmProjects/my_ros2_ws/servo_message/install/servo_message/lib/libservo_message__rosidl_typesupport_introspection_c.so" to ""
[3.376s] -- Installing: /home/max/PycharmProjects/my_ros2_ws/servo_message/install/servo_message/lib/libservo_message__rosidl_typesupport_c.so
[3.377s] -- Set runtime path of "/home/max/PycharmProjects/my_ros2_ws/servo_message/install/servo_message/lib/libservo_message__rosidl_typesupport_c.so" to ""
[3.377s] -- Up-to-date: /home/max/PycharmProjects/my_ros2_ws/servo_message/install/servo_message/include/servo_message
[3.377s] -- Up-to-date: /home/max/PycharmProjects/my_ros2_ws/servo_message/install/servo_message/include/servo_message/msg
[3.377s] -- Installing: /home/max/PycharmProjects/my_ros2_ws/servo_message/install/servo_message/include/servo_message/msg/servo_message.hpp
[3.377s] -- Up-to-date: /home/max/PycharmProjects/my_ros2_ws/servo_message/install/servo_message/include/servo_message/msg/detail
[3.377s] -- Installing: /home/max/PycharmProjects/my_ros2_ws/servo_message/install/servo_message/include/servo_message/msg/detail/servo_message__struct.hpp
[3.377s] -- Installing: /home/max/PycharmProjects/my_ros2_ws/servo_message/install/servo_message/include/servo_message/msg/detail/servo_message__traits.hpp
[3.377s] -- Installing: /home/max/PycharmProjects/my_ros2_ws/servo_message/install/servo_message/include/servo_message/msg/detail/servo_message__builder.hpp
[3.377s] -- Up-to-date: /home/max/PycharmProjects/my_ros2_ws/servo_message/install/servo_message/include/servo_message
[3.377s] -- Up-to-date: /home/max/PycharmProjects/my_ros2_ws/servo_message/install/servo_message/include/servo_message/msg
[3.378s] -- Up-to-date: /home/max/PycharmProjects/my_ros2_ws/servo_message/install/servo_message/include/servo_message/msg/detail
[3.378s] -- Installing: /home/max/PycharmProjects/my_ros2_ws/servo_message/install/servo_message/include/servo_message/msg/detail/servo_message__type_support.cpp
[3.378s] -- Installing: /home/max/PycharmProjects/my_ros2_ws/servo_message/install/servo_message/include/servo_message/msg/detail/servo_message__rosidl_typesupport_introspection_cpp.hpp
[3.378s] -- Installing: /home/max/PycharmProjects/my_ros2_ws/servo_message/install/servo_message/lib/libservo_message__rosidl_typesupport_introspection_cpp.so
[3.378s] -- Set runtime path of "/home/max/PycharmProjects/my_ros2_ws/servo_message/install/servo_message/lib/libservo_message__rosidl_typesupport_introspection_cpp.so" to ""
[3.378s] -- Installing: /home/max/PycharmProjects/my_ros2_ws/servo_message/install/servo_message/lib/libservo_message__rosidl_typesupport_cpp.so
[3.378s] -- Set runtime path of "/home/max/PycharmProjects/my_ros2_ws/servo_message/install/servo_message/lib/libservo_message__rosidl_typesupport_cpp.so" to ""
[3.378s] -- Up-to-date: /home/max/PycharmProjects/my_ros2_ws/servo_message/install/servo_message/share/servo_message/environment/pythonpath.sh
[3.378s] -- Installing: /home/max/PycharmProjects/my_ros2_ws/servo_message/install/servo_message/share/servo_message/environment/pythonpath.dsv
[3.379s] -- Installing: /home/max/PycharmProjects/my_ros2_ws/servo_message/install/servo_message/lib/python3.8/site-packages/servo_message/__init__.py
[3.406s] Compiling '/home/max/PycharmProjects/my_ros2_ws/servo_message/install/servo_message/lib/python3.8/site-packages/servo_message/__init__.py'...
[3.410s] -- Up-to-date: /home/max/PycharmProjects/my_ros2_ws/servo_message/install/servo_message/lib/python3.8/site-packages/servo_message/msg
[3.410s] -- Installing: /home/max/PycharmProjects/my_ros2_ws/servo_message/install/servo_message/lib/python3.8/site-packages/servo_message/msg/__init__.py
[3.410s] -- Installing: /home/max/PycharmProjects/my_ros2_ws/servo_message/install/servo_message/lib/python3.8/site-packages/servo_message/msg/_servo_message_s.c
[3.410s] -- Installing: /home/max/PycharmProjects/my_ros2_ws/servo_message/install/servo_message/lib/python3.8/site-packages/servo_message/msg/_servo_message.py
[3.411s] -- Installing: /home/max/PycharmProjects/my_ros2_ws/servo_message/install/servo_message/lib/python3.8/site-packages/servo_message/servo_message_s__rosidl_typesupport_fastrtps_c.cpython-38-x86_64-linux-gnu.so
[3.412s] -- Set runtime path of "/home/max/PycharmProjects/my_ros2_ws/servo_message/install/servo_message/lib/python3.8/site-packages/servo_message/servo_message_s__rosidl_typesupport_fastrtps_c.cpython-38-x86_64-linux-gnu.so" to ""
[3.413s] -- Installing: /home/max/PycharmProjects/my_ros2_ws/servo_message/install/servo_message/lib/python3.8/site-packages/servo_message/servo_message_s__rosidl_typesupport_introspection_c.cpython-38-x86_64-linux-gnu.so
[3.413s] -- Set runtime path of "/home/max/PycharmProjects/my_ros2_ws/servo_message/install/servo_message/lib/python3.8/site-packages/servo_message/servo_message_s__rosidl_typesupport_introspection_c.cpython-38-x86_64-linux-gnu.so" to ""
[3.414s] -- Installing: /home/max/PycharmProjects/my_ros2_ws/servo_message/install/servo_message/lib/python3.8/site-packages/servo_message/servo_message_s__rosidl_typesupport_c.cpython-38-x86_64-linux-gnu.so
[3.415s] -- Set runtime path of "/home/max/PycharmProjects/my_ros2_ws/servo_message/install/servo_message/lib/python3.8/site-packages/servo_message/servo_message_s__rosidl_typesupport_c.cpython-38-x86_64-linux-gnu.so" to ""
[3.415s] -- Installing: /home/max/PycharmProjects/my_ros2_ws/servo_message/install/servo_message/lib/libservo_message__python.so
[3.416s] -- Set runtime path of "/home/max/PycharmProjects/my_ros2_ws/servo_message/install/servo_message/lib/libservo_message__python.so" to ""
[3.416s] -- Installing: /home/max/PycharmProjects/my_ros2_ws/servo_message/install/servo_message/share/servo_message/msg/ServoMessage.idl
[3.416s] -- Installing: /home/max/PycharmProjects/my_ros2_ws/servo_message/install/servo_message/share/servo_message/msg/ServoMessage.msg
[3.416s] -- Up-to-date: /home/max/PycharmProjects/my_ros2_ws/servo_message/install/servo_message/share/ament_index/resource_index/package_run_dependencies/servo_message
[3.417s] -- Up-to-date: /home/max/PycharmProjects/my_ros2_ws/servo_message/install/servo_message/share/ament_index/resource_index/parent_prefix_path/servo_message
[3.417s] -- Up-to-date: /home/max/PycharmProjects/my_ros2_ws/servo_message/install/servo_message/share/servo_message/environment/ament_prefix_path.sh
[3.417s] -- Installing: /home/max/PycharmProjects/my_ros2_ws/servo_message/install/servo_message/share/servo_message/environment/ament_prefix_path.dsv
[3.417s] -- Up-to-date: /home/max/PycharmProjects/my_ros2_ws/servo_message/install/servo_message/share/servo_message/environment/path.sh
[3.417s] -- Installing: /home/max/PycharmProjects/my_ros2_ws/servo_message/install/servo_message/share/servo_message/environment/path.dsv
[3.417s] -- Up-to-date: /home/max/PycharmProjects/my_ros2_ws/servo_message/install/servo_message/share/servo_message/local_setup.bash
[3.417s] -- Up-to-date: /home/max/PycharmProjects/my_ros2_ws/servo_message/install/servo_message/share/servo_message/local_setup.sh
[3.417s] -- Up-to-date: /home/max/PycharmProjects/my_ros2_ws/servo_message/install/servo_message/share/servo_message/local_setup.zsh
[3.417s] -- Installing: /home/max/PycharmProjects/my_ros2_ws/servo_message/install/servo_message/share/servo_message/local_setup.dsv
[3.418s] -- Installing: /home/max/PycharmProjects/my_ros2_ws/servo_message/install/servo_message/share/servo_message/package.dsv
[3.418s] -- Up-to-date: /home/max/PycharmProjects/my_ros2_ws/servo_message/install/servo_message/share/ament_index/resource_index/packages/servo_message
[3.418s] -- Up-to-date: /home/max/PycharmProjects/my_ros2_ws/servo_message/install/servo_message/share/servo_message/cmake/servo_message__rosidl_generator_cExport.cmake
[3.418s] -- Installing: /home/max/PycharmProjects/my_ros2_ws/servo_message/install/servo_message/share/servo_message/cmake/servo_message__rosidl_generator_cExport-noconfig.cmake
[3.419s] -- Up-to-date: /home/max/PycharmProjects/my_ros2_ws/servo_message/install/servo_message/share/servo_message/cmake/servo_message__rosidl_typesupport_introspection_cExport.cmake
[3.419s] -- Installing: /home/max/PycharmProjects/my_ros2_ws/servo_message/install/servo_message/share/servo_message/cmake/servo_message__rosidl_typesupport_introspection_cExport-noconfig.cmake
[3.419s] -- Up-to-date: /home/max/PycharmProjects/my_ros2_ws/servo_message/install/servo_message/share/servo_message/cmake/servo_message__rosidl_typesupport_cExport.cmake
[3.420s] -- Installing: /home/max/PycharmProjects/my_ros2_ws/servo_message/install/servo_message/share/servo_message/cmake/servo_message__rosidl_typesupport_cExport-noconfig.cmake
[3.420s] -- Up-to-date: /home/max/PycharmProjects/my_ros2_ws/servo_message/install/servo_message/share/servo_message/cmake/servo_message__rosidl_generator_cppExport.cmake
[3.420s] -- Up-to-date: /home/max/PycharmProjects/my_ros2_ws/servo_message/install/servo_message/share/servo_message/cmake/servo_message__rosidl_typesupport_introspection_cppExport.cmake
[3.420s] -- Installing: /home/max/PycharmProjects/my_ros2_ws/servo_message/install/servo_message/share/servo_message/cmake/servo_message__rosidl_typesupport_introspection_cppExport-noconfig.cmake
[3.421s] -- Up-to-date: /home/max/PycharmProjects/my_ros2_ws/servo_message/install/servo_message/share/servo_message/cmake/servo_message__rosidl_typesupport_cppExport.cmake
[3.421s] -- Installing: /home/max/PycharmProjects/my_ros2_ws/servo_message/install/servo_message/share/servo_message/cmake/servo_message__rosidl_typesupport_cppExport-noconfig.cmake
[3.421s] -- Up-to-date: /home/max/PycharmProjects/my_ros2_ws/servo_message/install/servo_message/share/servo_message/cmake/rosidl_cmake-extras.cmake
[3.421s] -- Up-to-date: /home/max/PycharmProjects/my_ros2_ws/servo_message/install/servo_message/share/servo_message/cmake/ament_cmake_export_dependencies-extras.cmake
[3.421s] -- Up-to-date: /home/max/PycharmProjects/my_ros2_ws/servo_message/install/servo_message/share/servo_message/cmake/ament_cmake_export_libraries-extras.cmake
[3.422s] -- Up-to-date: /home/max/PycharmProjects/my_ros2_ws/servo_message/install/servo_message/share/servo_message/cmake/ament_cmake_export_targets-extras.cmake
[3.422s] -- Up-to-date: /home/max/PycharmProjects/my_ros2_ws/servo_message/install/servo_message/share/servo_message/cmake/ament_cmake_export_include_directories-extras.cmake
[3.422s] -- Up-to-date: /home/max/PycharmProjects/my_ros2_ws/servo_message/install/servo_message/share/servo_message/cmake/rosidl_cmake_export_typesupport_libraries-extras.cmake
[3.422s] -- Up-to-date: /home/max/PycharmProjects/my_ros2_ws/servo_message/install/servo_message/share/servo_message/cmake/rosidl_cmake_export_typesupport_targets-extras.cmake
[3.422s] -- Up-to-date: /home/max/PycharmProjects/my_ros2_ws/servo_message/install/servo_message/share/servo_message/cmake/servo_messageConfig.cmake
[3.422s] -- Up-to-date: /home/max/PycharmProjects/my_ros2_ws/servo_message/install/servo_message/share/servo_message/cmake/servo_messageConfig-version.cmake
[3.422s] -- Up-to-date: /home/max/PycharmProjects/my_ros2_ws/servo_message/install/servo_message/share/servo_message/package.xml
[3.426s] Invoked command in '/home/max/PycharmProjects/my_ros2_ws/servo_message/build/servo_message' returned '0': CMAKE_PREFIX_PATH=/home/max/PycharmProjects/my_ros2_ws/install/py_pubsub:/opt/ros/foxy /usr/bin/cmake --install /home/max/PycharmProjects/my_ros2_ws/servo_message/build/servo_message
