make[4]: Entering directory '/home/max/microros_ws4/firmware/mcu_ws/build/tracetools'
/usr/bin/cmake -S/home/max/microros_ws4/firmware/mcu_ws/uros/tracetools/tracetools -B/home/max/microros_ws4/firmware/mcu_ws/build/tracetools --check-build-system CMakeFiles/Makefile.cmake 0
Re-run cmake file: Makefile older than: /home/max/microros_ws4/firmware/freertos_apps/microros_esp32_extensions/esp32_toolchain.cmake
-- Found ament_cmake_ros: 0.9.2 (/home/max/microros_ws4/firmware/dev_ws/install/ament_cmake_ros/share/ament_cmake_ros/cmake)
-- Using PYTHON_EXECUTABLE: /home/max/microros_ws4/firmware/toolchain/espressif/python_env/idf4.1_py3.8_env/bin/python3
-- Configuring done
-- Generating done
-- Build files have been written to: /home/max/microros_ws4/firmware/mcu_ws/build/tracetools
/usr/bin/cmake -E cmake_progress_start /home/max/microros_ws4/firmware/mcu_ws/build/tracetools/CMakeFiles /home/max/microros_ws4/firmware/mcu_ws/build/tracetools/CMakeFiles/progress.marks
/usr/bin/make -f CMakeFiles/Makefile2 all
make[5]: Entering directory '/home/max/microros_ws4/firmware/mcu_ws/build/tracetools'
/usr/bin/make -f CMakeFiles/tracetools.dir/build.make CMakeFiles/tracetools.dir/depend
make[6]: Entering directory '/home/max/microros_ws4/firmware/mcu_ws/build/tracetools'
cd /home/max/microros_ws4/firmware/mcu_ws/build/tracetools && /usr/bin/cmake -E cmake_depends "Unix Makefiles" /home/max/microros_ws4/firmware/mcu_ws/uros/tracetools/tracetools /home/max/microros_ws4/firmware/mcu_ws/uros/tracetools/tracetools /home/max/microros_ws4/firmware/mcu_ws/build/tracetools /home/max/microros_ws4/firmware/mcu_ws/build/tracetools /home/max/microros_ws4/firmware/mcu_ws/build/tracetools/CMakeFiles/tracetools.dir/DependInfo.cmake --color=
make[6]: Leaving directory '/home/max/microros_ws4/firmware/mcu_ws/build/tracetools'
/usr/bin/make -f CMakeFiles/tracetools.dir/build.make CMakeFiles/tracetools.dir/build
make[6]: Entering directory '/home/max/microros_ws4/firmware/mcu_ws/build/tracetools'
make[6]: Nothing to be done for 'CMakeFiles/tracetools.dir/build'.
make[6]: Leaving directory '/home/max/microros_ws4/firmware/mcu_ws/build/tracetools'
[100%] Built target tracetools
make[5]: Leaving directory '/home/max/microros_ws4/firmware/mcu_ws/build/tracetools'
/usr/bin/cmake -E cmake_progress_start /home/max/microros_ws4/firmware/mcu_ws/build/tracetools/CMakeFiles 0
make[4]: Leaving directory '/home/max/microros_ws4/firmware/mcu_ws/build/tracetools'
-- Install configuration: "Debug"
-- Up-to-date: /home/max/microros_ws4/firmware/mcu_ws/install/include
-- Up-to-date: /home/max/microros_ws4/firmware/mcu_ws/install/include/tracetools
-- Up-to-date: /home/max/microros_ws4/firmware/mcu_ws/install/include/tracetools/tracetools.h
-- Up-to-date: /home/max/microros_ws4/firmware/mcu_ws/install/include/tracetools/config.h
-- Up-to-date: /home/max/microros_ws4/firmware/mcu_ws/install/include/tracetools/utils.hpp
-- Up-to-date: /home/max/microros_ws4/firmware/mcu_ws/install/include/tracetools/visibility_control.hpp
-- Up-to-date: /home/max/microros_ws4/firmware/mcu_ws/install/lib/libtracetools.a
-- Up-to-date: /home/max/microros_ws4/firmware/mcu_ws/install/share/ament_index/resource_index/package_run_dependencies/tracetools
-- Up-to-date: /home/max/microros_ws4/firmware/mcu_ws/install/share/ament_index/resource_index/parent_prefix_path/tracetools
-- Up-to-date: /home/max/microros_ws4/firmware/mcu_ws/install/share/tracetools/environment/ament_prefix_path.sh
-- Installing: /home/max/microros_ws4/firmware/mcu_ws/install/share/tracetools/environment/ament_prefix_path.dsv
-- Up-to-date: /home/max/microros_ws4/firmware/mcu_ws/install/share/tracetools/environment/path.sh
-- Installing: /home/max/microros_ws4/firmware/mcu_ws/install/share/tracetools/environment/path.dsv
-- Up-to-date: /home/max/microros_ws4/firmware/mcu_ws/install/share/tracetools/local_setup.bash
-- Up-to-date: /home/max/microros_ws4/firmware/mcu_ws/install/share/tracetools/local_setup.sh
-- Up-to-date: /home/max/microros_ws4/firmware/mcu_ws/install/share/tracetools/local_setup.zsh
-- Installing: /home/max/microros_ws4/firmware/mcu_ws/install/share/tracetools/local_setup.dsv
-- Installing: /home/max/microros_ws4/firmware/mcu_ws/install/share/tracetools/package.dsv
-- Up-to-date: /home/max/microros_ws4/firmware/mcu_ws/install/share/ament_index/resource_index/packages/tracetools
-- Up-to-date: /home/max/microros_ws4/firmware/mcu_ws/install/share/tracetools/cmake/ament_cmake_export_include_directories-extras.cmake
-- Up-to-date: /home/max/microros_ws4/firmware/mcu_ws/install/share/tracetools/cmake/tracetoolsConfig.cmake
-- Up-to-date: /home/max/microros_ws4/firmware/mcu_ws/install/share/tracetools/cmake/tracetoolsConfig-version.cmake
-- Up-to-date: /home/max/microros_ws4/firmware/mcu_ws/install/share/tracetools/package.xml
