make[4]: Entering directory '/home/max/microros_ws4/firmware/mcu_ws/build/common_interfaces'
/usr/bin/cmake -S/home/max/microros_ws4/firmware/mcu_ws/ros2/common_interfaces/common_interfaces -B/home/max/microros_ws4/firmware/mcu_ws/build/common_interfaces --check-build-system CMakeFiles/Makefile.cmake 0
Re-run cmake file: Makefile older than: /home/max/microros_ws4/firmware/freertos_apps/microros_esp32_extensions/esp32_toolchain.cmake
-- Found ament_cmake: 0.9.11 (/home/max/microros_ws4/firmware/dev_ws/install/ament_cmake/share/ament_cmake/cmake)
-- Using PYTHON_EXECUTABLE: /home/max/microros_ws4/firmware/toolchain/espressif/python_env/idf4.1_py3.8_env/bin/python3
-- Configuring done
-- Generating done
-- Build files have been written to: /home/max/microros_ws4/firmware/mcu_ws/build/common_interfaces
/usr/bin/cmake -E cmake_progress_start /home/max/microros_ws4/firmware/mcu_ws/build/common_interfaces/CMakeFiles /home/max/microros_ws4/firmware/mcu_ws/build/common_interfaces/CMakeFiles/progress.marks
/usr/bin/make -f CMakeFiles/Makefile2 all
make[5]: Entering directory '/home/max/microros_ws4/firmware/mcu_ws/build/common_interfaces'
make[5]: Nothing to be done for 'all'.
make[5]: Leaving directory '/home/max/microros_ws4/firmware/mcu_ws/build/common_interfaces'
/usr/bin/cmake -E cmake_progress_start /home/max/microros_ws4/firmware/mcu_ws/build/common_interfaces/CMakeFiles 0
make[4]: Leaving directory '/home/max/microros_ws4/firmware/mcu_ws/build/common_interfaces'
-- Install configuration: "Debug"
-- Up-to-date: /home/max/microros_ws4/firmware/mcu_ws/install/share/ament_index/resource_index/package_run_dependencies/common_interfaces
-- Up-to-date: /home/max/microros_ws4/firmware/mcu_ws/install/share/ament_index/resource_index/parent_prefix_path/common_interfaces
-- Up-to-date: /home/max/microros_ws4/firmware/mcu_ws/install/share/common_interfaces/environment/ament_prefix_path.sh
-- Installing: /home/max/microros_ws4/firmware/mcu_ws/install/share/common_interfaces/environment/ament_prefix_path.dsv
-- Up-to-date: /home/max/microros_ws4/firmware/mcu_ws/install/share/common_interfaces/environment/path.sh
-- Installing: /home/max/microros_ws4/firmware/mcu_ws/install/share/common_interfaces/environment/path.dsv
-- Up-to-date: /home/max/microros_ws4/firmware/mcu_ws/install/share/common_interfaces/local_setup.bash
-- Up-to-date: /home/max/microros_ws4/firmware/mcu_ws/install/share/common_interfaces/local_setup.sh
-- Up-to-date: /home/max/microros_ws4/firmware/mcu_ws/install/share/common_interfaces/local_setup.zsh
-- Installing: /home/max/microros_ws4/firmware/mcu_ws/install/share/common_interfaces/local_setup.dsv
-- Installing: /home/max/microros_ws4/firmware/mcu_ws/install/share/common_interfaces/package.dsv
-- Up-to-date: /home/max/microros_ws4/firmware/mcu_ws/install/share/ament_index/resource_index/packages/common_interfaces
-- Up-to-date: /home/max/microros_ws4/firmware/mcu_ws/install/share/common_interfaces/cmake/common_interfacesConfig.cmake
-- Up-to-date: /home/max/microros_ws4/firmware/mcu_ws/install/share/common_interfaces/cmake/common_interfacesConfig-version.cmake
-- Up-to-date: /home/max/microros_ws4/firmware/mcu_ws/install/share/common_interfaces/package.xml
