make[4]: Entering directory '/home/max/microros_ws4/firmware/mcu_ws/build/pca9685_library'
/usr/bin/cmake -S/home/max/microros_ws4/firmware/mcu_ws/pca9685_library -B/home/max/microros_ws4/firmware/mcu_ws/build/pca9685_library --check-build-system CMakeFiles/Makefile.cmake 0
Re-run cmake file: Makefile older than: /home/max/microros_ws4/firmware/freertos_apps/microros_esp32_extensions/esp32_toolchain.cmake
-- Found ament_cmake: 0.9.11 (/home/max/microros_ws4/firmware/dev_ws/install/ament_cmake/share/ament_cmake/cmake)
-- Using PYTHON_EXECUTABLE: /home/max/microros_ws4/firmware/toolchain/espressif/python_env/idf4.1_py3.8_env/bin/python3
-- Configuring done
-- Generating done
-- Build files have been written to: /home/max/microros_ws4/firmware/mcu_ws/build/pca9685_library
/usr/bin/cmake -E cmake_progress_start /home/max/microros_ws4/firmware/mcu_ws/build/pca9685_library/CMakeFiles /home/max/microros_ws4/firmware/mcu_ws/build/pca9685_library/CMakeFiles/progress.marks
/usr/bin/make -f CMakeFiles/Makefile2 all
make[5]: Entering directory '/home/max/microros_ws4/firmware/mcu_ws/build/pca9685_library'
/usr/bin/make -f CMakeFiles/pca9685_library.dir/build.make CMakeFiles/pca9685_library.dir/depend
make[6]: Entering directory '/home/max/microros_ws4/firmware/mcu_ws/build/pca9685_library'
cd /home/max/microros_ws4/firmware/mcu_ws/build/pca9685_library && /usr/bin/cmake -E cmake_depends "Unix Makefiles" /home/max/microros_ws4/firmware/mcu_ws/pca9685_library /home/max/microros_ws4/firmware/mcu_ws/pca9685_library /home/max/microros_ws4/firmware/mcu_ws/build/pca9685_library /home/max/microros_ws4/firmware/mcu_ws/build/pca9685_library /home/max/microros_ws4/firmware/mcu_ws/build/pca9685_library/CMakeFiles/pca9685_library.dir/DependInfo.cmake --color=
Dependee "/home/max/microros_ws4/firmware/freertos_apps/microros_esp32_extensions/build/config/sdkconfig.h" is newer than depender "CMakeFiles/pca9685_library.dir/src/pca9685.c.obj".
Clearing dependencies in "/home/max/microros_ws4/firmware/mcu_ws/build/pca9685_library/CMakeFiles/pca9685_library.dir/depend.make".
[35m[1mScanning dependencies of target pca9685_library[0m
make[6]: Leaving directory '/home/max/microros_ws4/firmware/mcu_ws/build/pca9685_library'
/usr/bin/make -f CMakeFiles/pca9685_library.dir/build.make CMakeFiles/pca9685_library.dir/build
make[6]: Entering directory '/home/max/microros_ws4/firmware/mcu_ws/build/pca9685_library'
[ 50%] [32mBuilding C object CMakeFiles/pca9685_library.dir/src/pca9685.c.obj[0m
/home/max/microros_ws4/firmware/toolchain/espressif/tools/xtensa-esp32-elf/esp-2020r2-8.2.0/xtensa-esp32-elf/bin/xtensa-esp32-elf-gcc -DLWIP_IPV4 -DLWIP_IPV6 -I/home/max/microros_ws4/firmware/freertos_apps/microros_esp32_extensions/build/config -I/home/max/microros_ws4/firmware/toolchain/esp-idf/components/newlib/platform_include -I/home/max/microros_ws4/firmware/toolchain/esp-idf/components/protocomm/include -I/home/max/microros_ws4/firmware/toolchain/esp-idf/components/esp_rom/include -I/home/max/microros_ws4/firmware/toolchain/esp-idf/components/driver/include -I/home/max/microros_ws4/firmware/toolchain/esp-idf/components/wear_levelling/include -I/home/max/microros_ws4/firmware/toolchain/esp-idf/components/vfs/include -I/home/max/microros_ws4/firmware/toolchain/esp-idf/components/log/include -I/home/max/microros_ws4/firmware/toolchain/esp-idf/components/freertos/include -I/home/max/microros_ws4/firmware/toolchain/esp-idf/components/wifi_provisioning/include -I/home/max/microros_ws4/firmware/toolchain/esp-idf/components/pthread/include -I/home/max/microros_ws4/firmware/toolchain/esp-idf/components/libsodium/libsodium/src/libsodium/include -I/home/max/microros_ws4/firmware/toolchain/esp-idf/components/coap/port/include -I/home/max/microros_ws4/firmware/toolchain/esp-idf/components/coap/libcoap/include -I/home/max/microros_ws4/firmware/toolchain/esp-idf/components/tcp_transport/include -I/home/max/microros_ws4/firmware/toolchain/esp-idf/components/unity/include -I/home/max/microros_ws4/firmware/toolchain/esp-idf/components/esp32/include -I/home/max/microros_ws4/firmware/toolchain/esp-idf/components/asio/port/include -I/home/max/microros_ws4/firmware/toolchain/esp-idf/components/asio/asio/asio/include -I/home/max/microros_ws4/firmware/toolchain/esp-idf/components/app_update/include -I/home/max/microros_ws4/firmware/toolchain/esp-idf/components/esp_ringbuf/include -I/home/max/microros_ws4/firmware/toolchain/esp-idf/components/soc/esp32/include -I/home/max/microros_ws4/firmware/toolchain/esp-idf/components/soc/include -I/home/max/microros_ws4/firmware/toolchain/esp-idf/components/efuse/test/include -I/home/max/microros_ws4/firmware/toolchain/esp-idf/components/efuse/esp32/include -I/home/max/microros_ws4/firmware/toolchain/esp-idf/components/efuse/include -I/home/max/microros_ws4/firmware/toolchain/esp-idf/components/mbedtls/port/include -I/home/max/microros_ws4/firmware/toolchain/esp-idf/components/mbedtls/mbedtls/include -I/home/max/microros_ws4/firmware/toolchain/esp-idf/components/xtensa/esp32/include -I/home/max/microros_ws4/firmware/toolchain/esp-idf/components/xtensa/include -I/home/max/microros_ws4/firmware/toolchain/esp-idf/components/app_trace/include -I/home/max/microros_ws4/firmware/toolchain/esp-idf/components/nvs_flash/include -I/home/max/microros_ws4/firmware/toolchain/esp-idf/components/jsmn/include -I/home/max/microros_ws4/firmware/toolchain/esp-idf/components/esp_eth/include -I/home/max/microros_ws4/firmware/toolchain/esp-idf/components/spiffs/include -I/home/max/microros_ws4/firmware/toolchain/esp-idf/components/ulp/include -I/home/max/microros_ws4/firmware/toolchain/esp-idf/components/mdns/include -I/home/max/microros_ws4/firmware/toolchain/esp-idf/components/freemodbus/modbus/include -I/home/max/microros_ws4/firmware/toolchain/esp-idf/components/freemodbus/common/include -I/home/max/microros_ws4/firmware/toolchain/esp-idf/components/esp_event/include -I/home/max/microros_ws4/firmware/toolchain/esp-idf/components/expat/port/include -I/home/max/microros_ws4/firmware/toolchain/esp-idf/components/bootloader_support/include -I/home/max/microros_ws4/firmware/toolchain/esp-idf/components/heap/include -I/home/max/microros_ws4/firmware/toolchain/esp-idf/components/wpa_supplicant/port/include -I/home/max/microros_ws4/firmware/toolchain/esp-idf/components/wpa_supplicant/include -I/home/max/microros_ws4/firmware/toolchain/esp-idf/components/tcpip_adapter/include -I/home/max/microros_ws4/firmware/toolchain/esp-idf/components/openssl/include -I/home/max/microros_ws4/firmware/toolchain/esp-idf/components/sdmmc/include -I/home/max/microros_ws4/firmware/toolchain/esp-idf/components/esp_local_ctrl/include -I/home/max/microros_ws4/firmware/toolchain/esp-idf/components/esp_common/include -I/home/max/microros_ws4/firmware/toolchain/esp-idf/components/lwip/lwip/src/include/lwip/apps -I/home/max/microros_ws4/firmware/toolchain/esp-idf/components/lwip/lwip/src/include/compat/posix -I/home/max/microros_ws4/firmware/toolchain/esp-idf/components/lwip/lwip/src/include -I/home/max/microros_ws4/firmware/toolchain/esp-idf/components/lwip/port/esp32/include -I/home/max/microros_ws4/firmware/mcu_ws/pca9685_library/include  -mlongcalls -Wno-frame-address -mlongcalls -Wno-frame-address -g   -Wall -Wextra -Wpedantic -std=gnu99 -o CMakeFiles/pca9685_library.dir/src/pca9685.c.obj   -c /home/max/microros_ws4/firmware/mcu_ws/pca9685_library/src/pca9685.c
[100%] [32m[1mLinking C static library libpca9685_library.a[0m
/usr/bin/cmake -P CMakeFiles/pca9685_library.dir/cmake_clean_target.cmake
/usr/bin/cmake -E cmake_link_script CMakeFiles/pca9685_library.dir/link.txt --verbose=1
/home/max/microros_ws4/firmware/toolchain/espressif/tools/xtensa-esp32-elf/esp-2020r2-8.2.0/xtensa-esp32-elf/bin/xtensa-esp32-elf-ar qc libpca9685_library.a  CMakeFiles/pca9685_library.dir/src/pca9685.c.obj
/home/max/microros_ws4/firmware/toolchain/espressif/tools/xtensa-esp32-elf/esp-2020r2-8.2.0/xtensa-esp32-elf/bin/xtensa-esp32-elf-ranlib libpca9685_library.a
make[6]: Leaving directory '/home/max/microros_ws4/firmware/mcu_ws/build/pca9685_library'
[100%] Built target pca9685_library
make[5]: Leaving directory '/home/max/microros_ws4/firmware/mcu_ws/build/pca9685_library'
/usr/bin/cmake -E cmake_progress_start /home/max/microros_ws4/firmware/mcu_ws/build/pca9685_library/CMakeFiles 0
make[4]: Leaving directory '/home/max/microros_ws4/firmware/mcu_ws/build/pca9685_library'
-- Install configuration: "Debug"
-- Up-to-date: /home/max/microros_ws4/firmware/mcu_ws/install/share/pca9685_library/environment/library_path.sh
-- Installing: /home/max/microros_ws4/firmware/mcu_ws/install/share/pca9685_library/environment/library_path.dsv
-- Up-to-date: /home/max/microros_ws4/firmware/mcu_ws/install/include/pca9685_library
-- Up-to-date: /home/max/microros_ws4/firmware/mcu_ws/install/include/pca9685_library/pca9685.h
-- Installing: /home/max/microros_ws4/firmware/mcu_ws/install/lib/libpca9685_library.a
-- Up-to-date: /home/max/microros_ws4/firmware/mcu_ws/install/share/ament_index/resource_index/package_run_dependencies/pca9685_library
-- Up-to-date: /home/max/microros_ws4/firmware/mcu_ws/install/share/ament_index/resource_index/parent_prefix_path/pca9685_library
-- Up-to-date: /home/max/microros_ws4/firmware/mcu_ws/install/share/pca9685_library/environment/ament_prefix_path.sh
-- Installing: /home/max/microros_ws4/firmware/mcu_ws/install/share/pca9685_library/environment/ament_prefix_path.dsv
-- Up-to-date: /home/max/microros_ws4/firmware/mcu_ws/install/share/pca9685_library/environment/path.sh
-- Installing: /home/max/microros_ws4/firmware/mcu_ws/install/share/pca9685_library/environment/path.dsv
-- Up-to-date: /home/max/microros_ws4/firmware/mcu_ws/install/share/pca9685_library/local_setup.bash
-- Up-to-date: /home/max/microros_ws4/firmware/mcu_ws/install/share/pca9685_library/local_setup.sh
-- Up-to-date: /home/max/microros_ws4/firmware/mcu_ws/install/share/pca9685_library/local_setup.zsh
-- Installing: /home/max/microros_ws4/firmware/mcu_ws/install/share/pca9685_library/local_setup.dsv
-- Installing: /home/max/microros_ws4/firmware/mcu_ws/install/share/pca9685_library/package.dsv
-- Up-to-date: /home/max/microros_ws4/firmware/mcu_ws/install/share/ament_index/resource_index/packages/pca9685_library
-- Up-to-date: /home/max/microros_ws4/firmware/mcu_ws/install/share/pca9685_library/cmake/pca9685_libraryExport.cmake
-- Installing: /home/max/microros_ws4/firmware/mcu_ws/install/share/pca9685_library/cmake/pca9685_libraryExport-debug.cmake
-- Up-to-date: /home/max/microros_ws4/firmware/mcu_ws/install/share/pca9685_library/cmake/ament_cmake_export_targets-extras.cmake
-- Up-to-date: /home/max/microros_ws4/firmware/mcu_ws/install/share/pca9685_library/cmake/pca9685_libraryConfig.cmake
-- Up-to-date: /home/max/microros_ws4/firmware/mcu_ws/install/share/pca9685_library/cmake/pca9685_libraryConfig-version.cmake
-- Up-to-date: /home/max/microros_ws4/firmware/mcu_ws/install/share/pca9685_library/package.xml
