[0.615s] Invoking command in '/home/max/PycharmProjects/my_ros2_ws/src/py_pubsub': PYTHONPATH=/home/max/PycharmProjects/my_ros2_ws/build/py_pubsub/prefix_override:/home/max/PycharmProjects/my_ros2_ws/install/py_pubsub/lib/python3.8/site-packages:/home/max/PycharmProjects/my_ros2_ws/install/servo_message/lib/python3.8/site-packages:/home/max/PycharmProjects/my_ros2_ws/install/py_pubsub/lib/python3.8/site-packages:/opt/ros/foxy/lib/python3.8/site-packages /usr/bin/python3 setup.py egg_info --egg-base ../../build/py_pubsub build --build-base /home/max/PycharmProjects/my_ros2_ws/build/py_pubsub/build install --record /home/max/PycharmProjects/my_ros2_ws/build/py_pubsub/install.log --install-scripts $base/lib/py_pubsub --single-version-externally-managed
[0.784s] running egg_info
[0.784s] writing ../../build/py_pubsub/py_pubsub.egg-info/PKG-INFO
[0.785s] writing dependency_links to ../../build/py_pubsub/py_pubsub.egg-info/dependency_links.txt
[0.785s] writing entry points to ../../build/py_pubsub/py_pubsub.egg-info/entry_points.txt
[0.785s] writing requirements to ../../build/py_pubsub/py_pubsub.egg-info/requires.txt
[0.785s] writing top-level names to ../../build/py_pubsub/py_pubsub.egg-info/top_level.txt
[0.828s] reading manifest file '../../build/py_pubsub/py_pubsub.egg-info/SOURCES.txt'
[0.829s] writing manifest file '../../build/py_pubsub/py_pubsub.egg-info/SOURCES.txt'
[0.829s] running build
[0.829s] running build_py
[0.829s] running install
[0.830s] running install_lib
[0.831s] running install_data
[0.831s] running install_egg_info
[0.833s] removing '/home/max/PycharmProjects/my_ros2_ws/install/py_pubsub/lib/python3.8/site-packages/py_pubsub-0.0.0-py3.8.egg-info' (and everything under it)
[0.833s] Copying ../../build/py_pubsub/py_pubsub.egg-info to /home/max/PycharmProjects/my_ros2_ws/install/py_pubsub/lib/python3.8/site-packages/py_pubsub-0.0.0-py3.8.egg-info
[0.833s] running install_scripts
[0.849s] Installing talker script to /home/max/PycharmProjects/my_ros2_ws/install/py_pubsub/lib/py_pubsub
[0.849s] writing list of installed files to '/home/max/PycharmProjects/my_ros2_ws/build/py_pubsub/install.log'
[0.888s] Invoked command in '/home/max/PycharmProjects/my_ros2_ws/src/py_pubsub' returned '0': PYTHONPATH=/home/max/PycharmProjects/my_ros2_ws/build/py_pubsub/prefix_override:/home/max/PycharmProjects/my_ros2_ws/install/py_pubsub/lib/python3.8/site-packages:/home/max/PycharmProjects/my_ros2_ws/install/servo_message/lib/python3.8/site-packages:/home/max/PycharmProjects/my_ros2_ws/install/py_pubsub/lib/python3.8/site-packages:/opt/ros/foxy/lib/python3.8/site-packages /usr/bin/python3 setup.py egg_info --egg-base ../../build/py_pubsub build --build-base /home/max/PycharmProjects/my_ros2_ws/build/py_pubsub/build install --record /home/max/PycharmProjects/my_ros2_ws/build/py_pubsub/install.log --install-scripts $base/lib/py_pubsub --single-version-externally-managed
