Not searching for unused variables given on the command line.
-- The C compiler identification is GNU 8.2.0
-- The CXX compiler identification is GNU 8.2.0
-- Check for working C compiler: /home/max/microros_ws4/firmware/toolchain/espressif/tools/xtensa-esp32-elf/esp-2020r2-8.2.0/xtensa-esp32-elf/bin/xtensa-esp32-elf-gcc
-- Check for working C compiler: /home/max/microros_ws4/firmware/toolchain/espressif/tools/xtensa-esp32-elf/esp-2020r2-8.2.0/xtensa-esp32-elf/bin/xtensa-esp32-elf-gcc -- works
-- Detecting C compiler ABI info
-- Detecting C compiler ABI info - done
-- Detecting C compile features
-- Detecting C compile features - done
-- Check for working CXX compiler: /home/max/microros_ws4/firmware/toolchain/espressif/tools/xtensa-esp32-elf/esp-2020r2-8.2.0/xtensa-esp32-elf/bin/xtensa-esp32-elf-g++
-- Check for working CXX compiler: /home/max/microros_ws4/firmware/toolchain/espressif/tools/xtensa-esp32-elf/esp-2020r2-8.2.0/xtensa-esp32-elf/bin/xtensa-esp32-elf-g++ -- works
-- Detecting CXX compiler ABI info
-- Detecting CXX compiler ABI info - done
-- Detecting CXX compile features
-- Detecting CXX compile features - done
-- Found ament_cmake: 0.9.11 (/home/max/microros_ws4/firmware/dev_ws/install/ament_cmake/share/ament_cmake/cmake)
-- Found PythonInterp: /home/max/microros_ws4/firmware/toolchain/espressif/python_env/idf4.1_py3.8_env/bin/python3 (found suitable version "3.8.10", minimum required is "3") 
-- Using PYTHON_EXECUTABLE: /home/max/microros_ws4/firmware/toolchain/espressif/python_env/idf4.1_py3.8_env/bin/python3
-- Configuring done
-- Generating done
-- Build files have been written to: /home/max/microros_ws4/firmware/mcu_ws/build/pca9685_library
make[4]: Entering directory '/home/max/microros_ws4/firmware/mcu_ws/build/pca9685_library'
/usr/bin/cmake -S/home/max/microros_ws4/firmware/mcu_ws/pca9685_library -B/home/max/microros_ws4/firmware/mcu_ws/build/pca9685_library --check-build-system CMakeFiles/Makefile.cmake 0
/usr/bin/cmake -E cmake_progress_start /home/max/microros_ws4/firmware/mcu_ws/build/pca9685_library/CMakeFiles /home/max/microros_ws4/firmware/mcu_ws/build/pca9685_library/CMakeFiles/progress.marks
/usr/bin/make -f CMakeFiles/Makefile2 all
make[5]: Entering directory '/home/max/microros_ws4/firmware/mcu_ws/build/pca9685_library'
/usr/bin/make -f CMakeFiles/pca9685_library.dir/build.make CMakeFiles/pca9685_library.dir/depend
make[6]: Entering directory '/home/max/microros_ws4/firmware/mcu_ws/build/pca9685_library'
cd /home/max/microros_ws4/firmware/mcu_ws/build/pca9685_library && /usr/bin/cmake -E cmake_depends "Unix Makefiles" /home/max/microros_ws4/firmware/mcu_ws/pca9685_library /home/max/microros_ws4/firmware/mcu_ws/pca9685_library /home/max/microros_ws4/firmware/mcu_ws/build/pca9685_library /home/max/microros_ws4/firmware/mcu_ws/build/pca9685_library /home/max/microros_ws4/firmware/mcu_ws/build/pca9685_library/CMakeFiles/pca9685_library.dir/DependInfo.cmake --color=
Dependee "/home/max/microros_ws4/firmware/mcu_ws/build/pca9685_library/CMakeFiles/pca9685_library.dir/DependInfo.cmake" is newer than depender "/home/max/microros_ws4/firmware/mcu_ws/build/pca9685_library/CMakeFiles/pca9685_library.dir/depend.internal".
Dependee "/home/max/microros_ws4/firmware/mcu_ws/build/pca9685_library/CMakeFiles/CMakeDirectoryInformation.cmake" is newer than depender "/home/max/microros_ws4/firmware/mcu_ws/build/pca9685_library/CMakeFiles/pca9685_library.dir/depend.internal".
[35m[1mScanning dependencies of target pca9685_library[0m
make[6]: Leaving directory '/home/max/microros_ws4/firmware/mcu_ws/build/pca9685_library'
/usr/bin/make -f CMakeFiles/pca9685_library.dir/build.make CMakeFiles/pca9685_library.dir/build
make[6]: Entering directory '/home/max/microros_ws4/firmware/mcu_ws/build/pca9685_library'
[ 50%] [32mBuilding C object CMakeFiles/pca9685_library.dir/src/pca9685.c.obj[0m
/home/max/microros_ws4/firmware/toolchain/espressif/tools/xtensa-esp32-elf/esp-2020r2-8.2.0/xtensa-esp32-elf/bin/xtensa-esp32-elf-gcc -DLWIP_IPV4 -DLWIP_IPV6 -I/home/max/microros_ws4/firmware/freertos_apps/microros_esp32_extensions/build/config -I/home/max/microros_ws4/firmware/toolchain/esp-idf/components/newlib/platform_include -I/home/max/microros_ws4/firmware/toolchain/esp-idf/components/protocomm/include -I/home/max/microros_ws4/firmware/toolchain/esp-idf/components/esp_rom/include -I/home/max/microros_ws4/firmware/toolchain/esp-idf/components/driver/include -I/home/max/microros_ws4/firmware/toolchain/esp-idf/components/wear_levelling/include -I/home/max/microros_ws4/firmware/toolchain/esp-idf/components/vfs/include -I/home/max/microros_ws4/firmware/toolchain/esp-idf/components/log/include -I/home/max/microros_ws4/firmware/toolchain/esp-idf/components/freertos/include -I/home/max/microros_ws4/firmware/toolchain/esp-idf/components/wifi_provisioning/include -I/home/max/microros_ws4/firmware/toolchain/esp-idf/components/pthread/include -I/home/max/microros_ws4/firmware/toolchain/esp-idf/components/libsodium/libsodium/src/libsodium/include -I/home/max/microros_ws4/firmware/toolchain/esp-idf/components/coap/port/include -I/home/max/microros_ws4/firmware/toolchain/esp-idf/components/coap/libcoap/include -I/home/max/microros_ws4/firmware/toolchain/esp-idf/components/tcp_transport/include -I/home/max/microros_ws4/firmware/toolchain/esp-idf/components/unity/include -I/home/max/microros_ws4/firmware/toolchain/esp-idf/components/esp32/include -I/home/max/microros_ws4/firmware/toolchain/esp-idf/components/asio/port/include -I/home/max/microros_ws4/firmware/toolchain/esp-idf/components/asio/asio/asio/include -I/home/max/microros_ws4/firmware/toolchain/esp-idf/components/app_update/include -I/home/max/microros_ws4/firmware/toolchain/esp-idf/components/esp_ringbuf/include -I/home/max/microros_ws4/firmware/toolchain/esp-idf/components/soc/esp32/include -I/home/max/microros_ws4/firmware/toolchain/esp-idf/components/soc/include -I/home/max/microros_ws4/firmware/toolchain/esp-idf/components/efuse/test/include -I/home/max/microros_ws4/firmware/toolchain/esp-idf/components/efuse/esp32/include -I/home/max/microros_ws4/firmware/toolchain/esp-idf/components/efuse/include -I/home/max/microros_ws4/firmware/toolchain/esp-idf/components/mbedtls/port/include -I/home/max/microros_ws4/firmware/toolchain/esp-idf/components/mbedtls/mbedtls/include -I/home/max/microros_ws4/firmware/toolchain/esp-idf/components/xtensa/esp32/include -I/home/max/microros_ws4/firmware/toolchain/esp-idf/components/xtensa/include -I/home/max/microros_ws4/firmware/toolchain/esp-idf/components/app_trace/include -I/home/max/microros_ws4/firmware/toolchain/esp-idf/components/nvs_flash/include -I/home/max/microros_ws4/firmware/toolchain/esp-idf/components/jsmn/include -I/home/max/microros_ws4/firmware/toolchain/esp-idf/components/esp_eth/include -I/home/max/microros_ws4/firmware/toolchain/esp-idf/components/spiffs/include -I/home/max/microros_ws4/firmware/toolchain/esp-idf/components/ulp/include -I/home/max/microros_ws4/firmware/toolchain/esp-idf/components/mdns/include -I/home/max/microros_ws4/firmware/toolchain/esp-idf/components/freemodbus/modbus/include -I/home/max/microros_ws4/firmware/toolchain/esp-idf/components/freemodbus/common/include -I/home/max/microros_ws4/firmware/toolchain/esp-idf/components/esp_event/include -I/home/max/microros_ws4/firmware/toolchain/esp-idf/components/expat/port/include -I/home/max/microros_ws4/firmware/toolchain/esp-idf/components/bootloader_support/include -I/home/max/microros_ws4/firmware/toolchain/esp-idf/components/heap/include -I/home/max/microros_ws4/firmware/toolchain/esp-idf/components/wpa_supplicant/port/include -I/home/max/microros_ws4/firmware/toolchain/esp-idf/components/wpa_supplicant/include -I/home/max/microros_ws4/firmware/toolchain/esp-idf/components/tcpip_adapter/include -I/home/max/microros_ws4/firmware/toolchain/esp-idf/components/openssl/include -I/home/max/microros_ws4/firmware/toolchain/esp-idf/components/sdmmc/include -I/home/max/microros_ws4/firmware/toolchain/esp-idf/components/esp_local_ctrl/include -I/home/max/microros_ws4/firmware/toolchain/esp-idf/components/esp_common/include -I/home/max/microros_ws4/firmware/toolchain/esp-idf/components/lwip/lwip/src/include/lwip/apps -I/home/max/microros_ws4/firmware/toolchain/esp-idf/components/lwip/lwip/src/include/compat/posix -I/home/max/microros_ws4/firmware/toolchain/esp-idf/components/lwip/lwip/src/include -I/home/max/microros_ws4/firmware/toolchain/esp-idf/components/lwip/port/esp32/include -I/home/max/microros_ws4/firmware/mcu_ws/pca9685_library/include  -mlongcalls -Wno-frame-address -mlongcalls -Wno-frame-address -g   -Wall -Wextra -Wpedantic -std=gnu99 -o CMakeFiles/pca9685_library.dir/src/pca9685.c.obj   -c /home/max/microros_ws4/firmware/mcu_ws/pca9685_library/src/pca9685.c
In file included from [01m[K/home/max/microros_ws4/firmware/toolchain/esp-idf/components/esp_common/include/esp_err.h:18[m[K,
                 from [01m[K/home/max/microros_ws4/firmware/toolchain/esp-idf/components/driver/include/driver/i2c.h:23[m[K,
                 from [01m[K/home/max/microros_ws4/firmware/mcu_ws/pca9685_library/include/pca9685_library/pca9685.h:14[m[K,
                 from [01m[K/home/max/microros_ws4/firmware/mcu_ws/pca9685_library/src/pca9685.c:10[m[K:
[01m[K/home/max/microros_ws4/firmware/toolchain/esp-idf/components/newlib/platform_include/assert.h:24:2:[m[K [01;35m[Kwarning: [m[K#include_next is a GCC extension
 #[01;35m[Kinclude_next[m[K <assert.h>
  [01;35m[K^~~~~~~~~~~~[m[K
In file included from [01m[K/home/max/microros_ws4/firmware/toolchain/esp-idf/components/freertos/include/freertos/portable.h:89[m[K,
                 from [01m[K/home/max/microros_ws4/firmware/toolchain/esp-idf/components/freertos/include/freertos/FreeRTOS.h:107[m[K,
                 from [01m[K/home/max/microros_ws4/firmware/toolchain/esp-idf/components/driver/include/driver/i2c.h:25[m[K,
                 from [01m[K/home/max/microros_ws4/firmware/mcu_ws/pca9685_library/include/pca9685_library/pca9685.h:14[m[K,
                 from [01m[K/home/max/microros_ws4/firmware/mcu_ws/pca9685_library/src/pca9685.c:10[m[K:
[01m[K/home/max/microros_ws4/firmware/toolchain/esp-idf/components/soc/esp32/include/soc/cpu.h:[m[K In function '[01m[Kcpu_configure_region_protection[m[K':
[01m[K/home/max/microros_ws4/firmware/toolchain/esp-idf/components/soc/esp32/include/soc/cpu.h:77:23:[m[K [01;35m[Kwarning: [m[Kcomparison of integer expressions of different signedness: '[01m[Kint[m[K' and '[01m[Kunsigned int[m[K' [[01;35m[K-Wsign-compare[m[K]
     for (int i = 0; i [01;35m[K<[m[K sizeof(pages_to_protect)/sizeof(pages_to_protect[0]); ++i) {
                       [01;35m[K^[m[K
In file included from [01m[K/home/max/microros_ws4/firmware/toolchain/esp-idf/components/freertos/include/freertos/task.h:80[m[K,
                 from [01m[K/home/max/microros_ws4/firmware/toolchain/esp-idf/components/driver/include/driver/i2c.h:28[m[K,
                 from [01m[K/home/max/microros_ws4/firmware/mcu_ws/pca9685_library/include/pca9685_library/pca9685.h:14[m[K,
                 from [01m[K/home/max/microros_ws4/firmware/mcu_ws/pca9685_library/src/pca9685.c:10[m[K:
[01m[K/home/max/microros_ws4/firmware/toolchain/esp-idf/components/freertos/include/freertos/list.h:[m[K At top level:
[01m[K/home/max/microros_ws4/firmware/toolchain/esp-idf/components/freertos/include/freertos/list.h:194:1:[m[K [01;35m[Kwarning: [m[KISO C99 does not support '[01m[K_Static_assert[m[K' [[01;35m[K-Wpedantic[m[K]
 [01;35m[K_Static_assert[m[K(sizeof(StaticListItem_t) == sizeof(ListItem_t), "StaticListItem_t != ListItem_t");
 [01;35m[K^~~~~~~~~~~~~~[m[K
[01m[K/home/max/microros_ws4/firmware/toolchain/esp-idf/components/freertos/include/freertos/list.h:207:1:[m[K [01;35m[Kwarning: [m[KISO C99 does not support '[01m[K_Static_assert[m[K' [[01;35m[K-Wpedantic[m[K]
 [01;35m[K_Static_assert[m[K(sizeof(StaticMiniListItem_t) == sizeof(MiniListItem_t), "StaticMiniListItem_t != MiniListItem_t");
 [01;35m[K^~~~~~~~~~~~~~[m[K
[01m[K/home/max/microros_ws4/firmware/toolchain/esp-idf/components/freertos/include/freertos/list.h:224:1:[m[K [01;35m[Kwarning: [m[KISO C99 does not support '[01m[K_Static_assert[m[K' [[01;35m[K-Wpedantic[m[K]
 [01;35m[K_Static_assert[m[K(sizeof(StaticList_t) == sizeof(List_t), "StaticList_t != List_t");
 [01;35m[K^~~~~~~~~~~~~~[m[K
In file included from [01m[K/home/max/microros_ws4/firmware/toolchain/esp-idf/components/soc/include/soc/gpio_periph.h:18[m[K,
                 from [01m[K/home/max/microros_ws4/firmware/toolchain/esp-idf/components/driver/include/driver/gpio.h:22[m[K,
                 from [01m[K/home/max/microros_ws4/firmware/toolchain/esp-idf/components/driver/include/driver/i2c.h:31[m[K,
                 from [01m[K/home/max/microros_ws4/firmware/mcu_ws/pca9685_library/include/pca9685_library/pca9685.h:14[m[K,
                 from [01m[K/home/max/microros_ws4/firmware/mcu_ws/pca9685_library/src/pca9685.c:10[m[K:
[01m[K/home/max/microros_ws4/firmware/toolchain/esp-idf/components/soc/esp32/include/soc/gpio_struct.h:32:10:[m[K [01;35m[Kwarning: [m[KISO C99 doesn't support unnamed structs/unions [[01;35m[K-Wpedantic[m[K]
         }[01;35m[K;[m[K
          [01;35m[K^[m[K
[01m[K/home/max/microros_ws4/firmware/toolchain/esp-idf/components/soc/esp32/include/soc/gpio_struct.h:39:10:[m[K [01;35m[Kwarning: [m[KISO C99 doesn't support unnamed structs/unions [[01;35m[K-Wpedantic[m[K]
         }[01;35m[K;[m[K
          [01;35m[K^[m[K
[01m[K/home/max/microros_ws4/firmware/toolchain/esp-idf/components/soc/esp32/include/soc/gpio_struct.h:46:10:[m[K [01;35m[Kwarning: [m[KISO C99 doesn't support unnamed structs/unions [[01;35m[K-Wpedantic[m[K]
         }[01;35m[K;[m[K
          [01;35m[K^[m[K
[01m[K/home/max/microros_ws4/firmware/toolchain/esp-idf/components/soc/esp32/include/soc/gpio_struct.h:53:10:[m[K [01;35m[Kwarning: [m[KISO C99 doesn't support unnamed structs/unions [[01;35m[K-Wpedantic[m[K]
         }[01;35m[K;[m[K
          [01;35m[K^[m[K
[01m[K/home/max/microros_ws4/firmware/toolchain/esp-idf/components/soc/esp32/include/soc/gpio_struct.h:63:10:[m[K [01;35m[Kwarning: [m[KISO C99 doesn't support unnamed structs/unions [[01;35m[K-Wpedantic[m[K]
         }[01;35m[K;[m[K
          [01;35m[K^[m[K
[01m[K/home/max/microros_ws4/firmware/toolchain/esp-idf/components/soc/esp32/include/soc/gpio_struct.h:70:10:[m[K [01;35m[Kwarning: [m[KISO C99 doesn't support unnamed structs/unions [[01;35m[K-Wpedantic[m[K]
         }[01;35m[K;[m[K
          [01;35m[K^[m[K
[01m[K/home/max/microros_ws4/firmware/toolchain/esp-idf/components/soc/esp32/include/soc/gpio_struct.h:77:10:[m[K [01;35m[Kwarning: [m[KISO C99 doesn't support unnamed structs/unions [[01;35m[K-Wpedantic[m[K]
         }[01;35m[K;[m[K
          [01;35m[K^[m[K
In file included from [01m[K/home/max/microros_ws4/firmware/toolchain/esp-idf/components/soc/include/soc/gpio_periph.h:18[m[K,
                 from [01m[K/home/max/microros_ws4/firmware/toolchain/esp-idf/components/driver/include/driver/gpio.h:22[m[K,
                 from [01m[K/home/max/microros_ws4/firmware/toolchain/esp-idf/components/driver/include/driver/i2c.h:31[m[K,
                 from [01m[K/home/max/microros_ws4/firmware/mcu_ws/pca9685_library/include/pca9685_library/pca9685.h:14[m[K,
                 from [01m[K/home/max/microros_ws4/firmware/mcu_ws/pca9685_library/src/pca9685.c:10[m[K:
[01m[K/home/max/microros_ws4/firmware/toolchain/esp-idf/components/soc/esp32/include/soc/gpio_struct.h:84:10:[m[K [01;35m[Kwarning: [m[KISO C99 doesn't support unnamed structs/unions [[01;35m[K-Wpedantic[m[K]
         }[01;35m[K;[m[K
          [01;35m[K^[m[K
[01m[K/home/max/microros_ws4/firmware/toolchain/esp-idf/components/soc/esp32/include/soc/gpio_struct.h:92:10:[m[K [01;35m[Kwarning: [m[KISO C99 doesn't support unnamed structs/unions [[01;35m[K-Wpedantic[m[K]
         }[01;35m[K;[m[K
          [01;35m[K^[m[K
[01m[K/home/max/microros_ws4/firmware/toolchain/esp-idf/components/soc/esp32/include/soc/gpio_struct.h:102:10:[m[K [01;35m[Kwarning: [m[KISO C99 doesn't support unnamed structs/unions [[01;35m[K-Wpedantic[m[K]
         }[01;35m[K;[m[K
          [01;35m[K^[m[K
[01m[K/home/max/microros_ws4/firmware/toolchain/esp-idf/components/soc/esp32/include/soc/gpio_struct.h:109:10:[m[K [01;35m[Kwarning: [m[KISO C99 doesn't support unnamed structs/unions [[01;35m[K-Wpedantic[m[K]
         }[01;35m[K;[m[K
          [01;35m[K^[m[K
[01m[K/home/max/microros_ws4/firmware/toolchain/esp-idf/components/soc/esp32/include/soc/gpio_struct.h:116:10:[m[K [01;35m[Kwarning: [m[KISO C99 doesn't support unnamed structs/unions [[01;35m[K-Wpedantic[m[K]
         }[01;35m[K;[m[K
          [01;35m[K^[m[K
[01m[K/home/max/microros_ws4/firmware/toolchain/esp-idf/components/soc/esp32/include/soc/gpio_struct.h:129:10:[m[K [01;35m[Kwarning: [m[KISO C99 doesn't support unnamed structs/unions [[01;35m[K-Wpedantic[m[K]
         }[01;35m[K;[m[K
          [01;35m[K^[m[K
[01m[K/home/max/microros_ws4/firmware/toolchain/esp-idf/components/soc/esp32/include/soc/gpio_struct.h:136:10:[m[K [01;35m[Kwarning: [m[KISO C99 doesn't support unnamed structs/unions [[01;35m[K-Wpedantic[m[K]
         }[01;35m[K;[m[K
          [01;35m[K^[m[K
[01m[K/home/max/microros_ws4/firmware/toolchain/esp-idf/components/soc/esp32/include/soc/gpio_struct.h:143:10:[m[K [01;35m[Kwarning: [m[KISO C99 doesn't support unnamed structs/unions [[01;35m[K-Wpedantic[m[K]
         }[01;35m[K;[m[K
          [01;35m[K^[m[K
[01m[K/home/max/microros_ws4/firmware/toolchain/esp-idf/components/soc/esp32/include/soc/gpio_struct.h:150:10:[m[K [01;35m[Kwarning: [m[KISO C99 doesn't support unnamed structs/unions [[01;35m[K-Wpedantic[m[K]
         }[01;35m[K;[m[K
          [01;35m[K^[m[K
[01m[K/home/max/microros_ws4/firmware/toolchain/esp-idf/components/soc/esp32/include/soc/gpio_struct.h:157:10:[m[K [01;35m[Kwarning: [m[KISO C99 doesn't support unnamed structs/unions [[01;35m[K-Wpedantic[m[K]
         }[01;35m[K;[m[K
          [01;35m[K^[m[K
[01m[K/home/max/microros_ws4/firmware/toolchain/esp-idf/components/soc/esp32/include/soc/gpio_struct.h:170:10:[m[K [01;35m[Kwarning: [m[KISO C99 doesn't support unnamed structs/unions [[01;35m[K-Wpedantic[m[K]
         }[01;35m[K;[m[K
          [01;35m[K^[m[K
[01m[K/home/max/microros_ws4/firmware/toolchain/esp-idf/components/soc/esp32/include/soc/gpio_struct.h:178:10:[m[K [01;35m[Kwarning: [m[KISO C99 doesn't support unnamed structs/unions [[01;35m[K-Wpedantic[m[K]
         }[01;35m[K;[m[K
          [01;35m[K^[m[K
[01m[K/home/max/microros_ws4/firmware/toolchain/esp-idf/components/soc/esp32/include/soc/gpio_struct.h:187:10:[m[K [01;35m[Kwarning: [m[KISO C99 doesn't support unnamed structs/unions [[01;35m[K-Wpedantic[m[K]
         }[01;35m[K;[m[K
          [01;35m[K^[m[K
[01m[K/home/max/microros_ws4/firmware/toolchain/esp-idf/components/soc/esp32/include/soc/gpio_struct.h:196:10:[m[K [01;35m[Kwarning: [m[KISO C99 doesn't support unnamed structs/unions [[01;35m[K-Wpedantic[m[K]
         }[01;35m[K;[m[K
          [01;35m[K^[m[K
[01m[K/home/max/microros_ws4/firmware/toolchain/esp-idf/components/soc/esp32/include/soc/gpio_struct.h:206:10:[m[K [01;35m[Kwarning: [m[KISO C99 doesn't support unnamed structs/unions [[01;35m[K-Wpedantic[m[K]
         }[01;35m[K;[m[K
          [01;35m[K^[m[K
In file included from [01m[K/home/max/microros_ws4/firmware/toolchain/esp-idf/components/driver/include/driver/i2c.h:32[m[K,
                 from [01m[K/home/max/microros_ws4/firmware/mcu_ws/pca9685_library/include/pca9685_library/pca9685.h:14[m[K,
                 from [01m[K/home/max/microros_ws4/firmware/mcu_ws/pca9685_library/src/pca9685.c:10[m[K:
[01m[K/home/max/microros_ws4/firmware/toolchain/esp-idf/components/soc/include/hal/i2c_types.h:91:6:[m[K [01;35m[Kwarning: [m[KISO C99 doesn't support unnamed structs/unions [[01;35m[K-Wpedantic[m[K]
     }[01;35m[K;[m[K
      [01;35m[K^[m[K
In file included from [01m[K/home/max/microros_ws4/firmware/mcu_ws/pca9685_library/include/pca9685_library/pca9685.h:17[m[K,
                 from [01m[K/home/max/microros_ws4/firmware/mcu_ws/pca9685_library/src/pca9685.c:10[m[K:
[01m[K/home/max/microros_ws4/firmware/toolchain/esp-idf/components/newlib/platform_include/errno.h:18:2:[m[K [01;35m[Kwarning: [m[K#include_next is a GCC extension
 #[01;35m[Kinclude_next[m[K "errno.h"
  [01;35m[K^~~~~~~~~~~~[m[K
[100%] [32m[1mLinking C static library libpca9685_library.a[0m
/usr/bin/cmake -P CMakeFiles/pca9685_library.dir/cmake_clean_target.cmake
/usr/bin/cmake -E cmake_link_script CMakeFiles/pca9685_library.dir/link.txt --verbose=1
/home/max/microros_ws4/firmware/toolchain/espressif/tools/xtensa-esp32-elf/esp-2020r2-8.2.0/xtensa-esp32-elf/bin/xtensa-esp32-elf-ar qc libpca9685_library.a  CMakeFiles/pca9685_library.dir/src/pca9685.c.obj
/home/max/microros_ws4/firmware/toolchain/espressif/tools/xtensa-esp32-elf/esp-2020r2-8.2.0/xtensa-esp32-elf/bin/xtensa-esp32-elf-ranlib libpca9685_library.a
make[6]: Leaving directory '/home/max/microros_ws4/firmware/mcu_ws/build/pca9685_library'
[100%] Built target pca9685_library
make[5]: Leaving directory '/home/max/microros_ws4/firmware/mcu_ws/build/pca9685_library'
/usr/bin/cmake -E cmake_progress_start /home/max/microros_ws4/firmware/mcu_ws/build/pca9685_library/CMakeFiles 0
make[4]: Leaving directory '/home/max/microros_ws4/firmware/mcu_ws/build/pca9685_library'
-- Install configuration: "Debug"
-- Installing: /home/max/microros_ws4/firmware/mcu_ws/install/share/pca9685_library/environment/library_path.sh
-- Installing: /home/max/microros_ws4/firmware/mcu_ws/install/share/pca9685_library/environment/library_path.dsv
-- Installing: /home/max/microros_ws4/firmware/mcu_ws/install/include/pca9685_library
-- Installing: /home/max/microros_ws4/firmware/mcu_ws/install/include/pca9685_library/pca9685.h
-- Installing: /home/max/microros_ws4/firmware/mcu_ws/install/lib/libpca9685_library.a
-- Installing: /home/max/microros_ws4/firmware/mcu_ws/install/share/ament_index/resource_index/package_run_dependencies/pca9685_library
-- Installing: /home/max/microros_ws4/firmware/mcu_ws/install/share/ament_index/resource_index/parent_prefix_path/pca9685_library
-- Installing: /home/max/microros_ws4/firmware/mcu_ws/install/share/pca9685_library/environment/ament_prefix_path.sh
-- Installing: /home/max/microros_ws4/firmware/mcu_ws/install/share/pca9685_library/environment/ament_prefix_path.dsv
-- Installing: /home/max/microros_ws4/firmware/mcu_ws/install/share/pca9685_library/environment/path.sh
-- Installing: /home/max/microros_ws4/firmware/mcu_ws/install/share/pca9685_library/environment/path.dsv
-- Installing: /home/max/microros_ws4/firmware/mcu_ws/install/share/pca9685_library/local_setup.bash
-- Installing: /home/max/microros_ws4/firmware/mcu_ws/install/share/pca9685_library/local_setup.sh
-- Installing: /home/max/microros_ws4/firmware/mcu_ws/install/share/pca9685_library/local_setup.zsh
-- Installing: /home/max/microros_ws4/firmware/mcu_ws/install/share/pca9685_library/local_setup.dsv
-- Installing: /home/max/microros_ws4/firmware/mcu_ws/install/share/pca9685_library/package.dsv
-- Installing: /home/max/microros_ws4/firmware/mcu_ws/install/share/ament_index/resource_index/packages/pca9685_library
-- Installing: /home/max/microros_ws4/firmware/mcu_ws/install/share/pca9685_library/cmake/pca9685_libraryExport.cmake
-- Installing: /home/max/microros_ws4/firmware/mcu_ws/install/share/pca9685_library/cmake/pca9685_libraryExport-debug.cmake
-- Installing: /home/max/microros_ws4/firmware/mcu_ws/install/share/pca9685_library/cmake/ament_cmake_export_targets-extras.cmake
-- Installing: /home/max/microros_ws4/firmware/mcu_ws/install/share/pca9685_library/cmake/pca9685_libraryConfig.cmake
-- Installing: /home/max/microros_ws4/firmware/mcu_ws/install/share/pca9685_library/cmake/pca9685_libraryConfig-version.cmake
-- Installing: /home/max/microros_ws4/firmware/mcu_ws/install/share/pca9685_library/package.xml
