[0.028s] Invoking command in '/home/max/microros_ws4/firmware/mcu_ws/build/pca9685_library': CMAKE_PREFIX_PATH=${CMAKE_PREFIX_PATH}:/home/max/microros_ws4/firmware/dev_ws/install/ament_uncrustify:/home/max/microros_ws4/firmware/dev_ws/install/domain_coordinator:/home/max/microros_ws4/firmware/dev_ws/install/ament_xmllint:/home/max/microros_ws4/firmware/dev_ws/install/ament_pyflakes:/home/max/microros_ws4/firmware/dev_ws/install/ament_pycodestyle:/home/max/microros_ws4/firmware/dev_ws/install/ament_pep257:/home/max/microros_ws4/firmware/dev_ws/install/ament_pclint:/home/max/microros_ws4/firmware/dev_ws/install/ament_package:/home/max/microros_ws4/firmware/dev_ws/install/ament_mypy:/home/max/microros_ws4/firmware/dev_ws/install/ament_lint_cmake:/home/max/microros_ws4/firmware/dev_ws/install/ament_flake8:/home/max/microros_ws4/firmware/dev_ws/install/ament_copyright:/home/max/microros_ws4/firmware/dev_ws/install/ament_lint:/home/max/microros_ws4/firmware/dev_ws/install/ament_index_python:/home/max/microros_ws4/firmware/dev_ws/install/ament_cpplint:/home/max/microros_ws4/firmware/dev_ws/install/ament_cppcheck:/home/max/microros_ws4/firmware/dev_ws/install/ament_clang_tidy:/home/max/microros_ws4/firmware/dev_ws/install/ament_clang_format /usr/bin/cmake /home/max/microros_ws4/firmware/mcu_ws/pca9685_library --no-warn-unused-cli -DCMAKE_POSITION_INDEPENDENT_CODE:BOOL=OFF -DTHIRDPARTY=ON -DBUILD_SHARED_LIBS=OFF -DBUILD_TESTING=OFF -DCMAKE_BUILD_TYPE=Debug -DCMAKE_TOOLCHAIN_FILE=/home/max/microros_ws4/firmware/freertos_apps/microros_esp32_extensions/esp32_toolchain.cmake -DCMAKE_VERBOSE_MAKEFILE=ON -DCMAKE_INSTALL_PREFIX=/home/max/microros_ws4/firmware/mcu_ws/install
[0.039s] Not searching for unused variables given on the command line.
[0.091s] -- The C compiler identification is GNU 8.2.0
[0.133s] -- The CXX compiler identification is GNU 8.2.0
[0.141s] -- Check for working C compiler: /home/max/microros_ws4/firmware/toolchain/espressif/tools/xtensa-esp32-elf/esp-2020r2-8.2.0/xtensa-esp32-elf/bin/xtensa-esp32-elf-gcc
[0.213s] -- Check for working C compiler: /home/max/microros_ws4/firmware/toolchain/espressif/tools/xtensa-esp32-elf/esp-2020r2-8.2.0/xtensa-esp32-elf/bin/xtensa-esp32-elf-gcc -- works
[0.213s] -- Detecting C compiler ABI info
[0.317s] -- Detecting C compiler ABI info - done
[0.325s] -- Detecting C compile features
[0.325s] -- Detecting C compile features - done
[0.336s] -- Check for working CXX compiler: /home/max/microros_ws4/firmware/toolchain/espressif/tools/xtensa-esp32-elf/esp-2020r2-8.2.0/xtensa-esp32-elf/bin/xtensa-esp32-elf-g++
[0.463s] -- Check for working CXX compiler: /home/max/microros_ws4/firmware/toolchain/espressif/tools/xtensa-esp32-elf/esp-2020r2-8.2.0/xtensa-esp32-elf/bin/xtensa-esp32-elf-g++ -- works
[0.463s] -- Detecting CXX compiler ABI info
[0.622s] -- Detecting CXX compiler ABI info - done
[0.634s] -- Detecting CXX compile features
[0.639s] -- Detecting CXX compile features - done
[0.641s] -- Found ament_cmake: 0.9.11 (/home/max/microros_ws4/firmware/dev_ws/install/ament_cmake/share/ament_cmake/cmake)
[0.691s] -- Found PythonInterp: /home/max/microros_ws4/firmware/toolchain/espressif/python_env/idf4.1_py3.8_env/bin/python3 (found suitable version "3.8.10", minimum required is "3") 
[0.692s] -- Using PYTHON_EXECUTABLE: /home/max/microros_ws4/firmware/toolchain/espressif/python_env/idf4.1_py3.8_env/bin/python3
[1.024s] -- Configuring done
[1.028s] -- Generating done
[1.029s] -- Build files have been written to: /home/max/microros_ws4/firmware/mcu_ws/build/pca9685_library
[1.038s] Invoked command in '/home/max/microros_ws4/firmware/mcu_ws/build/pca9685_library' returned '0': CMAKE_PREFIX_PATH=${CMAKE_PREFIX_PATH}:/home/max/microros_ws4/firmware/dev_ws/install/ament_uncrustify:/home/max/microros_ws4/firmware/dev_ws/install/domain_coordinator:/home/max/microros_ws4/firmware/dev_ws/install/ament_xmllint:/home/max/microros_ws4/firmware/dev_ws/install/ament_pyflakes:/home/max/microros_ws4/firmware/dev_ws/install/ament_pycodestyle:/home/max/microros_ws4/firmware/dev_ws/install/ament_pep257:/home/max/microros_ws4/firmware/dev_ws/install/ament_pclint:/home/max/microros_ws4/firmware/dev_ws/install/ament_package:/home/max/microros_ws4/firmware/dev_ws/install/ament_mypy:/home/max/microros_ws4/firmware/dev_ws/install/ament_lint_cmake:/home/max/microros_ws4/firmware/dev_ws/install/ament_flake8:/home/max/microros_ws4/firmware/dev_ws/install/ament_copyright:/home/max/microros_ws4/firmware/dev_ws/install/ament_lint:/home/max/microros_ws4/firmware/dev_ws/install/ament_index_python:/home/max/microros_ws4/firmware/dev_ws/install/ament_cpplint:/home/max/microros_ws4/firmware/dev_ws/install/ament_cppcheck:/home/max/microros_ws4/firmware/dev_ws/install/ament_clang_tidy:/home/max/microros_ws4/firmware/dev_ws/install/ament_clang_format /usr/bin/cmake /home/max/microros_ws4/firmware/mcu_ws/pca9685_library --no-warn-unused-cli -DCMAKE_POSITION_INDEPENDENT_CODE:BOOL=OFF -DTHIRDPARTY=ON -DBUILD_SHARED_LIBS=OFF -DBUILD_TESTING=OFF -DCMAKE_BUILD_TYPE=Debug -DCMAKE_TOOLCHAIN_FILE=/home/max/microros_ws4/firmware/freertos_apps/microros_esp32_extensions/esp32_toolchain.cmake -DCMAKE_VERBOSE_MAKEFILE=ON -DCMAKE_INSTALL_PREFIX=/home/max/microros_ws4/firmware/mcu_ws/install
[1.040s] Invoking command in '/home/max/microros_ws4/firmware/mcu_ws/build/pca9685_library': CMAKE_PREFIX_PATH=${CMAKE_PREFIX_PATH}:/home/max/microros_ws4/firmware/dev_ws/install/ament_uncrustify:/home/max/microros_ws4/firmware/dev_ws/install/domain_coordinator:/home/max/microros_ws4/firmware/dev_ws/install/ament_xmllint:/home/max/microros_ws4/firmware/dev_ws/install/ament_pyflakes:/home/max/microros_ws4/firmware/dev_ws/install/ament_pycodestyle:/home/max/microros_ws4/firmware/dev_ws/install/ament_pep257:/home/max/microros_ws4/firmware/dev_ws/install/ament_pclint:/home/max/microros_ws4/firmware/dev_ws/install/ament_package:/home/max/microros_ws4/firmware/dev_ws/install/ament_mypy:/home/max/microros_ws4/firmware/dev_ws/install/ament_lint_cmake:/home/max/microros_ws4/firmware/dev_ws/install/ament_flake8:/home/max/microros_ws4/firmware/dev_ws/install/ament_copyright:/home/max/microros_ws4/firmware/dev_ws/install/ament_lint:/home/max/microros_ws4/firmware/dev_ws/install/ament_index_python:/home/max/microros_ws4/firmware/dev_ws/install/ament_cpplint:/home/max/microros_ws4/firmware/dev_ws/install/ament_cppcheck:/home/max/microros_ws4/firmware/dev_ws/install/ament_clang_tidy:/home/max/microros_ws4/firmware/dev_ws/install/ament_clang_format /usr/bin/cmake --build /home/max/microros_ws4/firmware/mcu_ws/build/pca9685_library -- -j4 -l4
[1.059s] make[4]: Entering directory '/home/max/microros_ws4/firmware/mcu_ws/build/pca9685_library'
[1.060s] /usr/bin/cmake -S/home/max/microros_ws4/firmware/mcu_ws/pca9685_library -B/home/max/microros_ws4/firmware/mcu_ws/build/pca9685_library --check-build-system CMakeFiles/Makefile.cmake 0
[1.072s] /usr/bin/cmake -E cmake_progress_start /home/max/microros_ws4/firmware/mcu_ws/build/pca9685_library/CMakeFiles /home/max/microros_ws4/firmware/mcu_ws/build/pca9685_library/CMakeFiles/progress.marks
[1.086s] /usr/bin/make -f CMakeFiles/Makefile2 all
[1.090s] make[5]: Entering directory '/home/max/microros_ws4/firmware/mcu_ws/build/pca9685_library'
[1.091s] /usr/bin/make -f CMakeFiles/pca9685_library.dir/build.make CMakeFiles/pca9685_library.dir/depend
[1.097s] make[6]: Entering directory '/home/max/microros_ws4/firmware/mcu_ws/build/pca9685_library'
[1.097s] cd /home/max/microros_ws4/firmware/mcu_ws/build/pca9685_library && /usr/bin/cmake -E cmake_depends "Unix Makefiles" /home/max/microros_ws4/firmware/mcu_ws/pca9685_library /home/max/microros_ws4/firmware/mcu_ws/pca9685_library /home/max/microros_ws4/firmware/mcu_ws/build/pca9685_library /home/max/microros_ws4/firmware/mcu_ws/build/pca9685_library /home/max/microros_ws4/firmware/mcu_ws/build/pca9685_library/CMakeFiles/pca9685_library.dir/DependInfo.cmake --color=
[1.106s] Dependee "/home/max/microros_ws4/firmware/mcu_ws/build/pca9685_library/CMakeFiles/pca9685_library.dir/DependInfo.cmake" is newer than depender "/home/max/microros_ws4/firmware/mcu_ws/build/pca9685_library/CMakeFiles/pca9685_library.dir/depend.internal".
[1.106s] Dependee "/home/max/microros_ws4/firmware/mcu_ws/build/pca9685_library/CMakeFiles/CMakeDirectoryInformation.cmake" is newer than depender "/home/max/microros_ws4/firmware/mcu_ws/build/pca9685_library/CMakeFiles/pca9685_library.dir/depend.internal".
[1.106s] [35m[1mScanning dependencies of target pca9685_library[0m
[1.128s] make[6]: Leaving directory '/home/max/microros_ws4/firmware/mcu_ws/build/pca9685_library'
[1.128s] /usr/bin/make -f CMakeFiles/pca9685_library.dir/build.make CMakeFiles/pca9685_library.dir/build
[1.131s] make[6]: Entering directory '/home/max/microros_ws4/firmware/mcu_ws/build/pca9685_library'
[1.140s] [ 50%] [32mBuilding C object CMakeFiles/pca9685_library.dir/src/pca9685.c.obj[0m
[1.141s] /home/max/microros_ws4/firmware/toolchain/espressif/tools/xtensa-esp32-elf/esp-2020r2-8.2.0/xtensa-esp32-elf/bin/xtensa-esp32-elf-gcc -DLWIP_IPV4 -DLWIP_IPV6 -I/home/max/microros_ws4/firmware/freertos_apps/microros_esp32_extensions/build/config -I/home/max/microros_ws4/firmware/toolchain/esp-idf/components/newlib/platform_include -I/home/max/microros_ws4/firmware/toolchain/esp-idf/components/protocomm/include -I/home/max/microros_ws4/firmware/toolchain/esp-idf/components/esp_rom/include -I/home/max/microros_ws4/firmware/toolchain/esp-idf/components/driver/include -I/home/max/microros_ws4/firmware/toolchain/esp-idf/components/wear_levelling/include -I/home/max/microros_ws4/firmware/toolchain/esp-idf/components/vfs/include -I/home/max/microros_ws4/firmware/toolchain/esp-idf/components/log/include -I/home/max/microros_ws4/firmware/toolchain/esp-idf/components/freertos/include -I/home/max/microros_ws4/firmware/toolchain/esp-idf/components/wifi_provisioning/include -I/home/max/microros_ws4/firmware/toolchain/esp-idf/components/pthread/include -I/home/max/microros_ws4/firmware/toolchain/esp-idf/components/libsodium/libsodium/src/libsodium/include -I/home/max/microros_ws4/firmware/toolchain/esp-idf/components/coap/port/include -I/home/max/microros_ws4/firmware/toolchain/esp-idf/components/coap/libcoap/include -I/home/max/microros_ws4/firmware/toolchain/esp-idf/components/tcp_transport/include -I/home/max/microros_ws4/firmware/toolchain/esp-idf/components/unity/include -I/home/max/microros_ws4/firmware/toolchain/esp-idf/components/esp32/include -I/home/max/microros_ws4/firmware/toolchain/esp-idf/components/asio/port/include -I/home/max/microros_ws4/firmware/toolchain/esp-idf/components/asio/asio/asio/include -I/home/max/microros_ws4/firmware/toolchain/esp-idf/components/app_update/include -I/home/max/microros_ws4/firmware/toolchain/esp-idf/components/esp_ringbuf/include -I/home/max/microros_ws4/firmware/toolchain/esp-idf/components/soc/esp32/include -I/home/max/microros_ws4/firmware/toolchain/esp-idf/components/soc/include -I/home/max/microros_ws4/firmware/toolchain/esp-idf/components/efuse/test/include -I/home/max/microros_ws4/firmware/toolchain/esp-idf/components/efuse/esp32/include -I/home/max/microros_ws4/firmware/toolchain/esp-idf/components/efuse/include -I/home/max/microros_ws4/firmware/toolchain/esp-idf/components/mbedtls/port/include -I/home/max/microros_ws4/firmware/toolchain/esp-idf/components/mbedtls/mbedtls/include -I/home/max/microros_ws4/firmware/toolchain/esp-idf/components/xtensa/esp32/include -I/home/max/microros_ws4/firmware/toolchain/esp-idf/components/xtensa/include -I/home/max/microros_ws4/firmware/toolchain/esp-idf/components/app_trace/include -I/home/max/microros_ws4/firmware/toolchain/esp-idf/components/nvs_flash/include -I/home/max/microros_ws4/firmware/toolchain/esp-idf/components/jsmn/include -I/home/max/microros_ws4/firmware/toolchain/esp-idf/components/esp_eth/include -I/home/max/microros_ws4/firmware/toolchain/esp-idf/components/spiffs/include -I/home/max/microros_ws4/firmware/toolchain/esp-idf/components/ulp/include -I/home/max/microros_ws4/firmware/toolchain/esp-idf/components/mdns/include -I/home/max/microros_ws4/firmware/toolchain/esp-idf/components/freemodbus/modbus/include -I/home/max/microros_ws4/firmware/toolchain/esp-idf/components/freemodbus/common/include -I/home/max/microros_ws4/firmware/toolchain/esp-idf/components/esp_event/include -I/home/max/microros_ws4/firmware/toolchain/esp-idf/components/expat/port/include -I/home/max/microros_ws4/firmware/toolchain/esp-idf/components/bootloader_support/include -I/home/max/microros_ws4/firmware/toolchain/esp-idf/components/heap/include -I/home/max/microros_ws4/firmware/toolchain/esp-idf/components/wpa_supplicant/port/include -I/home/max/microros_ws4/firmware/toolchain/esp-idf/components/wpa_supplicant/include -I/home/max/microros_ws4/firmware/toolchain/esp-idf/components/tcpip_adapter/include -I/home/max/microros_ws4/firmware/toolchain/esp-idf/components/openssl/include -I/home/max/microros_ws4/firmware/toolchain/esp-idf/components/sdmmc/include -I/home/max/microros_ws4/firmware/toolchain/esp-idf/components/esp_local_ctrl/include -I/home/max/microros_ws4/firmware/toolchain/esp-idf/components/esp_common/include -I/home/max/microros_ws4/firmware/toolchain/esp-idf/components/lwip/lwip/src/include/lwip/apps -I/home/max/microros_ws4/firmware/toolchain/esp-idf/components/lwip/lwip/src/include/compat/posix -I/home/max/microros_ws4/firmware/toolchain/esp-idf/components/lwip/lwip/src/include -I/home/max/microros_ws4/firmware/toolchain/esp-idf/components/lwip/port/esp32/include -I/home/max/microros_ws4/firmware/mcu_ws/pca9685_library/include  -mlongcalls -Wno-frame-address -mlongcalls -Wno-frame-address -g   -Wall -Wextra -Wpedantic -std=gnu99 -o CMakeFiles/pca9685_library.dir/src/pca9685.c.obj   -c /home/max/microros_ws4/firmware/mcu_ws/pca9685_library/src/pca9685.c
[1.173s] In file included from [01m[K/home/max/microros_ws4/firmware/toolchain/esp-idf/components/esp_common/include/esp_err.h:18[m[K,
[1.173s]                  from [01m[K/home/max/microros_ws4/firmware/toolchain/esp-idf/components/driver/include/driver/i2c.h:23[m[K,
[1.174s]                  from [01m[K/home/max/microros_ws4/firmware/mcu_ws/pca9685_library/include/pca9685_library/pca9685.h:14[m[K,
[1.174s]                  from [01m[K/home/max/microros_ws4/firmware/mcu_ws/pca9685_library/src/pca9685.c:10[m[K:
[1.174s] [01m[K/home/max/microros_ws4/firmware/toolchain/esp-idf/components/newlib/platform_include/assert.h:24:2:[m[K [01;35m[Kwarning: [m[K#include_next is a GCC extension
[1.174s]  #[01;35m[Kinclude_next[m[K <assert.h>
[1.174s]   [01;35m[K^~~~~~~~~~~~[m[K
[1.179s] In file included from [01m[K/home/max/microros_ws4/firmware/toolchain/esp-idf/components/freertos/include/freertos/portable.h:89[m[K,
[1.180s]                  from [01m[K/home/max/microros_ws4/firmware/toolchain/esp-idf/components/freertos/include/freertos/FreeRTOS.h:107[m[K,
[1.180s]                  from [01m[K/home/max/microros_ws4/firmware/toolchain/esp-idf/components/driver/include/driver/i2c.h:25[m[K,
[1.180s]                  from [01m[K/home/max/microros_ws4/firmware/mcu_ws/pca9685_library/include/pca9685_library/pca9685.h:14[m[K,
[1.180s]                  from [01m[K/home/max/microros_ws4/firmware/mcu_ws/pca9685_library/src/pca9685.c:10[m[K:
[1.180s] [01m[K/home/max/microros_ws4/firmware/toolchain/esp-idf/components/soc/esp32/include/soc/cpu.h:[m[K In function '[01m[Kcpu_configure_region_protection[m[K':
[1.180s] [01m[K/home/max/microros_ws4/firmware/toolchain/esp-idf/components/soc/esp32/include/soc/cpu.h:77:23:[m[K [01;35m[Kwarning: [m[Kcomparison of integer expressions of different signedness: '[01m[Kint[m[K' and '[01m[Kunsigned int[m[K' [[01;35m[K-Wsign-compare[m[K]
[1.180s]      for (int i = 0; i [01;35m[K<[m[K sizeof(pages_to_protect)/sizeof(pages_to_protect[0]); ++i) {
[1.180s]                        [01;35m[K^[m[K
[1.184s] In file included from [01m[K/home/max/microros_ws4/firmware/toolchain/esp-idf/components/freertos/include/freertos/task.h:80[m[K,
[1.184s]                  from [01m[K/home/max/microros_ws4/firmware/toolchain/esp-idf/components/driver/include/driver/i2c.h:28[m[K,
[1.184s]                  from [01m[K/home/max/microros_ws4/firmware/mcu_ws/pca9685_library/include/pca9685_library/pca9685.h:14[m[K,
[1.185s]                  from [01m[K/home/max/microros_ws4/firmware/mcu_ws/pca9685_library/src/pca9685.c:10[m[K:
[1.185s] [01m[K/home/max/microros_ws4/firmware/toolchain/esp-idf/components/freertos/include/freertos/list.h:[m[K At top level:
[1.185s] [01m[K/home/max/microros_ws4/firmware/toolchain/esp-idf/components/freertos/include/freertos/list.h:194:1:[m[K [01;35m[Kwarning: [m[KISO C99 does not support '[01m[K_Static_assert[m[K' [[01;35m[K-Wpedantic[m[K]
[1.185s]  [01;35m[K_Static_assert[m[K(sizeof(StaticListItem_t) == sizeof(ListItem_t), "StaticListItem_t != ListItem_t");
[1.185s]  [01;35m[K^~~~~~~~~~~~~~[m[K
[1.185s] [01m[K/home/max/microros_ws4/firmware/toolchain/esp-idf/components/freertos/include/freertos/list.h:207:1:[m[K [01;35m[Kwarning: [m[KISO C99 does not support '[01m[K_Static_assert[m[K' [[01;35m[K-Wpedantic[m[K]
[1.185s]  [01;35m[K_Static_assert[m[K(sizeof(StaticMiniListItem_t) == sizeof(MiniListItem_t), "StaticMiniListItem_t != MiniListItem_t");
[1.185s]  [01;35m[K^~~~~~~~~~~~~~[m[K
[1.185s] [01m[K/home/max/microros_ws4/firmware/toolchain/esp-idf/components/freertos/include/freertos/list.h:224:1:[m[K [01;35m[Kwarning: [m[KISO C99 does not support '[01m[K_Static_assert[m[K' [[01;35m[K-Wpedantic[m[K]
[1.185s]  [01;35m[K_Static_assert[m[K(sizeof(StaticList_t) == sizeof(List_t), "StaticList_t != List_t");
[1.185s]  [01;35m[K^~~~~~~~~~~~~~[m[K
[1.189s] In file included from [01m[K/home/max/microros_ws4/firmware/toolchain/esp-idf/components/soc/include/soc/gpio_periph.h:18[m[K,
[1.189s]                  from [01m[K/home/max/microros_ws4/firmware/toolchain/esp-idf/components/driver/include/driver/gpio.h:22[m[K,
[1.189s]                  from [01m[K/home/max/microros_ws4/firmware/toolchain/esp-idf/components/driver/include/driver/i2c.h:31[m[K,
[1.189s]                  from [01m[K/home/max/microros_ws4/firmware/mcu_ws/pca9685_library/include/pca9685_library/pca9685.h:14[m[K,
[1.189s]                  from [01m[K/home/max/microros_ws4/firmware/mcu_ws/pca9685_library/src/pca9685.c:10[m[K:
[1.189s] [01m[K/home/max/microros_ws4/firmware/toolchain/esp-idf/components/soc/esp32/include/soc/gpio_struct.h:32:10:[m[K [01;35m[Kwarning: [m[KISO C99 doesn't support unnamed structs/unions [[01;35m[K-Wpedantic[m[K]
[1.189s]          }[01;35m[K;[m[K
[1.189s]           [01;35m[K^[m[K
[1.190s] [01m[K/home/max/microros_ws4/firmware/toolchain/esp-idf/components/soc/esp32/include/soc/gpio_struct.h:39:10:[m[K [01;35m[Kwarning: [m[KISO C99 doesn't support unnamed structs/unions [[01;35m[K-Wpedantic[m[K]
[1.190s]          }[01;35m[K;[m[K
[1.190s]           [01;35m[K^[m[K
[1.190s] [01m[K/home/max/microros_ws4/firmware/toolchain/esp-idf/components/soc/esp32/include/soc/gpio_struct.h:46:10:[m[K [01;35m[Kwarning: [m[KISO C99 doesn't support unnamed structs/unions [[01;35m[K-Wpedantic[m[K]
[1.190s]          }[01;35m[K;[m[K
[1.190s]           [01;35m[K^[m[K
[1.190s] [01m[K/home/max/microros_ws4/firmware/toolchain/esp-idf/components/soc/esp32/include/soc/gpio_struct.h:53:10:[m[K [01;35m[Kwarning: [m[KISO C99 doesn't support unnamed structs/unions [[01;35m[K-Wpedantic[m[K]
[1.190s]          }[01;35m[K;[m[K
[1.190s]           [01;35m[K^[m[K
[1.190s] [01m[K/home/max/microros_ws4/firmware/toolchain/esp-idf/components/soc/esp32/include/soc/gpio_struct.h:63:10:[m[K [01;35m[Kwarning: [m[KISO C99 doesn't support unnamed structs/unions [[01;35m[K-Wpedantic[m[K]
[1.190s]          }[01;35m[K;[m[K
[1.191s]           [01;35m[K^[m[K
[1.191s] [01m[K/home/max/microros_ws4/firmware/toolchain/esp-idf/components/soc/esp32/include/soc/gpio_struct.h:70:10:[m[K [01;35m[Kwarning: [m[KISO C99 doesn't support unnamed structs/unions [[01;35m[K-Wpedantic[m[K]
[1.191s]          }[01;35m[K;[m[K
[1.191s]           [01;35m[K^[m[K
[1.191s] [01m[K/home/max/microros_ws4/firmware/toolchain/esp-idf/components/soc/esp32/include/soc/gpio_struct.h:77:10:[m[K [01;35m[Kwarning: [m[KISO C99 doesn't support unnamed structs/unions [[01;35m[K-Wpedantic[m[K]
[1.191s]          }[01;35m[K;[m[K
[1.191s]           [01;35m[K^[m[K
[1.191s] In file included from [01m[K/home/max/microros_ws4/firmware/toolchain/esp-idf/components/soc/include/soc/gpio_periph.h:18[m[K,
[1.191s]                  from [01m[K/home/max/microros_ws4/firmware/toolchain/esp-idf/components/driver/include/driver/gpio.h:22[m[K,
[1.191s]                  from [01m[K/home/max/microros_ws4/firmware/toolchain/esp-idf/components/driver/include/driver/i2c.h:31[m[K,
[1.192s]                  from [01m[K/home/max/microros_ws4/firmware/mcu_ws/pca9685_library/include/pca9685_library/pca9685.h:14[m[K,
[1.192s]                  from [01m[K/home/max/microros_ws4/firmware/mcu_ws/pca9685_library/src/pca9685.c:10[m[K:
[1.192s] [01m[K/home/max/microros_ws4/firmware/toolchain/esp-idf/components/soc/esp32/include/soc/gpio_struct.h:84:10:[m[K [01;35m[Kwarning: [m[KISO C99 doesn't support unnamed structs/unions [[01;35m[K-Wpedantic[m[K]
[1.192s]          }[01;35m[K;[m[K
[1.192s]           [01;35m[K^[m[K
[1.192s] [01m[K/home/max/microros_ws4/firmware/toolchain/esp-idf/components/soc/esp32/include/soc/gpio_struct.h:92:10:[m[K [01;35m[Kwarning: [m[KISO C99 doesn't support unnamed structs/unions [[01;35m[K-Wpedantic[m[K]
[1.192s]          }[01;35m[K;[m[K
[1.192s]           [01;35m[K^[m[K
[1.192s] [01m[K/home/max/microros_ws4/firmware/toolchain/esp-idf/components/soc/esp32/include/soc/gpio_struct.h:102:10:[m[K [01;35m[Kwarning: [m[KISO C99 doesn't support unnamed structs/unions [[01;35m[K-Wpedantic[m[K]
[1.192s]          }[01;35m[K;[m[K
[1.192s]           [01;35m[K^[m[K
[1.192s] [01m[K/home/max/microros_ws4/firmware/toolchain/esp-idf/components/soc/esp32/include/soc/gpio_struct.h:109:10:[m[K [01;35m[Kwarning: [m[KISO C99 doesn't support unnamed structs/unions [[01;35m[K-Wpedantic[m[K]
[1.193s]          }[01;35m[K;[m[K
[1.193s]           [01;35m[K^[m[K
[1.193s] [01m[K/home/max/microros_ws4/firmware/toolchain/esp-idf/components/soc/esp32/include/soc/gpio_struct.h:116:10:[m[K [01;35m[Kwarning: [m[KISO C99 doesn't support unnamed structs/unions [[01;35m[K-Wpedantic[m[K]
[1.193s]          }[01;35m[K;[m[K
[1.193s]           [01;35m[K^[m[K
[1.193s] [01m[K/home/max/microros_ws4/firmware/toolchain/esp-idf/components/soc/esp32/include/soc/gpio_struct.h:129:10:[m[K [01;35m[Kwarning: [m[KISO C99 doesn't support unnamed structs/unions [[01;35m[K-Wpedantic[m[K]
[1.193s]          }[01;35m[K;[m[K
[1.193s]           [01;35m[K^[m[K
[1.193s] [01m[K/home/max/microros_ws4/firmware/toolchain/esp-idf/components/soc/esp32/include/soc/gpio_struct.h:136:10:[m[K [01;35m[Kwarning: [m[KISO C99 doesn't support unnamed structs/unions [[01;35m[K-Wpedantic[m[K]
[1.193s]          }[01;35m[K;[m[K
[1.193s]           [01;35m[K^[m[K
[1.193s] [01m[K/home/max/microros_ws4/firmware/toolchain/esp-idf/components/soc/esp32/include/soc/gpio_struct.h:143:10:[m[K [01;35m[Kwarning: [m[KISO C99 doesn't support unnamed structs/unions [[01;35m[K-Wpedantic[m[K]
[1.193s]          }[01;35m[K;[m[K
[1.193s]           [01;35m[K^[m[K
[1.193s] [01m[K/home/max/microros_ws4/firmware/toolchain/esp-idf/components/soc/esp32/include/soc/gpio_struct.h:150:10:[m[K [01;35m[Kwarning: [m[KISO C99 doesn't support unnamed structs/unions [[01;35m[K-Wpedantic[m[K]
[1.193s]          }[01;35m[K;[m[K
[1.193s]           [01;35m[K^[m[K
[1.193s] [01m[K/home/max/microros_ws4/firmware/toolchain/esp-idf/components/soc/esp32/include/soc/gpio_struct.h:157:10:[m[K [01;35m[Kwarning: [m[KISO C99 doesn't support unnamed structs/unions [[01;35m[K-Wpedantic[m[K]
[1.193s]          }[01;35m[K;[m[K
[1.193s]           [01;35m[K^[m[K
[1.194s] [01m[K/home/max/microros_ws4/firmware/toolchain/esp-idf/components/soc/esp32/include/soc/gpio_struct.h:170:10:[m[K [01;35m[Kwarning: [m[KISO C99 doesn't support unnamed structs/unions [[01;35m[K-Wpedantic[m[K]
[1.194s]          }[01;35m[K;[m[K
[1.194s]           [01;35m[K^[m[K
[1.194s] [01m[K/home/max/microros_ws4/firmware/toolchain/esp-idf/components/soc/esp32/include/soc/gpio_struct.h:178:10:[m[K [01;35m[Kwarning: [m[KISO C99 doesn't support unnamed structs/unions [[01;35m[K-Wpedantic[m[K]
[1.194s]          }[01;35m[K;[m[K
[1.194s]           [01;35m[K^[m[K
[1.194s] [01m[K/home/max/microros_ws4/firmware/toolchain/esp-idf/components/soc/esp32/include/soc/gpio_struct.h:187:10:[m[K [01;35m[Kwarning: [m[KISO C99 doesn't support unnamed structs/unions [[01;35m[K-Wpedantic[m[K]
[1.194s]          }[01;35m[K;[m[K
[1.194s]           [01;35m[K^[m[K
[1.194s] [01m[K/home/max/microros_ws4/firmware/toolchain/esp-idf/components/soc/esp32/include/soc/gpio_struct.h:196:10:[m[K [01;35m[Kwarning: [m[KISO C99 doesn't support unnamed structs/unions [[01;35m[K-Wpedantic[m[K]
[1.194s]          }[01;35m[K;[m[K
[1.194s]           [01;35m[K^[m[K
[1.194s] [01m[K/home/max/microros_ws4/firmware/toolchain/esp-idf/components/soc/esp32/include/soc/gpio_struct.h:206:10:[m[K [01;35m[Kwarning: [m[KISO C99 doesn't support unnamed structs/unions [[01;35m[K-Wpedantic[m[K]
[1.194s]          }[01;35m[K;[m[K
[1.194s]           [01;35m[K^[m[K
[1.198s] In file included from [01m[K/home/max/microros_ws4/firmware/toolchain/esp-idf/components/driver/include/driver/i2c.h:32[m[K,
[1.198s]                  from [01m[K/home/max/microros_ws4/firmware/mcu_ws/pca9685_library/include/pca9685_library/pca9685.h:14[m[K,
[1.198s]                  from [01m[K/home/max/microros_ws4/firmware/mcu_ws/pca9685_library/src/pca9685.c:10[m[K:
[1.198s] [01m[K/home/max/microros_ws4/firmware/toolchain/esp-idf/components/soc/include/hal/i2c_types.h:91:6:[m[K [01;35m[Kwarning: [m[KISO C99 doesn't support unnamed structs/unions [[01;35m[K-Wpedantic[m[K]
[1.198s]      }[01;35m[K;[m[K
[1.198s]       [01;35m[K^[m[K
[1.200s] In file included from [01m[K/home/max/microros_ws4/firmware/mcu_ws/pca9685_library/include/pca9685_library/pca9685.h:17[m[K,
[1.200s]                  from [01m[K/home/max/microros_ws4/firmware/mcu_ws/pca9685_library/src/pca9685.c:10[m[K:
[1.200s] [01m[K/home/max/microros_ws4/firmware/toolchain/esp-idf/components/newlib/platform_include/errno.h:18:2:[m[K [01;35m[Kwarning: [m[K#include_next is a GCC extension
[1.200s]  #[01;35m[Kinclude_next[m[K "errno.h"
[1.200s]   [01;35m[K^~~~~~~~~~~~[m[K
[1.260s] [100%] [32m[1mLinking C static library libpca9685_library.a[0m
[1.261s] /usr/bin/cmake -P CMakeFiles/pca9685_library.dir/cmake_clean_target.cmake
[1.271s] /usr/bin/cmake -E cmake_link_script CMakeFiles/pca9685_library.dir/link.txt --verbose=1
[1.287s] /home/max/microros_ws4/firmware/toolchain/espressif/tools/xtensa-esp32-elf/esp-2020r2-8.2.0/xtensa-esp32-elf/bin/xtensa-esp32-elf-ar qc libpca9685_library.a  CMakeFiles/pca9685_library.dir/src/pca9685.c.obj
[1.300s] /home/max/microros_ws4/firmware/toolchain/espressif/tools/xtensa-esp32-elf/esp-2020r2-8.2.0/xtensa-esp32-elf/bin/xtensa-esp32-elf-ranlib libpca9685_library.a
[1.302s] make[6]: Leaving directory '/home/max/microros_ws4/firmware/mcu_ws/build/pca9685_library'
[1.321s] [100%] Built target pca9685_library
[1.322s] make[5]: Leaving directory '/home/max/microros_ws4/firmware/mcu_ws/build/pca9685_library'
[1.323s] /usr/bin/cmake -E cmake_progress_start /home/max/microros_ws4/firmware/mcu_ws/build/pca9685_library/CMakeFiles 0
[1.332s] make[4]: Leaving directory '/home/max/microros_ws4/firmware/mcu_ws/build/pca9685_library'
[1.339s] Invoked command in '/home/max/microros_ws4/firmware/mcu_ws/build/pca9685_library' returned '0': CMAKE_PREFIX_PATH=${CMAKE_PREFIX_PATH}:/home/max/microros_ws4/firmware/dev_ws/install/ament_uncrustify:/home/max/microros_ws4/firmware/dev_ws/install/domain_coordinator:/home/max/microros_ws4/firmware/dev_ws/install/ament_xmllint:/home/max/microros_ws4/firmware/dev_ws/install/ament_pyflakes:/home/max/microros_ws4/firmware/dev_ws/install/ament_pycodestyle:/home/max/microros_ws4/firmware/dev_ws/install/ament_pep257:/home/max/microros_ws4/firmware/dev_ws/install/ament_pclint:/home/max/microros_ws4/firmware/dev_ws/install/ament_package:/home/max/microros_ws4/firmware/dev_ws/install/ament_mypy:/home/max/microros_ws4/firmware/dev_ws/install/ament_lint_cmake:/home/max/microros_ws4/firmware/dev_ws/install/ament_flake8:/home/max/microros_ws4/firmware/dev_ws/install/ament_copyright:/home/max/microros_ws4/firmware/dev_ws/install/ament_lint:/home/max/microros_ws4/firmware/dev_ws/install/ament_index_python:/home/max/microros_ws4/firmware/dev_ws/install/ament_cpplint:/home/max/microros_ws4/firmware/dev_ws/install/ament_cppcheck:/home/max/microros_ws4/firmware/dev_ws/install/ament_clang_tidy:/home/max/microros_ws4/firmware/dev_ws/install/ament_clang_format /usr/bin/cmake --build /home/max/microros_ws4/firmware/mcu_ws/build/pca9685_library -- -j4 -l4
[1.447s] Invoking command in '/home/max/microros_ws4/firmware/mcu_ws/build/pca9685_library': CMAKE_PREFIX_PATH=${CMAKE_PREFIX_PATH}:/home/max/microros_ws4/firmware/dev_ws/install/ament_uncrustify:/home/max/microros_ws4/firmware/dev_ws/install/domain_coordinator:/home/max/microros_ws4/firmware/dev_ws/install/ament_xmllint:/home/max/microros_ws4/firmware/dev_ws/install/ament_pyflakes:/home/max/microros_ws4/firmware/dev_ws/install/ament_pycodestyle:/home/max/microros_ws4/firmware/dev_ws/install/ament_pep257:/home/max/microros_ws4/firmware/dev_ws/install/ament_pclint:/home/max/microros_ws4/firmware/dev_ws/install/ament_package:/home/max/microros_ws4/firmware/dev_ws/install/ament_mypy:/home/max/microros_ws4/firmware/dev_ws/install/ament_lint_cmake:/home/max/microros_ws4/firmware/dev_ws/install/ament_flake8:/home/max/microros_ws4/firmware/dev_ws/install/ament_copyright:/home/max/microros_ws4/firmware/dev_ws/install/ament_lint:/home/max/microros_ws4/firmware/dev_ws/install/ament_index_python:/home/max/microros_ws4/firmware/dev_ws/install/ament_cpplint:/home/max/microros_ws4/firmware/dev_ws/install/ament_cppcheck:/home/max/microros_ws4/firmware/dev_ws/install/ament_clang_tidy:/home/max/microros_ws4/firmware/dev_ws/install/ament_clang_format /usr/bin/cmake --install /home/max/microros_ws4/firmware/mcu_ws/build/pca9685_library
[1.462s] -- Install configuration: "Debug"
[1.463s] -- Installing: /home/max/microros_ws4/firmware/mcu_ws/install/share/pca9685_library/environment/library_path.sh
[1.463s] -- Installing: /home/max/microros_ws4/firmware/mcu_ws/install/share/pca9685_library/environment/library_path.dsv
[1.463s] -- Installing: /home/max/microros_ws4/firmware/mcu_ws/install/include/pca9685_library
[1.463s] -- Installing: /home/max/microros_ws4/firmware/mcu_ws/install/include/pca9685_library/pca9685.h
[1.463s] -- Installing: /home/max/microros_ws4/firmware/mcu_ws/install/lib/libpca9685_library.a
[1.463s] -- Installing: /home/max/microros_ws4/firmware/mcu_ws/install/share/ament_index/resource_index/package_run_dependencies/pca9685_library
[1.463s] -- Installing: /home/max/microros_ws4/firmware/mcu_ws/install/share/ament_index/resource_index/parent_prefix_path/pca9685_library
[1.463s] -- Installing: /home/max/microros_ws4/firmware/mcu_ws/install/share/pca9685_library/environment/ament_prefix_path.sh
[1.463s] -- Installing: /home/max/microros_ws4/firmware/mcu_ws/install/share/pca9685_library/environment/ament_prefix_path.dsv
[1.463s] -- Installing: /home/max/microros_ws4/firmware/mcu_ws/install/share/pca9685_library/environment/path.sh
[1.463s] -- Installing: /home/max/microros_ws4/firmware/mcu_ws/install/share/pca9685_library/environment/path.dsv
[1.463s] -- Installing: /home/max/microros_ws4/firmware/mcu_ws/install/share/pca9685_library/local_setup.bash
[1.463s] -- Installing: /home/max/microros_ws4/firmware/mcu_ws/install/share/pca9685_library/local_setup.sh
[1.463s] -- Installing: /home/max/microros_ws4/firmware/mcu_ws/install/share/pca9685_library/local_setup.zsh
[1.463s] -- Installing: /home/max/microros_ws4/firmware/mcu_ws/install/share/pca9685_library/local_setup.dsv
[1.463s] -- Installing: /home/max/microros_ws4/firmware/mcu_ws/install/share/pca9685_library/package.dsv
[1.463s] -- Installing: /home/max/microros_ws4/firmware/mcu_ws/install/share/ament_index/resource_index/packages/pca9685_library
[1.463s] -- Installing: /home/max/microros_ws4/firmware/mcu_ws/install/share/pca9685_library/cmake/pca9685_libraryExport.cmake
[1.463s] -- Installing: /home/max/microros_ws4/firmware/mcu_ws/install/share/pca9685_library/cmake/pca9685_libraryExport-debug.cmake
[1.463s] -- Installing: /home/max/microros_ws4/firmware/mcu_ws/install/share/pca9685_library/cmake/ament_cmake_export_targets-extras.cmake
[1.464s] -- Installing: /home/max/microros_ws4/firmware/mcu_ws/install/share/pca9685_library/cmake/pca9685_libraryConfig.cmake
[1.464s] -- Installing: /home/max/microros_ws4/firmware/mcu_ws/install/share/pca9685_library/cmake/pca9685_libraryConfig-version.cmake
[1.464s] -- Installing: /home/max/microros_ws4/firmware/mcu_ws/install/share/pca9685_library/package.xml
[1.472s] Invoked command in '/home/max/microros_ws4/firmware/mcu_ws/build/pca9685_library' returned '0': CMAKE_PREFIX_PATH=${CMAKE_PREFIX_PATH}:/home/max/microros_ws4/firmware/dev_ws/install/ament_uncrustify:/home/max/microros_ws4/firmware/dev_ws/install/domain_coordinator:/home/max/microros_ws4/firmware/dev_ws/install/ament_xmllint:/home/max/microros_ws4/firmware/dev_ws/install/ament_pyflakes:/home/max/microros_ws4/firmware/dev_ws/install/ament_pycodestyle:/home/max/microros_ws4/firmware/dev_ws/install/ament_pep257:/home/max/microros_ws4/firmware/dev_ws/install/ament_pclint:/home/max/microros_ws4/firmware/dev_ws/install/ament_package:/home/max/microros_ws4/firmware/dev_ws/install/ament_mypy:/home/max/microros_ws4/firmware/dev_ws/install/ament_lint_cmake:/home/max/microros_ws4/firmware/dev_ws/install/ament_flake8:/home/max/microros_ws4/firmware/dev_ws/install/ament_copyright:/home/max/microros_ws4/firmware/dev_ws/install/ament_lint:/home/max/microros_ws4/firmware/dev_ws/install/ament_index_python:/home/max/microros_ws4/firmware/dev_ws/install/ament_cpplint:/home/max/microros_ws4/firmware/dev_ws/install/ament_cppcheck:/home/max/microros_ws4/firmware/dev_ws/install/ament_clang_tidy:/home/max/microros_ws4/firmware/dev_ws/install/ament_clang_format /usr/bin/cmake --install /home/max/microros_ws4/firmware/mcu_ws/build/pca9685_library
