[0.269s] DEBUG:colcon:Command line arguments: ['/usr/bin/colcon', 'build']
[0.270s] DEBUG:colcon:Parsed command line arguments: Namespace(allow_overriding=[], ament_cmake_args=None, base_paths=['.'], build_base='build', catkin_cmake_args=None, catkin_skip_building_tests=False, cmake_args=None, cmake_clean_cache=False, cmake_clean_first=False, cmake_force_configure=False, cmake_target=None, cmake_target_skip_unavailable=False, continue_on_error=False, event_handlers=None, executor='parallel', ignore_user_meta=False, install_base='install', log_base=None, log_level=None, main=<bound method BuildVerb.main of <colcon_core.verb.build.BuildVerb object at 0x7fb3373e89d0>>, merge_install=False, metas=['./colcon.meta'], packages_above=None, packages_above_and_dependencies=None, packages_above_depth=None, packages_end=None, packages_ignore=None, packages_ignore_regex=None, packages_select=None, packages_select_build_failed=False, packages_select_by_dep=None, packages_select_regex=None, packages_select_test_failures=False, packages_skip=None, packages_skip_build_finished=False, packages_skip_by_dep=None, packages_skip_regex=None, packages_skip_test_passed=False, packages_skip_up_to=None, packages_start=None, packages_up_to=None, packages_up_to_regex=None, parallel_workers=4, paths=None, symlink_install=False, test_result_base=None, verb_extension=<colcon_core.verb.build.BuildVerb object at 0x7fb3373e89d0>, verb_name='build', verb_parser=<colcon_defaults.argument_parser.defaults.DefaultArgumentsDecorator object at 0x7fb3373e8f40>)
[0.297s] Level 1:colcon.colcon_core.package_discovery:discover_packages(colcon_meta) check parameters
[0.297s] Level 1:colcon.colcon_core.package_discovery:discover_packages(recursive) check parameters
[0.297s] Level 1:colcon.colcon_core.package_discovery:discover_packages(ignore) check parameters
[0.297s] Level 1:colcon.colcon_core.package_discovery:discover_packages(path) check parameters
[0.297s] Level 1:colcon.colcon_core.package_discovery:discover_packages(colcon_meta) discover
[0.297s] Level 1:colcon.colcon_core.package_discovery:discover_packages(recursive) discover
[0.297s] INFO:colcon.colcon_core.package_discovery:Crawling recursively for packages in '/home/max/PycharmProjects/my_ros2_ws'
[0.297s] Level 1:colcon.colcon_core.package_identification:_identify(.) by extensions ['ignore', 'ignore_ament_install']
[0.297s] Level 1:colcon.colcon_core.package_identification:_identify(.) by extension 'ignore'
[0.297s] Level 1:colcon.colcon_core.package_identification:_identify(.) by extension 'ignore_ament_install'
[0.297s] Level 1:colcon.colcon_core.package_identification:_identify(.) by extensions ['colcon_pkg']
[0.297s] Level 1:colcon.colcon_core.package_identification:_identify(.) by extension 'colcon_pkg'
[0.297s] Level 1:colcon.colcon_core.package_identification:_identify(.) by extensions ['colcon_meta']
[0.297s] Level 1:colcon.colcon_core.package_identification:_identify(.) by extension 'colcon_meta'
[0.297s] Level 1:colcon.colcon_core.package_identification:_identify(.) by extensions ['ros']
[0.297s] Level 1:colcon.colcon_core.package_identification:_identify(.) by extension 'ros'
[0.328s] Level 1:colcon.colcon_core.package_identification:_identify(.) by extensions ['cmake', 'python']
[0.328s] Level 1:colcon.colcon_core.package_identification:_identify(.) by extension 'cmake'
[0.328s] Level 1:colcon.colcon_core.package_identification:_identify(.) by extension 'python'
[0.328s] Level 1:colcon.colcon_core.package_identification:_identify(.) by extensions ['python_setup_py']
[0.328s] Level 1:colcon.colcon_core.package_identification:_identify(.) by extension 'python_setup_py'
[0.328s] Level 1:colcon.colcon_core.package_identification:_identify(build) by extensions ['ignore', 'ignore_ament_install']
[0.328s] Level 1:colcon.colcon_core.package_identification:_identify(build) by extension 'ignore'
[0.328s] Level 1:colcon.colcon_core.package_identification:_identify(build) ignored
[0.328s] Level 1:colcon.colcon_core.package_identification:_identify(install) by extensions ['ignore', 'ignore_ament_install']
[0.328s] Level 1:colcon.colcon_core.package_identification:_identify(install) by extension 'ignore'
[0.328s] Level 1:colcon.colcon_core.package_identification:_identify(install) ignored
[0.328s] Level 1:colcon.colcon_core.package_identification:_identify(log) by extensions ['ignore', 'ignore_ament_install']
[0.328s] Level 1:colcon.colcon_core.package_identification:_identify(log) by extension 'ignore'
[0.328s] Level 1:colcon.colcon_core.package_identification:_identify(log) ignored
[0.328s] Level 1:colcon.colcon_core.package_identification:_identify(servo_message) by extensions ['ignore', 'ignore_ament_install']
[0.329s] Level 1:colcon.colcon_core.package_identification:_identify(servo_message) by extension 'ignore'
[0.329s] Level 1:colcon.colcon_core.package_identification:_identify(servo_message) by extension 'ignore_ament_install'
[0.329s] Level 1:colcon.colcon_core.package_identification:_identify(servo_message) by extensions ['colcon_pkg']
[0.329s] Level 1:colcon.colcon_core.package_identification:_identify(servo_message) by extension 'colcon_pkg'
[0.329s] Level 1:colcon.colcon_core.package_identification:_identify(servo_message) by extensions ['colcon_meta']
[0.329s] Level 1:colcon.colcon_core.package_identification:_identify(servo_message) by extension 'colcon_meta'
[0.329s] Level 1:colcon.colcon_core.package_identification:_identify(servo_message) by extensions ['ros']
[0.329s] Level 1:colcon.colcon_core.package_identification:_identify(servo_message) by extension 'ros'
[0.331s] DEBUG:colcon.colcon_core.package_identification:Package 'servo_message' with type 'ros.ament_cmake' and name 'servo_message'
[0.331s] Level 1:colcon.colcon_core.package_identification:_identify(src) by extensions ['ignore', 'ignore_ament_install']
[0.332s] Level 1:colcon.colcon_core.package_identification:_identify(src) by extension 'ignore'
[0.332s] Level 1:colcon.colcon_core.package_identification:_identify(src) by extension 'ignore_ament_install'
[0.332s] Level 1:colcon.colcon_core.package_identification:_identify(src) by extensions ['colcon_pkg']
[0.332s] Level 1:colcon.colcon_core.package_identification:_identify(src) by extension 'colcon_pkg'
[0.332s] Level 1:colcon.colcon_core.package_identification:_identify(src) by extensions ['colcon_meta']
[0.332s] Level 1:colcon.colcon_core.package_identification:_identify(src) by extension 'colcon_meta'
[0.332s] Level 1:colcon.colcon_core.package_identification:_identify(src) by extensions ['ros']
[0.332s] Level 1:colcon.colcon_core.package_identification:_identify(src) by extension 'ros'
[0.332s] Level 1:colcon.colcon_core.package_identification:_identify(src) by extensions ['cmake', 'python']
[0.332s] Level 1:colcon.colcon_core.package_identification:_identify(src) by extension 'cmake'
[0.332s] Level 1:colcon.colcon_core.package_identification:_identify(src) by extension 'python'
[0.332s] Level 1:colcon.colcon_core.package_identification:_identify(src) by extensions ['python_setup_py']
[0.332s] Level 1:colcon.colcon_core.package_identification:_identify(src) by extension 'python_setup_py'
[0.332s] Level 1:colcon.colcon_core.package_identification:_identify(src/py_pubsub) by extensions ['ignore', 'ignore_ament_install']
[0.332s] Level 1:colcon.colcon_core.package_identification:_identify(src/py_pubsub) by extension 'ignore'
[0.332s] Level 1:colcon.colcon_core.package_identification:_identify(src/py_pubsub) by extension 'ignore_ament_install'
[0.332s] Level 1:colcon.colcon_core.package_identification:_identify(src/py_pubsub) by extensions ['colcon_pkg']
[0.332s] Level 1:colcon.colcon_core.package_identification:_identify(src/py_pubsub) by extension 'colcon_pkg'
[0.332s] Level 1:colcon.colcon_core.package_identification:_identify(src/py_pubsub) by extensions ['colcon_meta']
[0.332s] Level 1:colcon.colcon_core.package_identification:_identify(src/py_pubsub) by extension 'colcon_meta'
[0.332s] Level 1:colcon.colcon_core.package_identification:_identify(src/py_pubsub) by extensions ['ros']
[0.332s] Level 1:colcon.colcon_core.package_identification:_identify(src/py_pubsub) by extension 'ros'
[0.333s] DEBUG:colcon.colcon_core.package_identification:Failed to parse potential ROS package manifest in'src/py_pubsub': Error(s) in package 'src/py_pubsub/package.xml':
The manifest contains invalid XML:
junk after document element: line 21, column 0
[0.333s] Level 1:colcon.colcon_core.package_identification:_identify(src/py_pubsub) by extensions ['cmake', 'python']
[0.333s] Level 1:colcon.colcon_core.package_identification:_identify(src/py_pubsub) by extension 'cmake'
[0.333s] Level 1:colcon.colcon_core.package_identification:_identify(src/py_pubsub) by extension 'python'
[0.333s] DEBUG:colcon.colcon_core.package_identification:Python package in 'src/py_pubsub' passes arguments to the setup() function which requires a different identification extension than 'python'
[0.333s] Level 1:colcon.colcon_core.package_identification:_identify(src/py_pubsub) by extensions ['python_setup_py']
[0.333s] Level 1:colcon.colcon_core.package_identification:_identify(src/py_pubsub) by extension 'python_setup_py'
[0.535s] DEBUG:colcon.colcon_core.package_identification:Package 'src/py_pubsub' with type 'python' and name 'py_pubsub'
[0.535s] Level 1:colcon.colcon_core.package_discovery:discover_packages(recursive) using defaults
[0.535s] Level 1:colcon.colcon_core.package_discovery:discover_packages(ignore) discover
[0.535s] Level 1:colcon.colcon_core.package_discovery:discover_packages(ignore) using defaults
[0.535s] Level 1:colcon.colcon_core.package_discovery:discover_packages(path) discover
[0.535s] Level 1:colcon.colcon_core.package_discovery:discover_packages(path) using defaults
[0.555s] Level 1:colcon.colcon_core.package_discovery:discover_packages(prefix_path) check parameters
[0.555s] Level 1:colcon.colcon_core.package_discovery:discover_packages(prefix_path) discover
[0.557s] DEBUG:colcon.colcon_installed_package_information.package_discovery:Found 2 installed packages in /home/max/PycharmProjects/my_ros2_ws/install
[0.559s] DEBUG:colcon.colcon_installed_package_information.package_discovery:Found 258 installed packages in /opt/ros/foxy
[0.560s] Level 1:colcon.colcon_core.package_discovery:discover_packages(prefix_path) using defaults
[0.630s] Level 5:colcon.colcon_core.verb:set package 'py_pubsub' build argument 'cmake_args' from command line to 'None'
[0.630s] Level 5:colcon.colcon_core.verb:set package 'py_pubsub' build argument 'cmake_target' from command line to 'None'
[0.630s] Level 5:colcon.colcon_core.verb:set package 'py_pubsub' build argument 'cmake_target_skip_unavailable' from command line to 'False'
[0.630s] Level 5:colcon.colcon_core.verb:set package 'py_pubsub' build argument 'cmake_clean_cache' from command line to 'False'
[0.630s] Level 5:colcon.colcon_core.verb:set package 'py_pubsub' build argument 'cmake_clean_first' from command line to 'False'
[0.630s] Level 5:colcon.colcon_core.verb:set package 'py_pubsub' build argument 'cmake_force_configure' from command line to 'False'
[0.630s] Level 5:colcon.colcon_core.verb:set package 'py_pubsub' build argument 'ament_cmake_args' from command line to 'None'
[0.630s] Level 5:colcon.colcon_core.verb:set package 'py_pubsub' build argument 'catkin_cmake_args' from command line to 'None'
[0.630s] Level 5:colcon.colcon_core.verb:set package 'py_pubsub' build argument 'catkin_skip_building_tests' from command line to 'False'
[0.630s] DEBUG:colcon.colcon_core.verb:Building package 'py_pubsub' with the following arguments: {'ament_cmake_args': None, 'build_base': '/home/max/PycharmProjects/my_ros2_ws/build/py_pubsub', 'catkin_cmake_args': None, 'catkin_skip_building_tests': False, 'cmake_args': None, 'cmake_clean_cache': False, 'cmake_clean_first': False, 'cmake_force_configure': False, 'cmake_target': None, 'cmake_target_skip_unavailable': False, 'install_base': '/home/max/PycharmProjects/my_ros2_ws/install/py_pubsub', 'merge_install': False, 'path': '/home/max/PycharmProjects/my_ros2_ws/src/py_pubsub', 'symlink_install': False, 'test_result_base': None}
[0.631s] Level 5:colcon.colcon_core.verb:set package 'servo_message' build argument 'cmake_args' from command line to 'None'
[0.631s] Level 5:colcon.colcon_core.verb:set package 'servo_message' build argument 'cmake_target' from command line to 'None'
[0.631s] Level 5:colcon.colcon_core.verb:set package 'servo_message' build argument 'cmake_target_skip_unavailable' from command line to 'False'
[0.631s] Level 5:colcon.colcon_core.verb:set package 'servo_message' build argument 'cmake_clean_cache' from command line to 'False'
[0.631s] Level 5:colcon.colcon_core.verb:set package 'servo_message' build argument 'cmake_clean_first' from command line to 'False'
[0.631s] Level 5:colcon.colcon_core.verb:set package 'servo_message' build argument 'cmake_force_configure' from command line to 'False'
[0.631s] Level 5:colcon.colcon_core.verb:set package 'servo_message' build argument 'ament_cmake_args' from command line to 'None'
[0.631s] Level 5:colcon.colcon_core.verb:set package 'servo_message' build argument 'catkin_cmake_args' from command line to 'None'
[0.631s] Level 5:colcon.colcon_core.verb:set package 'servo_message' build argument 'catkin_skip_building_tests' from command line to 'False'
[0.631s] DEBUG:colcon.colcon_core.verb:Building package 'servo_message' with the following arguments: {'ament_cmake_args': None, 'build_base': '/home/max/PycharmProjects/my_ros2_ws/build/servo_message', 'catkin_cmake_args': None, 'catkin_skip_building_tests': False, 'cmake_args': None, 'cmake_clean_cache': False, 'cmake_clean_first': False, 'cmake_force_configure': False, 'cmake_target': None, 'cmake_target_skip_unavailable': False, 'install_base': '/home/max/PycharmProjects/my_ros2_ws/install/servo_message', 'merge_install': False, 'path': '/home/max/PycharmProjects/my_ros2_ws/servo_message', 'symlink_install': False, 'test_result_base': None}
[0.632s] INFO:colcon.colcon_core.executor:Executing jobs using 'parallel' executor
[0.635s] DEBUG:colcon.colcon_parallel_executor.executor.parallel:run_until_complete
[0.635s] INFO:colcon.colcon_core.task.python.build:Building Python package in '/home/max/PycharmProjects/my_ros2_ws/src/py_pubsub'
[0.639s] INFO:colcon.colcon_core.plugin_system:Skipping extension 'colcon_core.shell.bat': Not used on non-Windows systems
[0.639s] INFO:colcon.colcon_core.shell:Skip shell extension 'powershell' for command environment: Not usable outside of PowerShell
[0.639s] DEBUG:colcon.colcon_core.shell:Skip shell extension 'dsv' for command environment
[0.646s] INFO:colcon.colcon_ros.task.ament_cmake.build:Building ROS package in '/home/max/PycharmProjects/my_ros2_ws/servo_message' with build type 'ament_cmake'
[0.646s] INFO:colcon.colcon_cmake.task.cmake.build:Building CMake package in '/home/max/PycharmProjects/my_ros2_ws/servo_message'
[0.649s] INFO:colcon.colcon_core.shell:Skip shell extension 'powershell' for command environment: Not usable outside of PowerShell
[0.649s] DEBUG:colcon.colcon_core.shell:Skip shell extension 'dsv' for command environment
[0.877s] DEBUG:colcon.colcon_core.event_handler.log_command:Invoking command in '/home/max/PycharmProjects/my_ros2_ws/build/servo_message': CMAKE_PREFIX_PATH=${CMAKE_PREFIX_PATH}:/opt/ros/foxy /usr/bin/cmake --build /home/max/PycharmProjects/my_ros2_ws/build/servo_message -- -j4 -l4
[1.224s] DEBUG:colcon.colcon_core.event_handler.log_command:Invoking command in '/home/max/PycharmProjects/my_ros2_ws/src/py_pubsub': PYTHONPATH=/home/max/PycharmProjects/my_ros2_ws/build/py_pubsub/prefix_override:/home/max/PycharmProjects/my_ros2_ws/install/py_pubsub/lib/python3.8/site-packages:${PYTHONPATH} /usr/bin/python3 setup.py egg_info --egg-base ../../build/py_pubsub build --build-base /home/max/PycharmProjects/my_ros2_ws/build/py_pubsub/build install --record /home/max/PycharmProjects/my_ros2_ws/build/py_pubsub/install.log --install-scripts $base/lib/py_pubsub --single-version-externally-managed
[1.486s] DEBUG:colcon.colcon_core.event_handler.log_command:Invoked command in '/home/max/PycharmProjects/my_ros2_ws/src/py_pubsub' returned '0': PYTHONPATH=/home/max/PycharmProjects/my_ros2_ws/build/py_pubsub/prefix_override:/home/max/PycharmProjects/my_ros2_ws/install/py_pubsub/lib/python3.8/site-packages:${PYTHONPATH} /usr/bin/python3 setup.py egg_info --egg-base ../../build/py_pubsub build --build-base /home/max/PycharmProjects/my_ros2_ws/build/py_pubsub/build install --record /home/max/PycharmProjects/my_ros2_ws/build/py_pubsub/install.log --install-scripts $base/lib/py_pubsub --single-version-externally-managed
[1.493s] Level 1:colcon.colcon_core.environment:checking '/home/max/PycharmProjects/my_ros2_ws/install/py_pubsub' for CMake module files
[1.494s] Level 1:colcon.colcon_core.environment:checking '/home/max/PycharmProjects/my_ros2_ws/install/py_pubsub' for CMake config files
[1.494s] Level 1:colcon.colcon_core.environment:checking '/home/max/PycharmProjects/my_ros2_ws/install/py_pubsub/lib'
[1.494s] Level 1:colcon.colcon_core.environment:checking '/home/max/PycharmProjects/my_ros2_ws/install/py_pubsub/bin'
[1.494s] Level 1:colcon.colcon_core.environment:checking '/home/max/PycharmProjects/my_ros2_ws/install/py_pubsub/lib/pkgconfig/py_pubsub.pc'
[1.494s] Level 1:colcon.colcon_core.environment:checking '/home/max/PycharmProjects/my_ros2_ws/install/py_pubsub/lib/python3.8/site-packages'
[1.494s] Level 1:colcon.colcon_core.shell:create_environment_hook('py_pubsub', 'pythonpath')
[1.496s] INFO:colcon.colcon_core.shell:Creating environment hook '/home/max/PycharmProjects/my_ros2_ws/install/py_pubsub/share/py_pubsub/hook/pythonpath.ps1'
[1.497s] INFO:colcon.colcon_core.shell:Creating environment descriptor '/home/max/PycharmProjects/my_ros2_ws/install/py_pubsub/share/py_pubsub/hook/pythonpath.dsv'
[1.497s] INFO:colcon.colcon_core.shell:Creating environment hook '/home/max/PycharmProjects/my_ros2_ws/install/py_pubsub/share/py_pubsub/hook/pythonpath.sh'
[1.498s] Level 1:colcon.colcon_core.environment:checking '/home/max/PycharmProjects/my_ros2_ws/install/py_pubsub/bin'
[1.498s] Level 1:colcon.colcon_core.environment:create_environment_scripts_only(py_pubsub)
[1.499s] INFO:colcon.colcon_core.shell:Creating package script '/home/max/PycharmProjects/my_ros2_ws/install/py_pubsub/share/py_pubsub/package.ps1'
[1.500s] INFO:colcon.colcon_core.shell:Creating package descriptor '/home/max/PycharmProjects/my_ros2_ws/install/py_pubsub/share/py_pubsub/package.dsv'
[1.500s] INFO:colcon.colcon_core.shell:Creating package script '/home/max/PycharmProjects/my_ros2_ws/install/py_pubsub/share/py_pubsub/package.sh'
[1.501s] INFO:colcon.colcon_core.shell:Creating package script '/home/max/PycharmProjects/my_ros2_ws/install/py_pubsub/share/py_pubsub/package.bash'
[1.501s] INFO:colcon.colcon_core.shell:Creating package script '/home/max/PycharmProjects/my_ros2_ws/install/py_pubsub/share/py_pubsub/package.zsh'
[1.502s] Level 1:colcon.colcon_core.environment:create_file_with_runtime_dependencies(/home/max/PycharmProjects/my_ros2_ws/install/py_pubsub/share/colcon-core/packages/py_pubsub)
[2.030s] DEBUG:colcon.colcon_core.event_handler.log_command:Invoked command in '/home/max/PycharmProjects/my_ros2_ws/build/servo_message' returned '0': CMAKE_PREFIX_PATH=${CMAKE_PREFIX_PATH}:/opt/ros/foxy /usr/bin/cmake --build /home/max/PycharmProjects/my_ros2_ws/build/servo_message -- -j4 -l4
[2.115s] DEBUG:colcon.colcon_core.event_handler.log_command:Invoking command in '/home/max/PycharmProjects/my_ros2_ws/build/servo_message': CMAKE_PREFIX_PATH=${CMAKE_PREFIX_PATH}:/opt/ros/foxy /usr/bin/cmake --install /home/max/PycharmProjects/my_ros2_ws/build/servo_message
[2.199s] Level 1:colcon.colcon_core.environment:create_environment_scripts_only(servo_message)
[2.201s] Level 1:colcon.colcon_core.environment:checking '/home/max/PycharmProjects/my_ros2_ws/install/servo_message' for CMake module files
[2.202s] DEBUG:colcon.colcon_core.event_handler.log_command:Invoked command in '/home/max/PycharmProjects/my_ros2_ws/build/servo_message' returned '0': CMAKE_PREFIX_PATH=${CMAKE_PREFIX_PATH}:/opt/ros/foxy /usr/bin/cmake --install /home/max/PycharmProjects/my_ros2_ws/build/servo_message
[2.202s] Level 1:colcon.colcon_core.environment:checking '/home/max/PycharmProjects/my_ros2_ws/install/servo_message' for CMake config files
[2.202s] Level 1:colcon.colcon_core.shell:create_environment_hook('servo_message', 'cmake_prefix_path')
[2.203s] INFO:colcon.colcon_core.shell:Creating environment hook '/home/max/PycharmProjects/my_ros2_ws/install/servo_message/share/servo_message/hook/cmake_prefix_path.ps1'
[2.204s] INFO:colcon.colcon_core.shell:Creating environment descriptor '/home/max/PycharmProjects/my_ros2_ws/install/servo_message/share/servo_message/hook/cmake_prefix_path.dsv'
[2.204s] INFO:colcon.colcon_core.shell:Creating environment hook '/home/max/PycharmProjects/my_ros2_ws/install/servo_message/share/servo_message/hook/cmake_prefix_path.sh'
[2.204s] Level 1:colcon.colcon_core.environment:checking '/home/max/PycharmProjects/my_ros2_ws/install/servo_message/lib'
[2.205s] Level 1:colcon.colcon_core.shell:create_environment_hook('servo_message', 'ld_library_path_lib')
[2.206s] INFO:colcon.colcon_core.shell:Creating environment hook '/home/max/PycharmProjects/my_ros2_ws/install/servo_message/share/servo_message/hook/ld_library_path_lib.ps1'
[2.206s] INFO:colcon.colcon_core.shell:Creating environment descriptor '/home/max/PycharmProjects/my_ros2_ws/install/servo_message/share/servo_message/hook/ld_library_path_lib.dsv'
[2.206s] INFO:colcon.colcon_core.shell:Creating environment hook '/home/max/PycharmProjects/my_ros2_ws/install/servo_message/share/servo_message/hook/ld_library_path_lib.sh'
[2.206s] Level 1:colcon.colcon_core.environment:checking '/home/max/PycharmProjects/my_ros2_ws/install/servo_message/bin'
[2.206s] Level 1:colcon.colcon_core.environment:checking '/home/max/PycharmProjects/my_ros2_ws/install/servo_message/lib/pkgconfig/servo_message.pc'
[2.207s] Level 1:colcon.colcon_core.environment:checking '/home/max/PycharmProjects/my_ros2_ws/install/servo_message/lib/python3.8/site-packages'
[2.207s] Level 1:colcon.colcon_core.shell:create_environment_hook('servo_message', 'pythonpath')
[2.208s] INFO:colcon.colcon_core.shell:Creating environment hook '/home/max/PycharmProjects/my_ros2_ws/install/servo_message/share/servo_message/hook/pythonpath.ps1'
[2.208s] INFO:colcon.colcon_core.shell:Creating environment descriptor '/home/max/PycharmProjects/my_ros2_ws/install/servo_message/share/servo_message/hook/pythonpath.dsv'
[2.208s] INFO:colcon.colcon_core.shell:Creating environment hook '/home/max/PycharmProjects/my_ros2_ws/install/servo_message/share/servo_message/hook/pythonpath.sh'
[2.209s] Level 1:colcon.colcon_core.environment:checking '/home/max/PycharmProjects/my_ros2_ws/install/servo_message/bin'
[2.210s] INFO:colcon.colcon_core.shell:Creating package script '/home/max/PycharmProjects/my_ros2_ws/install/servo_message/share/servo_message/package.ps1'
[2.211s] INFO:colcon.colcon_core.shell:Creating package descriptor '/home/max/PycharmProjects/my_ros2_ws/install/servo_message/share/servo_message/package.dsv'
[2.211s] INFO:colcon.colcon_core.shell:Creating package script '/home/max/PycharmProjects/my_ros2_ws/install/servo_message/share/servo_message/package.sh'
[2.212s] INFO:colcon.colcon_core.shell:Creating package script '/home/max/PycharmProjects/my_ros2_ws/install/servo_message/share/servo_message/package.bash'
[2.212s] INFO:colcon.colcon_core.shell:Creating package script '/home/max/PycharmProjects/my_ros2_ws/install/servo_message/share/servo_message/package.zsh'
[2.212s] Level 1:colcon.colcon_core.environment:create_file_with_runtime_dependencies(/home/max/PycharmProjects/my_ros2_ws/install/servo_message/share/colcon-core/packages/servo_message)
[2.266s] Level 1:colcon.colcon_core.environment:create_environment_scripts_only(servo_message)
[2.269s] Level 1:colcon.colcon_core.environment:checking '/home/max/PycharmProjects/my_ros2_ws/install/servo_message' for CMake module files
[2.270s] Level 1:colcon.colcon_core.environment:checking '/home/max/PycharmProjects/my_ros2_ws/install/servo_message' for CMake config files
[2.271s] Level 1:colcon.colcon_core.shell:create_environment_hook('servo_message', 'cmake_prefix_path')
[2.273s] INFO:colcon.colcon_core.shell:Creating environment hook '/home/max/PycharmProjects/my_ros2_ws/install/servo_message/share/servo_message/hook/cmake_prefix_path.ps1'
[2.274s] INFO:colcon.colcon_core.shell:Creating environment descriptor '/home/max/PycharmProjects/my_ros2_ws/install/servo_message/share/servo_message/hook/cmake_prefix_path.dsv'
[2.275s] INFO:colcon.colcon_core.shell:Creating environment hook '/home/max/PycharmProjects/my_ros2_ws/install/servo_message/share/servo_message/hook/cmake_prefix_path.sh'
[2.275s] Level 1:colcon.colcon_core.environment:checking '/home/max/PycharmProjects/my_ros2_ws/install/servo_message/lib'
[2.276s] Level 1:colcon.colcon_core.shell:create_environment_hook('servo_message', 'ld_library_path_lib')
[2.277s] INFO:colcon.colcon_core.shell:Creating environment hook '/home/max/PycharmProjects/my_ros2_ws/install/servo_message/share/servo_message/hook/ld_library_path_lib.ps1'
[2.278s] INFO:colcon.colcon_core.shell:Creating environment descriptor '/home/max/PycharmProjects/my_ros2_ws/install/servo_message/share/servo_message/hook/ld_library_path_lib.dsv'
[2.278s] INFO:colcon.colcon_core.shell:Creating environment hook '/home/max/PycharmProjects/my_ros2_ws/install/servo_message/share/servo_message/hook/ld_library_path_lib.sh'
[2.278s] Level 1:colcon.colcon_core.environment:checking '/home/max/PycharmProjects/my_ros2_ws/install/servo_message/bin'
[2.278s] Level 1:colcon.colcon_core.environment:checking '/home/max/PycharmProjects/my_ros2_ws/install/servo_message/lib/pkgconfig/servo_message.pc'
[2.278s] Level 1:colcon.colcon_core.environment:checking '/home/max/PycharmProjects/my_ros2_ws/install/servo_message/lib/python3.8/site-packages'
[2.278s] Level 1:colcon.colcon_core.shell:create_environment_hook('servo_message', 'pythonpath')
[2.279s] INFO:colcon.colcon_core.shell:Creating environment hook '/home/max/PycharmProjects/my_ros2_ws/install/servo_message/share/servo_message/hook/pythonpath.ps1'
[2.280s] INFO:colcon.colcon_core.shell:Creating environment descriptor '/home/max/PycharmProjects/my_ros2_ws/install/servo_message/share/servo_message/hook/pythonpath.dsv'
[2.280s] INFO:colcon.colcon_core.shell:Creating environment hook '/home/max/PycharmProjects/my_ros2_ws/install/servo_message/share/servo_message/hook/pythonpath.sh'
[2.280s] Level 1:colcon.colcon_core.environment:checking '/home/max/PycharmProjects/my_ros2_ws/install/servo_message/bin'
[2.282s] INFO:colcon.colcon_core.shell:Creating package script '/home/max/PycharmProjects/my_ros2_ws/install/servo_message/share/servo_message/package.ps1'
[2.282s] INFO:colcon.colcon_core.shell:Creating package descriptor '/home/max/PycharmProjects/my_ros2_ws/install/servo_message/share/servo_message/package.dsv'
[2.282s] INFO:colcon.colcon_core.shell:Creating package script '/home/max/PycharmProjects/my_ros2_ws/install/servo_message/share/servo_message/package.sh'
[2.283s] INFO:colcon.colcon_core.shell:Creating package script '/home/max/PycharmProjects/my_ros2_ws/install/servo_message/share/servo_message/package.bash'
[2.283s] INFO:colcon.colcon_core.shell:Creating package script '/home/max/PycharmProjects/my_ros2_ws/install/servo_message/share/servo_message/package.zsh'
[2.283s] Level 1:colcon.colcon_core.environment:create_file_with_runtime_dependencies(/home/max/PycharmProjects/my_ros2_ws/install/servo_message/share/colcon-core/packages/servo_message)
[2.283s] DEBUG:colcon.colcon_parallel_executor.executor.parallel:closing loop
[2.284s] DEBUG:colcon.colcon_parallel_executor.executor.parallel:loop closed
[2.284s] DEBUG:colcon.colcon_parallel_executor.executor.parallel:run_until_complete finished with '0'
[2.284s] DEBUG:colcon.colcon_core.event_reactor:joining thread
[2.293s] INFO:colcon.colcon_core.plugin_system:Skipping extension 'colcon_notification.desktop_notification.terminal_notifier': Not used on non-Darwin systems
[2.293s] INFO:colcon.colcon_core.plugin_system:Skipping extension 'colcon_notification.desktop_notification.win32': Not used on non-Windows systems
[2.293s] INFO:colcon.colcon_notification.desktop_notification:Sending desktop notification using 'notify2'
[2.297s] DEBUG:colcon.colcon_core.event_reactor:joined thread
[2.300s] INFO:colcon.colcon_core.shell:Creating prefix script '/home/max/PycharmProjects/my_ros2_ws/install/local_setup.ps1'
[2.302s] INFO:colcon.colcon_core.shell:Creating prefix util module '/home/max/PycharmProjects/my_ros2_ws/install/_local_setup_util_ps1.py'
[2.303s] INFO:colcon.colcon_core.shell:Creating prefix chain script '/home/max/PycharmProjects/my_ros2_ws/install/setup.ps1'
[2.305s] INFO:colcon.colcon_core.shell:Creating prefix script '/home/max/PycharmProjects/my_ros2_ws/install/local_setup.sh'
[2.305s] INFO:colcon.colcon_core.shell:Creating prefix util module '/home/max/PycharmProjects/my_ros2_ws/install/_local_setup_util_sh.py'
[2.305s] INFO:colcon.colcon_core.shell:Creating prefix chain script '/home/max/PycharmProjects/my_ros2_ws/install/setup.sh'
[2.306s] INFO:colcon.colcon_core.shell:Creating prefix script '/home/max/PycharmProjects/my_ros2_ws/install/local_setup.bash'
[2.307s] INFO:colcon.colcon_core.shell:Creating prefix chain script '/home/max/PycharmProjects/my_ros2_ws/install/setup.bash'
[2.308s] INFO:colcon.colcon_core.shell:Creating prefix script '/home/max/PycharmProjects/my_ros2_ws/install/local_setup.zsh'
[2.308s] INFO:colcon.colcon_core.shell:Creating prefix chain script '/home/max/PycharmProjects/my_ros2_ws/install/setup.zsh'
