[0.049s] Invoking command in '/home/max/microros_ws4/firmware/mcu_ws/build/microcdr': /usr/bin/cmake --build /home/max/microros_ws4/firmware/mcu_ws/build/microcdr -- -j4 -l4
[0.078s] make[4]: Entering directory '/home/max/microros_ws4/firmware/mcu_ws/build/microcdr'
[0.078s] /usr/bin/cmake -S/home/max/microros_ws4/firmware/mcu_ws/eProsima/Micro-CDR -B/home/max/microros_ws4/firmware/mcu_ws/build/microcdr --check-build-system CMakeFiles/Makefile.cmake 0
[0.096s] Re-run cmake file: Makefile older than: /home/max/microros_ws4/firmware/freertos_apps/microros_esp32_extensions/esp32_toolchain.cmake
[0.106s] -- Configuring done
[0.112s] -- Generating done
[0.112s] -- Build files have been written to: /home/max/microros_ws4/firmware/mcu_ws/build/microcdr
[0.114s] /usr/bin/cmake -E cmake_progress_start /home/max/microros_ws4/firmware/mcu_ws/build/microcdr/CMakeFiles /home/max/microros_ws4/firmware/mcu_ws/build/microcdr/CMakeFiles/progress.marks
[0.123s] /usr/bin/make -f CMakeFiles/Makefile2 all
[0.124s] make[5]: Entering directory '/home/max/microros_ws4/firmware/mcu_ws/build/microcdr'
[0.124s] /usr/bin/make -f CMakeFiles/microcdr.dir/build.make CMakeFiles/microcdr.dir/depend
[0.126s] make[6]: Entering directory '/home/max/microros_ws4/firmware/mcu_ws/build/microcdr'
[0.126s] cd /home/max/microros_ws4/firmware/mcu_ws/build/microcdr && /usr/bin/cmake -E cmake_depends "Unix Makefiles" /home/max/microros_ws4/firmware/mcu_ws/eProsima/Micro-CDR /home/max/microros_ws4/firmware/mcu_ws/eProsima/Micro-CDR /home/max/microros_ws4/firmware/mcu_ws/build/microcdr /home/max/microros_ws4/firmware/mcu_ws/build/microcdr /home/max/microros_ws4/firmware/mcu_ws/build/microcdr/CMakeFiles/microcdr.dir/DependInfo.cmake --color=
[0.136s] make[6]: Leaving directory '/home/max/microros_ws4/firmware/mcu_ws/build/microcdr'
[0.136s] /usr/bin/make -f CMakeFiles/microcdr.dir/build.make CMakeFiles/microcdr.dir/build
[0.137s] make[6]: Entering directory '/home/max/microros_ws4/firmware/mcu_ws/build/microcdr'
[0.137s] make[6]: Nothing to be done for 'CMakeFiles/microcdr.dir/build'.
[0.137s] make[6]: Leaving directory '/home/max/microros_ws4/firmware/mcu_ws/build/microcdr'
[0.146s] [100%] Built target microcdr
[0.147s] make[5]: Leaving directory '/home/max/microros_ws4/firmware/mcu_ws/build/microcdr'
[0.147s] /usr/bin/cmake -E cmake_progress_start /home/max/microros_ws4/firmware/mcu_ws/build/microcdr/CMakeFiles 0
[0.156s] make[4]: Leaving directory '/home/max/microros_ws4/firmware/mcu_ws/build/microcdr'
[0.161s] Invoked command in '/home/max/microros_ws4/firmware/mcu_ws/build/microcdr' returned '0': /usr/bin/cmake --build /home/max/microros_ws4/firmware/mcu_ws/build/microcdr -- -j4 -l4
[0.220s] Invoking command in '/home/max/microros_ws4/firmware/mcu_ws/build/microcdr': /usr/bin/cmake --install /home/max/microros_ws4/firmware/mcu_ws/build/microcdr
[0.236s] -- Install configuration: "Debug"
[0.237s] -- Up-to-date: /home/max/microros_ws4/firmware/mcu_ws/install/lib/libmicrocdr.a
[0.237s] -- Up-to-date: /home/max/microros_ws4/firmware/mcu_ws/install/include/ucdr
[0.237s] -- Up-to-date: /home/max/microros_ws4/firmware/mcu_ws/install/include/ucdr/visibility.h
[0.237s] -- Up-to-date: /home/max/microros_ws4/firmware/mcu_ws/install/include/ucdr/microcdr.h
[0.237s] -- Up-to-date: /home/max/microros_ws4/firmware/mcu_ws/install/include/ucdr/config.h
[0.237s] -- Up-to-date: /home/max/microros_ws4/firmware/mcu_ws/install/share/microcdr/cmake/microcdrTargets.cmake
[0.237s] -- Installing: /home/max/microros_ws4/firmware/mcu_ws/install/share/microcdr/cmake/microcdrTargets-debug.cmake
[0.237s] -- Up-to-date: /home/max/microros_ws4/firmware/mcu_ws/install/share/microcdr/cmake/microcdrConfig.cmake
[0.237s] -- Up-to-date: /home/max/microros_ws4/firmware/mcu_ws/install/share/microcdr/cmake/microcdrConfigVersion.cmake
[0.246s] Invoked command in '/home/max/microros_ws4/firmware/mcu_ws/build/microcdr' returned '0': /usr/bin/cmake --install /home/max/microros_ws4/firmware/mcu_ws/build/microcdr
