[0.028s] Invoking command in '/home/max/microros_ws4/build/micro_ros_msgs': CMAKE_PREFIX_PATH=${CMAKE_PREFIX_PATH}:/opt/ros/foxy /usr/bin/cmake /home/max/microros_ws4/src/uros/micro_ros_msgs -DCMAKE_INSTALL_PREFIX=/home/max/microros_ws4/install/micro_ros_msgs
[0.067s] -- Found ament_cmake: 0.9.11 (/opt/ros/foxy/share/ament_cmake/cmake)
[0.093s] -- Found PythonInterp: /usr/bin/python3 (found suitable version "3.8.10", minimum required is "3") 
[0.093s] -- Using PYTHON_EXECUTABLE: /usr/bin/python3
[0.302s] -- Found rosidl_default_generators: 1.0.1 (/opt/ros/foxy/share/rosidl_default_generators/cmake)
[0.310s] -- Using all available rosidl_typesupport_c: rosidl_typesupport_fastrtps_c;rosidl_typesupport_introspection_c
[0.319s] -- Found rosidl_adapter: 1.3.0 (/opt/ros/foxy/share/rosidl_adapter/cmake)
[0.487s] -- Using all available rosidl_typesupport_cpp: rosidl_typesupport_fastrtps_cpp;rosidl_typesupport_introspection_cpp
[0.508s] -- Found ament_lint_auto: 0.9.8 (/opt/ros/foxy/share/ament_lint_auto/cmake)
[0.624s] -- Found PythonInterp: /usr/bin/python3 (found version "3.8.10") 
[0.697s] -- Found ament_cmake_ros: 0.9.2 (/opt/ros/foxy/share/ament_cmake_ros/cmake)
[0.790s] -- Using all available rosidl_typesupport_c: rosidl_typesupport_fastrtps_c;rosidl_typesupport_introspection_c
[0.797s] -- Using all available rosidl_typesupport_cpp: rosidl_typesupport_fastrtps_cpp;rosidl_typesupport_introspection_cpp
[0.827s] -- Found PythonInterp: /usr/bin/python3 (found suitable version "3.8.10", minimum required is "3.5") 
[0.827s] -- Found python_cmake_module: 0.8.1 (/opt/ros/foxy/share/python_cmake_module/cmake)
[0.856s] -- Using PYTHON_EXECUTABLE: /usr/bin/python3
[0.857s] -- Using PYTHON_INCLUDE_DIRS: /usr/include/python3.8
[0.857s] -- Using PYTHON_LIBRARIES: /usr/lib/x86_64-linux-gnu/libpython3.8.so
[0.876s] -- Added test 'copyright' to check source files copyright and LICENSE
[0.885s] -- Added test 'lint_cmake' to check CMake code style
[0.891s] -- Added test 'xmllint' to check XML markup files
[0.898s] -- Configuring done
[0.931s] -- Generating done
[0.934s] -- Build files have been written to: /home/max/microros_ws4/build/micro_ros_msgs
[0.944s] Invoked command in '/home/max/microros_ws4/build/micro_ros_msgs' returned '0': CMAKE_PREFIX_PATH=${CMAKE_PREFIX_PATH}:/opt/ros/foxy /usr/bin/cmake /home/max/microros_ws4/src/uros/micro_ros_msgs -DCMAKE_INSTALL_PREFIX=/home/max/microros_ws4/install/micro_ros_msgs
[0.946s] Invoking command in '/home/max/microros_ws4/build/micro_ros_msgs': CMAKE_PREFIX_PATH=${CMAKE_PREFIX_PATH}:/opt/ros/foxy /usr/bin/cmake --build /home/max/microros_ws4/build/micro_ros_msgs -- -j4 -l4
[1.022s] [ 10%] Built target micro_ros_msgs__rosidl_generator_c
[1.023s] [ 12%] Built target micro_ros_msgs__cpp
[1.044s] [ 23%] Built target micro_ros_msgs__rosidl_typesupport_introspection_cpp
[1.049s] [ 44%] Built target micro_ros_msgs__rosidl_typesupport_introspection_c
[1.049s] [ 44%] Built target micro_ros_msgs__rosidl_typesupport_c
[1.061s] [ 55%] Built target micro_ros_msgs__rosidl_typesupport_fastrtps_cpp
[1.066s] [ 65%] Built target micro_ros_msgs__rosidl_typesupport_cpp
[1.098s] [ 76%] Built target micro_ros_msgs__rosidl_typesupport_fastrtps_c
[1.131s] [ 76%] Built target micro_ros_msgs
[1.161s] [ 78%] Built target micro_ros_msgs__py
[1.199s] [ 87%] Built target micro_ros_msgs__python
[1.227s] [ 95%] Built target micro_ros_msgs__rosidl_typesupport_fastrtps_c__pyext
[1.227s] [ 95%] Built target micro_ros_msgs__rosidl_typesupport_introspection_c__pyext
[1.228s] [100%] Built target micro_ros_msgs__rosidl_typesupport_c__pyext
[1.240s] Invoked command in '/home/max/microros_ws4/build/micro_ros_msgs' returned '0': CMAKE_PREFIX_PATH=${CMAKE_PREFIX_PATH}:/opt/ros/foxy /usr/bin/cmake --build /home/max/microros_ws4/build/micro_ros_msgs -- -j4 -l4
[1.323s] Invoking command in '/home/max/microros_ws4/build/micro_ros_msgs': CMAKE_PREFIX_PATH=${CMAKE_PREFIX_PATH}:/opt/ros/foxy /usr/bin/cmake --install /home/max/microros_ws4/build/micro_ros_msgs
[1.333s] -- Install configuration: ""
[1.334s] -- Up-to-date: /home/max/microros_ws4/install/micro_ros_msgs/share/ament_index/resource_index/rosidl_interfaces/micro_ros_msgs
[1.334s] -- Up-to-date: /home/max/microros_ws4/install/micro_ros_msgs/include/micro_ros_msgs
[1.334s] -- Up-to-date: /home/max/microros_ws4/install/micro_ros_msgs/include/micro_ros_msgs/msg
[1.334s] -- Up-to-date: /home/max/microros_ws4/install/micro_ros_msgs/include/micro_ros_msgs/msg/graph.h
[1.334s] -- Up-to-date: /home/max/microros_ws4/install/micro_ros_msgs/include/micro_ros_msgs/msg/entity.h
[1.334s] -- Up-to-date: /home/max/microros_ws4/install/micro_ros_msgs/include/micro_ros_msgs/msg/node.h
[1.334s] -- Up-to-date: /home/max/microros_ws4/install/micro_ros_msgs/include/micro_ros_msgs/msg/detail
[1.334s] -- Up-to-date: /home/max/microros_ws4/install/micro_ros_msgs/include/micro_ros_msgs/msg/detail/node__type_support.h
[1.334s] -- Up-to-date: /home/max/microros_ws4/install/micro_ros_msgs/include/micro_ros_msgs/msg/detail/entity__struct.h
[1.335s] -- Up-to-date: /home/max/microros_ws4/install/micro_ros_msgs/include/micro_ros_msgs/msg/detail/entity__functions.c
[1.335s] -- Up-to-date: /home/max/microros_ws4/install/micro_ros_msgs/include/micro_ros_msgs/msg/detail/entity__functions.h
[1.335s] -- Up-to-date: /home/max/microros_ws4/install/micro_ros_msgs/include/micro_ros_msgs/msg/detail/node__struct.h
[1.335s] -- Up-to-date: /home/max/microros_ws4/install/micro_ros_msgs/include/micro_ros_msgs/msg/detail/entity__type_support.h
[1.335s] -- Up-to-date: /home/max/microros_ws4/install/micro_ros_msgs/include/micro_ros_msgs/msg/detail/graph__functions.h
[1.335s] -- Up-to-date: /home/max/microros_ws4/install/micro_ros_msgs/include/micro_ros_msgs/msg/detail/graph__functions.c
[1.335s] -- Up-to-date: /home/max/microros_ws4/install/micro_ros_msgs/include/micro_ros_msgs/msg/detail/graph__type_support.h
[1.335s] -- Up-to-date: /home/max/microros_ws4/install/micro_ros_msgs/include/micro_ros_msgs/msg/detail/graph__struct.h
[1.335s] -- Up-to-date: /home/max/microros_ws4/install/micro_ros_msgs/include/micro_ros_msgs/msg/detail/node__functions.c
[1.336s] -- Up-to-date: /home/max/microros_ws4/install/micro_ros_msgs/include/micro_ros_msgs/msg/detail/node__functions.h
[1.336s] -- Up-to-date: /home/max/microros_ws4/install/micro_ros_msgs/include/micro_ros_msgs/msg/rosidl_generator_c__visibility_control.h
[1.336s] -- Up-to-date: /home/max/microros_ws4/install/micro_ros_msgs/share/micro_ros_msgs/environment/library_path.sh
[1.336s] -- Installing: /home/max/microros_ws4/install/micro_ros_msgs/share/micro_ros_msgs/environment/library_path.dsv
[1.342s] -- Up-to-date: /home/max/microros_ws4/install/micro_ros_msgs/lib/libmicro_ros_msgs__rosidl_generator_c.so
[1.342s] -- Up-to-date: /home/max/microros_ws4/install/micro_ros_msgs/include/micro_ros_msgs
[1.342s] -- Up-to-date: /home/max/microros_ws4/install/micro_ros_msgs/include/micro_ros_msgs/msg
[1.342s] -- Up-to-date: /home/max/microros_ws4/install/micro_ros_msgs/include/micro_ros_msgs/msg/rosidl_typesupport_fastrtps_c__visibility_control.h
[1.343s] -- Up-to-date: /home/max/microros_ws4/install/micro_ros_msgs/include/micro_ros_msgs/msg/detail
[1.343s] -- Up-to-date: /home/max/microros_ws4/install/micro_ros_msgs/include/micro_ros_msgs/msg/detail/entity__rosidl_typesupport_fastrtps_c.h
[1.343s] -- Up-to-date: /home/max/microros_ws4/install/micro_ros_msgs/include/micro_ros_msgs/msg/detail/graph__rosidl_typesupport_fastrtps_c.h
[1.343s] -- Up-to-date: /home/max/microros_ws4/install/micro_ros_msgs/include/micro_ros_msgs/msg/detail/node__rosidl_typesupport_fastrtps_c.h
[1.343s] -- Up-to-date: /home/max/microros_ws4/install/micro_ros_msgs/lib/libmicro_ros_msgs__rosidl_typesupport_fastrtps_c.so
[1.343s] -- Up-to-date: /home/max/microros_ws4/install/micro_ros_msgs/include/micro_ros_msgs
[1.343s] -- Up-to-date: /home/max/microros_ws4/install/micro_ros_msgs/include/micro_ros_msgs/msg
[1.343s] -- Up-to-date: /home/max/microros_ws4/install/micro_ros_msgs/include/micro_ros_msgs/msg/rosidl_typesupport_fastrtps_cpp__visibility_control.h
[1.344s] -- Up-to-date: /home/max/microros_ws4/install/micro_ros_msgs/include/micro_ros_msgs/msg/detail
[1.344s] -- Up-to-date: /home/max/microros_ws4/install/micro_ros_msgs/include/micro_ros_msgs/msg/detail/entity__rosidl_typesupport_fastrtps_cpp.hpp
[1.344s] -- Up-to-date: /home/max/microros_ws4/install/micro_ros_msgs/include/micro_ros_msgs/msg/detail/node__rosidl_typesupport_fastrtps_cpp.hpp
[1.344s] -- Up-to-date: /home/max/microros_ws4/install/micro_ros_msgs/include/micro_ros_msgs/msg/detail/dds_fastrtps
[1.344s] -- Up-to-date: /home/max/microros_ws4/install/micro_ros_msgs/include/micro_ros_msgs/msg/detail/graph__rosidl_typesupport_fastrtps_cpp.hpp
[1.344s] -- Up-to-date: /home/max/microros_ws4/install/micro_ros_msgs/lib/libmicro_ros_msgs__rosidl_typesupport_fastrtps_cpp.so
[1.344s] -- Up-to-date: /home/max/microros_ws4/install/micro_ros_msgs/include/micro_ros_msgs
[1.344s] -- Up-to-date: /home/max/microros_ws4/install/micro_ros_msgs/include/micro_ros_msgs/msg
[1.344s] -- Up-to-date: /home/max/microros_ws4/install/micro_ros_msgs/include/micro_ros_msgs/msg/detail
[1.345s] -- Up-to-date: /home/max/microros_ws4/install/micro_ros_msgs/include/micro_ros_msgs/msg/detail/graph__type_support.c
[1.345s] -- Up-to-date: /home/max/microros_ws4/install/micro_ros_msgs/include/micro_ros_msgs/msg/detail/node__type_support.c
[1.345s] -- Up-to-date: /home/max/microros_ws4/install/micro_ros_msgs/include/micro_ros_msgs/msg/detail/graph__rosidl_typesupport_introspection_c.h
[1.345s] -- Up-to-date: /home/max/microros_ws4/install/micro_ros_msgs/include/micro_ros_msgs/msg/detail/node__rosidl_typesupport_introspection_c.h
[1.345s] -- Up-to-date: /home/max/microros_ws4/install/micro_ros_msgs/include/micro_ros_msgs/msg/detail/entity__type_support.c
[1.345s] -- Up-to-date: /home/max/microros_ws4/install/micro_ros_msgs/include/micro_ros_msgs/msg/detail/entity__rosidl_typesupport_introspection_c.h
[1.345s] -- Up-to-date: /home/max/microros_ws4/install/micro_ros_msgs/include/micro_ros_msgs/msg/rosidl_typesupport_introspection_c__visibility_control.h
[1.346s] -- Up-to-date: /home/max/microros_ws4/install/micro_ros_msgs/lib/libmicro_ros_msgs__rosidl_typesupport_introspection_c.so
[1.346s] -- Up-to-date: /home/max/microros_ws4/install/micro_ros_msgs/lib/libmicro_ros_msgs__rosidl_typesupport_c.so
[1.346s] -- Up-to-date: /home/max/microros_ws4/install/micro_ros_msgs/include/micro_ros_msgs
[1.346s] -- Up-to-date: /home/max/microros_ws4/install/micro_ros_msgs/include/micro_ros_msgs/msg
[1.346s] -- Up-to-date: /home/max/microros_ws4/install/micro_ros_msgs/include/micro_ros_msgs/msg/entity.hpp
[1.346s] -- Up-to-date: /home/max/microros_ws4/install/micro_ros_msgs/include/micro_ros_msgs/msg/detail
[1.346s] -- Up-to-date: /home/max/microros_ws4/install/micro_ros_msgs/include/micro_ros_msgs/msg/detail/graph__struct.hpp
[1.346s] -- Up-to-date: /home/max/microros_ws4/install/micro_ros_msgs/include/micro_ros_msgs/msg/detail/node__struct.hpp
[1.346s] -- Up-to-date: /home/max/microros_ws4/install/micro_ros_msgs/include/micro_ros_msgs/msg/detail/entity__traits.hpp
[1.347s] -- Up-to-date: /home/max/microros_ws4/install/micro_ros_msgs/include/micro_ros_msgs/msg/detail/graph__builder.hpp
[1.347s] -- Up-to-date: /home/max/microros_ws4/install/micro_ros_msgs/include/micro_ros_msgs/msg/detail/graph__traits.hpp
[1.347s] -- Up-to-date: /home/max/microros_ws4/install/micro_ros_msgs/include/micro_ros_msgs/msg/detail/entity__struct.hpp
[1.347s] -- Up-to-date: /home/max/microros_ws4/install/micro_ros_msgs/include/micro_ros_msgs/msg/detail/node__traits.hpp
[1.347s] -- Up-to-date: /home/max/microros_ws4/install/micro_ros_msgs/include/micro_ros_msgs/msg/detail/entity__builder.hpp
[1.347s] -- Up-to-date: /home/max/microros_ws4/install/micro_ros_msgs/include/micro_ros_msgs/msg/detail/node__builder.hpp
[1.347s] -- Up-to-date: /home/max/microros_ws4/install/micro_ros_msgs/include/micro_ros_msgs/msg/node.hpp
[1.347s] -- Up-to-date: /home/max/microros_ws4/install/micro_ros_msgs/include/micro_ros_msgs/msg/graph.hpp
[1.347s] -- Up-to-date: /home/max/microros_ws4/install/micro_ros_msgs/include/micro_ros_msgs
[1.348s] -- Up-to-date: /home/max/microros_ws4/install/micro_ros_msgs/include/micro_ros_msgs/msg
[1.348s] -- Up-to-date: /home/max/microros_ws4/install/micro_ros_msgs/include/micro_ros_msgs/msg/detail
[1.348s] -- Up-to-date: /home/max/microros_ws4/install/micro_ros_msgs/include/micro_ros_msgs/msg/detail/node__type_support.cpp
[1.348s] -- Up-to-date: /home/max/microros_ws4/install/micro_ros_msgs/include/micro_ros_msgs/msg/detail/graph__type_support.cpp
[1.348s] -- Up-to-date: /home/max/microros_ws4/install/micro_ros_msgs/include/micro_ros_msgs/msg/detail/graph__rosidl_typesupport_introspection_cpp.hpp
[1.348s] -- Up-to-date: /home/max/microros_ws4/install/micro_ros_msgs/include/micro_ros_msgs/msg/detail/node__rosidl_typesupport_introspection_cpp.hpp
[1.348s] -- Up-to-date: /home/max/microros_ws4/install/micro_ros_msgs/include/micro_ros_msgs/msg/detail/entity__type_support.cpp
[1.348s] -- Up-to-date: /home/max/microros_ws4/install/micro_ros_msgs/include/micro_ros_msgs/msg/detail/entity__rosidl_typesupport_introspection_cpp.hpp
[1.349s] -- Up-to-date: /home/max/microros_ws4/install/micro_ros_msgs/lib/libmicro_ros_msgs__rosidl_typesupport_introspection_cpp.so
[1.349s] -- Up-to-date: /home/max/microros_ws4/install/micro_ros_msgs/lib/libmicro_ros_msgs__rosidl_typesupport_cpp.so
[1.349s] -- Up-to-date: /home/max/microros_ws4/install/micro_ros_msgs/share/micro_ros_msgs/environment/pythonpath.sh
[1.349s] -- Installing: /home/max/microros_ws4/install/micro_ros_msgs/share/micro_ros_msgs/environment/pythonpath.dsv
[1.349s] -- Installing: /home/max/microros_ws4/install/micro_ros_msgs/lib/python3.8/site-packages/micro_ros_msgs/__init__.py
[1.381s] Compiling '/home/max/microros_ws4/install/micro_ros_msgs/lib/python3.8/site-packages/micro_ros_msgs/__init__.py'...
[1.384s] -- Up-to-date: /home/max/microros_ws4/install/micro_ros_msgs/lib/python3.8/site-packages/micro_ros_msgs/msg
[1.385s] -- Up-to-date: /home/max/microros_ws4/install/micro_ros_msgs/lib/python3.8/site-packages/micro_ros_msgs/msg/_graph_s.c
[1.385s] -- Up-to-date: /home/max/microros_ws4/install/micro_ros_msgs/lib/python3.8/site-packages/micro_ros_msgs/msg/_graph.py
[1.385s] -- Up-to-date: /home/max/microros_ws4/install/micro_ros_msgs/lib/python3.8/site-packages/micro_ros_msgs/msg/_entity_s.c
[1.385s] -- Up-to-date: /home/max/microros_ws4/install/micro_ros_msgs/lib/python3.8/site-packages/micro_ros_msgs/msg/_node_s.c
[1.385s] -- Up-to-date: /home/max/microros_ws4/install/micro_ros_msgs/lib/python3.8/site-packages/micro_ros_msgs/msg/_node.py
[1.385s] -- Up-to-date: /home/max/microros_ws4/install/micro_ros_msgs/lib/python3.8/site-packages/micro_ros_msgs/msg/_entity.py
[1.385s] -- Up-to-date: /home/max/microros_ws4/install/micro_ros_msgs/lib/python3.8/site-packages/micro_ros_msgs/msg/__init__.py
[1.385s] -- Up-to-date: /home/max/microros_ws4/install/micro_ros_msgs/lib/python3.8/site-packages/micro_ros_msgs/micro_ros_msgs_s__rosidl_typesupport_fastrtps_c.cpython-38-x86_64-linux-gnu.so
[1.387s] -- Up-to-date: /home/max/microros_ws4/install/micro_ros_msgs/lib/python3.8/site-packages/micro_ros_msgs/micro_ros_msgs_s__rosidl_typesupport_introspection_c.cpython-38-x86_64-linux-gnu.so
[1.388s] -- Up-to-date: /home/max/microros_ws4/install/micro_ros_msgs/lib/python3.8/site-packages/micro_ros_msgs/micro_ros_msgs_s__rosidl_typesupport_c.cpython-38-x86_64-linux-gnu.so
[1.389s] -- Up-to-date: /home/max/microros_ws4/install/micro_ros_msgs/lib/libmicro_ros_msgs__python.so
[1.389s] -- Up-to-date: /home/max/microros_ws4/install/micro_ros_msgs/share/micro_ros_msgs/msg/Graph.idl
[1.390s] -- Up-to-date: /home/max/microros_ws4/install/micro_ros_msgs/share/micro_ros_msgs/msg/Node.idl
[1.390s] -- Up-to-date: /home/max/microros_ws4/install/micro_ros_msgs/share/micro_ros_msgs/msg/Entity.idl
[1.390s] -- Up-to-date: /home/max/microros_ws4/install/micro_ros_msgs/share/micro_ros_msgs/msg/Graph.msg
[1.390s] -- Up-to-date: /home/max/microros_ws4/install/micro_ros_msgs/share/micro_ros_msgs/msg/Node.msg
[1.390s] -- Up-to-date: /home/max/microros_ws4/install/micro_ros_msgs/share/micro_ros_msgs/msg/Entity.msg
[1.391s] -- Up-to-date: /home/max/microros_ws4/install/micro_ros_msgs/share/ament_index/resource_index/package_run_dependencies/micro_ros_msgs
[1.391s] -- Up-to-date: /home/max/microros_ws4/install/micro_ros_msgs/share/ament_index/resource_index/parent_prefix_path/micro_ros_msgs
[1.391s] -- Up-to-date: /home/max/microros_ws4/install/micro_ros_msgs/share/micro_ros_msgs/environment/ament_prefix_path.sh
[1.391s] -- Installing: /home/max/microros_ws4/install/micro_ros_msgs/share/micro_ros_msgs/environment/ament_prefix_path.dsv
[1.391s] -- Up-to-date: /home/max/microros_ws4/install/micro_ros_msgs/share/micro_ros_msgs/environment/path.sh
[1.391s] -- Installing: /home/max/microros_ws4/install/micro_ros_msgs/share/micro_ros_msgs/environment/path.dsv
[1.392s] -- Up-to-date: /home/max/microros_ws4/install/micro_ros_msgs/share/micro_ros_msgs/local_setup.bash
[1.392s] -- Up-to-date: /home/max/microros_ws4/install/micro_ros_msgs/share/micro_ros_msgs/local_setup.sh
[1.392s] -- Up-to-date: /home/max/microros_ws4/install/micro_ros_msgs/share/micro_ros_msgs/local_setup.zsh
[1.392s] -- Installing: /home/max/microros_ws4/install/micro_ros_msgs/share/micro_ros_msgs/local_setup.dsv
[1.392s] -- Installing: /home/max/microros_ws4/install/micro_ros_msgs/share/micro_ros_msgs/package.dsv
[1.392s] -- Up-to-date: /home/max/microros_ws4/install/micro_ros_msgs/share/ament_index/resource_index/packages/micro_ros_msgs
[1.392s] -- Up-to-date: /home/max/microros_ws4/install/micro_ros_msgs/share/micro_ros_msgs/cmake/micro_ros_msgs__rosidl_generator_cExport.cmake
[1.392s] -- Installing: /home/max/microros_ws4/install/micro_ros_msgs/share/micro_ros_msgs/cmake/micro_ros_msgs__rosidl_generator_cExport-noconfig.cmake
[1.393s] -- Up-to-date: /home/max/microros_ws4/install/micro_ros_msgs/share/micro_ros_msgs/cmake/micro_ros_msgs__rosidl_typesupport_introspection_cExport.cmake
[1.393s] -- Installing: /home/max/microros_ws4/install/micro_ros_msgs/share/micro_ros_msgs/cmake/micro_ros_msgs__rosidl_typesupport_introspection_cExport-noconfig.cmake
[1.393s] -- Up-to-date: /home/max/microros_ws4/install/micro_ros_msgs/share/micro_ros_msgs/cmake/micro_ros_msgs__rosidl_typesupport_cExport.cmake
[1.393s] -- Installing: /home/max/microros_ws4/install/micro_ros_msgs/share/micro_ros_msgs/cmake/micro_ros_msgs__rosidl_typesupport_cExport-noconfig.cmake
[1.393s] -- Up-to-date: /home/max/microros_ws4/install/micro_ros_msgs/share/micro_ros_msgs/cmake/micro_ros_msgs__rosidl_generator_cppExport.cmake
[1.394s] -- Up-to-date: /home/max/microros_ws4/install/micro_ros_msgs/share/micro_ros_msgs/cmake/micro_ros_msgs__rosidl_typesupport_introspection_cppExport.cmake
[1.394s] -- Installing: /home/max/microros_ws4/install/micro_ros_msgs/share/micro_ros_msgs/cmake/micro_ros_msgs__rosidl_typesupport_introspection_cppExport-noconfig.cmake
[1.394s] -- Up-to-date: /home/max/microros_ws4/install/micro_ros_msgs/share/micro_ros_msgs/cmake/micro_ros_msgs__rosidl_typesupport_cppExport.cmake
[1.394s] -- Installing: /home/max/microros_ws4/install/micro_ros_msgs/share/micro_ros_msgs/cmake/micro_ros_msgs__rosidl_typesupport_cppExport-noconfig.cmake
[1.394s] -- Up-to-date: /home/max/microros_ws4/install/micro_ros_msgs/share/micro_ros_msgs/cmake/rosidl_cmake-extras.cmake
[1.394s] -- Up-to-date: /home/max/microros_ws4/install/micro_ros_msgs/share/micro_ros_msgs/cmake/ament_cmake_export_dependencies-extras.cmake
[1.395s] -- Up-to-date: /home/max/microros_ws4/install/micro_ros_msgs/share/micro_ros_msgs/cmake/ament_cmake_export_libraries-extras.cmake
[1.395s] -- Up-to-date: /home/max/microros_ws4/install/micro_ros_msgs/share/micro_ros_msgs/cmake/ament_cmake_export_targets-extras.cmake
[1.395s] -- Up-to-date: /home/max/microros_ws4/install/micro_ros_msgs/share/micro_ros_msgs/cmake/ament_cmake_export_include_directories-extras.cmake
[1.395s] -- Up-to-date: /home/max/microros_ws4/install/micro_ros_msgs/share/micro_ros_msgs/cmake/rosidl_cmake_export_typesupport_libraries-extras.cmake
[1.395s] -- Up-to-date: /home/max/microros_ws4/install/micro_ros_msgs/share/micro_ros_msgs/cmake/rosidl_cmake_export_typesupport_targets-extras.cmake
[1.395s] -- Up-to-date: /home/max/microros_ws4/install/micro_ros_msgs/share/micro_ros_msgs/cmake/micro_ros_msgsConfig.cmake
[1.395s] -- Up-to-date: /home/max/microros_ws4/install/micro_ros_msgs/share/micro_ros_msgs/cmake/micro_ros_msgsConfig-version.cmake
[1.395s] -- Up-to-date: /home/max/microros_ws4/install/micro_ros_msgs/share/micro_ros_msgs/package.xml
[1.399s] Invoked command in '/home/max/microros_ws4/build/micro_ros_msgs' returned '0': CMAKE_PREFIX_PATH=${CMAKE_PREFIX_PATH}:/opt/ros/foxy /usr/bin/cmake --install /home/max/microros_ws4/build/micro_ros_msgs
