[0.026s] Invoking command in '/home/max/PycharmProjects/my_ros2_ws/build/servo_message': CMAKE_PREFIX_PATH=${CMAKE_PREFIX_PATH}:/home/max/PycharmProjects/my_ros2_ws/install/py_pubsub:/home/max/microros_ws/install/sensor_msgs_py:/opt/ros/foxy /usr/bin/cmake --build /home/max/PycharmProjects/my_ros2_ws/build/servo_message -- -j4 -l4
[0.124s] [  9%] Built target servo_message__rosidl_generator_c
[0.128s] [ 12%] Built target servo_message__cpp
[0.157s] [ 22%] Built target servo_message__rosidl_typesupport_c
[0.158s] [ 32%] Built target servo_message__rosidl_typesupport_introspection_c
[0.160s] [ 51%] Built target servo_message__rosidl_typesupport_cpp
[0.160s] [ 51%] Built target servo_message__rosidl_typesupport_introspection_cpp
[0.197s] [ 61%] Built target servo_message__rosidl_typesupport_fastrtps_cpp
[0.252s] [ 70%] Built target servo_message__rosidl_typesupport_fastrtps_c
[0.285s] [ 70%] Built target servo_message
[0.327s] [ 74%] Built target servo_message__py
[0.377s] [ 80%] Built target servo_message__python
[0.415s] [ 87%] Built target servo_message__rosidl_typesupport_c__pyext
[0.417s] [ 93%] Built target servo_message__rosidl_typesupport_introspection_c__pyext
[0.418s] [100%] Built target servo_message__rosidl_typesupport_fastrtps_c__pyext
[0.432s] Invoked command in '/home/max/PycharmProjects/my_ros2_ws/build/servo_message' returned '0': CMAKE_PREFIX_PATH=${CMAKE_PREFIX_PATH}:/home/max/PycharmProjects/my_ros2_ws/install/py_pubsub:/home/max/microros_ws/install/sensor_msgs_py:/opt/ros/foxy /usr/bin/cmake --build /home/max/PycharmProjects/my_ros2_ws/build/servo_message -- -j4 -l4
[0.588s] Invoking command in '/home/max/PycharmProjects/my_ros2_ws/build/servo_message': CMAKE_PREFIX_PATH=${CMAKE_PREFIX_PATH}:/home/max/PycharmProjects/my_ros2_ws/install/py_pubsub:/home/max/microros_ws/install/sensor_msgs_py:/opt/ros/foxy /usr/bin/cmake --install /home/max/PycharmProjects/my_ros2_ws/build/servo_message
[0.607s] -- Install configuration: ""
[0.607s] -- Up-to-date: /home/max/PycharmProjects/my_ros2_ws/install/servo_message/share/ament_index/resource_index/rosidl_interfaces/servo_message
[0.608s] -- Up-to-date: /home/max/PycharmProjects/my_ros2_ws/install/servo_message/include/servo_message
[0.608s] -- Up-to-date: /home/max/PycharmProjects/my_ros2_ws/install/servo_message/include/servo_message/msg
[0.609s] -- Up-to-date: /home/max/PycharmProjects/my_ros2_ws/install/servo_message/include/servo_message/msg/servo_message.h
[0.609s] -- Up-to-date: /home/max/PycharmProjects/my_ros2_ws/install/servo_message/include/servo_message/msg/detail
[0.609s] -- Up-to-date: /home/max/PycharmProjects/my_ros2_ws/install/servo_message/include/servo_message/msg/detail/servo_message__functions.h
[0.609s] -- Up-to-date: /home/max/PycharmProjects/my_ros2_ws/install/servo_message/include/servo_message/msg/detail/servo_message__type_support.h
[0.610s] -- Up-to-date: /home/max/PycharmProjects/my_ros2_ws/install/servo_message/include/servo_message/msg/detail/servo_message__functions.c
[0.610s] -- Up-to-date: /home/max/PycharmProjects/my_ros2_ws/install/servo_message/include/servo_message/msg/detail/servo_message__struct.h
[0.610s] -- Up-to-date: /home/max/PycharmProjects/my_ros2_ws/install/servo_message/include/servo_message/msg/rosidl_generator_c__visibility_control.h
[0.610s] -- Up-to-date: /home/max/PycharmProjects/my_ros2_ws/install/servo_message/share/servo_message/environment/library_path.sh
[0.610s] -- Up-to-date: /home/max/PycharmProjects/my_ros2_ws/install/servo_message/share/servo_message/environment/library_path.dsv
[0.610s] -- Up-to-date: /home/max/PycharmProjects/my_ros2_ws/install/servo_message/lib/libservo_message__rosidl_generator_c.so
[0.611s] -- Up-to-date: /home/max/PycharmProjects/my_ros2_ws/install/servo_message/include/servo_message
[0.611s] -- Up-to-date: /home/max/PycharmProjects/my_ros2_ws/install/servo_message/include/servo_message/msg
[0.611s] -- Up-to-date: /home/max/PycharmProjects/my_ros2_ws/install/servo_message/include/servo_message/msg/rosidl_typesupport_fastrtps_c__visibility_control.h
[0.611s] -- Up-to-date: /home/max/PycharmProjects/my_ros2_ws/install/servo_message/include/servo_message/msg/detail
[0.611s] -- Up-to-date: /home/max/PycharmProjects/my_ros2_ws/install/servo_message/include/servo_message/msg/detail/servo_message__rosidl_typesupport_fastrtps_c.h
[0.611s] -- Up-to-date: /home/max/PycharmProjects/my_ros2_ws/install/servo_message/lib/libservo_message__rosidl_typesupport_fastrtps_c.so
[0.612s] -- Up-to-date: /home/max/PycharmProjects/my_ros2_ws/install/servo_message/include/servo_message
[0.612s] -- Up-to-date: /home/max/PycharmProjects/my_ros2_ws/install/servo_message/include/servo_message/msg
[0.612s] -- Up-to-date: /home/max/PycharmProjects/my_ros2_ws/install/servo_message/include/servo_message/msg/rosidl_typesupport_fastrtps_cpp__visibility_control.h
[0.612s] -- Up-to-date: /home/max/PycharmProjects/my_ros2_ws/install/servo_message/include/servo_message/msg/detail
[0.612s] -- Up-to-date: /home/max/PycharmProjects/my_ros2_ws/install/servo_message/include/servo_message/msg/detail/servo_message__rosidl_typesupport_fastrtps_cpp.hpp
[0.613s] -- Up-to-date: /home/max/PycharmProjects/my_ros2_ws/install/servo_message/include/servo_message/msg/detail/dds_fastrtps
[0.613s] -- Up-to-date: /home/max/PycharmProjects/my_ros2_ws/install/servo_message/lib/libservo_message__rosidl_typesupport_fastrtps_cpp.so
[0.613s] -- Up-to-date: /home/max/PycharmProjects/my_ros2_ws/install/servo_message/include/servo_message
[0.613s] -- Up-to-date: /home/max/PycharmProjects/my_ros2_ws/install/servo_message/include/servo_message/msg
[0.613s] -- Up-to-date: /home/max/PycharmProjects/my_ros2_ws/install/servo_message/include/servo_message/msg/detail
[0.613s] -- Up-to-date: /home/max/PycharmProjects/my_ros2_ws/install/servo_message/include/servo_message/msg/detail/servo_message__type_support.c
[0.614s] -- Up-to-date: /home/max/PycharmProjects/my_ros2_ws/install/servo_message/include/servo_message/msg/detail/servo_message__rosidl_typesupport_introspection_c.h
[0.614s] -- Up-to-date: /home/max/PycharmProjects/my_ros2_ws/install/servo_message/include/servo_message/msg/rosidl_typesupport_introspection_c__visibility_control.h
[0.614s] -- Up-to-date: /home/max/PycharmProjects/my_ros2_ws/install/servo_message/lib/libservo_message__rosidl_typesupport_introspection_c.so
[0.614s] -- Up-to-date: /home/max/PycharmProjects/my_ros2_ws/install/servo_message/lib/libservo_message__rosidl_typesupport_c.so
[0.615s] -- Up-to-date: /home/max/PycharmProjects/my_ros2_ws/install/servo_message/include/servo_message
[0.615s] -- Up-to-date: /home/max/PycharmProjects/my_ros2_ws/install/servo_message/include/servo_message/msg
[0.615s] -- Up-to-date: /home/max/PycharmProjects/my_ros2_ws/install/servo_message/include/servo_message/msg/servo_message.hpp
[0.615s] -- Up-to-date: /home/max/PycharmProjects/my_ros2_ws/install/servo_message/include/servo_message/msg/detail
[0.615s] -- Up-to-date: /home/max/PycharmProjects/my_ros2_ws/install/servo_message/include/servo_message/msg/detail/servo_message__struct.hpp
[0.616s] -- Up-to-date: /home/max/PycharmProjects/my_ros2_ws/install/servo_message/include/servo_message/msg/detail/servo_message__traits.hpp
[0.616s] -- Up-to-date: /home/max/PycharmProjects/my_ros2_ws/install/servo_message/include/servo_message/msg/detail/servo_message__builder.hpp
[0.616s] -- Up-to-date: /home/max/PycharmProjects/my_ros2_ws/install/servo_message/include/servo_message
[0.616s] -- Up-to-date: /home/max/PycharmProjects/my_ros2_ws/install/servo_message/include/servo_message/msg
[0.616s] -- Up-to-date: /home/max/PycharmProjects/my_ros2_ws/install/servo_message/include/servo_message/msg/detail
[0.616s] -- Up-to-date: /home/max/PycharmProjects/my_ros2_ws/install/servo_message/include/servo_message/msg/detail/servo_message__type_support.cpp
[0.616s] -- Up-to-date: /home/max/PycharmProjects/my_ros2_ws/install/servo_message/include/servo_message/msg/detail/servo_message__rosidl_typesupport_introspection_cpp.hpp
[0.617s] -- Up-to-date: /home/max/PycharmProjects/my_ros2_ws/install/servo_message/lib/libservo_message__rosidl_typesupport_introspection_cpp.so
[0.617s] -- Up-to-date: /home/max/PycharmProjects/my_ros2_ws/install/servo_message/lib/libservo_message__rosidl_typesupport_cpp.so
[0.617s] -- Up-to-date: /home/max/PycharmProjects/my_ros2_ws/install/servo_message/share/servo_message/environment/pythonpath.sh
[0.617s] -- Up-to-date: /home/max/PycharmProjects/my_ros2_ws/install/servo_message/share/servo_message/environment/pythonpath.dsv
[0.617s] -- Up-to-date: /home/max/PycharmProjects/my_ros2_ws/install/servo_message/lib/python3.8/site-packages/servo_message/__init__.py
[0.661s] -- Up-to-date: /home/max/PycharmProjects/my_ros2_ws/install/servo_message/lib/python3.8/site-packages/servo_message/msg
[0.661s] -- Up-to-date: /home/max/PycharmProjects/my_ros2_ws/install/servo_message/lib/python3.8/site-packages/servo_message/msg/__init__.py
[0.661s] -- Up-to-date: /home/max/PycharmProjects/my_ros2_ws/install/servo_message/lib/python3.8/site-packages/servo_message/msg/_servo_message_s.c
[0.661s] -- Up-to-date: /home/max/PycharmProjects/my_ros2_ws/install/servo_message/lib/python3.8/site-packages/servo_message/msg/_servo_message.py
[0.662s] -- Up-to-date: /home/max/PycharmProjects/my_ros2_ws/install/servo_message/lib/python3.8/site-packages/servo_message/servo_message_s__rosidl_typesupport_fastrtps_c.cpython-38-x86_64-linux-gnu.so
[0.663s] -- Up-to-date: /home/max/PycharmProjects/my_ros2_ws/install/servo_message/lib/python3.8/site-packages/servo_message/servo_message_s__rosidl_typesupport_introspection_c.cpython-38-x86_64-linux-gnu.so
[0.665s] -- Up-to-date: /home/max/PycharmProjects/my_ros2_ws/install/servo_message/lib/python3.8/site-packages/servo_message/servo_message_s__rosidl_typesupport_c.cpython-38-x86_64-linux-gnu.so
[0.666s] -- Up-to-date: /home/max/PycharmProjects/my_ros2_ws/install/servo_message/lib/libservo_message__python.so
[0.666s] -- Up-to-date: /home/max/PycharmProjects/my_ros2_ws/install/servo_message/share/servo_message/msg/ServoMessage.idl
[0.666s] -- Up-to-date: /home/max/PycharmProjects/my_ros2_ws/install/servo_message/share/servo_message/msg/ServoMessage.msg
[0.666s] -- Up-to-date: /home/max/PycharmProjects/my_ros2_ws/install/servo_message/share/ament_index/resource_index/package_run_dependencies/servo_message
[0.667s] -- Up-to-date: /home/max/PycharmProjects/my_ros2_ws/install/servo_message/share/ament_index/resource_index/parent_prefix_path/servo_message
[0.667s] -- Up-to-date: /home/max/PycharmProjects/my_ros2_ws/install/servo_message/share/servo_message/environment/ament_prefix_path.sh
[0.667s] -- Up-to-date: /home/max/PycharmProjects/my_ros2_ws/install/servo_message/share/servo_message/environment/ament_prefix_path.dsv
[0.667s] -- Up-to-date: /home/max/PycharmProjects/my_ros2_ws/install/servo_message/share/servo_message/environment/path.sh
[0.667s] -- Up-to-date: /home/max/PycharmProjects/my_ros2_ws/install/servo_message/share/servo_message/environment/path.dsv
[0.667s] -- Up-to-date: /home/max/PycharmProjects/my_ros2_ws/install/servo_message/share/servo_message/local_setup.bash
[0.667s] -- Up-to-date: /home/max/PycharmProjects/my_ros2_ws/install/servo_message/share/servo_message/local_setup.sh
[0.667s] -- Up-to-date: /home/max/PycharmProjects/my_ros2_ws/install/servo_message/share/servo_message/local_setup.zsh
[0.667s] -- Up-to-date: /home/max/PycharmProjects/my_ros2_ws/install/servo_message/share/servo_message/local_setup.dsv
[0.667s] -- Installing: /home/max/PycharmProjects/my_ros2_ws/install/servo_message/share/servo_message/package.dsv
[0.668s] -- Up-to-date: /home/max/PycharmProjects/my_ros2_ws/install/servo_message/share/ament_index/resource_index/packages/servo_message
[0.669s] -- Up-to-date: /home/max/PycharmProjects/my_ros2_ws/install/servo_message/share/servo_message/cmake/servo_message__rosidl_generator_cExport.cmake
[0.669s] -- Up-to-date: /home/max/PycharmProjects/my_ros2_ws/install/servo_message/share/servo_message/cmake/servo_message__rosidl_generator_cExport-noconfig.cmake
[0.670s] -- Up-to-date: /home/max/PycharmProjects/my_ros2_ws/install/servo_message/share/servo_message/cmake/servo_message__rosidl_typesupport_introspection_cExport.cmake
[0.670s] -- Up-to-date: /home/max/PycharmProjects/my_ros2_ws/install/servo_message/share/servo_message/cmake/servo_message__rosidl_typesupport_introspection_cExport-noconfig.cmake
[0.670s] -- Up-to-date: /home/max/PycharmProjects/my_ros2_ws/install/servo_message/share/servo_message/cmake/servo_message__rosidl_typesupport_cExport.cmake
[0.670s] -- Up-to-date: /home/max/PycharmProjects/my_ros2_ws/install/servo_message/share/servo_message/cmake/servo_message__rosidl_typesupport_cExport-noconfig.cmake
[0.671s] -- Up-to-date: /home/max/PycharmProjects/my_ros2_ws/install/servo_message/share/servo_message/cmake/servo_message__rosidl_generator_cppExport.cmake
[0.672s] -- Up-to-date: /home/max/PycharmProjects/my_ros2_ws/install/servo_message/share/servo_message/cmake/servo_message__rosidl_typesupport_introspection_cppExport.cmake
[0.672s] -- Up-to-date: /home/max/PycharmProjects/my_ros2_ws/install/servo_message/share/servo_message/cmake/servo_message__rosidl_typesupport_introspection_cppExport-noconfig.cmake
[0.672s] -- Up-to-date: /home/max/PycharmProjects/my_ros2_ws/install/servo_message/share/servo_message/cmake/servo_message__rosidl_typesupport_cppExport.cmake
[0.673s] -- Up-to-date: /home/max/PycharmProjects/my_ros2_ws/install/servo_message/share/servo_message/cmake/servo_message__rosidl_typesupport_cppExport-noconfig.cmake
[0.673s] -- Up-to-date: /home/max/PycharmProjects/my_ros2_ws/install/servo_message/share/servo_message/cmake/rosidl_cmake-extras.cmake
[0.673s] -- Up-to-date: /home/max/PycharmProjects/my_ros2_ws/install/servo_message/share/servo_message/cmake/ament_cmake_export_dependencies-extras.cmake
[0.673s] -- Up-to-date: /home/max/PycharmProjects/my_ros2_ws/install/servo_message/share/servo_message/cmake/ament_cmake_export_libraries-extras.cmake
[0.673s] -- Up-to-date: /home/max/PycharmProjects/my_ros2_ws/install/servo_message/share/servo_message/cmake/ament_cmake_export_targets-extras.cmake
[0.674s] -- Up-to-date: /home/max/PycharmProjects/my_ros2_ws/install/servo_message/share/servo_message/cmake/ament_cmake_export_include_directories-extras.cmake
[0.674s] -- Up-to-date: /home/max/PycharmProjects/my_ros2_ws/install/servo_message/share/servo_message/cmake/rosidl_cmake_export_typesupport_libraries-extras.cmake
[0.674s] -- Up-to-date: /home/max/PycharmProjects/my_ros2_ws/install/servo_message/share/servo_message/cmake/rosidl_cmake_export_typesupport_targets-extras.cmake
[0.674s] -- Up-to-date: /home/max/PycharmProjects/my_ros2_ws/install/servo_message/share/servo_message/cmake/servo_messageConfig.cmake
[0.674s] -- Up-to-date: /home/max/PycharmProjects/my_ros2_ws/install/servo_message/share/servo_message/cmake/servo_messageConfig-version.cmake
[0.674s] -- Up-to-date: /home/max/PycharmProjects/my_ros2_ws/install/servo_message/share/servo_message/package.xml
[0.676s] Invoked command in '/home/max/PycharmProjects/my_ros2_ws/build/servo_message' returned '0': CMAKE_PREFIX_PATH=${CMAKE_PREFIX_PATH}:/home/max/PycharmProjects/my_ros2_ws/install/py_pubsub:/home/max/microros_ws/install/sensor_msgs_py:/opt/ros/foxy /usr/bin/cmake --install /home/max/PycharmProjects/my_ros2_ws/build/servo_message
