Not searching for unused variables given on the command line.
-- The C compiler identification is GNU 8.2.0
-- The CXX compiler identification is GNU 8.2.0
-- Check for working C compiler: /home/max/microros_ws4/firmware/toolchain/espressif/tools/xtensa-esp32-elf/esp-2020r2-8.2.0/xtensa-esp32-elf/bin/xtensa-esp32-elf-gcc
-- Check for working C compiler: /home/max/microros_ws4/firmware/toolchain/espressif/tools/xtensa-esp32-elf/esp-2020r2-8.2.0/xtensa-esp32-elf/bin/xtensa-esp32-elf-gcc -- works
-- Detecting C compiler ABI info
-- Detecting C compiler ABI info - done
-- Detecting C compile features
-- Detecting C compile features - done
-- Check for working CXX compiler: /home/max/microros_ws4/firmware/toolchain/espressif/tools/xtensa-esp32-elf/esp-2020r2-8.2.0/xtensa-esp32-elf/bin/xtensa-esp32-elf-g++
-- Check for working CXX compiler: /home/max/microros_ws4/firmware/toolchain/espressif/tools/xtensa-esp32-elf/esp-2020r2-8.2.0/xtensa-esp32-elf/bin/xtensa-esp32-elf-g++ -- works
-- Detecting CXX compiler ABI info
-- Detecting CXX compiler ABI info - done
-- Detecting CXX compile features
-- Detecting CXX compile features - done
-- Found ament_cmake_ros: 0.9.2 (/home/max/microros_ws4/firmware/dev_ws/install/ament_cmake_ros/share/ament_cmake_ros/cmake)
-- Found PythonInterp: /home/max/microros_ws4/firmware/toolchain/espressif/python_env/idf4.1_py3.8_env/bin/python3 (found suitable version "3.8.10", minimum required is "3") 
-- Using PYTHON_EXECUTABLE: /home/max/microros_ws4/firmware/toolchain/espressif/python_env/idf4.1_py3.8_env/bin/python3
-- Found lifecycle_msgs: 1.0.0 (/home/max/microros_ws4/firmware/mcu_ws/install/share/lifecycle_msgs/cmake)
CMake Warning at /home/max/microros_ws4/firmware/mcu_ws/install/share/rcutils/cmake/ament_cmake_export_libraries-extras.cmake:116 (message):
  Package 'rcutils' exports library 'dl' which couldn't be found
Call Stack (most recent call first):
  /home/max/microros_ws4/firmware/mcu_ws/install/share/rcutils/cmake/rcutilsConfig.cmake:41 (include)
  /home/max/microros_ws4/firmware/mcu_ws/install/share/rosidl_runtime_c/cmake/ament_cmake_export_dependencies-extras.cmake:21 (find_package)
  /home/max/microros_ws4/firmware/mcu_ws/install/share/rosidl_runtime_c/cmake/rosidl_runtime_cConfig.cmake:41 (include)
  /home/max/microros_ws4/firmware/mcu_ws/install/share/lifecycle_msgs/cmake/ament_cmake_export_dependencies-extras.cmake:21 (find_package)
  /home/max/microros_ws4/firmware/mcu_ws/install/share/lifecycle_msgs/cmake/lifecycle_msgsConfig.cmake:41 (include)
  CMakeLists.txt:11 (find_package)


-- Using single rosidl_typesupport_c: rosidl_typesupport_microxrcedds_c
-- Found rosidl_adapter: 1.3.0 (/home/max/microros_ws4/firmware/mcu_ws/install/share/rosidl_adapter/cmake)
-- Found rcl_lifecycle: 1.1.14 (/home/max/microros_ws4/firmware/mcu_ws/install/share/rcl_lifecycle/cmake)
-- Found rmw_implementation_cmake: 1.0.4 (/home/max/microros_ws4/firmware/mcu_ws/install/share/rmw_implementation_cmake/cmake)
-- Using RMW implementation 'rmw_microxrcedds'
-- Found rmw_microxrcedds: 1.1.0 (/home/max/microros_ws4/firmware/mcu_ws/install/share/rmw_microxrcedds/cmake)
-- Looking for pthread.h
-- Looking for pthread.h - found
-- Performing Test CMAKE_HAVE_LIBC_PTHREAD
-- Performing Test CMAKE_HAVE_LIBC_PTHREAD - Success
-- Found Threads: TRUE  
-- Found rclc: 1.1.2 (/home/max/microros_ws4/firmware/mcu_ws/install/share/rclc/cmake)
-- Found rcl_lifecycle version 1.1.14, which belongs to Foxy or later
-- Configuring done
-- Generating done
-- Build files have been written to: /home/max/microros_ws4/firmware/mcu_ws/build/rclc_lifecycle
make[4]: Entering directory '/home/max/microros_ws4/firmware/mcu_ws/build/rclc_lifecycle'
/usr/bin/cmake -S/home/max/microros_ws4/firmware/mcu_ws/uros/rclc/rclc_lifecycle -B/home/max/microros_ws4/firmware/mcu_ws/build/rclc_lifecycle --check-build-system CMakeFiles/Makefile.cmake 0
/usr/bin/cmake -E cmake_progress_start /home/max/microros_ws4/firmware/mcu_ws/build/rclc_lifecycle/CMakeFiles /home/max/microros_ws4/firmware/mcu_ws/build/rclc_lifecycle/CMakeFiles/progress.marks
/usr/bin/make -f CMakeFiles/Makefile2 all
make[5]: Entering directory '/home/max/microros_ws4/firmware/mcu_ws/build/rclc_lifecycle'
/usr/bin/make -f CMakeFiles/rclc_lifecycle.dir/build.make CMakeFiles/rclc_lifecycle.dir/depend
make[6]: Entering directory '/home/max/microros_ws4/firmware/mcu_ws/build/rclc_lifecycle'
cd /home/max/microros_ws4/firmware/mcu_ws/build/rclc_lifecycle && /usr/bin/cmake -E cmake_depends "Unix Makefiles" /home/max/microros_ws4/firmware/mcu_ws/uros/rclc/rclc_lifecycle /home/max/microros_ws4/firmware/mcu_ws/uros/rclc/rclc_lifecycle /home/max/microros_ws4/firmware/mcu_ws/build/rclc_lifecycle /home/max/microros_ws4/firmware/mcu_ws/build/rclc_lifecycle /home/max/microros_ws4/firmware/mcu_ws/build/rclc_lifecycle/CMakeFiles/rclc_lifecycle.dir/DependInfo.cmake --color=
Dependee "/home/max/microros_ws4/firmware/mcu_ws/build/rclc_lifecycle/CMakeFiles/rclc_lifecycle.dir/DependInfo.cmake" is newer than depender "/home/max/microros_ws4/firmware/mcu_ws/build/rclc_lifecycle/CMakeFiles/rclc_lifecycle.dir/depend.internal".
Dependee "/home/max/microros_ws4/firmware/mcu_ws/build/rclc_lifecycle/CMakeFiles/CMakeDirectoryInformation.cmake" is newer than depender "/home/max/microros_ws4/firmware/mcu_ws/build/rclc_lifecycle/CMakeFiles/rclc_lifecycle.dir/depend.internal".
[35m[1mScanning dependencies of target rclc_lifecycle[0m
make[6]: Leaving directory '/home/max/microros_ws4/firmware/mcu_ws/build/rclc_lifecycle'
/usr/bin/make -f CMakeFiles/rclc_lifecycle.dir/build.make CMakeFiles/rclc_lifecycle.dir/build
make[6]: Entering directory '/home/max/microros_ws4/firmware/mcu_ws/build/rclc_lifecycle'
[ 50%] [32mBuilding C object CMakeFiles/rclc_lifecycle.dir/src/rclc_lifecycle/rclc_lifecycle.c.obj[0m
/home/max/microros_ws4/firmware/toolchain/espressif/tools/xtensa-esp32-elf/esp-2020r2-8.2.0/xtensa-esp32-elf/bin/xtensa-esp32-elf-gcc -DLWIP_IPV4 -DLWIP_IPV6 -DRCLC_LIFECYCLE_BUILDING_LIBRARY -DROS_PACKAGE_NAME=\"rclc_lifecycle\" -I/home/max/microros_ws4/firmware/freertos_apps/microros_esp32_extensions/build/config -I/home/max/microros_ws4/firmware/toolchain/esp-idf/components/newlib/platform_include -I/home/max/microros_ws4/firmware/toolchain/esp-idf/components/protocomm/include -I/home/max/microros_ws4/firmware/toolchain/esp-idf/components/esp_rom/include -I/home/max/microros_ws4/firmware/toolchain/esp-idf/components/driver/include -I/home/max/microros_ws4/firmware/toolchain/esp-idf/components/wear_levelling/include -I/home/max/microros_ws4/firmware/toolchain/esp-idf/components/vfs/include -I/home/max/microros_ws4/firmware/toolchain/esp-idf/components/log/include -I/home/max/microros_ws4/firmware/toolchain/esp-idf/components/freertos/include -I/home/max/microros_ws4/firmware/toolchain/esp-idf/components/wifi_provisioning/include -I/home/max/microros_ws4/firmware/toolchain/esp-idf/components/pthread/include -I/home/max/microros_ws4/firmware/toolchain/esp-idf/components/libsodium/libsodium/src/libsodium/include -I/home/max/microros_ws4/firmware/toolchain/esp-idf/components/coap/port/include -I/home/max/microros_ws4/firmware/toolchain/esp-idf/components/coap/libcoap/include -I/home/max/microros_ws4/firmware/toolchain/esp-idf/components/tcp_transport/include -I/home/max/microros_ws4/firmware/toolchain/esp-idf/components/unity/include -I/home/max/microros_ws4/firmware/toolchain/esp-idf/components/esp32/include -I/home/max/microros_ws4/firmware/toolchain/esp-idf/components/asio/port/include -I/home/max/microros_ws4/firmware/toolchain/esp-idf/components/asio/asio/asio/include -I/home/max/microros_ws4/firmware/toolchain/esp-idf/components/app_update/include -I/home/max/microros_ws4/firmware/toolchain/esp-idf/components/esp_ringbuf/include -I/home/max/microros_ws4/firmware/toolchain/esp-idf/components/soc/esp32/include -I/home/max/microros_ws4/firmware/toolchain/esp-idf/components/soc/include -I/home/max/microros_ws4/firmware/toolchain/esp-idf/components/efuse/test/include -I/home/max/microros_ws4/firmware/toolchain/esp-idf/components/efuse/esp32/include -I/home/max/microros_ws4/firmware/toolchain/esp-idf/components/efuse/include -I/home/max/microros_ws4/firmware/toolchain/esp-idf/components/mbedtls/port/include -I/home/max/microros_ws4/firmware/toolchain/esp-idf/components/mbedtls/mbedtls/include -I/home/max/microros_ws4/firmware/toolchain/esp-idf/components/xtensa/esp32/include -I/home/max/microros_ws4/firmware/toolchain/esp-idf/components/xtensa/include -I/home/max/microros_ws4/firmware/toolchain/esp-idf/components/app_trace/include -I/home/max/microros_ws4/firmware/toolchain/esp-idf/components/nvs_flash/include -I/home/max/microros_ws4/firmware/toolchain/esp-idf/components/jsmn/include -I/home/max/microros_ws4/firmware/toolchain/esp-idf/components/esp_eth/include -I/home/max/microros_ws4/firmware/toolchain/esp-idf/components/spiffs/include -I/home/max/microros_ws4/firmware/toolchain/esp-idf/components/ulp/include -I/home/max/microros_ws4/firmware/toolchain/esp-idf/components/mdns/include -I/home/max/microros_ws4/firmware/toolchain/esp-idf/components/freemodbus/modbus/include -I/home/max/microros_ws4/firmware/toolchain/esp-idf/components/freemodbus/common/include -I/home/max/microros_ws4/firmware/toolchain/esp-idf/components/esp_event/include -I/home/max/microros_ws4/firmware/toolchain/esp-idf/components/expat/port/include -I/home/max/microros_ws4/firmware/toolchain/esp-idf/components/bootloader_support/include -I/home/max/microros_ws4/firmware/toolchain/esp-idf/components/heap/include -I/home/max/microros_ws4/firmware/toolchain/esp-idf/components/wpa_supplicant/port/include -I/home/max/microros_ws4/firmware/toolchain/esp-idf/components/wpa_supplicant/include -I/home/max/microros_ws4/firmware/toolchain/esp-idf/components/tcpip_adapter/include -I/home/max/microros_ws4/firmware/toolchain/esp-idf/components/openssl/include -I/home/max/microros_ws4/firmware/toolchain/esp-idf/components/sdmmc/include -I/home/max/microros_ws4/firmware/toolchain/esp-idf/components/esp_local_ctrl/include -I/home/max/microros_ws4/firmware/toolchain/esp-idf/components/esp_common/include -I/home/max/microros_ws4/firmware/toolchain/esp-idf/components/lwip/lwip/src/include/lwip/apps -I/home/max/microros_ws4/firmware/toolchain/esp-idf/components/lwip/lwip/src/include/compat/posix -I/home/max/microros_ws4/firmware/toolchain/esp-idf/components/lwip/lwip/src/include -I/home/max/microros_ws4/firmware/toolchain/esp-idf/components/lwip/port/esp32/include -I/home/max/microros_ws4/firmware/mcu_ws/uros/rclc/rclc_lifecycle/include -I/home/max/microros_ws4/firmware/mcu_ws/uros/rclc/rclc_lifecycle/src -isystem /home/max/microros_ws4/firmware/mcu_ws/install/include -isystem /home/max/microros_ws4/firmware/mcu_ws/install/share/tinydir_vendor/cmake/../../../include  -mlongcalls -Wno-frame-address -mlongcalls -Wno-frame-address -g   -Wall -Wextra -Wpedantic -std=gnu99 -o CMakeFiles/rclc_lifecycle.dir/src/rclc_lifecycle/rclc_lifecycle.c.obj   -c /home/max/microros_ws4/firmware/mcu_ws/uros/rclc/rclc_lifecycle/src/rclc_lifecycle/rclc_lifecycle.c
[100%] [32m[1mLinking CXX static library librclc_lifecycle.a[0m
/usr/bin/cmake -P CMakeFiles/rclc_lifecycle.dir/cmake_clean_target.cmake
/usr/bin/cmake -E cmake_link_script CMakeFiles/rclc_lifecycle.dir/link.txt --verbose=1
/home/max/microros_ws4/firmware/toolchain/espressif/tools/xtensa-esp32-elf/esp-2020r2-8.2.0/xtensa-esp32-elf/bin/xtensa-esp32-elf-ar qc librclc_lifecycle.a  CMakeFiles/rclc_lifecycle.dir/src/rclc_lifecycle/rclc_lifecycle.c.obj
/home/max/microros_ws4/firmware/toolchain/espressif/tools/xtensa-esp32-elf/esp-2020r2-8.2.0/xtensa-esp32-elf/bin/xtensa-esp32-elf-ranlib librclc_lifecycle.a
make[6]: Leaving directory '/home/max/microros_ws4/firmware/mcu_ws/build/rclc_lifecycle'
[100%] Built target rclc_lifecycle
make[5]: Leaving directory '/home/max/microros_ws4/firmware/mcu_ws/build/rclc_lifecycle'
/usr/bin/cmake -E cmake_progress_start /home/max/microros_ws4/firmware/mcu_ws/build/rclc_lifecycle/CMakeFiles 0
make[4]: Leaving directory '/home/max/microros_ws4/firmware/mcu_ws/build/rclc_lifecycle'
-- Install configuration: "Debug"
-- Installing: /home/max/microros_ws4/firmware/mcu_ws/install/lib/librclc_lifecycle.a
-- Up-to-date: /home/max/microros_ws4/firmware/mcu_ws/install/include
-- Installing: /home/max/microros_ws4/firmware/mcu_ws/install/include/rclc_lifecycle
-- Installing: /home/max/microros_ws4/firmware/mcu_ws/install/include/rclc_lifecycle/visibility_control.h
-- Installing: /home/max/microros_ws4/firmware/mcu_ws/install/include/rclc_lifecycle/rclc_lifecycle.h
-- Installing: /home/max/microros_ws4/firmware/mcu_ws/install/share/rclc_lifecycle/environment/library_path.sh
-- Installing: /home/max/microros_ws4/firmware/mcu_ws/install/share/rclc_lifecycle/environment/library_path.dsv
-- Installing: /home/max/microros_ws4/firmware/mcu_ws/install/share/ament_index/resource_index/package_run_dependencies/rclc_lifecycle
-- Installing: /home/max/microros_ws4/firmware/mcu_ws/install/share/ament_index/resource_index/parent_prefix_path/rclc_lifecycle
-- Installing: /home/max/microros_ws4/firmware/mcu_ws/install/share/rclc_lifecycle/environment/ament_prefix_path.sh
-- Installing: /home/max/microros_ws4/firmware/mcu_ws/install/share/rclc_lifecycle/environment/ament_prefix_path.dsv
-- Installing: /home/max/microros_ws4/firmware/mcu_ws/install/share/rclc_lifecycle/environment/path.sh
-- Installing: /home/max/microros_ws4/firmware/mcu_ws/install/share/rclc_lifecycle/environment/path.dsv
-- Installing: /home/max/microros_ws4/firmware/mcu_ws/install/share/rclc_lifecycle/local_setup.bash
-- Installing: /home/max/microros_ws4/firmware/mcu_ws/install/share/rclc_lifecycle/local_setup.sh
-- Installing: /home/max/microros_ws4/firmware/mcu_ws/install/share/rclc_lifecycle/local_setup.zsh
-- Installing: /home/max/microros_ws4/firmware/mcu_ws/install/share/rclc_lifecycle/local_setup.dsv
-- Installing: /home/max/microros_ws4/firmware/mcu_ws/install/share/rclc_lifecycle/package.dsv
-- Installing: /home/max/microros_ws4/firmware/mcu_ws/install/share/ament_index/resource_index/packages/rclc_lifecycle
-- Installing: /home/max/microros_ws4/firmware/mcu_ws/install/share/rclc_lifecycle/cmake/rclc_lifecycleExport.cmake
-- Installing: /home/max/microros_ws4/firmware/mcu_ws/install/share/rclc_lifecycle/cmake/rclc_lifecycleExport-debug.cmake
-- Installing: /home/max/microros_ws4/firmware/mcu_ws/install/share/rclc_lifecycle/cmake/ament_cmake_export_include_directories-extras.cmake
-- Installing: /home/max/microros_ws4/firmware/mcu_ws/install/share/rclc_lifecycle/cmake/ament_cmake_export_libraries-extras.cmake
-- Installing: /home/max/microros_ws4/firmware/mcu_ws/install/share/rclc_lifecycle/cmake/ament_cmake_export_targets-extras.cmake
-- Installing: /home/max/microros_ws4/firmware/mcu_ws/install/share/rclc_lifecycle/cmake/ament_cmake_export_dependencies-extras.cmake
-- Installing: /home/max/microros_ws4/firmware/mcu_ws/install/share/rclc_lifecycle/cmake/rclc_lifecycleConfig.cmake
-- Installing: /home/max/microros_ws4/firmware/mcu_ws/install/share/rclc_lifecycle/cmake/rclc_lifecycleConfig-version.cmake
-- Installing: /home/max/microros_ws4/firmware/mcu_ws/install/share/rclc_lifecycle/package.xml
