make[4]: Entering directory '/home/max/microros_ws4/firmware/mcu_ws/build/microcdr'
/usr/bin/cmake -S/home/max/microros_ws4/firmware/mcu_ws/eProsima/Micro-CDR -B/home/max/microros_ws4/firmware/mcu_ws/build/microcdr --check-build-system CMakeFiles/Makefile.cmake 0
Re-run cmake file: Makefile older than: /home/max/microros_ws4/firmware/freertos_apps/microros_esp32_extensions/esp32_toolchain.cmake
-- Configuring done
-- Generating done
-- Build files have been written to: /home/max/microros_ws4/firmware/mcu_ws/build/microcdr
/usr/bin/cmake -E cmake_progress_start /home/max/microros_ws4/firmware/mcu_ws/build/microcdr/CMakeFiles /home/max/microros_ws4/firmware/mcu_ws/build/microcdr/CMakeFiles/progress.marks
/usr/bin/make -f CMakeFiles/Makefile2 all
make[5]: Entering directory '/home/max/microros_ws4/firmware/mcu_ws/build/microcdr'
/usr/bin/make -f CMakeFiles/microcdr.dir/build.make CMakeFiles/microcdr.dir/depend
make[6]: Entering directory '/home/max/microros_ws4/firmware/mcu_ws/build/microcdr'
cd /home/max/microros_ws4/firmware/mcu_ws/build/microcdr && /usr/bin/cmake -E cmake_depends "Unix Makefiles" /home/max/microros_ws4/firmware/mcu_ws/eProsima/Micro-CDR /home/max/microros_ws4/firmware/mcu_ws/eProsima/Micro-CDR /home/max/microros_ws4/firmware/mcu_ws/build/microcdr /home/max/microros_ws4/firmware/mcu_ws/build/microcdr /home/max/microros_ws4/firmware/mcu_ws/build/microcdr/CMakeFiles/microcdr.dir/DependInfo.cmake --color=
make[6]: Leaving directory '/home/max/microros_ws4/firmware/mcu_ws/build/microcdr'
/usr/bin/make -f CMakeFiles/microcdr.dir/build.make CMakeFiles/microcdr.dir/build
make[6]: Entering directory '/home/max/microros_ws4/firmware/mcu_ws/build/microcdr'
make[6]: Nothing to be done for 'CMakeFiles/microcdr.dir/build'.
make[6]: Leaving directory '/home/max/microros_ws4/firmware/mcu_ws/build/microcdr'
[100%] Built target microcdr
make[5]: Leaving directory '/home/max/microros_ws4/firmware/mcu_ws/build/microcdr'
/usr/bin/cmake -E cmake_progress_start /home/max/microros_ws4/firmware/mcu_ws/build/microcdr/CMakeFiles 0
make[4]: Leaving directory '/home/max/microros_ws4/firmware/mcu_ws/build/microcdr'
-- Install configuration: "Debug"
-- Up-to-date: /home/max/microros_ws4/firmware/mcu_ws/install/lib/libmicrocdr.a
-- Up-to-date: /home/max/microros_ws4/firmware/mcu_ws/install/include/ucdr
-- Up-to-date: /home/max/microros_ws4/firmware/mcu_ws/install/include/ucdr/visibility.h
-- Up-to-date: /home/max/microros_ws4/firmware/mcu_ws/install/include/ucdr/microcdr.h
-- Up-to-date: /home/max/microros_ws4/firmware/mcu_ws/install/include/ucdr/config.h
-- Up-to-date: /home/max/microros_ws4/firmware/mcu_ws/install/share/microcdr/cmake/microcdrTargets.cmake
-- Installing: /home/max/microros_ws4/firmware/mcu_ws/install/share/microcdr/cmake/microcdrTargets-debug.cmake
-- Up-to-date: /home/max/microros_ws4/firmware/mcu_ws/install/share/microcdr/cmake/microcdrConfig.cmake
-- Up-to-date: /home/max/microros_ws4/firmware/mcu_ws/install/share/microcdr/cmake/microcdrConfigVersion.cmake
