[0.328s] DEBUG:colcon:Command line arguments: ['/usr/bin/colcon', 'build']
[0.328s] DEBUG:colcon:Parsed command line arguments: Namespace(allow_overriding=[], ament_cmake_args=None, base_paths=['.'], build_base='build', catkin_cmake_args=None, catkin_skip_building_tests=False, cmake_args=None, cmake_clean_cache=False, cmake_clean_first=False, cmake_force_configure=False, cmake_target=None, cmake_target_skip_unavailable=False, continue_on_error=False, event_handlers=None, executor='parallel', ignore_user_meta=False, install_base='install', log_base=None, log_level=None, main=<bound method BuildVerb.main of <colcon_core.verb.build.BuildVerb object at 0x7f86ab4d3790>>, merge_install=False, metas=['./colcon.meta'], packages_above=None, packages_above_and_dependencies=None, packages_above_depth=None, packages_end=None, packages_ignore=None, packages_ignore_regex=None, packages_select=None, packages_select_build_failed=False, packages_select_by_dep=None, packages_select_regex=None, packages_select_test_failures=False, packages_skip=None, packages_skip_build_finished=False, packages_skip_by_dep=None, packages_skip_regex=None, packages_skip_test_passed=False, packages_skip_up_to=None, packages_start=None, packages_up_to=None, packages_up_to_regex=None, parallel_workers=4, paths=None, symlink_install=False, test_result_base=None, verb_extension=<colcon_core.verb.build.BuildVerb object at 0x7f86ab4d3790>, verb_name='build', verb_parser=<colcon_defaults.argument_parser.defaults.DefaultArgumentsDecorator object at 0x7f86ab4d3d00>)
[0.360s] Level 1:colcon.colcon_core.package_discovery:discover_packages(colcon_meta) check parameters
[0.360s] Level 1:colcon.colcon_core.package_discovery:discover_packages(recursive) check parameters
[0.360s] Level 1:colcon.colcon_core.package_discovery:discover_packages(ignore) check parameters
[0.360s] Level 1:colcon.colcon_core.package_discovery:discover_packages(path) check parameters
[0.360s] Level 1:colcon.colcon_core.package_discovery:discover_packages(colcon_meta) discover
[0.360s] Level 1:colcon.colcon_core.package_discovery:discover_packages(recursive) discover
[0.360s] INFO:colcon.colcon_core.package_discovery:Crawling recursively for packages in '/home/max/PycharmProjects/my_ros2_ws'
[0.360s] Level 1:colcon.colcon_core.package_identification:_identify(.) by extensions ['ignore', 'ignore_ament_install']
[0.360s] Level 1:colcon.colcon_core.package_identification:_identify(.) by extension 'ignore'
[0.360s] Level 1:colcon.colcon_core.package_identification:_identify(.) by extension 'ignore_ament_install'
[0.360s] Level 1:colcon.colcon_core.package_identification:_identify(.) by extensions ['colcon_pkg']
[0.360s] Level 1:colcon.colcon_core.package_identification:_identify(.) by extension 'colcon_pkg'
[0.360s] Level 1:colcon.colcon_core.package_identification:_identify(.) by extensions ['colcon_meta']
[0.360s] Level 1:colcon.colcon_core.package_identification:_identify(.) by extension 'colcon_meta'
[0.360s] Level 1:colcon.colcon_core.package_identification:_identify(.) by extensions ['ros']
[0.360s] Level 1:colcon.colcon_core.package_identification:_identify(.) by extension 'ros'
[0.394s] Level 1:colcon.colcon_core.package_identification:_identify(.) by extensions ['cmake', 'python']
[0.395s] Level 1:colcon.colcon_core.package_identification:_identify(.) by extension 'cmake'
[0.395s] Level 1:colcon.colcon_core.package_identification:_identify(.) by extension 'python'
[0.395s] Level 1:colcon.colcon_core.package_identification:_identify(.) by extensions ['python_setup_py']
[0.395s] Level 1:colcon.colcon_core.package_identification:_identify(.) by extension 'python_setup_py'
[0.395s] Level 1:colcon.colcon_core.package_identification:_identify(build) by extensions ['ignore', 'ignore_ament_install']
[0.395s] Level 1:colcon.colcon_core.package_identification:_identify(build) by extension 'ignore'
[0.395s] Level 1:colcon.colcon_core.package_identification:_identify(build) ignored
[0.395s] Level 1:colcon.colcon_core.package_identification:_identify(install) by extensions ['ignore', 'ignore_ament_install']
[0.395s] Level 1:colcon.colcon_core.package_identification:_identify(install) by extension 'ignore'
[0.395s] Level 1:colcon.colcon_core.package_identification:_identify(install) ignored
[0.395s] Level 1:colcon.colcon_core.package_identification:_identify(log) by extensions ['ignore', 'ignore_ament_install']
[0.395s] Level 1:colcon.colcon_core.package_identification:_identify(log) by extension 'ignore'
[0.395s] Level 1:colcon.colcon_core.package_identification:_identify(log) ignored
[0.396s] Level 1:colcon.colcon_core.package_identification:_identify(servo_message) by extensions ['ignore', 'ignore_ament_install']
[0.396s] Level 1:colcon.colcon_core.package_identification:_identify(servo_message) by extension 'ignore'
[0.396s] Level 1:colcon.colcon_core.package_identification:_identify(servo_message) by extension 'ignore_ament_install'
[0.396s] Level 1:colcon.colcon_core.package_identification:_identify(servo_message) by extensions ['colcon_pkg']
[0.396s] Level 1:colcon.colcon_core.package_identification:_identify(servo_message) by extension 'colcon_pkg'
[0.396s] Level 1:colcon.colcon_core.package_identification:_identify(servo_message) by extensions ['colcon_meta']
[0.396s] Level 1:colcon.colcon_core.package_identification:_identify(servo_message) by extension 'colcon_meta'
[0.396s] Level 1:colcon.colcon_core.package_identification:_identify(servo_message) by extensions ['ros']
[0.396s] Level 1:colcon.colcon_core.package_identification:_identify(servo_message) by extension 'ros'
[0.399s] DEBUG:colcon.colcon_core.package_identification:Package 'servo_message' with type 'ros.ament_cmake' and name 'servo_message'
[0.399s] Level 1:colcon.colcon_core.package_identification:_identify(src) by extensions ['ignore', 'ignore_ament_install']
[0.399s] Level 1:colcon.colcon_core.package_identification:_identify(src) by extension 'ignore'
[0.399s] Level 1:colcon.colcon_core.package_identification:_identify(src) by extension 'ignore_ament_install'
[0.399s] Level 1:colcon.colcon_core.package_identification:_identify(src) by extensions ['colcon_pkg']
[0.399s] Level 1:colcon.colcon_core.package_identification:_identify(src) by extension 'colcon_pkg'
[0.399s] Level 1:colcon.colcon_core.package_identification:_identify(src) by extensions ['colcon_meta']
[0.399s] Level 1:colcon.colcon_core.package_identification:_identify(src) by extension 'colcon_meta'
[0.399s] Level 1:colcon.colcon_core.package_identification:_identify(src) by extensions ['ros']
[0.399s] Level 1:colcon.colcon_core.package_identification:_identify(src) by extension 'ros'
[0.399s] Level 1:colcon.colcon_core.package_identification:_identify(src) by extensions ['cmake', 'python']
[0.399s] Level 1:colcon.colcon_core.package_identification:_identify(src) by extension 'cmake'
[0.399s] Level 1:colcon.colcon_core.package_identification:_identify(src) by extension 'python'
[0.399s] Level 1:colcon.colcon_core.package_identification:_identify(src) by extensions ['python_setup_py']
[0.399s] Level 1:colcon.colcon_core.package_identification:_identify(src) by extension 'python_setup_py'
[0.399s] Level 1:colcon.colcon_core.package_identification:_identify(src/py_pubsub) by extensions ['ignore', 'ignore_ament_install']
[0.399s] Level 1:colcon.colcon_core.package_identification:_identify(src/py_pubsub) by extension 'ignore'
[0.399s] Level 1:colcon.colcon_core.package_identification:_identify(src/py_pubsub) by extension 'ignore_ament_install'
[0.399s] Level 1:colcon.colcon_core.package_identification:_identify(src/py_pubsub) by extensions ['colcon_pkg']
[0.399s] Level 1:colcon.colcon_core.package_identification:_identify(src/py_pubsub) by extension 'colcon_pkg'
[0.399s] Level 1:colcon.colcon_core.package_identification:_identify(src/py_pubsub) by extensions ['colcon_meta']
[0.400s] Level 1:colcon.colcon_core.package_identification:_identify(src/py_pubsub) by extension 'colcon_meta'
[0.400s] Level 1:colcon.colcon_core.package_identification:_identify(src/py_pubsub) by extensions ['ros']
[0.400s] Level 1:colcon.colcon_core.package_identification:_identify(src/py_pubsub) by extension 'ros'
[0.400s] DEBUG:colcon.colcon_core.package_identification:Failed to parse potential ROS package manifest in'src/py_pubsub': Error(s) in package 'src/py_pubsub/package.xml':
The manifest contains invalid XML:
junk after document element: line 21, column 0
[0.400s] Level 1:colcon.colcon_core.package_identification:_identify(src/py_pubsub) by extensions ['cmake', 'python']
[0.400s] Level 1:colcon.colcon_core.package_identification:_identify(src/py_pubsub) by extension 'cmake'
[0.400s] Level 1:colcon.colcon_core.package_identification:_identify(src/py_pubsub) by extension 'python'
[0.400s] DEBUG:colcon.colcon_core.package_identification:Python package in 'src/py_pubsub' passes arguments to the setup() function which requires a different identification extension than 'python'
[0.400s] Level 1:colcon.colcon_core.package_identification:_identify(src/py_pubsub) by extensions ['python_setup_py']
[0.400s] Level 1:colcon.colcon_core.package_identification:_identify(src/py_pubsub) by extension 'python_setup_py'
[0.615s] DEBUG:colcon.colcon_core.package_identification:Package 'src/py_pubsub' with type 'python' and name 'py_pubsub'
[0.616s] Level 1:colcon.colcon_core.package_discovery:discover_packages(recursive) using defaults
[0.616s] Level 1:colcon.colcon_core.package_discovery:discover_packages(ignore) discover
[0.616s] Level 1:colcon.colcon_core.package_discovery:discover_packages(ignore) using defaults
[0.616s] Level 1:colcon.colcon_core.package_discovery:discover_packages(path) discover
[0.616s] Level 1:colcon.colcon_core.package_discovery:discover_packages(path) using defaults
[0.641s] Level 1:colcon.colcon_core.package_discovery:discover_packages(prefix_path) check parameters
[0.641s] Level 1:colcon.colcon_core.package_discovery:discover_packages(prefix_path) discover
[0.644s] DEBUG:colcon.colcon_installed_package_information.package_discovery:Found 2 installed packages in /home/max/PycharmProjects/my_ros2_ws/install
[0.645s] DEBUG:colcon.colcon_installed_package_information.package_discovery:Found 258 installed packages in /opt/ros/foxy
[0.647s] Level 1:colcon.colcon_core.package_discovery:discover_packages(prefix_path) using defaults
[0.705s] Level 5:colcon.colcon_core.verb:set package 'py_pubsub' build argument 'cmake_args' from command line to 'None'
[0.706s] Level 5:colcon.colcon_core.verb:set package 'py_pubsub' build argument 'cmake_target' from command line to 'None'
[0.706s] Level 5:colcon.colcon_core.verb:set package 'py_pubsub' build argument 'cmake_target_skip_unavailable' from command line to 'False'
[0.706s] Level 5:colcon.colcon_core.verb:set package 'py_pubsub' build argument 'cmake_clean_cache' from command line to 'False'
[0.706s] Level 5:colcon.colcon_core.verb:set package 'py_pubsub' build argument 'cmake_clean_first' from command line to 'False'
[0.706s] Level 5:colcon.colcon_core.verb:set package 'py_pubsub' build argument 'cmake_force_configure' from command line to 'False'
[0.706s] Level 5:colcon.colcon_core.verb:set package 'py_pubsub' build argument 'ament_cmake_args' from command line to 'None'
[0.706s] Level 5:colcon.colcon_core.verb:set package 'py_pubsub' build argument 'catkin_cmake_args' from command line to 'None'
[0.706s] Level 5:colcon.colcon_core.verb:set package 'py_pubsub' build argument 'catkin_skip_building_tests' from command line to 'False'
[0.706s] DEBUG:colcon.colcon_core.verb:Building package 'py_pubsub' with the following arguments: {'ament_cmake_args': None, 'build_base': '/home/max/PycharmProjects/my_ros2_ws/build/py_pubsub', 'catkin_cmake_args': None, 'catkin_skip_building_tests': False, 'cmake_args': None, 'cmake_clean_cache': False, 'cmake_clean_first': False, 'cmake_force_configure': False, 'cmake_target': None, 'cmake_target_skip_unavailable': False, 'install_base': '/home/max/PycharmProjects/my_ros2_ws/install/py_pubsub', 'merge_install': False, 'path': '/home/max/PycharmProjects/my_ros2_ws/src/py_pubsub', 'symlink_install': False, 'test_result_base': None}
[0.707s] Level 5:colcon.colcon_core.verb:set package 'servo_message' build argument 'cmake_args' from command line to 'None'
[0.707s] Level 5:colcon.colcon_core.verb:set package 'servo_message' build argument 'cmake_target' from command line to 'None'
[0.707s] Level 5:colcon.colcon_core.verb:set package 'servo_message' build argument 'cmake_target_skip_unavailable' from command line to 'False'
[0.707s] Level 5:colcon.colcon_core.verb:set package 'servo_message' build argument 'cmake_clean_cache' from command line to 'False'
[0.707s] Level 5:colcon.colcon_core.verb:set package 'servo_message' build argument 'cmake_clean_first' from command line to 'False'
[0.707s] Level 5:colcon.colcon_core.verb:set package 'servo_message' build argument 'cmake_force_configure' from command line to 'False'
[0.707s] Level 5:colcon.colcon_core.verb:set package 'servo_message' build argument 'ament_cmake_args' from command line to 'None'
[0.707s] Level 5:colcon.colcon_core.verb:set package 'servo_message' build argument 'catkin_cmake_args' from command line to 'None'
[0.707s] Level 5:colcon.colcon_core.verb:set package 'servo_message' build argument 'catkin_skip_building_tests' from command line to 'False'
[0.707s] DEBUG:colcon.colcon_core.verb:Building package 'servo_message' with the following arguments: {'ament_cmake_args': None, 'build_base': '/home/max/PycharmProjects/my_ros2_ws/build/servo_message', 'catkin_cmake_args': None, 'catkin_skip_building_tests': False, 'cmake_args': None, 'cmake_clean_cache': False, 'cmake_clean_first': False, 'cmake_force_configure': False, 'cmake_target': None, 'cmake_target_skip_unavailable': False, 'install_base': '/home/max/PycharmProjects/my_ros2_ws/install/servo_message', 'merge_install': False, 'path': '/home/max/PycharmProjects/my_ros2_ws/servo_message', 'symlink_install': False, 'test_result_base': None}
[0.707s] INFO:colcon.colcon_core.executor:Executing jobs using 'parallel' executor
[0.710s] DEBUG:colcon.colcon_parallel_executor.executor.parallel:run_until_complete
[0.711s] INFO:colcon.colcon_core.task.python.build:Building Python package in '/home/max/PycharmProjects/my_ros2_ws/src/py_pubsub'
[0.717s] INFO:colcon.colcon_core.plugin_system:Skipping extension 'colcon_core.shell.bat': Not used on non-Windows systems
[0.717s] INFO:colcon.colcon_core.shell:Skip shell extension 'powershell' for command environment: Not usable outside of PowerShell
[0.717s] DEBUG:colcon.colcon_core.shell:Skip shell extension 'dsv' for command environment
[0.723s] INFO:colcon.colcon_ros.task.ament_cmake.build:Building ROS package in '/home/max/PycharmProjects/my_ros2_ws/servo_message' with build type 'ament_cmake'
[0.723s] INFO:colcon.colcon_cmake.task.cmake.build:Building CMake package in '/home/max/PycharmProjects/my_ros2_ws/servo_message'
[0.724s] INFO:colcon.colcon_core.shell:Skip shell extension 'powershell' for command environment: Not usable outside of PowerShell
[0.725s] DEBUG:colcon.colcon_core.shell:Skip shell extension 'dsv' for command environment
[0.954s] DEBUG:colcon.colcon_core.event_handler.log_command:Invoking command in '/home/max/PycharmProjects/my_ros2_ws/build/servo_message': CMAKE_PREFIX_PATH=${CMAKE_PREFIX_PATH}:/home/max/PycharmProjects/my_ros2_ws/install/py_pubsub:/opt/ros/foxy /usr/bin/cmake --build /home/max/PycharmProjects/my_ros2_ws/build/servo_message -- -j4 -l4
[1.265s] DEBUG:colcon.colcon_core.event_handler.log_command:Invoked command in '/home/max/PycharmProjects/my_ros2_ws/build/servo_message' returned '0': CMAKE_PREFIX_PATH=${CMAKE_PREFIX_PATH}:/home/max/PycharmProjects/my_ros2_ws/install/py_pubsub:/opt/ros/foxy /usr/bin/cmake --build /home/max/PycharmProjects/my_ros2_ws/build/servo_message -- -j4 -l4
[1.330s] DEBUG:colcon.colcon_core.event_handler.log_command:Invoking command in '/home/max/PycharmProjects/my_ros2_ws/build/servo_message': CMAKE_PREFIX_PATH=${CMAKE_PREFIX_PATH}:/home/max/PycharmProjects/my_ros2_ws/install/py_pubsub:/opt/ros/foxy /usr/bin/cmake --install /home/max/PycharmProjects/my_ros2_ws/build/servo_message
[1.374s] DEBUG:colcon.colcon_core.event_handler.log_command:Invoking command in '/home/max/PycharmProjects/my_ros2_ws/src/py_pubsub': PYTHONPATH=/home/max/PycharmProjects/my_ros2_ws/build/py_pubsub/prefix_override:/home/max/PycharmProjects/my_ros2_ws/install/py_pubsub/lib/python3.8/site-packages:${PYTHONPATH} /usr/bin/python3 setup.py egg_info --egg-base ../../build/py_pubsub build --build-base /home/max/PycharmProjects/my_ros2_ws/build/py_pubsub/build install --record /home/max/PycharmProjects/my_ros2_ws/build/py_pubsub/install.log --install-scripts $base/lib/py_pubsub --single-version-externally-managed
[1.393s] Level 1:colcon.colcon_core.environment:create_environment_scripts_only(servo_message)
[1.394s] DEBUG:colcon.colcon_core.event_handler.log_command:Invoked command in '/home/max/PycharmProjects/my_ros2_ws/build/servo_message' returned '0': CMAKE_PREFIX_PATH=${CMAKE_PREFIX_PATH}:/home/max/PycharmProjects/my_ros2_ws/install/py_pubsub:/opt/ros/foxy /usr/bin/cmake --install /home/max/PycharmProjects/my_ros2_ws/build/servo_message
[1.402s] Level 1:colcon.colcon_core.environment:checking '/home/max/PycharmProjects/my_ros2_ws/install/servo_message' for CMake module files
[1.402s] Level 1:colcon.colcon_core.environment:checking '/home/max/PycharmProjects/my_ros2_ws/install/servo_message' for CMake config files
[1.403s] Level 1:colcon.colcon_core.shell:create_environment_hook('servo_message', 'cmake_prefix_path')
[1.404s] INFO:colcon.colcon_core.shell:Creating environment hook '/home/max/PycharmProjects/my_ros2_ws/install/servo_message/share/servo_message/hook/cmake_prefix_path.ps1'
[1.405s] INFO:colcon.colcon_core.shell:Creating environment descriptor '/home/max/PycharmProjects/my_ros2_ws/install/servo_message/share/servo_message/hook/cmake_prefix_path.dsv'
[1.406s] INFO:colcon.colcon_core.shell:Creating environment hook '/home/max/PycharmProjects/my_ros2_ws/install/servo_message/share/servo_message/hook/cmake_prefix_path.sh'
[1.407s] Level 1:colcon.colcon_core.environment:checking '/home/max/PycharmProjects/my_ros2_ws/install/servo_message/lib'
[1.407s] Level 1:colcon.colcon_core.shell:create_environment_hook('servo_message', 'ld_library_path_lib')
[1.408s] INFO:colcon.colcon_core.shell:Creating environment hook '/home/max/PycharmProjects/my_ros2_ws/install/servo_message/share/servo_message/hook/ld_library_path_lib.ps1'
[1.408s] INFO:colcon.colcon_core.shell:Creating environment descriptor '/home/max/PycharmProjects/my_ros2_ws/install/servo_message/share/servo_message/hook/ld_library_path_lib.dsv'
[1.409s] INFO:colcon.colcon_core.shell:Creating environment hook '/home/max/PycharmProjects/my_ros2_ws/install/servo_message/share/servo_message/hook/ld_library_path_lib.sh'
[1.409s] Level 1:colcon.colcon_core.environment:checking '/home/max/PycharmProjects/my_ros2_ws/install/servo_message/bin'
[1.409s] Level 1:colcon.colcon_core.environment:checking '/home/max/PycharmProjects/my_ros2_ws/install/servo_message/lib/pkgconfig/servo_message.pc'
[1.409s] Level 1:colcon.colcon_core.environment:checking '/home/max/PycharmProjects/my_ros2_ws/install/servo_message/lib/python3.8/site-packages'
[1.409s] Level 1:colcon.colcon_core.shell:create_environment_hook('servo_message', 'pythonpath')
[1.411s] INFO:colcon.colcon_core.shell:Creating environment hook '/home/max/PycharmProjects/my_ros2_ws/install/servo_message/share/servo_message/hook/pythonpath.ps1'
[1.411s] INFO:colcon.colcon_core.shell:Creating environment descriptor '/home/max/PycharmProjects/my_ros2_ws/install/servo_message/share/servo_message/hook/pythonpath.dsv'
[1.411s] INFO:colcon.colcon_core.shell:Creating environment hook '/home/max/PycharmProjects/my_ros2_ws/install/servo_message/share/servo_message/hook/pythonpath.sh'
[1.412s] Level 1:colcon.colcon_core.environment:checking '/home/max/PycharmProjects/my_ros2_ws/install/servo_message/bin'
[1.413s] INFO:colcon.colcon_core.shell:Creating package script '/home/max/PycharmProjects/my_ros2_ws/install/servo_message/share/servo_message/package.ps1'
[1.415s] INFO:colcon.colcon_core.shell:Creating package descriptor '/home/max/PycharmProjects/my_ros2_ws/install/servo_message/share/servo_message/package.dsv'
[1.415s] INFO:colcon.colcon_core.shell:Creating package script '/home/max/PycharmProjects/my_ros2_ws/install/servo_message/share/servo_message/package.sh'
[1.416s] INFO:colcon.colcon_core.shell:Creating package script '/home/max/PycharmProjects/my_ros2_ws/install/servo_message/share/servo_message/package.bash'
[1.417s] INFO:colcon.colcon_core.shell:Creating package script '/home/max/PycharmProjects/my_ros2_ws/install/servo_message/share/servo_message/package.zsh'
[1.418s] Level 1:colcon.colcon_core.environment:create_file_with_runtime_dependencies(/home/max/PycharmProjects/my_ros2_ws/install/servo_message/share/colcon-core/packages/servo_message)
[1.473s] Level 1:colcon.colcon_core.environment:create_environment_scripts_only(servo_message)
[1.475s] Level 1:colcon.colcon_core.environment:checking '/home/max/PycharmProjects/my_ros2_ws/install/servo_message' for CMake module files
[1.476s] Level 1:colcon.colcon_core.environment:checking '/home/max/PycharmProjects/my_ros2_ws/install/servo_message' for CMake config files
[1.476s] Level 1:colcon.colcon_core.shell:create_environment_hook('servo_message', 'cmake_prefix_path')
[1.477s] INFO:colcon.colcon_core.shell:Creating environment hook '/home/max/PycharmProjects/my_ros2_ws/install/servo_message/share/servo_message/hook/cmake_prefix_path.ps1'
[1.478s] INFO:colcon.colcon_core.shell:Creating environment descriptor '/home/max/PycharmProjects/my_ros2_ws/install/servo_message/share/servo_message/hook/cmake_prefix_path.dsv'
[1.478s] INFO:colcon.colcon_core.shell:Creating environment hook '/home/max/PycharmProjects/my_ros2_ws/install/servo_message/share/servo_message/hook/cmake_prefix_path.sh'
[1.479s] Level 1:colcon.colcon_core.environment:checking '/home/max/PycharmProjects/my_ros2_ws/install/servo_message/lib'
[1.479s] Level 1:colcon.colcon_core.shell:create_environment_hook('servo_message', 'ld_library_path_lib')
[1.480s] INFO:colcon.colcon_core.shell:Creating environment hook '/home/max/PycharmProjects/my_ros2_ws/install/servo_message/share/servo_message/hook/ld_library_path_lib.ps1'
[1.480s] INFO:colcon.colcon_core.shell:Creating environment descriptor '/home/max/PycharmProjects/my_ros2_ws/install/servo_message/share/servo_message/hook/ld_library_path_lib.dsv'
[1.481s] INFO:colcon.colcon_core.shell:Creating environment hook '/home/max/PycharmProjects/my_ros2_ws/install/servo_message/share/servo_message/hook/ld_library_path_lib.sh'
[1.481s] Level 1:colcon.colcon_core.environment:checking '/home/max/PycharmProjects/my_ros2_ws/install/servo_message/bin'
[1.481s] Level 1:colcon.colcon_core.environment:checking '/home/max/PycharmProjects/my_ros2_ws/install/servo_message/lib/pkgconfig/servo_message.pc'
[1.481s] Level 1:colcon.colcon_core.environment:checking '/home/max/PycharmProjects/my_ros2_ws/install/servo_message/lib/python3.8/site-packages'
[1.481s] Level 1:colcon.colcon_core.shell:create_environment_hook('servo_message', 'pythonpath')
[1.482s] INFO:colcon.colcon_core.shell:Creating environment hook '/home/max/PycharmProjects/my_ros2_ws/install/servo_message/share/servo_message/hook/pythonpath.ps1'
[1.483s] INFO:colcon.colcon_core.shell:Creating environment descriptor '/home/max/PycharmProjects/my_ros2_ws/install/servo_message/share/servo_message/hook/pythonpath.dsv'
[1.483s] INFO:colcon.colcon_core.shell:Creating environment hook '/home/max/PycharmProjects/my_ros2_ws/install/servo_message/share/servo_message/hook/pythonpath.sh'
[1.484s] Level 1:colcon.colcon_core.environment:checking '/home/max/PycharmProjects/my_ros2_ws/install/servo_message/bin'
[1.485s] INFO:colcon.colcon_core.shell:Creating package script '/home/max/PycharmProjects/my_ros2_ws/install/servo_message/share/servo_message/package.ps1'
[1.486s] INFO:colcon.colcon_core.shell:Creating package descriptor '/home/max/PycharmProjects/my_ros2_ws/install/servo_message/share/servo_message/package.dsv'
[1.486s] INFO:colcon.colcon_core.shell:Creating package script '/home/max/PycharmProjects/my_ros2_ws/install/servo_message/share/servo_message/package.sh'
[1.486s] INFO:colcon.colcon_core.shell:Creating package script '/home/max/PycharmProjects/my_ros2_ws/install/servo_message/share/servo_message/package.bash'
[1.487s] INFO:colcon.colcon_core.shell:Creating package script '/home/max/PycharmProjects/my_ros2_ws/install/servo_message/share/servo_message/package.zsh'
[1.487s] Level 1:colcon.colcon_core.environment:create_file_with_runtime_dependencies(/home/max/PycharmProjects/my_ros2_ws/install/servo_message/share/colcon-core/packages/servo_message)
[1.648s] Level 1:colcon.colcon_core.environment:checking '/home/max/PycharmProjects/my_ros2_ws/install/py_pubsub' for CMake module files
[1.649s] DEBUG:colcon.colcon_core.event_handler.log_command:Invoked command in '/home/max/PycharmProjects/my_ros2_ws/src/py_pubsub' returned '0': PYTHONPATH=/home/max/PycharmProjects/my_ros2_ws/build/py_pubsub/prefix_override:/home/max/PycharmProjects/my_ros2_ws/install/py_pubsub/lib/python3.8/site-packages:${PYTHONPATH} /usr/bin/python3 setup.py egg_info --egg-base ../../build/py_pubsub build --build-base /home/max/PycharmProjects/my_ros2_ws/build/py_pubsub/build install --record /home/max/PycharmProjects/my_ros2_ws/build/py_pubsub/install.log --install-scripts $base/lib/py_pubsub --single-version-externally-managed
[1.650s] Level 1:colcon.colcon_core.environment:checking '/home/max/PycharmProjects/my_ros2_ws/install/py_pubsub' for CMake config files
[1.651s] Level 1:colcon.colcon_core.environment:checking '/home/max/PycharmProjects/my_ros2_ws/install/py_pubsub/lib'
[1.651s] Level 1:colcon.colcon_core.environment:checking '/home/max/PycharmProjects/my_ros2_ws/install/py_pubsub/bin'
[1.651s] Level 1:colcon.colcon_core.environment:checking '/home/max/PycharmProjects/my_ros2_ws/install/py_pubsub/lib/pkgconfig/py_pubsub.pc'
[1.651s] Level 1:colcon.colcon_core.environment:checking '/home/max/PycharmProjects/my_ros2_ws/install/py_pubsub/lib/python3.8/site-packages'
[1.651s] Level 1:colcon.colcon_core.shell:create_environment_hook('py_pubsub', 'pythonpath')
[1.654s] INFO:colcon.colcon_core.shell:Creating environment hook '/home/max/PycharmProjects/my_ros2_ws/install/py_pubsub/share/py_pubsub/hook/pythonpath.ps1'
[1.654s] INFO:colcon.colcon_core.shell:Creating environment descriptor '/home/max/PycharmProjects/my_ros2_ws/install/py_pubsub/share/py_pubsub/hook/pythonpath.dsv'
[1.655s] INFO:colcon.colcon_core.shell:Creating environment hook '/home/max/PycharmProjects/my_ros2_ws/install/py_pubsub/share/py_pubsub/hook/pythonpath.sh'
[1.656s] Level 1:colcon.colcon_core.environment:checking '/home/max/PycharmProjects/my_ros2_ws/install/py_pubsub/bin'
[1.656s] Level 1:colcon.colcon_core.environment:create_environment_scripts_only(py_pubsub)
[1.658s] INFO:colcon.colcon_core.shell:Creating package script '/home/max/PycharmProjects/my_ros2_ws/install/py_pubsub/share/py_pubsub/package.ps1'
[1.659s] INFO:colcon.colcon_core.shell:Creating package descriptor '/home/max/PycharmProjects/my_ros2_ws/install/py_pubsub/share/py_pubsub/package.dsv'
[1.660s] INFO:colcon.colcon_core.shell:Creating package script '/home/max/PycharmProjects/my_ros2_ws/install/py_pubsub/share/py_pubsub/package.sh'
[1.660s] INFO:colcon.colcon_core.shell:Creating package script '/home/max/PycharmProjects/my_ros2_ws/install/py_pubsub/share/py_pubsub/package.bash'
[1.661s] INFO:colcon.colcon_core.shell:Creating package script '/home/max/PycharmProjects/my_ros2_ws/install/py_pubsub/share/py_pubsub/package.zsh'
[1.661s] Level 1:colcon.colcon_core.environment:create_file_with_runtime_dependencies(/home/max/PycharmProjects/my_ros2_ws/install/py_pubsub/share/colcon-core/packages/py_pubsub)
[1.662s] DEBUG:colcon.colcon_parallel_executor.executor.parallel:closing loop
[1.662s] DEBUG:colcon.colcon_parallel_executor.executor.parallel:loop closed
[1.662s] DEBUG:colcon.colcon_parallel_executor.executor.parallel:run_until_complete finished with '0'
[1.662s] DEBUG:colcon.colcon_core.event_reactor:joining thread
[1.675s] INFO:colcon.colcon_core.plugin_system:Skipping extension 'colcon_notification.desktop_notification.terminal_notifier': Not used on non-Darwin systems
[1.676s] INFO:colcon.colcon_core.plugin_system:Skipping extension 'colcon_notification.desktop_notification.win32': Not used on non-Windows systems
[1.676s] INFO:colcon.colcon_notification.desktop_notification:Sending desktop notification using 'notify2'
[1.679s] DEBUG:colcon.colcon_core.event_reactor:joined thread
[1.682s] INFO:colcon.colcon_core.shell:Creating prefix script '/home/max/PycharmProjects/my_ros2_ws/install/local_setup.ps1'
[1.684s] INFO:colcon.colcon_core.shell:Creating prefix util module '/home/max/PycharmProjects/my_ros2_ws/install/_local_setup_util_ps1.py'
[1.686s] INFO:colcon.colcon_core.shell:Creating prefix chain script '/home/max/PycharmProjects/my_ros2_ws/install/setup.ps1'
[1.687s] INFO:colcon.colcon_core.shell:Creating prefix script '/home/max/PycharmProjects/my_ros2_ws/install/local_setup.sh'
[1.688s] INFO:colcon.colcon_core.shell:Creating prefix util module '/home/max/PycharmProjects/my_ros2_ws/install/_local_setup_util_sh.py'
[1.688s] INFO:colcon.colcon_core.shell:Creating prefix chain script '/home/max/PycharmProjects/my_ros2_ws/install/setup.sh'
[1.690s] INFO:colcon.colcon_core.shell:Creating prefix script '/home/max/PycharmProjects/my_ros2_ws/install/local_setup.bash'
[1.690s] INFO:colcon.colcon_core.shell:Creating prefix chain script '/home/max/PycharmProjects/my_ros2_ws/install/setup.bash'
[1.691s] INFO:colcon.colcon_core.shell:Creating prefix script '/home/max/PycharmProjects/my_ros2_ws/install/local_setup.zsh'
[1.692s] INFO:colcon.colcon_core.shell:Creating prefix chain script '/home/max/PycharmProjects/my_ros2_ws/install/setup.zsh'
