[0.815s] Invoking command in '/home/max/PycharmProjects/my_ros2_ws/src/py_pubsub': PYTHONPATH=/home/max/PycharmProjects/my_ros2_ws/build/py_pubsub/prefix_override:/home/max/PycharmProjects/my_ros2_ws/install/py_pubsub/lib/python3.8/site-packages:/home/max/PycharmProjects/my_ros2_ws/install/servo_message/lib/python3.8/site-packages:/home/max/PycharmProjects/my_ros2_ws/install/py_pubsub/lib/python3.8/site-packages:/opt/ros/foxy/lib/python3.8/site-packages /home/max/.platformio/penv/bin/python setup.py egg_info --egg-base ../../build/py_pubsub build --build-base /home/max/PycharmProjects/my_ros2_ws/build/py_pubsub/build install --record /home/max/PycharmProjects/my_ros2_ws/build/py_pubsub/install.log --install-scripts $base/lib/py_pubsub --single-version-externally-managed
[0.992s] /home/max/.platformio/penv/lib/python3.8/site-packages/setuptools/dist.py:771: UserWarning: Usage of dash-separated 'script-dir' will not be supported in future versions. Please use the underscore name 'script_dir' instead
[0.993s]   warnings.warn(
[1.039s] running egg_info
[1.047s] writing ../../build/py_pubsub/py_pubsub.egg-info/PKG-INFO
[1.047s] writing dependency_links to ../../build/py_pubsub/py_pubsub.egg-info/dependency_links.txt
[1.047s] writing entry points to ../../build/py_pubsub/py_pubsub.egg-info/entry_points.txt
[1.047s] writing requirements to ../../build/py_pubsub/py_pubsub.egg-info/requires.txt
[1.048s] writing top-level names to ../../build/py_pubsub/py_pubsub.egg-info/top_level.txt
[1.062s] reading manifest file '../../build/py_pubsub/py_pubsub.egg-info/SOURCES.txt'
[1.063s] writing manifest file '../../build/py_pubsub/py_pubsub.egg-info/SOURCES.txt'
[1.063s] running build
[1.063s] running build_py
[1.063s] running install
[1.063s] /home/max/.platformio/penv/lib/python3.8/site-packages/setuptools/command/install.py:34: SetuptoolsDeprecationWarning: setup.py install is deprecated. Use build and pip and other standards-based tools.
[1.064s]   warnings.warn(
[1.069s] running install_lib
[1.077s] running install_data
[1.084s] running install_egg_info
[1.097s] removing '/home/max/PycharmProjects/my_ros2_ws/install/py_pubsub/lib/python3.8/site-packages/py_pubsub-0.0.0-py3.8.egg-info' (and everything under it)
[1.097s] Copying ../../build/py_pubsub/py_pubsub.egg-info to /home/max/PycharmProjects/my_ros2_ws/install/py_pubsub/lib/python3.8/site-packages/py_pubsub-0.0.0-py3.8.egg-info
[1.098s] running install_scripts
[1.132s] Installing talker script to /home/max/PycharmProjects/my_ros2_ws/install/py_pubsub/lib/py_pubsub
[1.133s] writing list of installed files to '/home/max/PycharmProjects/my_ros2_ws/build/py_pubsub/install.log'
[1.194s] Invoked command in '/home/max/PycharmProjects/my_ros2_ws/src/py_pubsub' returned '0': PYTHONPATH=/home/max/PycharmProjects/my_ros2_ws/build/py_pubsub/prefix_override:/home/max/PycharmProjects/my_ros2_ws/install/py_pubsub/lib/python3.8/site-packages:/home/max/PycharmProjects/my_ros2_ws/install/servo_message/lib/python3.8/site-packages:/home/max/PycharmProjects/my_ros2_ws/install/py_pubsub/lib/python3.8/site-packages:/opt/ros/foxy/lib/python3.8/site-packages /home/max/.platformio/penv/bin/python setup.py egg_info --egg-base ../../build/py_pubsub build --build-base /home/max/PycharmProjects/my_ros2_ws/build/py_pubsub/build install --record /home/max/PycharmProjects/my_ros2_ws/build/py_pubsub/install.log --install-scripts $base/lib/py_pubsub --single-version-externally-managed
