[0.239s] Invoking command in '/home/max/PycharmProjects/my_ros2_ws/build/servo_message': CMAKE_PREFIX_PATH=${CMAKE_PREFIX_PATH}:/home/max/PycharmProjects/my_ros2_ws/install/py_pubsub:/opt/ros/foxy /usr/bin/cmake /home/max/PycharmProjects/my_ros2_ws/servo_message -DCMAKE_INSTALL_PREFIX=/home/max/PycharmProjects/my_ros2_ws/install/servo_message
[0.258s] -- Found ament_cmake: 0.9.11 (/opt/ros/foxy/share/ament_cmake/cmake)
[0.286s] -- Found PythonInterp: /usr/bin/python3 (found suitable version "3.8.10", minimum required is "3") 
[0.286s] -- Using PYTHON_EXECUTABLE: /usr/bin/python3
[0.472s] -- Found ament_lint_auto: 0.9.8 (/opt/ros/foxy/share/ament_lint_auto/cmake)
[0.560s] -- Found rosidl_default_generators: 1.0.1 (/opt/ros/foxy/share/rosidl_default_generators/cmake)
[0.562s] -- Using all available rosidl_typesupport_c: rosidl_typesupport_fastrtps_c;rosidl_typesupport_introspection_c
[0.566s] -- Found rosidl_adapter: 1.3.0 (/opt/ros/foxy/share/rosidl_adapter/cmake)
[0.702s] -- Using all available rosidl_typesupport_cpp: rosidl_typesupport_fastrtps_cpp;rosidl_typesupport_introspection_cpp
[0.745s] -- Found PythonInterp: /usr/bin/python3 (found version "3.8.10") 
[0.808s] -- Found ament_cmake_ros: 0.9.2 (/opt/ros/foxy/share/ament_cmake_ros/cmake)
[0.912s] -- Using all available rosidl_typesupport_c: rosidl_typesupport_fastrtps_c;rosidl_typesupport_introspection_c
[0.919s] -- Using all available rosidl_typesupport_cpp: rosidl_typesupport_fastrtps_cpp;rosidl_typesupport_introspection_cpp
[0.944s] -- Found PythonInterp: /usr/bin/python3 (found suitable version "3.8.10", minimum required is "3.5") 
[0.947s] -- Found python_cmake_module: 0.8.1 (/opt/ros/foxy/share/python_cmake_module/cmake)
[0.981s] -- Found PythonLibs: /usr/lib/x86_64-linux-gnu/libpython3.8.so (found suitable version "3.8.10", minimum required is "3.5") 
[0.981s] -- Using PYTHON_EXECUTABLE: /usr/bin/python3
[0.981s] -- Using PYTHON_INCLUDE_DIRS: /usr/include/python3.8
[0.982s] -- Using PYTHON_LIBRARIES: /usr/lib/x86_64-linux-gnu/libpython3.8.so
[1.007s] -- Found PythonExtra: .so  
[1.067s] -- Added test 'copyright' to check source files copyright and LICENSE
[1.092s] -- Added test 'cppcheck' to perform static code analysis on C / C++ code
[1.092s] -- Configured cppcheck include dirs: 
[1.092s] -- Configured cppcheck exclude dirs and/or files: 
[1.113s] -- Added test 'cpplint' to check C / C++ code against the Google style
[1.113s] -- Configured cpplint exclude dirs and/or files: 
[1.116s] -- Added test 'flake8' to check Python code syntax and style conventions
[1.123s] -- Added test 'lint_cmake' to check CMake code style
[1.126s] -- Added test 'pep257' to check Python code against some of the style conventions in PEP 257
[1.146s] -- Added test 'uncrustify' to check C / C++ code style
[1.146s] -- Configured uncrustify additional arguments: 
[1.149s] -- Added test 'xmllint' to check XML markup files
[1.155s] -- Configuring done
[1.183s] -- Generating done
[1.187s] -- Build files have been written to: /home/max/PycharmProjects/my_ros2_ws/build/servo_message
[1.195s] Invoked command in '/home/max/PycharmProjects/my_ros2_ws/build/servo_message' returned '0': CMAKE_PREFIX_PATH=${CMAKE_PREFIX_PATH}:/home/max/PycharmProjects/my_ros2_ws/install/py_pubsub:/opt/ros/foxy /usr/bin/cmake /home/max/PycharmProjects/my_ros2_ws/servo_message -DCMAKE_INSTALL_PREFIX=/home/max/PycharmProjects/my_ros2_ws/install/servo_message
[1.198s] Invoking command in '/home/max/PycharmProjects/my_ros2_ws/build/servo_message': CMAKE_PREFIX_PATH=${CMAKE_PREFIX_PATH}:/home/max/PycharmProjects/my_ros2_ws/install/py_pubsub:/opt/ros/foxy /usr/bin/cmake --build /home/max/PycharmProjects/my_ros2_ws/build/servo_message -- -j4 -l4
[1.252s] [35m[1mScanning dependencies of target servo_message__cpp[0m
[1.258s] [  3%] [34m[1mGenerating C code for ROS interfaces[0m
[1.262s] [  6%] [34m[1mGenerating C++ code for ROS interfaces[0m
[1.467s] [  6%] Built target servo_message__cpp
[1.477s] [  9%] [34m[1mGenerating C++ type support dispatch for ROS interfaces[0m
[1.487s] [ 16%] [34m[1mGenerating C++ introspection for ROS interfaces[0m
[1.487s] [ 16%] [34m[1mGenerating C++ type support for eProsima Fast-RTPS[0m
[1.494s] [35m[1mScanning dependencies of target servo_message__rosidl_generator_c[0m
[1.509s] [ 19%] [32mBuilding C object CMakeFiles/servo_message__rosidl_generator_c.dir/rosidl_generator_c/servo_message/msg/detail/servo_message__functions.c.o[0m
[1.560s] [ 22%] [32m[1mLinking C shared library libservo_message__rosidl_generator_c.so[0m
[1.600s] [ 22%] Built target servo_message__rosidl_generator_c
[1.610s] [ 25%] [34m[1mGenerating C introspection for ROS interfaces[0m
[1.694s] [35m[1mScanning dependencies of target servo_message__rosidl_typesupport_cpp[0m
[1.709s] [ 29%] [32mBuilding CXX object CMakeFiles/servo_message__rosidl_typesupport_cpp.dir/rosidl_typesupport_cpp/servo_message/msg/servo_message__type_support.cpp.o[0m
[1.740s] [35m[1mScanning dependencies of target servo_message__rosidl_typesupport_fastrtps_cpp[0m
[1.740s] [35m[1mScanning dependencies of target servo_message__rosidl_typesupport_introspection_cpp[0m
[1.753s] [ 32%] [32mBuilding CXX object CMakeFiles/servo_message__rosidl_typesupport_introspection_cpp.dir/rosidl_typesupport_introspection_cpp/servo_message/msg/detail/servo_message__type_support.cpp.o[0m
[1.758s] [ 35%] [32mBuilding CXX object CMakeFiles/servo_message__rosidl_typesupport_fastrtps_cpp.dir/rosidl_typesupport_fastrtps_cpp/servo_message/msg/detail/dds_fastrtps/servo_message__type_support.cpp.o[0m
[1.854s] [35m[1mScanning dependencies of target servo_message__rosidl_typesupport_introspection_c[0m
[1.868s] [ 38%] [32mBuilding C object CMakeFiles/servo_message__rosidl_typesupport_introspection_c.dir/rosidl_typesupport_introspection_c/servo_message/msg/detail/servo_message__type_support.c.o[0m
[1.905s] [ 41%] [32m[1mLinking C shared library libservo_message__rosidl_typesupport_introspection_c.so[0m
[1.937s] [ 41%] Built target servo_message__rosidl_typesupport_introspection_c
[1.950s] [ 45%] [34m[1mGenerating C type support dispatch for ROS interfaces[0m
[1.991s] [ 48%] [32m[1mLinking CXX shared library libservo_message__rosidl_typesupport_cpp.so[0m
[2.036s] [ 48%] Built target servo_message__rosidl_typesupport_cpp
[2.048s] [ 51%] [32m[1mLinking CXX shared library libservo_message__rosidl_typesupport_introspection_cpp.so[0m
[2.100s] [ 51%] Built target servo_message__rosidl_typesupport_introspection_cpp
[2.162s] [35m[1mScanning dependencies of target servo_message__rosidl_typesupport_c[0m
[2.172s] [ 54%] [32m[1mLinking CXX shared library libservo_message__rosidl_typesupport_fastrtps_cpp.so[0m
[2.180s] [ 58%] [32mBuilding CXX object CMakeFiles/servo_message__rosidl_typesupport_c.dir/rosidl_typesupport_c/servo_message/msg/servo_message__type_support.cpp.o[0m
[2.214s] [ 61%] [32m[1mLinking CXX shared library libservo_message__rosidl_typesupport_c.so[0m
[2.270s] [ 61%] Built target servo_message__rosidl_typesupport_c
[2.297s] [ 61%] Built target servo_message__rosidl_typesupport_fastrtps_cpp
[2.313s] [ 64%] [34m[1mGenerating C type support for eProsima Fast-RTPS[0m
[2.506s] [35m[1mScanning dependencies of target servo_message__rosidl_typesupport_fastrtps_c[0m
[2.526s] [ 67%] [32mBuilding CXX object CMakeFiles/servo_message__rosidl_typesupport_fastrtps_c.dir/rosidl_typesupport_fastrtps_c/servo_message/msg/detail/servo_message__type_support_c.cpp.o[0m
[2.815s] [ 70%] [32m[1mLinking CXX shared library libservo_message__rosidl_typesupport_fastrtps_c.so[0m
[2.930s] [ 70%] Built target servo_message__rosidl_typesupport_fastrtps_c
[2.940s] [35m[1mScanning dependencies of target servo_message[0m
[2.956s] [ 70%] Built target servo_message
[2.967s] [35m[1mScanning dependencies of target servo_message__py[0m
[2.982s] [ 74%] [34m[1mGenerating Python code for ROS interfaces[0m
[3.310s] [ 74%] Built target servo_message__py
[3.325s] [35m[1mScanning dependencies of target servo_message__python[0m
[3.346s] [ 77%] [32mBuilding C object CMakeFiles/servo_message__python.dir/rosidl_generator_py/servo_message/msg/_servo_message_s.c.o[0m
[3.440s] [ 80%] [32m[1mLinking C shared library rosidl_generator_py/servo_message/libservo_message__python.so[0m
[3.490s] [ 80%] Built target servo_message__python
[3.502s] [35m[1mScanning dependencies of target servo_message__rosidl_typesupport_introspection_c__pyext[0m
[3.503s] [35m[1mScanning dependencies of target servo_message__rosidl_typesupport_c__pyext[0m
[3.507s] [35m[1mScanning dependencies of target servo_message__rosidl_typesupport_fastrtps_c__pyext[0m
[3.519s] [ 83%] [32mBuilding C object CMakeFiles/servo_message__rosidl_typesupport_introspection_c__pyext.dir/rosidl_generator_py/servo_message/_servo_message_s.ep.rosidl_typesupport_introspection_c.c.o[0m
[3.523s] [ 87%] [32mBuilding C object CMakeFiles/servo_message__rosidl_typesupport_c__pyext.dir/rosidl_generator_py/servo_message/_servo_message_s.ep.rosidl_typesupport_c.c.o[0m
[3.529s] [ 90%] [32mBuilding C object CMakeFiles/servo_message__rosidl_typesupport_fastrtps_c__pyext.dir/rosidl_generator_py/servo_message/_servo_message_s.ep.rosidl_typesupport_fastrtps_c.c.o[0m
[3.608s] [ 93%] [32m[1mLinking C shared library rosidl_generator_py/servo_message/servo_message_s__rosidl_typesupport_introspection_c.cpython-38-x86_64-linux-gnu.so[0m
[3.614s] [ 96%] [32m[1mLinking CXX shared library rosidl_generator_py/servo_message/servo_message_s__rosidl_typesupport_fastrtps_c.cpython-38-x86_64-linux-gnu.so[0m
[3.619s] [100%] [32m[1mLinking C shared library rosidl_generator_py/servo_message/servo_message_s__rosidl_typesupport_c.cpython-38-x86_64-linux-gnu.so[0m
[3.644s] [100%] Built target servo_message__rosidl_typesupport_introspection_c__pyext
[3.670s] [100%] Built target servo_message__rosidl_typesupport_c__pyext
[3.678s] [100%] Built target servo_message__rosidl_typesupport_fastrtps_c__pyext
[3.690s] Invoked command in '/home/max/PycharmProjects/my_ros2_ws/build/servo_message' returned '0': CMAKE_PREFIX_PATH=${CMAKE_PREFIX_PATH}:/home/max/PycharmProjects/my_ros2_ws/install/py_pubsub:/opt/ros/foxy /usr/bin/cmake --build /home/max/PycharmProjects/my_ros2_ws/build/servo_message -- -j4 -l4
[3.757s] Invoking command in '/home/max/PycharmProjects/my_ros2_ws/build/servo_message': CMAKE_PREFIX_PATH=${CMAKE_PREFIX_PATH}:/home/max/PycharmProjects/my_ros2_ws/install/py_pubsub:/opt/ros/foxy /usr/bin/cmake --install /home/max/PycharmProjects/my_ros2_ws/build/servo_message
[3.770s] -- Install configuration: ""
[3.771s] -- Installing: /home/max/PycharmProjects/my_ros2_ws/install/servo_message/share/ament_index/resource_index/rosidl_interfaces/servo_message
[3.771s] -- Installing: /home/max/PycharmProjects/my_ros2_ws/install/servo_message/include/servo_message
[3.771s] -- Installing: /home/max/PycharmProjects/my_ros2_ws/install/servo_message/include/servo_message/msg
[3.771s] -- Installing: /home/max/PycharmProjects/my_ros2_ws/install/servo_message/include/servo_message/msg/servo_message.h
[3.771s] -- Installing: /home/max/PycharmProjects/my_ros2_ws/install/servo_message/include/servo_message/msg/detail
[3.771s] -- Installing: /home/max/PycharmProjects/my_ros2_ws/install/servo_message/include/servo_message/msg/detail/servo_message__functions.h
[3.772s] -- Installing: /home/max/PycharmProjects/my_ros2_ws/install/servo_message/include/servo_message/msg/detail/servo_message__type_support.h
[3.772s] -- Installing: /home/max/PycharmProjects/my_ros2_ws/install/servo_message/include/servo_message/msg/detail/servo_message__functions.c
[3.772s] -- Installing: /home/max/PycharmProjects/my_ros2_ws/install/servo_message/include/servo_message/msg/detail/servo_message__struct.h
[3.772s] -- Installing: /home/max/PycharmProjects/my_ros2_ws/install/servo_message/include/servo_message/msg/rosidl_generator_c__visibility_control.h
[3.772s] -- Installing: /home/max/PycharmProjects/my_ros2_ws/install/servo_message/share/servo_message/environment/library_path.sh
[3.772s] -- Installing: /home/max/PycharmProjects/my_ros2_ws/install/servo_message/share/servo_message/environment/library_path.dsv
[3.772s] -- Installing: /home/max/PycharmProjects/my_ros2_ws/install/servo_message/lib/libservo_message__rosidl_generator_c.so
[3.772s] -- Set runtime path of "/home/max/PycharmProjects/my_ros2_ws/install/servo_message/lib/libservo_message__rosidl_generator_c.so" to ""
[3.773s] -- Up-to-date: /home/max/PycharmProjects/my_ros2_ws/install/servo_message/include/servo_message
[3.773s] -- Up-to-date: /home/max/PycharmProjects/my_ros2_ws/install/servo_message/include/servo_message/msg
[3.773s] -- Installing: /home/max/PycharmProjects/my_ros2_ws/install/servo_message/include/servo_message/msg/rosidl_typesupport_fastrtps_c__visibility_control.h
[3.773s] -- Up-to-date: /home/max/PycharmProjects/my_ros2_ws/install/servo_message/include/servo_message/msg/detail
[3.773s] -- Installing: /home/max/PycharmProjects/my_ros2_ws/install/servo_message/include/servo_message/msg/detail/servo_message__rosidl_typesupport_fastrtps_c.h
[3.773s] -- Installing: /home/max/PycharmProjects/my_ros2_ws/install/servo_message/lib/libservo_message__rosidl_typesupport_fastrtps_c.so
[3.773s] -- Set runtime path of "/home/max/PycharmProjects/my_ros2_ws/install/servo_message/lib/libservo_message__rosidl_typesupport_fastrtps_c.so" to ""
[3.773s] -- Up-to-date: /home/max/PycharmProjects/my_ros2_ws/install/servo_message/include/servo_message
[3.774s] -- Up-to-date: /home/max/PycharmProjects/my_ros2_ws/install/servo_message/include/servo_message/msg
[3.774s] -- Installing: /home/max/PycharmProjects/my_ros2_ws/install/servo_message/include/servo_message/msg/rosidl_typesupport_fastrtps_cpp__visibility_control.h
[3.774s] -- Up-to-date: /home/max/PycharmProjects/my_ros2_ws/install/servo_message/include/servo_message/msg/detail
[3.774s] -- Installing: /home/max/PycharmProjects/my_ros2_ws/install/servo_message/include/servo_message/msg/detail/servo_message__rosidl_typesupport_fastrtps_cpp.hpp
[3.774s] -- Installing: /home/max/PycharmProjects/my_ros2_ws/install/servo_message/include/servo_message/msg/detail/dds_fastrtps
[3.774s] -- Installing: /home/max/PycharmProjects/my_ros2_ws/install/servo_message/lib/libservo_message__rosidl_typesupport_fastrtps_cpp.so
[3.774s] -- Set runtime path of "/home/max/PycharmProjects/my_ros2_ws/install/servo_message/lib/libservo_message__rosidl_typesupport_fastrtps_cpp.so" to ""
[3.775s] -- Up-to-date: /home/max/PycharmProjects/my_ros2_ws/install/servo_message/include/servo_message
[3.775s] -- Up-to-date: /home/max/PycharmProjects/my_ros2_ws/install/servo_message/include/servo_message/msg
[3.775s] -- Up-to-date: /home/max/PycharmProjects/my_ros2_ws/install/servo_message/include/servo_message/msg/detail
[3.775s] -- Installing: /home/max/PycharmProjects/my_ros2_ws/install/servo_message/include/servo_message/msg/detail/servo_message__type_support.c
[3.775s] -- Installing: /home/max/PycharmProjects/my_ros2_ws/install/servo_message/include/servo_message/msg/detail/servo_message__rosidl_typesupport_introspection_c.h
[3.775s] -- Installing: /home/max/PycharmProjects/my_ros2_ws/install/servo_message/include/servo_message/msg/rosidl_typesupport_introspection_c__visibility_control.h
[3.775s] -- Installing: /home/max/PycharmProjects/my_ros2_ws/install/servo_message/lib/libservo_message__rosidl_typesupport_introspection_c.so
[3.775s] -- Set runtime path of "/home/max/PycharmProjects/my_ros2_ws/install/servo_message/lib/libservo_message__rosidl_typesupport_introspection_c.so" to ""
[3.775s] -- Installing: /home/max/PycharmProjects/my_ros2_ws/install/servo_message/lib/libservo_message__rosidl_typesupport_c.so
[3.776s] -- Set runtime path of "/home/max/PycharmProjects/my_ros2_ws/install/servo_message/lib/libservo_message__rosidl_typesupport_c.so" to ""
[3.776s] -- Up-to-date: /home/max/PycharmProjects/my_ros2_ws/install/servo_message/include/servo_message
[3.776s] -- Up-to-date: /home/max/PycharmProjects/my_ros2_ws/install/servo_message/include/servo_message/msg
[3.776s] -- Installing: /home/max/PycharmProjects/my_ros2_ws/install/servo_message/include/servo_message/msg/servo_message.hpp
[3.776s] -- Up-to-date: /home/max/PycharmProjects/my_ros2_ws/install/servo_message/include/servo_message/msg/detail
[3.776s] -- Installing: /home/max/PycharmProjects/my_ros2_ws/install/servo_message/include/servo_message/msg/detail/servo_message__struct.hpp
[3.776s] -- Installing: /home/max/PycharmProjects/my_ros2_ws/install/servo_message/include/servo_message/msg/detail/servo_message__traits.hpp
[3.776s] -- Installing: /home/max/PycharmProjects/my_ros2_ws/install/servo_message/include/servo_message/msg/detail/servo_message__builder.hpp
[3.776s] -- Up-to-date: /home/max/PycharmProjects/my_ros2_ws/install/servo_message/include/servo_message
[3.777s] -- Up-to-date: /home/max/PycharmProjects/my_ros2_ws/install/servo_message/include/servo_message/msg
[3.777s] -- Up-to-date: /home/max/PycharmProjects/my_ros2_ws/install/servo_message/include/servo_message/msg/detail
[3.777s] -- Installing: /home/max/PycharmProjects/my_ros2_ws/install/servo_message/include/servo_message/msg/detail/servo_message__type_support.cpp
[3.777s] -- Installing: /home/max/PycharmProjects/my_ros2_ws/install/servo_message/include/servo_message/msg/detail/servo_message__rosidl_typesupport_introspection_cpp.hpp
[3.777s] -- Installing: /home/max/PycharmProjects/my_ros2_ws/install/servo_message/lib/libservo_message__rosidl_typesupport_introspection_cpp.so
[3.777s] -- Set runtime path of "/home/max/PycharmProjects/my_ros2_ws/install/servo_message/lib/libservo_message__rosidl_typesupport_introspection_cpp.so" to ""
[3.777s] -- Installing: /home/max/PycharmProjects/my_ros2_ws/install/servo_message/lib/libservo_message__rosidl_typesupport_cpp.so
[3.777s] -- Set runtime path of "/home/max/PycharmProjects/my_ros2_ws/install/servo_message/lib/libservo_message__rosidl_typesupport_cpp.so" to ""
[3.777s] -- Installing: /home/max/PycharmProjects/my_ros2_ws/install/servo_message/share/servo_message/environment/pythonpath.sh
[3.777s] -- Installing: /home/max/PycharmProjects/my_ros2_ws/install/servo_message/share/servo_message/environment/pythonpath.dsv
[3.778s] -- Installing: /home/max/PycharmProjects/my_ros2_ws/install/servo_message/lib/python3.8/site-packages/servo_message/__init__.py
[3.809s] Compiling '/home/max/PycharmProjects/my_ros2_ws/install/servo_message/lib/python3.8/site-packages/servo_message/__init__.py'...
[3.813s] -- Installing: /home/max/PycharmProjects/my_ros2_ws/install/servo_message/lib/python3.8/site-packages/servo_message/msg
[3.813s] -- Installing: /home/max/PycharmProjects/my_ros2_ws/install/servo_message/lib/python3.8/site-packages/servo_message/msg/__init__.py
[3.813s] -- Installing: /home/max/PycharmProjects/my_ros2_ws/install/servo_message/lib/python3.8/site-packages/servo_message/msg/_servo_message_s.c
[3.814s] -- Installing: /home/max/PycharmProjects/my_ros2_ws/install/servo_message/lib/python3.8/site-packages/servo_message/msg/_servo_message.py
[3.814s] -- Installing: /home/max/PycharmProjects/my_ros2_ws/install/servo_message/lib/python3.8/site-packages/servo_message/servo_message_s__rosidl_typesupport_fastrtps_c.cpython-38-x86_64-linux-gnu.so
[3.815s] -- Set runtime path of "/home/max/PycharmProjects/my_ros2_ws/install/servo_message/lib/python3.8/site-packages/servo_message/servo_message_s__rosidl_typesupport_fastrtps_c.cpython-38-x86_64-linux-gnu.so" to ""
[3.816s] -- Installing: /home/max/PycharmProjects/my_ros2_ws/install/servo_message/lib/python3.8/site-packages/servo_message/servo_message_s__rosidl_typesupport_introspection_c.cpython-38-x86_64-linux-gnu.so
[3.817s] -- Set runtime path of "/home/max/PycharmProjects/my_ros2_ws/install/servo_message/lib/python3.8/site-packages/servo_message/servo_message_s__rosidl_typesupport_introspection_c.cpython-38-x86_64-linux-gnu.so" to ""
[3.817s] -- Installing: /home/max/PycharmProjects/my_ros2_ws/install/servo_message/lib/python3.8/site-packages/servo_message/servo_message_s__rosidl_typesupport_c.cpython-38-x86_64-linux-gnu.so
[3.818s] -- Set runtime path of "/home/max/PycharmProjects/my_ros2_ws/install/servo_message/lib/python3.8/site-packages/servo_message/servo_message_s__rosidl_typesupport_c.cpython-38-x86_64-linux-gnu.so" to ""
[3.818s] -- Installing: /home/max/PycharmProjects/my_ros2_ws/install/servo_message/lib/libservo_message__python.so
[3.818s] -- Set runtime path of "/home/max/PycharmProjects/my_ros2_ws/install/servo_message/lib/libservo_message__python.so" to ""
[3.819s] -- Installing: /home/max/PycharmProjects/my_ros2_ws/install/servo_message/share/servo_message/msg/ServoMessage.idl
[3.819s] -- Installing: /home/max/PycharmProjects/my_ros2_ws/install/servo_message/share/servo_message/msg/ServoMessage.msg
[3.819s] -- Installing: /home/max/PycharmProjects/my_ros2_ws/install/servo_message/share/ament_index/resource_index/package_run_dependencies/servo_message
[3.819s] -- Installing: /home/max/PycharmProjects/my_ros2_ws/install/servo_message/share/ament_index/resource_index/parent_prefix_path/servo_message
[3.820s] -- Installing: /home/max/PycharmProjects/my_ros2_ws/install/servo_message/share/servo_message/environment/ament_prefix_path.sh
[3.820s] -- Installing: /home/max/PycharmProjects/my_ros2_ws/install/servo_message/share/servo_message/environment/ament_prefix_path.dsv
[3.820s] -- Installing: /home/max/PycharmProjects/my_ros2_ws/install/servo_message/share/servo_message/environment/path.sh
[3.820s] -- Installing: /home/max/PycharmProjects/my_ros2_ws/install/servo_message/share/servo_message/environment/path.dsv
[3.821s] -- Installing: /home/max/PycharmProjects/my_ros2_ws/install/servo_message/share/servo_message/local_setup.bash
[3.821s] -- Installing: /home/max/PycharmProjects/my_ros2_ws/install/servo_message/share/servo_message/local_setup.sh
[3.821s] -- Installing: /home/max/PycharmProjects/my_ros2_ws/install/servo_message/share/servo_message/local_setup.zsh
[3.822s] -- Installing: /home/max/PycharmProjects/my_ros2_ws/install/servo_message/share/servo_message/local_setup.dsv
[3.822s] -- Installing: /home/max/PycharmProjects/my_ros2_ws/install/servo_message/share/servo_message/package.dsv
[3.822s] -- Installing: /home/max/PycharmProjects/my_ros2_ws/install/servo_message/share/ament_index/resource_index/packages/servo_message
[3.823s] -- Installing: /home/max/PycharmProjects/my_ros2_ws/install/servo_message/share/servo_message/cmake/servo_message__rosidl_generator_cExport.cmake
[3.823s] -- Installing: /home/max/PycharmProjects/my_ros2_ws/install/servo_message/share/servo_message/cmake/servo_message__rosidl_generator_cExport-noconfig.cmake
[3.823s] -- Installing: /home/max/PycharmProjects/my_ros2_ws/install/servo_message/share/servo_message/cmake/servo_message__rosidl_typesupport_introspection_cExport.cmake
[3.823s] -- Installing: /home/max/PycharmProjects/my_ros2_ws/install/servo_message/share/servo_message/cmake/servo_message__rosidl_typesupport_introspection_cExport-noconfig.cmake
[3.823s] -- Installing: /home/max/PycharmProjects/my_ros2_ws/install/servo_message/share/servo_message/cmake/servo_message__rosidl_typesupport_cExport.cmake
[3.823s] -- Installing: /home/max/PycharmProjects/my_ros2_ws/install/servo_message/share/servo_message/cmake/servo_message__rosidl_typesupport_cExport-noconfig.cmake
[3.824s] -- Installing: /home/max/PycharmProjects/my_ros2_ws/install/servo_message/share/servo_message/cmake/servo_message__rosidl_generator_cppExport.cmake
[3.824s] -- Installing: /home/max/PycharmProjects/my_ros2_ws/install/servo_message/share/servo_message/cmake/servo_message__rosidl_typesupport_introspection_cppExport.cmake
[3.824s] -- Installing: /home/max/PycharmProjects/my_ros2_ws/install/servo_message/share/servo_message/cmake/servo_message__rosidl_typesupport_introspection_cppExport-noconfig.cmake
[3.824s] -- Installing: /home/max/PycharmProjects/my_ros2_ws/install/servo_message/share/servo_message/cmake/servo_message__rosidl_typesupport_cppExport.cmake
[3.824s] -- Installing: /home/max/PycharmProjects/my_ros2_ws/install/servo_message/share/servo_message/cmake/servo_message__rosidl_typesupport_cppExport-noconfig.cmake
[3.824s] -- Installing: /home/max/PycharmProjects/my_ros2_ws/install/servo_message/share/servo_message/cmake/rosidl_cmake-extras.cmake
[3.824s] -- Installing: /home/max/PycharmProjects/my_ros2_ws/install/servo_message/share/servo_message/cmake/ament_cmake_export_dependencies-extras.cmake
[3.824s] -- Installing: /home/max/PycharmProjects/my_ros2_ws/install/servo_message/share/servo_message/cmake/ament_cmake_export_libraries-extras.cmake
[3.825s] -- Installing: /home/max/PycharmProjects/my_ros2_ws/install/servo_message/share/servo_message/cmake/ament_cmake_export_targets-extras.cmake
[3.825s] -- Installing: /home/max/PycharmProjects/my_ros2_ws/install/servo_message/share/servo_message/cmake/ament_cmake_export_include_directories-extras.cmake
[3.825s] -- Installing: /home/max/PycharmProjects/my_ros2_ws/install/servo_message/share/servo_message/cmake/rosidl_cmake_export_typesupport_libraries-extras.cmake
[3.825s] -- Installing: /home/max/PycharmProjects/my_ros2_ws/install/servo_message/share/servo_message/cmake/rosidl_cmake_export_typesupport_targets-extras.cmake
[3.825s] -- Installing: /home/max/PycharmProjects/my_ros2_ws/install/servo_message/share/servo_message/cmake/servo_messageConfig.cmake
[3.825s] -- Installing: /home/max/PycharmProjects/my_ros2_ws/install/servo_message/share/servo_message/cmake/servo_messageConfig-version.cmake
[3.825s] -- Installing: /home/max/PycharmProjects/my_ros2_ws/install/servo_message/share/servo_message/package.xml
[3.831s] Invoked command in '/home/max/PycharmProjects/my_ros2_ws/build/servo_message' returned '0': CMAKE_PREFIX_PATH=${CMAKE_PREFIX_PATH}:/home/max/PycharmProjects/my_ros2_ws/install/py_pubsub:/opt/ros/foxy /usr/bin/cmake --install /home/max/PycharmProjects/my_ros2_ws/build/servo_message
