[0.684s] Invoking command in '/home/max/microros_ws4/firmware/mcu_ws/ros2/common_interfaces/sensor_msgs_py': AMENT_PREFIX_PATH=/home/max/microros_ws4/firmware/mcu_ws/install:${AMENT_PREFIX_PATH} CMAKE_PREFIX_PATH=/home/max/microros_ws4/firmware/mcu_ws/install:${CMAKE_PREFIX_PATH} LD_LIBRARY_PATH=/home/max/microros_ws4/firmware/mcu_ws/install/lib:${LD_LIBRARY_PATH} PKG_CONFIG_PATH=/home/max/microros_ws4/firmware/mcu_ws/install/lib/x86_64-linux-gnu/pkgconfig:/home/max/microros_ws4/firmware/mcu_ws/install/lib/pkgconfig:${PKG_CONFIG_PATH} PYTHONPATH=/home/max/microros_ws4/firmware/mcu_ws/build/sensor_msgs_py/prefix_override:/home/max/microros_ws4/firmware/mcu_ws/install/lib/python3.8/site-packages:/home/max/microros_ws4/firmware/mcu_ws/install/lib/python3.8/site-packages:${PYTHONPATH} /usr/bin/python3 setup.py egg_info --egg-base ../../../build/sensor_msgs_py build --build-base /home/max/microros_ws4/firmware/mcu_ws/build/sensor_msgs_py/build install --record /home/max/microros_ws4/firmware/mcu_ws/build/sensor_msgs_py/install.log --install-scripts $base/lib/sensor_msgs_py --single-version-externally-managed
[0.865s] running egg_info
[0.865s] creating ../../../build/sensor_msgs_py/sensor_msgs_py.egg-info
[0.865s] writing ../../../build/sensor_msgs_py/sensor_msgs_py.egg-info/PKG-INFO
[0.866s] writing dependency_links to ../../../build/sensor_msgs_py/sensor_msgs_py.egg-info/dependency_links.txt
[0.866s] writing requirements to ../../../build/sensor_msgs_py/sensor_msgs_py.egg-info/requires.txt
[0.866s] writing top-level names to ../../../build/sensor_msgs_py/sensor_msgs_py.egg-info/top_level.txt
[0.867s] writing manifest file '../../../build/sensor_msgs_py/sensor_msgs_py.egg-info/SOURCES.txt'
[0.898s] reading manifest file '../../../build/sensor_msgs_py/sensor_msgs_py.egg-info/SOURCES.txt'
[0.898s] writing manifest file '../../../build/sensor_msgs_py/sensor_msgs_py.egg-info/SOURCES.txt'
[0.898s] running build
[0.898s] running build_py
[0.898s] creating /home/max/microros_ws4/firmware/mcu_ws/build/sensor_msgs_py/build
[0.899s] creating /home/max/microros_ws4/firmware/mcu_ws/build/sensor_msgs_py/build/lib
[0.899s] creating /home/max/microros_ws4/firmware/mcu_ws/build/sensor_msgs_py/build/lib/sensor_msgs_py
[0.899s] copying sensor_msgs_py/__init__.py -> /home/max/microros_ws4/firmware/mcu_ws/build/sensor_msgs_py/build/lib/sensor_msgs_py
[0.899s] copying sensor_msgs_py/point_cloud2.py -> /home/max/microros_ws4/firmware/mcu_ws/build/sensor_msgs_py/build/lib/sensor_msgs_py
[0.904s] running install
[0.905s] running install_lib
[0.906s] creating /home/max/microros_ws4/firmware/mcu_ws/install/lib/python3.8/site-packages/sensor_msgs_py
[0.907s] copying /home/max/microros_ws4/firmware/mcu_ws/build/sensor_msgs_py/build/lib/sensor_msgs_py/__init__.py -> /home/max/microros_ws4/firmware/mcu_ws/install/lib/python3.8/site-packages/sensor_msgs_py
[0.907s] copying /home/max/microros_ws4/firmware/mcu_ws/build/sensor_msgs_py/build/lib/sensor_msgs_py/point_cloud2.py -> /home/max/microros_ws4/firmware/mcu_ws/install/lib/python3.8/site-packages/sensor_msgs_py
[0.907s] byte-compiling /home/max/microros_ws4/firmware/mcu_ws/install/lib/python3.8/site-packages/sensor_msgs_py/__init__.py to __init__.cpython-38.pyc
[0.908s] byte-compiling /home/max/microros_ws4/firmware/mcu_ws/install/lib/python3.8/site-packages/sensor_msgs_py/point_cloud2.py to point_cloud2.cpython-38.pyc
[0.909s] running install_data
[0.909s] copying resource/sensor_msgs_py -> /home/max/microros_ws4/firmware/mcu_ws/install/share/ament_index/resource_index/packages
[0.910s] copying package.xml -> /home/max/microros_ws4/firmware/mcu_ws/install/share/sensor_msgs_py
[0.910s] running install_egg_info
[0.911s] Copying ../../../build/sensor_msgs_py/sensor_msgs_py.egg-info to /home/max/microros_ws4/firmware/mcu_ws/install/lib/python3.8/site-packages/sensor_msgs_py-2.0.5-py3.8.egg-info
[0.912s] running install_scripts
[0.931s] writing list of installed files to '/home/max/microros_ws4/firmware/mcu_ws/build/sensor_msgs_py/install.log'
[0.968s] Invoked command in '/home/max/microros_ws4/firmware/mcu_ws/ros2/common_interfaces/sensor_msgs_py' returned '0': AMENT_PREFIX_PATH=/home/max/microros_ws4/firmware/mcu_ws/install:${AMENT_PREFIX_PATH} CMAKE_PREFIX_PATH=/home/max/microros_ws4/firmware/mcu_ws/install:${CMAKE_PREFIX_PATH} LD_LIBRARY_PATH=/home/max/microros_ws4/firmware/mcu_ws/install/lib:${LD_LIBRARY_PATH} PKG_CONFIG_PATH=/home/max/microros_ws4/firmware/mcu_ws/install/lib/x86_64-linux-gnu/pkgconfig:/home/max/microros_ws4/firmware/mcu_ws/install/lib/pkgconfig:${PKG_CONFIG_PATH} PYTHONPATH=/home/max/microros_ws4/firmware/mcu_ws/build/sensor_msgs_py/prefix_override:/home/max/microros_ws4/firmware/mcu_ws/install/lib/python3.8/site-packages:/home/max/microros_ws4/firmware/mcu_ws/install/lib/python3.8/site-packages:${PYTHONPATH} /usr/bin/python3 setup.py egg_info --egg-base ../../../build/sensor_msgs_py build --build-base /home/max/microros_ws4/firmware/mcu_ws/build/sensor_msgs_py/build install --record /home/max/microros_ws4/firmware/mcu_ws/build/sensor_msgs_py/install.log --install-scripts $base/lib/sensor_msgs_py --single-version-externally-managed
