/home/max/microros_ws4/firmware/mcu_ws/install/lib/python3.8/site-packages/tracetools_trace/__init__.py
/home/max/microros_ws4/firmware/mcu_ws/install/lib/python3.8/site-packages/tracetools_trace/trace.py
/home/max/microros_ws4/firmware/mcu_ws/install/lib/python3.8/site-packages/tracetools_trace/tools/lttng_stub.py
/home/max/microros_ws4/firmware/mcu_ws/install/lib/python3.8/site-packages/tracetools_trace/tools/args.py
/home/max/microros_ws4/firmware/mcu_ws/install/lib/python3.8/site-packages/tracetools_trace/tools/__init__.py
/home/max/microros_ws4/firmware/mcu_ws/install/lib/python3.8/site-packages/tracetools_trace/tools/names.py
/home/max/microros_ws4/firmware/mcu_ws/install/lib/python3.8/site-packages/tracetools_trace/tools/lttng.py
/home/max/microros_ws4/firmware/mcu_ws/install/lib/python3.8/site-packages/tracetools_trace/tools/lttng_impl.py
/home/max/microros_ws4/firmware/mcu_ws/install/lib/python3.8/site-packages/tracetools_trace/tools/path.py
/home/max/microros_ws4/firmware/mcu_ws/install/lib/python3.8/site-packages/tracetools_trace/__pycache__/__init__.cpython-38.pyc
/home/max/microros_ws4/firmware/mcu_ws/install/lib/python3.8/site-packages/tracetools_trace/__pycache__/trace.cpython-38.pyc
/home/max/microros_ws4/firmware/mcu_ws/install/lib/python3.8/site-packages/tracetools_trace/tools/__pycache__/lttng_stub.cpython-38.pyc
/home/max/microros_ws4/firmware/mcu_ws/install/lib/python3.8/site-packages/tracetools_trace/tools/__pycache__/args.cpython-38.pyc
/home/max/microros_ws4/firmware/mcu_ws/install/lib/python3.8/site-packages/tracetools_trace/tools/__pycache__/__init__.cpython-38.pyc
/home/max/microros_ws4/firmware/mcu_ws/install/lib/python3.8/site-packages/tracetools_trace/tools/__pycache__/names.cpython-38.pyc
/home/max/microros_ws4/firmware/mcu_ws/install/lib/python3.8/site-packages/tracetools_trace/tools/__pycache__/lttng.cpython-38.pyc
/home/max/microros_ws4/firmware/mcu_ws/install/lib/python3.8/site-packages/tracetools_trace/tools/__pycache__/lttng_impl.cpython-38.pyc
/home/max/microros_ws4/firmware/mcu_ws/install/lib/python3.8/site-packages/tracetools_trace/tools/__pycache__/path.cpython-38.pyc
/home/max/microros_ws4/firmware/mcu_ws/install/share/tracetools_trace/package.xml
/home/max/microros_ws4/firmware/mcu_ws/install/share/ament_index/resource_index/packages/tracetools_trace
/home/max/microros_ws4/firmware/mcu_ws/install/lib/python3.8/site-packages/tracetools_trace-1.0.2-py3.8.egg-info/requires.txt
/home/max/microros_ws4/firmware/mcu_ws/install/lib/python3.8/site-packages/tracetools_trace-1.0.2-py3.8.egg-info/top_level.txt
/home/max/microros_ws4/firmware/mcu_ws/install/lib/python3.8/site-packages/tracetools_trace-1.0.2-py3.8.egg-info/dependency_links.txt
/home/max/microros_ws4/firmware/mcu_ws/install/lib/python3.8/site-packages/tracetools_trace-1.0.2-py3.8.egg-info/entry_points.txt
/home/max/microros_ws4/firmware/mcu_ws/install/lib/python3.8/site-packages/tracetools_trace-1.0.2-py3.8.egg-info/PKG-INFO
/home/max/microros_ws4/firmware/mcu_ws/install/lib/python3.8/site-packages/tracetools_trace-1.0.2-py3.8.egg-info/SOURCES.txt
/home/max/microros_ws4/firmware/mcu_ws/install/lib/tracetools_trace/trace
