make[4]: Entering directory '/home/max/microros_ws4/firmware/mcu_ws/build/rosidl_typesupport_microxrcedds_c'
/usr/bin/cmake -S/home/max/microros_ws4/firmware/mcu_ws/uros/rosidl_typesupport_microxrcedds/rosidl_typesupport_microxrcedds_c -B/home/max/microros_ws4/firmware/mcu_ws/build/rosidl_typesupport_microxrcedds_c --check-build-system CMakeFiles/Makefile.cmake 0
Re-run cmake file: Makefile older than: /home/max/microros_ws4/firmware/mcu_ws/install/share/rosidl_runtime_c/cmake/rosidl_runtime_cExport-debug.cmake
-- Found ament_cmake: 0.9.11 (/home/max/microros_ws4/firmware/dev_ws/install/ament_cmake/share/ament_cmake/cmake)
-- Using PYTHON_EXECUTABLE: /home/max/microros_ws4/firmware/toolchain/espressif/python_env/idf4.1_py3.8_env/bin/python3
-- Found rosidl_runtime_c: 1.3.0 (/home/max/microros_ws4/firmware/mcu_ws/install/share/rosidl_runtime_c/cmake)
CMake Warning at /home/max/microros_ws4/firmware/mcu_ws/install/share/rcutils/cmake/ament_cmake_export_libraries-extras.cmake:116 (message):
  Package 'rcutils' exports library 'dl' which couldn't be found
Call Stack (most recent call first):
  /home/max/microros_ws4/firmware/mcu_ws/install/share/rcutils/cmake/rcutilsConfig.cmake:41 (include)
  /home/max/microros_ws4/firmware/mcu_ws/install/share/rosidl_runtime_c/cmake/ament_cmake_export_dependencies-extras.cmake:21 (find_package)
  /home/max/microros_ws4/firmware/mcu_ws/install/share/rosidl_runtime_c/cmake/rosidl_runtime_cConfig.cmake:41 (include)
  CMakeLists.txt:22 (find_package)


-- Configuring done
-- Generating done
-- Build files have been written to: /home/max/microros_ws4/firmware/mcu_ws/build/rosidl_typesupport_microxrcedds_c
/usr/bin/cmake -E cmake_progress_start /home/max/microros_ws4/firmware/mcu_ws/build/rosidl_typesupport_microxrcedds_c/CMakeFiles /home/max/microros_ws4/firmware/mcu_ws/build/rosidl_typesupport_microxrcedds_c/CMakeFiles/progress.marks
/usr/bin/make -f CMakeFiles/Makefile2 all
make[5]: Entering directory '/home/max/microros_ws4/firmware/mcu_ws/build/rosidl_typesupport_microxrcedds_c'
/usr/bin/make -f CMakeFiles/rosidl_typesupport_microxrcedds_c.dir/build.make CMakeFiles/rosidl_typesupport_microxrcedds_c.dir/depend
make[6]: Entering directory '/home/max/microros_ws4/firmware/mcu_ws/build/rosidl_typesupport_microxrcedds_c'
cd /home/max/microros_ws4/firmware/mcu_ws/build/rosidl_typesupport_microxrcedds_c && /usr/bin/cmake -E cmake_depends "Unix Makefiles" /home/max/microros_ws4/firmware/mcu_ws/uros/rosidl_typesupport_microxrcedds/rosidl_typesupport_microxrcedds_c /home/max/microros_ws4/firmware/mcu_ws/uros/rosidl_typesupport_microxrcedds/rosidl_typesupport_microxrcedds_c /home/max/microros_ws4/firmware/mcu_ws/build/rosidl_typesupport_microxrcedds_c /home/max/microros_ws4/firmware/mcu_ws/build/rosidl_typesupport_microxrcedds_c /home/max/microros_ws4/firmware/mcu_ws/build/rosidl_typesupport_microxrcedds_c/CMakeFiles/rosidl_typesupport_microxrcedds_c.dir/DependInfo.cmake --color=
make[6]: Leaving directory '/home/max/microros_ws4/firmware/mcu_ws/build/rosidl_typesupport_microxrcedds_c'
/usr/bin/make -f CMakeFiles/rosidl_typesupport_microxrcedds_c.dir/build.make CMakeFiles/rosidl_typesupport_microxrcedds_c.dir/build
make[6]: Entering directory '/home/max/microros_ws4/firmware/mcu_ws/build/rosidl_typesupport_microxrcedds_c'
make[6]: Nothing to be done for 'CMakeFiles/rosidl_typesupport_microxrcedds_c.dir/build'.
make[6]: Leaving directory '/home/max/microros_ws4/firmware/mcu_ws/build/rosidl_typesupport_microxrcedds_c'
[100%] Built target rosidl_typesupport_microxrcedds_c
make[5]: Leaving directory '/home/max/microros_ws4/firmware/mcu_ws/build/rosidl_typesupport_microxrcedds_c'
/usr/bin/cmake -E cmake_progress_start /home/max/microros_ws4/firmware/mcu_ws/build/rosidl_typesupport_microxrcedds_c/CMakeFiles 0
make[4]: Leaving directory '/home/max/microros_ws4/firmware/mcu_ws/build/rosidl_typesupport_microxrcedds_c'
-- Install configuration: "Debug"
-- Up-to-date: /home/max/microros_ws4/firmware/mcu_ws/install/share/rosidl_typesupport_microxrcedds_c/environment/pythonpath.sh
-- Installing: /home/max/microros_ws4/firmware/mcu_ws/install/share/rosidl_typesupport_microxrcedds_c/environment/pythonpath.dsv
-- Up-to-date: /home/max/microros_ws4/firmware/mcu_ws/install/lib/python3.8/site-packages/rosidl_typesupport_microxrcedds_c
-- Up-to-date: /home/max/microros_ws4/firmware/mcu_ws/install/lib/python3.8/site-packages/rosidl_typesupport_microxrcedds_c/__init__.py
Listing '/home/max/microros_ws4/firmware/mcu_ws/install/lib/python3.8/site-packages/rosidl_typesupport_microxrcedds_c'...
-- Up-to-date: /home/max/microros_ws4/firmware/mcu_ws/install/share/rosidl_typesupport_microxrcedds_c/environment/library_path.sh
-- Installing: /home/max/microros_ws4/firmware/mcu_ws/install/share/rosidl_typesupport_microxrcedds_c/environment/library_path.dsv
-- Up-to-date: /home/max/microros_ws4/firmware/mcu_ws/install/share/ament_index/resource_index/rosidl_typesupport_c/rosidl_typesupport_microxrcedds_c
-- Up-to-date: /home/max/microros_ws4/firmware/mcu_ws/install/share/ament_index/resource_index/package_run_dependencies/rosidl_typesupport_microxrcedds_c
-- Up-to-date: /home/max/microros_ws4/firmware/mcu_ws/install/share/ament_index/resource_index/parent_prefix_path/rosidl_typesupport_microxrcedds_c
-- Up-to-date: /home/max/microros_ws4/firmware/mcu_ws/install/share/rosidl_typesupport_microxrcedds_c/environment/ament_prefix_path.sh
-- Installing: /home/max/microros_ws4/firmware/mcu_ws/install/share/rosidl_typesupport_microxrcedds_c/environment/ament_prefix_path.dsv
-- Up-to-date: /home/max/microros_ws4/firmware/mcu_ws/install/share/rosidl_typesupport_microxrcedds_c/environment/path.sh
-- Installing: /home/max/microros_ws4/firmware/mcu_ws/install/share/rosidl_typesupport_microxrcedds_c/environment/path.dsv
-- Up-to-date: /home/max/microros_ws4/firmware/mcu_ws/install/share/rosidl_typesupport_microxrcedds_c/local_setup.bash
-- Up-to-date: /home/max/microros_ws4/firmware/mcu_ws/install/share/rosidl_typesupport_microxrcedds_c/local_setup.sh
-- Up-to-date: /home/max/microros_ws4/firmware/mcu_ws/install/share/rosidl_typesupport_microxrcedds_c/local_setup.zsh
-- Installing: /home/max/microros_ws4/firmware/mcu_ws/install/share/rosidl_typesupport_microxrcedds_c/local_setup.dsv
-- Installing: /home/max/microros_ws4/firmware/mcu_ws/install/share/rosidl_typesupport_microxrcedds_c/package.dsv
-- Up-to-date: /home/max/microros_ws4/firmware/mcu_ws/install/share/ament_index/resource_index/packages/rosidl_typesupport_microxrcedds_c
-- Up-to-date: /home/max/microros_ws4/firmware/mcu_ws/install/share/rosidl_typesupport_microxrcedds_c/cmake/rosidl_typesupport_microxrcedds_cExport.cmake
-- Installing: /home/max/microros_ws4/firmware/mcu_ws/install/share/rosidl_typesupport_microxrcedds_c/cmake/rosidl_typesupport_microxrcedds_cExport-debug.cmake
-- Up-to-date: /home/max/microros_ws4/firmware/mcu_ws/install/share/rosidl_typesupport_microxrcedds_c/cmake/rosidl_typesupport_microxrcedds_c-extras.cmake
-- Up-to-date: /home/max/microros_ws4/firmware/mcu_ws/install/share/rosidl_typesupport_microxrcedds_c/cmake/ament_cmake_export_dependencies-extras.cmake
-- Up-to-date: /home/max/microros_ws4/firmware/mcu_ws/install/share/rosidl_typesupport_microxrcedds_c/cmake/ament_cmake_export_include_directories-extras.cmake
-- Up-to-date: /home/max/microros_ws4/firmware/mcu_ws/install/share/rosidl_typesupport_microxrcedds_c/cmake/ament_cmake_export_libraries-extras.cmake
-- Up-to-date: /home/max/microros_ws4/firmware/mcu_ws/install/share/rosidl_typesupport_microxrcedds_c/cmake/ament_cmake_export_targets-extras.cmake
-- Up-to-date: /home/max/microros_ws4/firmware/mcu_ws/install/share/rosidl_typesupport_microxrcedds_c/cmake/rosidl_typesupport_microxrcedds_cConfig.cmake
-- Up-to-date: /home/max/microros_ws4/firmware/mcu_ws/install/share/rosidl_typesupport_microxrcedds_c/cmake/rosidl_typesupport_microxrcedds_cConfig-version.cmake
-- Up-to-date: /home/max/microros_ws4/firmware/mcu_ws/install/share/rosidl_typesupport_microxrcedds_c/package.xml
-- Up-to-date: /home/max/microros_ws4/firmware/mcu_ws/install/lib/rosidl_typesupport_microxrcedds_c/rosidl_typesupport_microxrcedds_c
-- Up-to-date: /home/max/microros_ws4/firmware/mcu_ws/install/share/rosidl_typesupport_microxrcedds_c/cmake
-- Up-to-date: /home/max/microros_ws4/firmware/mcu_ws/install/share/rosidl_typesupport_microxrcedds_c/cmake/rosidl_typesupport_microxrcedds_c_generate_interfaces.cmake
-- Up-to-date: /home/max/microros_ws4/firmware/mcu_ws/install/share/rosidl_typesupport_microxrcedds_c/resource
-- Up-to-date: /home/max/microros_ws4/firmware/mcu_ws/install/share/rosidl_typesupport_microxrcedds_c/resource/idl__type_support_c.c.em
-- Up-to-date: /home/max/microros_ws4/firmware/mcu_ws/install/share/rosidl_typesupport_microxrcedds_c/resource/rosidl_typesupport_microxrcedds_c__visibility_control.h.in
-- Up-to-date: /home/max/microros_ws4/firmware/mcu_ws/install/share/rosidl_typesupport_microxrcedds_c/resource/msg__type_support_c.c.em
-- Up-to-date: /home/max/microros_ws4/firmware/mcu_ws/install/share/rosidl_typesupport_microxrcedds_c/resource/msg__rosidl_typesupport_microxrcedds_c.h.em
-- Up-to-date: /home/max/microros_ws4/firmware/mcu_ws/install/share/rosidl_typesupport_microxrcedds_c/resource/srv__rosidl_typesupport_microxrcedds_c.h.em
-- Up-to-date: /home/max/microros_ws4/firmware/mcu_ws/install/share/rosidl_typesupport_microxrcedds_c/resource/srv__type_support_c.c.em
-- Up-to-date: /home/max/microros_ws4/firmware/mcu_ws/install/share/rosidl_typesupport_microxrcedds_c/resource/idl__rosidl_typesupport_microxrcedds_c.h.em
-- Up-to-date: /home/max/microros_ws4/firmware/mcu_ws/install/include
-- Up-to-date: /home/max/microros_ws4/firmware/mcu_ws/install/include/rosidl_typesupport_microxrcedds_c
-- Up-to-date: /home/max/microros_ws4/firmware/mcu_ws/install/include/rosidl_typesupport_microxrcedds_c/message_type_support.h
-- Up-to-date: /home/max/microros_ws4/firmware/mcu_ws/install/include/rosidl_typesupport_microxrcedds_c/service_type_support.h
-- Up-to-date: /home/max/microros_ws4/firmware/mcu_ws/install/include/rosidl_typesupport_microxrcedds_c/visibility_control.h
-- Up-to-date: /home/max/microros_ws4/firmware/mcu_ws/install/include/rosidl_typesupport_microxrcedds_c/identifier.h
-- Up-to-date: /home/max/microros_ws4/firmware/mcu_ws/install/lib/librosidl_typesupport_microxrcedds_c.a
