[0.018s] Invoking command in '/home/max/PycharmProjects/my_ros2_ws/servo_message/build/servo_message': CMAKE_PREFIX_PATH=${CMAKE_PREFIX_PATH}:/home/max/PycharmProjects/my_ros2_ws/install/py_pubsub:/opt/ros/foxy /usr/bin/cmake --build /home/max/PycharmProjects/my_ros2_ws/servo_message/build/servo_message -- -j4 -l4
[0.046s] -- Found ament_cmake: 0.9.11 (/opt/ros/foxy/share/ament_cmake/cmake)
[0.071s] -- Using PYTHON_EXECUTABLE: /usr/bin/python3
[0.247s] -- Found ament_lint_auto: 0.9.8 (/opt/ros/foxy/share/ament_lint_auto/cmake)
[0.327s] -- Found rosidl_default_generators: 1.0.1 (/opt/ros/foxy/share/rosidl_default_generators/cmake)
[0.330s] -- Using all available rosidl_typesupport_c: rosidl_typesupport_fastrtps_c;rosidl_typesupport_introspection_c
[0.333s] -- Found rosidl_adapter: 1.3.0 (/opt/ros/foxy/share/rosidl_adapter/cmake)
[0.458s] -- Using all available rosidl_typesupport_cpp: rosidl_typesupport_fastrtps_cpp;rosidl_typesupport_introspection_cpp
[0.503s] -- Found PythonInterp: /usr/bin/python3 (found version "3.8.10") 
[0.556s] -- Found ament_cmake_ros: 0.9.2 (/opt/ros/foxy/share/ament_cmake_ros/cmake)
[0.645s] -- Using all available rosidl_typesupport_c: rosidl_typesupport_fastrtps_c;rosidl_typesupport_introspection_c
[0.651s] -- Using all available rosidl_typesupport_cpp: rosidl_typesupport_fastrtps_cpp;rosidl_typesupport_introspection_cpp
[0.679s] -- Found PythonInterp: /usr/bin/python3 (found suitable version "3.8.10", minimum required is "3.5") 
[0.679s] -- Found python_cmake_module: 0.8.1 (/opt/ros/foxy/share/python_cmake_module/cmake)
[0.707s] -- Using PYTHON_EXECUTABLE: /usr/bin/python3
[0.707s] -- Using PYTHON_INCLUDE_DIRS: /usr/include/python3.8
[0.707s] -- Using PYTHON_LIBRARIES: /usr/lib/x86_64-linux-gnu/libpython3.8.so
[0.723s] -- Added test 'copyright' to check source files copyright and LICENSE
[0.744s] -- Added test 'cppcheck' to perform static code analysis on C / C++ code
[0.746s] -- Configured cppcheck include dirs: $<BUILD_INTERFACE:/home/max/PycharmProjects/my_ros2_ws/servo_message/build/servo_message/rosidl_generator_c>;/home/max/PycharmProjects/my_ros2_ws/servo_message/build/servo_message/rosidl_generator_c;/home/max/PycharmProjects/my_ros2_ws/servo_message/build/servo_message/rosidl_generator_cpp;/home/max/PycharmProjects/my_ros2_ws/servo_message/build/servo_message/rosidl_typesupport_fastrtps_c;/home/max/PycharmProjects/my_ros2_ws/servo_message/build/servo_message/rosidl_typesupport_fastrtps_cpp;$<BUILD_INTERFACE:/home/max/PycharmProjects/my_ros2_ws/servo_message/build/servo_message/rosidl_typesupport_introspection_c>;$<BUILD_INTERFACE:/home/max/PycharmProjects/my_ros2_ws/servo_message/build/servo_message/rosidl_typesupport_c>;$<BUILD_INTERFACE:/home/max/PycharmProjects/my_ros2_ws/servo_message/build/servo_message/rosidl_generator_cpp>;/home/max/PycharmProjects/my_ros2_ws/servo_message/build/servo_message/rosidl_generator_py
[0.746s] -- Configured cppcheck exclude dirs and/or files: 
[0.767s] -- Added test 'cpplint' to check C / C++ code against the Google style
[0.767s] -- Configured cpplint exclude dirs and/or files: 
[0.769s] -- Added test 'flake8' to check Python code syntax and style conventions
[0.775s] -- Added test 'lint_cmake' to check CMake code style
[0.778s] -- Added test 'pep257' to check Python code against some of the style conventions in PEP 257
[0.798s] -- Added test 'uncrustify' to check C / C++ code style
[0.799s] -- Configured uncrustify additional arguments: 
[0.801s] -- Added test 'xmllint' to check XML markup files
[0.806s] -- Configuring done
[0.830s] -- Generating done
[0.833s] -- Build files have been written to: /home/max/PycharmProjects/my_ros2_ws/servo_message/build/servo_message
[0.879s] [  9%] Built target servo_message__cpp
[0.879s] [ 12%] Built target servo_message__rosidl_generator_c
[0.901s] [ 22%] Built target servo_message__rosidl_typesupport_cpp
[0.903s] [ 48%] Built target servo_message__rosidl_typesupport_introspection_c
[0.903s] [ 51%] Built target servo_message__rosidl_typesupport_fastrtps_cpp
[0.904s] [ 51%] Built target servo_message__rosidl_typesupport_introspection_cpp
[0.930s] [ 70%] Built target servo_message__rosidl_typesupport_fastrtps_c
[0.930s] [ 70%] Built target servo_message__rosidl_typesupport_c
[0.955s] [ 70%] Built target servo_message
[0.986s] [ 74%] Built target servo_message__py
[1.020s] [ 80%] Built target servo_message__python
[1.047s] [ 93%] Built target servo_message__rosidl_typesupport_introspection_c__pyext
[1.047s] [ 93%] Built target servo_message__rosidl_typesupport_fastrtps_c__pyext
[1.049s] [100%] Built target servo_message__rosidl_typesupport_c__pyext
[1.059s] Invoked command in '/home/max/PycharmProjects/my_ros2_ws/servo_message/build/servo_message' returned '0': CMAKE_PREFIX_PATH=${CMAKE_PREFIX_PATH}:/home/max/PycharmProjects/my_ros2_ws/install/py_pubsub:/opt/ros/foxy /usr/bin/cmake --build /home/max/PycharmProjects/my_ros2_ws/servo_message/build/servo_message -- -j4 -l4
[1.142s] Invoking command in '/home/max/PycharmProjects/my_ros2_ws/servo_message/build/servo_message': CMAKE_PREFIX_PATH=${CMAKE_PREFIX_PATH}:/home/max/PycharmProjects/my_ros2_ws/install/py_pubsub:/opt/ros/foxy /usr/bin/cmake --install /home/max/PycharmProjects/my_ros2_ws/servo_message/build/servo_message
[1.153s] -- Install configuration: ""
[1.153s] -- Up-to-date: /home/max/PycharmProjects/my_ros2_ws/servo_message/install/servo_message/share/ament_index/resource_index/rosidl_interfaces/servo_message
[1.154s] -- Up-to-date: /home/max/PycharmProjects/my_ros2_ws/servo_message/install/servo_message/include/servo_message
[1.154s] -- Up-to-date: /home/max/PycharmProjects/my_ros2_ws/servo_message/install/servo_message/include/servo_message/msg
[1.154s] -- Up-to-date: /home/max/PycharmProjects/my_ros2_ws/servo_message/install/servo_message/include/servo_message/msg/servo_message.h
[1.154s] -- Up-to-date: /home/max/PycharmProjects/my_ros2_ws/servo_message/install/servo_message/include/servo_message/msg/detail
[1.154s] -- Up-to-date: /home/max/PycharmProjects/my_ros2_ws/servo_message/install/servo_message/include/servo_message/msg/detail/servo_message__functions.h
[1.154s] -- Up-to-date: /home/max/PycharmProjects/my_ros2_ws/servo_message/install/servo_message/include/servo_message/msg/detail/servo_message__type_support.h
[1.155s] -- Up-to-date: /home/max/PycharmProjects/my_ros2_ws/servo_message/install/servo_message/include/servo_message/msg/detail/servo_message__functions.c
[1.155s] -- Up-to-date: /home/max/PycharmProjects/my_ros2_ws/servo_message/install/servo_message/include/servo_message/msg/detail/servo_message__struct.h
[1.155s] -- Up-to-date: /home/max/PycharmProjects/my_ros2_ws/servo_message/install/servo_message/include/servo_message/msg/rosidl_generator_c__visibility_control.h
[1.155s] -- Up-to-date: /home/max/PycharmProjects/my_ros2_ws/servo_message/install/servo_message/share/servo_message/environment/library_path.sh
[1.155s] -- Installing: /home/max/PycharmProjects/my_ros2_ws/servo_message/install/servo_message/share/servo_message/environment/library_path.dsv
[1.155s] -- Up-to-date: /home/max/PycharmProjects/my_ros2_ws/servo_message/install/servo_message/lib/libservo_message__rosidl_generator_c.so
[1.155s] -- Up-to-date: /home/max/PycharmProjects/my_ros2_ws/servo_message/install/servo_message/include/servo_message
[1.156s] -- Up-to-date: /home/max/PycharmProjects/my_ros2_ws/servo_message/install/servo_message/include/servo_message/msg
[1.156s] -- Up-to-date: /home/max/PycharmProjects/my_ros2_ws/servo_message/install/servo_message/include/servo_message/msg/rosidl_typesupport_fastrtps_c__visibility_control.h
[1.156s] -- Up-to-date: /home/max/PycharmProjects/my_ros2_ws/servo_message/install/servo_message/include/servo_message/msg/detail
[1.156s] -- Up-to-date: /home/max/PycharmProjects/my_ros2_ws/servo_message/install/servo_message/include/servo_message/msg/detail/servo_message__rosidl_typesupport_fastrtps_c.h
[1.156s] -- Up-to-date: /home/max/PycharmProjects/my_ros2_ws/servo_message/install/servo_message/lib/libservo_message__rosidl_typesupport_fastrtps_c.so
[1.156s] -- Up-to-date: /home/max/PycharmProjects/my_ros2_ws/servo_message/install/servo_message/include/servo_message
[1.156s] -- Up-to-date: /home/max/PycharmProjects/my_ros2_ws/servo_message/install/servo_message/include/servo_message/msg
[1.156s] -- Up-to-date: /home/max/PycharmProjects/my_ros2_ws/servo_message/install/servo_message/include/servo_message/msg/rosidl_typesupport_fastrtps_cpp__visibility_control.h
[1.156s] -- Up-to-date: /home/max/PycharmProjects/my_ros2_ws/servo_message/install/servo_message/include/servo_message/msg/detail
[1.157s] -- Up-to-date: /home/max/PycharmProjects/my_ros2_ws/servo_message/install/servo_message/include/servo_message/msg/detail/servo_message__rosidl_typesupport_fastrtps_cpp.hpp
[1.157s] -- Up-to-date: /home/max/PycharmProjects/my_ros2_ws/servo_message/install/servo_message/include/servo_message/msg/detail/dds_fastrtps
[1.157s] -- Up-to-date: /home/max/PycharmProjects/my_ros2_ws/servo_message/install/servo_message/lib/libservo_message__rosidl_typesupport_fastrtps_cpp.so
[1.157s] -- Up-to-date: /home/max/PycharmProjects/my_ros2_ws/servo_message/install/servo_message/include/servo_message
[1.157s] -- Up-to-date: /home/max/PycharmProjects/my_ros2_ws/servo_message/install/servo_message/include/servo_message/msg
[1.157s] -- Up-to-date: /home/max/PycharmProjects/my_ros2_ws/servo_message/install/servo_message/include/servo_message/msg/detail
[1.157s] -- Up-to-date: /home/max/PycharmProjects/my_ros2_ws/servo_message/install/servo_message/include/servo_message/msg/detail/servo_message__type_support.c
[1.157s] -- Up-to-date: /home/max/PycharmProjects/my_ros2_ws/servo_message/install/servo_message/include/servo_message/msg/detail/servo_message__rosidl_typesupport_introspection_c.h
[1.157s] -- Up-to-date: /home/max/PycharmProjects/my_ros2_ws/servo_message/install/servo_message/include/servo_message/msg/rosidl_typesupport_introspection_c__visibility_control.h
[1.158s] -- Up-to-date: /home/max/PycharmProjects/my_ros2_ws/servo_message/install/servo_message/lib/libservo_message__rosidl_typesupport_introspection_c.so
[1.158s] -- Up-to-date: /home/max/PycharmProjects/my_ros2_ws/servo_message/install/servo_message/lib/libservo_message__rosidl_typesupport_c.so
[1.158s] -- Up-to-date: /home/max/PycharmProjects/my_ros2_ws/servo_message/install/servo_message/include/servo_message
[1.158s] -- Up-to-date: /home/max/PycharmProjects/my_ros2_ws/servo_message/install/servo_message/include/servo_message/msg
[1.158s] -- Up-to-date: /home/max/PycharmProjects/my_ros2_ws/servo_message/install/servo_message/include/servo_message/msg/servo_message.hpp
[1.158s] -- Up-to-date: /home/max/PycharmProjects/my_ros2_ws/servo_message/install/servo_message/include/servo_message/msg/detail
[1.158s] -- Up-to-date: /home/max/PycharmProjects/my_ros2_ws/servo_message/install/servo_message/include/servo_message/msg/detail/servo_message__struct.hpp
[1.158s] -- Up-to-date: /home/max/PycharmProjects/my_ros2_ws/servo_message/install/servo_message/include/servo_message/msg/detail/servo_message__traits.hpp
[1.159s] -- Up-to-date: /home/max/PycharmProjects/my_ros2_ws/servo_message/install/servo_message/include/servo_message/msg/detail/servo_message__builder.hpp
[1.159s] -- Up-to-date: /home/max/PycharmProjects/my_ros2_ws/servo_message/install/servo_message/include/servo_message
[1.159s] -- Up-to-date: /home/max/PycharmProjects/my_ros2_ws/servo_message/install/servo_message/include/servo_message/msg
[1.159s] -- Up-to-date: /home/max/PycharmProjects/my_ros2_ws/servo_message/install/servo_message/include/servo_message/msg/detail
[1.159s] -- Up-to-date: /home/max/PycharmProjects/my_ros2_ws/servo_message/install/servo_message/include/servo_message/msg/detail/servo_message__type_support.cpp
[1.159s] -- Up-to-date: /home/max/PycharmProjects/my_ros2_ws/servo_message/install/servo_message/include/servo_message/msg/detail/servo_message__rosidl_typesupport_introspection_cpp.hpp
[1.159s] -- Up-to-date: /home/max/PycharmProjects/my_ros2_ws/servo_message/install/servo_message/lib/libservo_message__rosidl_typesupport_introspection_cpp.so
[1.159s] -- Up-to-date: /home/max/PycharmProjects/my_ros2_ws/servo_message/install/servo_message/lib/libservo_message__rosidl_typesupport_cpp.so
[1.160s] -- Up-to-date: /home/max/PycharmProjects/my_ros2_ws/servo_message/install/servo_message/share/servo_message/environment/pythonpath.sh
[1.160s] -- Installing: /home/max/PycharmProjects/my_ros2_ws/servo_message/install/servo_message/share/servo_message/environment/pythonpath.dsv
[1.160s] -- Installing: /home/max/PycharmProjects/my_ros2_ws/servo_message/install/servo_message/lib/python3.8/site-packages/servo_message/__init__.py
[1.184s] Compiling '/home/max/PycharmProjects/my_ros2_ws/servo_message/install/servo_message/lib/python3.8/site-packages/servo_message/__init__.py'...
[1.188s] -- Up-to-date: /home/max/PycharmProjects/my_ros2_ws/servo_message/install/servo_message/lib/python3.8/site-packages/servo_message/msg
[1.189s] -- Up-to-date: /home/max/PycharmProjects/my_ros2_ws/servo_message/install/servo_message/lib/python3.8/site-packages/servo_message/msg/__init__.py
[1.189s] -- Up-to-date: /home/max/PycharmProjects/my_ros2_ws/servo_message/install/servo_message/lib/python3.8/site-packages/servo_message/msg/_servo_message_s.c
[1.189s] -- Up-to-date: /home/max/PycharmProjects/my_ros2_ws/servo_message/install/servo_message/lib/python3.8/site-packages/servo_message/msg/_servo_message.py
[1.189s] -- Up-to-date: /home/max/PycharmProjects/my_ros2_ws/servo_message/install/servo_message/lib/python3.8/site-packages/servo_message/servo_message_s__rosidl_typesupport_fastrtps_c.cpython-38-x86_64-linux-gnu.so
[1.190s] -- Up-to-date: /home/max/PycharmProjects/my_ros2_ws/servo_message/install/servo_message/lib/python3.8/site-packages/servo_message/servo_message_s__rosidl_typesupport_introspection_c.cpython-38-x86_64-linux-gnu.so
[1.191s] -- Up-to-date: /home/max/PycharmProjects/my_ros2_ws/servo_message/install/servo_message/lib/python3.8/site-packages/servo_message/servo_message_s__rosidl_typesupport_c.cpython-38-x86_64-linux-gnu.so
[1.192s] -- Up-to-date: /home/max/PycharmProjects/my_ros2_ws/servo_message/install/servo_message/lib/libservo_message__python.so
[1.193s] -- Up-to-date: /home/max/PycharmProjects/my_ros2_ws/servo_message/install/servo_message/share/servo_message/msg/ServoMessage.idl
[1.193s] -- Up-to-date: /home/max/PycharmProjects/my_ros2_ws/servo_message/install/servo_message/share/servo_message/msg/ServoMessage.msg
[1.193s] -- Up-to-date: /home/max/PycharmProjects/my_ros2_ws/servo_message/install/servo_message/share/ament_index/resource_index/package_run_dependencies/servo_message
[1.193s] -- Installing: /home/max/PycharmProjects/my_ros2_ws/servo_message/install/servo_message/share/ament_index/resource_index/parent_prefix_path/servo_message
[1.193s] -- Up-to-date: /home/max/PycharmProjects/my_ros2_ws/servo_message/install/servo_message/share/servo_message/environment/ament_prefix_path.sh
[1.193s] -- Installing: /home/max/PycharmProjects/my_ros2_ws/servo_message/install/servo_message/share/servo_message/environment/ament_prefix_path.dsv
[1.194s] -- Up-to-date: /home/max/PycharmProjects/my_ros2_ws/servo_message/install/servo_message/share/servo_message/environment/path.sh
[1.194s] -- Installing: /home/max/PycharmProjects/my_ros2_ws/servo_message/install/servo_message/share/servo_message/environment/path.dsv
[1.194s] -- Up-to-date: /home/max/PycharmProjects/my_ros2_ws/servo_message/install/servo_message/share/servo_message/local_setup.bash
[1.194s] -- Up-to-date: /home/max/PycharmProjects/my_ros2_ws/servo_message/install/servo_message/share/servo_message/local_setup.sh
[1.194s] -- Up-to-date: /home/max/PycharmProjects/my_ros2_ws/servo_message/install/servo_message/share/servo_message/local_setup.zsh
[1.195s] -- Installing: /home/max/PycharmProjects/my_ros2_ws/servo_message/install/servo_message/share/servo_message/local_setup.dsv
[1.195s] -- Installing: /home/max/PycharmProjects/my_ros2_ws/servo_message/install/servo_message/share/servo_message/package.dsv
[1.195s] -- Up-to-date: /home/max/PycharmProjects/my_ros2_ws/servo_message/install/servo_message/share/ament_index/resource_index/packages/servo_message
[1.195s] -- Up-to-date: /home/max/PycharmProjects/my_ros2_ws/servo_message/install/servo_message/share/servo_message/cmake/servo_message__rosidl_generator_cExport.cmake
[1.196s] -- Installing: /home/max/PycharmProjects/my_ros2_ws/servo_message/install/servo_message/share/servo_message/cmake/servo_message__rosidl_generator_cExport-noconfig.cmake
[1.196s] -- Up-to-date: /home/max/PycharmProjects/my_ros2_ws/servo_message/install/servo_message/share/servo_message/cmake/servo_message__rosidl_typesupport_introspection_cExport.cmake
[1.196s] -- Installing: /home/max/PycharmProjects/my_ros2_ws/servo_message/install/servo_message/share/servo_message/cmake/servo_message__rosidl_typesupport_introspection_cExport-noconfig.cmake
[1.197s] -- Up-to-date: /home/max/PycharmProjects/my_ros2_ws/servo_message/install/servo_message/share/servo_message/cmake/servo_message__rosidl_typesupport_cExport.cmake
[1.197s] -- Installing: /home/max/PycharmProjects/my_ros2_ws/servo_message/install/servo_message/share/servo_message/cmake/servo_message__rosidl_typesupport_cExport-noconfig.cmake
[1.197s] -- Up-to-date: /home/max/PycharmProjects/my_ros2_ws/servo_message/install/servo_message/share/servo_message/cmake/servo_message__rosidl_generator_cppExport.cmake
[1.197s] -- Up-to-date: /home/max/PycharmProjects/my_ros2_ws/servo_message/install/servo_message/share/servo_message/cmake/servo_message__rosidl_typesupport_introspection_cppExport.cmake
[1.197s] -- Installing: /home/max/PycharmProjects/my_ros2_ws/servo_message/install/servo_message/share/servo_message/cmake/servo_message__rosidl_typesupport_introspection_cppExport-noconfig.cmake
[1.197s] -- Up-to-date: /home/max/PycharmProjects/my_ros2_ws/servo_message/install/servo_message/share/servo_message/cmake/servo_message__rosidl_typesupport_cppExport.cmake
[1.198s] -- Installing: /home/max/PycharmProjects/my_ros2_ws/servo_message/install/servo_message/share/servo_message/cmake/servo_message__rosidl_typesupport_cppExport-noconfig.cmake
[1.198s] -- Up-to-date: /home/max/PycharmProjects/my_ros2_ws/servo_message/install/servo_message/share/servo_message/cmake/rosidl_cmake-extras.cmake
[1.198s] -- Up-to-date: /home/max/PycharmProjects/my_ros2_ws/servo_message/install/servo_message/share/servo_message/cmake/ament_cmake_export_dependencies-extras.cmake
[1.198s] -- Up-to-date: /home/max/PycharmProjects/my_ros2_ws/servo_message/install/servo_message/share/servo_message/cmake/ament_cmake_export_libraries-extras.cmake
[1.198s] -- Up-to-date: /home/max/PycharmProjects/my_ros2_ws/servo_message/install/servo_message/share/servo_message/cmake/ament_cmake_export_targets-extras.cmake
[1.198s] -- Up-to-date: /home/max/PycharmProjects/my_ros2_ws/servo_message/install/servo_message/share/servo_message/cmake/ament_cmake_export_include_directories-extras.cmake
[1.198s] -- Up-to-date: /home/max/PycharmProjects/my_ros2_ws/servo_message/install/servo_message/share/servo_message/cmake/rosidl_cmake_export_typesupport_libraries-extras.cmake
[1.198s] -- Up-to-date: /home/max/PycharmProjects/my_ros2_ws/servo_message/install/servo_message/share/servo_message/cmake/rosidl_cmake_export_typesupport_targets-extras.cmake
[1.199s] -- Up-to-date: /home/max/PycharmProjects/my_ros2_ws/servo_message/install/servo_message/share/servo_message/cmake/servo_messageConfig.cmake
[1.199s] -- Up-to-date: /home/max/PycharmProjects/my_ros2_ws/servo_message/install/servo_message/share/servo_message/cmake/servo_messageConfig-version.cmake
[1.199s] -- Installing: /home/max/PycharmProjects/my_ros2_ws/servo_message/install/servo_message/share/servo_message/package.xml
[1.200s] Invoked command in '/home/max/PycharmProjects/my_ros2_ws/servo_message/build/servo_message' returned '0': CMAKE_PREFIX_PATH=${CMAKE_PREFIX_PATH}:/home/max/PycharmProjects/my_ros2_ws/install/py_pubsub:/opt/ros/foxy /usr/bin/cmake --install /home/max/PycharmProjects/my_ros2_ws/servo_message/build/servo_message
