[0.023s] Invoking command in '/home/max/microros_ws4/build/micro_ros_msgs': CMAKE_PREFIX_PATH=${CMAKE_PREFIX_PATH}:/opt/ros/foxy /usr/bin/cmake --build /home/max/microros_ws4/build/micro_ros_msgs -- -j4 -l4
[0.085s] [  2%] Built target micro_ros_msgs__cpp
[0.095s] [ 12%] Built target micro_ros_msgs__rosidl_generator_c
[0.109s] [ 23%] Built target micro_ros_msgs__rosidl_typesupport_introspection_cpp
[0.118s] [ 34%] Built target micro_ros_msgs__rosidl_typesupport_fastrtps_cpp
[0.122s] [ 44%] Built target micro_ros_msgs__rosidl_typesupport_c
[0.123s] [ 55%] Built target micro_ros_msgs__rosidl_typesupport_cpp
[0.135s] [ 65%] Built target micro_ros_msgs__rosidl_typesupport_introspection_c
[0.147s] [ 76%] Built target micro_ros_msgs__rosidl_typesupport_fastrtps_c
[0.175s] [ 76%] Built target micro_ros_msgs
[0.203s] [ 78%] Built target micro_ros_msgs__py
[0.246s] [ 87%] Built target micro_ros_msgs__python
[0.276s] [ 95%] Built target micro_ros_msgs__rosidl_typesupport_introspection_c__pyext
[0.277s] [ 95%] Built target micro_ros_msgs__rosidl_typesupport_fastrtps_c__pyext
[0.280s] [100%] Built target micro_ros_msgs__rosidl_typesupport_c__pyext
[0.291s] Invoked command in '/home/max/microros_ws4/build/micro_ros_msgs' returned '0': CMAKE_PREFIX_PATH=${CMAKE_PREFIX_PATH}:/opt/ros/foxy /usr/bin/cmake --build /home/max/microros_ws4/build/micro_ros_msgs -- -j4 -l4
[0.420s] Invoking command in '/home/max/microros_ws4/build/micro_ros_msgs': CMAKE_PREFIX_PATH=${CMAKE_PREFIX_PATH}:/opt/ros/foxy /usr/bin/cmake --install /home/max/microros_ws4/build/micro_ros_msgs
[0.429s] -- Install configuration: ""
[0.429s] -- Up-to-date: /home/max/microros_ws4/install/micro_ros_msgs/share/ament_index/resource_index/rosidl_interfaces/micro_ros_msgs
[0.429s] -- Up-to-date: /home/max/microros_ws4/install/micro_ros_msgs/include/micro_ros_msgs
[0.429s] -- Up-to-date: /home/max/microros_ws4/install/micro_ros_msgs/include/micro_ros_msgs/msg
[0.429s] -- Up-to-date: /home/max/microros_ws4/install/micro_ros_msgs/include/micro_ros_msgs/msg/graph.h
[0.429s] -- Up-to-date: /home/max/microros_ws4/install/micro_ros_msgs/include/micro_ros_msgs/msg/entity.h
[0.429s] -- Up-to-date: /home/max/microros_ws4/install/micro_ros_msgs/include/micro_ros_msgs/msg/node.h
[0.430s] -- Up-to-date: /home/max/microros_ws4/install/micro_ros_msgs/include/micro_ros_msgs/msg/detail
[0.430s] -- Up-to-date: /home/max/microros_ws4/install/micro_ros_msgs/include/micro_ros_msgs/msg/detail/node__type_support.h
[0.430s] -- Up-to-date: /home/max/microros_ws4/install/micro_ros_msgs/include/micro_ros_msgs/msg/detail/entity__struct.h
[0.430s] -- Up-to-date: /home/max/microros_ws4/install/micro_ros_msgs/include/micro_ros_msgs/msg/detail/entity__functions.c
[0.430s] -- Up-to-date: /home/max/microros_ws4/install/micro_ros_msgs/include/micro_ros_msgs/msg/detail/entity__functions.h
[0.430s] -- Up-to-date: /home/max/microros_ws4/install/micro_ros_msgs/include/micro_ros_msgs/msg/detail/node__struct.h
[0.430s] -- Up-to-date: /home/max/microros_ws4/install/micro_ros_msgs/include/micro_ros_msgs/msg/detail/entity__type_support.h
[0.430s] -- Up-to-date: /home/max/microros_ws4/install/micro_ros_msgs/include/micro_ros_msgs/msg/detail/graph__functions.h
[0.430s] -- Up-to-date: /home/max/microros_ws4/install/micro_ros_msgs/include/micro_ros_msgs/msg/detail/graph__functions.c
[0.430s] -- Up-to-date: /home/max/microros_ws4/install/micro_ros_msgs/include/micro_ros_msgs/msg/detail/graph__type_support.h
[0.431s] -- Up-to-date: /home/max/microros_ws4/install/micro_ros_msgs/include/micro_ros_msgs/msg/detail/graph__struct.h
[0.431s] -- Up-to-date: /home/max/microros_ws4/install/micro_ros_msgs/include/micro_ros_msgs/msg/detail/node__functions.c
[0.431s] -- Up-to-date: /home/max/microros_ws4/install/micro_ros_msgs/include/micro_ros_msgs/msg/detail/node__functions.h
[0.431s] -- Up-to-date: /home/max/microros_ws4/install/micro_ros_msgs/include/micro_ros_msgs/msg/rosidl_generator_c__visibility_control.h
[0.431s] -- Up-to-date: /home/max/microros_ws4/install/micro_ros_msgs/share/micro_ros_msgs/environment/library_path.sh
[0.431s] -- Up-to-date: /home/max/microros_ws4/install/micro_ros_msgs/share/micro_ros_msgs/environment/library_path.dsv
[0.431s] -- Up-to-date: /home/max/microros_ws4/install/micro_ros_msgs/lib/libmicro_ros_msgs__rosidl_generator_c.so
[0.432s] -- Up-to-date: /home/max/microros_ws4/install/micro_ros_msgs/include/micro_ros_msgs
[0.432s] -- Up-to-date: /home/max/microros_ws4/install/micro_ros_msgs/include/micro_ros_msgs/msg
[0.432s] -- Up-to-date: /home/max/microros_ws4/install/micro_ros_msgs/include/micro_ros_msgs/msg/rosidl_typesupport_fastrtps_c__visibility_control.h
[0.432s] -- Up-to-date: /home/max/microros_ws4/install/micro_ros_msgs/include/micro_ros_msgs/msg/detail
[0.432s] -- Up-to-date: /home/max/microros_ws4/install/micro_ros_msgs/include/micro_ros_msgs/msg/detail/entity__rosidl_typesupport_fastrtps_c.h
[0.432s] -- Up-to-date: /home/max/microros_ws4/install/micro_ros_msgs/include/micro_ros_msgs/msg/detail/graph__rosidl_typesupport_fastrtps_c.h
[0.432s] -- Up-to-date: /home/max/microros_ws4/install/micro_ros_msgs/include/micro_ros_msgs/msg/detail/node__rosidl_typesupport_fastrtps_c.h
[0.432s] -- Up-to-date: /home/max/microros_ws4/install/micro_ros_msgs/lib/libmicro_ros_msgs__rosidl_typesupport_fastrtps_c.so
[0.433s] -- Up-to-date: /home/max/microros_ws4/install/micro_ros_msgs/include/micro_ros_msgs
[0.433s] -- Up-to-date: /home/max/microros_ws4/install/micro_ros_msgs/include/micro_ros_msgs/msg
[0.433s] -- Up-to-date: /home/max/microros_ws4/install/micro_ros_msgs/include/micro_ros_msgs/msg/rosidl_typesupport_fastrtps_cpp__visibility_control.h
[0.433s] -- Up-to-date: /home/max/microros_ws4/install/micro_ros_msgs/include/micro_ros_msgs/msg/detail
[0.433s] -- Up-to-date: /home/max/microros_ws4/install/micro_ros_msgs/include/micro_ros_msgs/msg/detail/entity__rosidl_typesupport_fastrtps_cpp.hpp
[0.433s] -- Up-to-date: /home/max/microros_ws4/install/micro_ros_msgs/include/micro_ros_msgs/msg/detail/node__rosidl_typesupport_fastrtps_cpp.hpp
[0.433s] -- Up-to-date: /home/max/microros_ws4/install/micro_ros_msgs/include/micro_ros_msgs/msg/detail/dds_fastrtps
[0.433s] -- Up-to-date: /home/max/microros_ws4/install/micro_ros_msgs/include/micro_ros_msgs/msg/detail/graph__rosidl_typesupport_fastrtps_cpp.hpp
[0.433s] -- Up-to-date: /home/max/microros_ws4/install/micro_ros_msgs/lib/libmicro_ros_msgs__rosidl_typesupport_fastrtps_cpp.so
[0.434s] -- Up-to-date: /home/max/microros_ws4/install/micro_ros_msgs/include/micro_ros_msgs
[0.434s] -- Up-to-date: /home/max/microros_ws4/install/micro_ros_msgs/include/micro_ros_msgs/msg
[0.434s] -- Up-to-date: /home/max/microros_ws4/install/micro_ros_msgs/include/micro_ros_msgs/msg/detail
[0.434s] -- Up-to-date: /home/max/microros_ws4/install/micro_ros_msgs/include/micro_ros_msgs/msg/detail/graph__type_support.c
[0.434s] -- Up-to-date: /home/max/microros_ws4/install/micro_ros_msgs/include/micro_ros_msgs/msg/detail/node__type_support.c
[0.434s] -- Up-to-date: /home/max/microros_ws4/install/micro_ros_msgs/include/micro_ros_msgs/msg/detail/graph__rosidl_typesupport_introspection_c.h
[0.434s] -- Up-to-date: /home/max/microros_ws4/install/micro_ros_msgs/include/micro_ros_msgs/msg/detail/node__rosidl_typesupport_introspection_c.h
[0.434s] -- Up-to-date: /home/max/microros_ws4/install/micro_ros_msgs/include/micro_ros_msgs/msg/detail/entity__type_support.c
[0.434s] -- Up-to-date: /home/max/microros_ws4/install/micro_ros_msgs/include/micro_ros_msgs/msg/detail/entity__rosidl_typesupport_introspection_c.h
[0.434s] -- Up-to-date: /home/max/microros_ws4/install/micro_ros_msgs/include/micro_ros_msgs/msg/rosidl_typesupport_introspection_c__visibility_control.h
[0.435s] -- Up-to-date: /home/max/microros_ws4/install/micro_ros_msgs/lib/libmicro_ros_msgs__rosidl_typesupport_introspection_c.so
[0.435s] -- Up-to-date: /home/max/microros_ws4/install/micro_ros_msgs/lib/libmicro_ros_msgs__rosidl_typesupport_c.so
[0.435s] -- Up-to-date: /home/max/microros_ws4/install/micro_ros_msgs/include/micro_ros_msgs
[0.435s] -- Up-to-date: /home/max/microros_ws4/install/micro_ros_msgs/include/micro_ros_msgs/msg
[0.435s] -- Up-to-date: /home/max/microros_ws4/install/micro_ros_msgs/include/micro_ros_msgs/msg/entity.hpp
[0.435s] -- Up-to-date: /home/max/microros_ws4/install/micro_ros_msgs/include/micro_ros_msgs/msg/detail
[0.435s] -- Up-to-date: /home/max/microros_ws4/install/micro_ros_msgs/include/micro_ros_msgs/msg/detail/graph__struct.hpp
[0.435s] -- Up-to-date: /home/max/microros_ws4/install/micro_ros_msgs/include/micro_ros_msgs/msg/detail/node__struct.hpp
[0.435s] -- Up-to-date: /home/max/microros_ws4/install/micro_ros_msgs/include/micro_ros_msgs/msg/detail/entity__traits.hpp
[0.436s] -- Up-to-date: /home/max/microros_ws4/install/micro_ros_msgs/include/micro_ros_msgs/msg/detail/graph__builder.hpp
[0.436s] -- Up-to-date: /home/max/microros_ws4/install/micro_ros_msgs/include/micro_ros_msgs/msg/detail/graph__traits.hpp
[0.436s] -- Up-to-date: /home/max/microros_ws4/install/micro_ros_msgs/include/micro_ros_msgs/msg/detail/entity__struct.hpp
[0.436s] -- Up-to-date: /home/max/microros_ws4/install/micro_ros_msgs/include/micro_ros_msgs/msg/detail/node__traits.hpp
[0.436s] -- Up-to-date: /home/max/microros_ws4/install/micro_ros_msgs/include/micro_ros_msgs/msg/detail/entity__builder.hpp
[0.436s] -- Up-to-date: /home/max/microros_ws4/install/micro_ros_msgs/include/micro_ros_msgs/msg/detail/node__builder.hpp
[0.436s] -- Up-to-date: /home/max/microros_ws4/install/micro_ros_msgs/include/micro_ros_msgs/msg/node.hpp
[0.436s] -- Up-to-date: /home/max/microros_ws4/install/micro_ros_msgs/include/micro_ros_msgs/msg/graph.hpp
[0.436s] -- Up-to-date: /home/max/microros_ws4/install/micro_ros_msgs/include/micro_ros_msgs
[0.436s] -- Up-to-date: /home/max/microros_ws4/install/micro_ros_msgs/include/micro_ros_msgs/msg
[0.436s] -- Up-to-date: /home/max/microros_ws4/install/micro_ros_msgs/include/micro_ros_msgs/msg/detail
[0.436s] -- Up-to-date: /home/max/microros_ws4/install/micro_ros_msgs/include/micro_ros_msgs/msg/detail/node__type_support.cpp
[0.436s] -- Up-to-date: /home/max/microros_ws4/install/micro_ros_msgs/include/micro_ros_msgs/msg/detail/graph__type_support.cpp
[0.436s] -- Up-to-date: /home/max/microros_ws4/install/micro_ros_msgs/include/micro_ros_msgs/msg/detail/graph__rosidl_typesupport_introspection_cpp.hpp
[0.436s] -- Up-to-date: /home/max/microros_ws4/install/micro_ros_msgs/include/micro_ros_msgs/msg/detail/node__rosidl_typesupport_introspection_cpp.hpp
[0.436s] -- Up-to-date: /home/max/microros_ws4/install/micro_ros_msgs/include/micro_ros_msgs/msg/detail/entity__type_support.cpp
[0.436s] -- Up-to-date: /home/max/microros_ws4/install/micro_ros_msgs/include/micro_ros_msgs/msg/detail/entity__rosidl_typesupport_introspection_cpp.hpp
[0.436s] -- Up-to-date: /home/max/microros_ws4/install/micro_ros_msgs/lib/libmicro_ros_msgs__rosidl_typesupport_introspection_cpp.so
[0.437s] -- Up-to-date: /home/max/microros_ws4/install/micro_ros_msgs/lib/libmicro_ros_msgs__rosidl_typesupport_cpp.so
[0.437s] -- Up-to-date: /home/max/microros_ws4/install/micro_ros_msgs/share/micro_ros_msgs/environment/pythonpath.sh
[0.437s] -- Up-to-date: /home/max/microros_ws4/install/micro_ros_msgs/share/micro_ros_msgs/environment/pythonpath.dsv
[0.437s] -- Up-to-date: /home/max/microros_ws4/install/micro_ros_msgs/lib/python3.8/site-packages/micro_ros_msgs/__init__.py
[0.477s] -- Up-to-date: /home/max/microros_ws4/install/micro_ros_msgs/lib/python3.8/site-packages/micro_ros_msgs/msg
[0.478s] -- Up-to-date: /home/max/microros_ws4/install/micro_ros_msgs/lib/python3.8/site-packages/micro_ros_msgs/msg/_graph_s.c
[0.478s] -- Up-to-date: /home/max/microros_ws4/install/micro_ros_msgs/lib/python3.8/site-packages/micro_ros_msgs/msg/_graph.py
[0.478s] -- Up-to-date: /home/max/microros_ws4/install/micro_ros_msgs/lib/python3.8/site-packages/micro_ros_msgs/msg/_entity_s.c
[0.478s] -- Up-to-date: /home/max/microros_ws4/install/micro_ros_msgs/lib/python3.8/site-packages/micro_ros_msgs/msg/_node_s.c
[0.478s] -- Up-to-date: /home/max/microros_ws4/install/micro_ros_msgs/lib/python3.8/site-packages/micro_ros_msgs/msg/_node.py
[0.478s] -- Up-to-date: /home/max/microros_ws4/install/micro_ros_msgs/lib/python3.8/site-packages/micro_ros_msgs/msg/_entity.py
[0.478s] -- Up-to-date: /home/max/microros_ws4/install/micro_ros_msgs/lib/python3.8/site-packages/micro_ros_msgs/msg/__init__.py
[0.479s] -- Up-to-date: /home/max/microros_ws4/install/micro_ros_msgs/lib/python3.8/site-packages/micro_ros_msgs/micro_ros_msgs_s__rosidl_typesupport_fastrtps_c.cpython-38-x86_64-linux-gnu.so
[0.480s] -- Up-to-date: /home/max/microros_ws4/install/micro_ros_msgs/lib/python3.8/site-packages/micro_ros_msgs/micro_ros_msgs_s__rosidl_typesupport_introspection_c.cpython-38-x86_64-linux-gnu.so
[0.481s] -- Up-to-date: /home/max/microros_ws4/install/micro_ros_msgs/lib/python3.8/site-packages/micro_ros_msgs/micro_ros_msgs_s__rosidl_typesupport_c.cpython-38-x86_64-linux-gnu.so
[0.482s] -- Up-to-date: /home/max/microros_ws4/install/micro_ros_msgs/lib/libmicro_ros_msgs__python.so
[0.482s] -- Up-to-date: /home/max/microros_ws4/install/micro_ros_msgs/share/micro_ros_msgs/msg/Graph.idl
[0.482s] -- Up-to-date: /home/max/microros_ws4/install/micro_ros_msgs/share/micro_ros_msgs/msg/Node.idl
[0.482s] -- Up-to-date: /home/max/microros_ws4/install/micro_ros_msgs/share/micro_ros_msgs/msg/Entity.idl
[0.482s] -- Up-to-date: /home/max/microros_ws4/install/micro_ros_msgs/share/micro_ros_msgs/msg/Graph.msg
[0.482s] -- Up-to-date: /home/max/microros_ws4/install/micro_ros_msgs/share/micro_ros_msgs/msg/Node.msg
[0.482s] -- Up-to-date: /home/max/microros_ws4/install/micro_ros_msgs/share/micro_ros_msgs/msg/Entity.msg
[0.483s] -- Up-to-date: /home/max/microros_ws4/install/micro_ros_msgs/share/ament_index/resource_index/package_run_dependencies/micro_ros_msgs
[0.483s] -- Up-to-date: /home/max/microros_ws4/install/micro_ros_msgs/share/ament_index/resource_index/parent_prefix_path/micro_ros_msgs
[0.483s] -- Up-to-date: /home/max/microros_ws4/install/micro_ros_msgs/share/micro_ros_msgs/environment/ament_prefix_path.sh
[0.483s] -- Up-to-date: /home/max/microros_ws4/install/micro_ros_msgs/share/micro_ros_msgs/environment/ament_prefix_path.dsv
[0.483s] -- Up-to-date: /home/max/microros_ws4/install/micro_ros_msgs/share/micro_ros_msgs/environment/path.sh
[0.483s] -- Up-to-date: /home/max/microros_ws4/install/micro_ros_msgs/share/micro_ros_msgs/environment/path.dsv
[0.483s] -- Up-to-date: /home/max/microros_ws4/install/micro_ros_msgs/share/micro_ros_msgs/local_setup.bash
[0.483s] -- Up-to-date: /home/max/microros_ws4/install/micro_ros_msgs/share/micro_ros_msgs/local_setup.sh
[0.484s] -- Up-to-date: /home/max/microros_ws4/install/micro_ros_msgs/share/micro_ros_msgs/local_setup.zsh
[0.484s] -- Up-to-date: /home/max/microros_ws4/install/micro_ros_msgs/share/micro_ros_msgs/local_setup.dsv
[0.484s] -- Up-to-date: /home/max/microros_ws4/install/micro_ros_msgs/share/micro_ros_msgs/package.dsv
[0.484s] -- Up-to-date: /home/max/microros_ws4/install/micro_ros_msgs/share/ament_index/resource_index/packages/micro_ros_msgs
[0.484s] -- Up-to-date: /home/max/microros_ws4/install/micro_ros_msgs/share/micro_ros_msgs/cmake/micro_ros_msgs__rosidl_generator_cExport.cmake
[0.484s] -- Up-to-date: /home/max/microros_ws4/install/micro_ros_msgs/share/micro_ros_msgs/cmake/micro_ros_msgs__rosidl_generator_cExport-noconfig.cmake
[0.484s] -- Up-to-date: /home/max/microros_ws4/install/micro_ros_msgs/share/micro_ros_msgs/cmake/micro_ros_msgs__rosidl_typesupport_introspection_cExport.cmake
[0.484s] -- Up-to-date: /home/max/microros_ws4/install/micro_ros_msgs/share/micro_ros_msgs/cmake/micro_ros_msgs__rosidl_typesupport_introspection_cExport-noconfig.cmake
[0.485s] -- Up-to-date: /home/max/microros_ws4/install/micro_ros_msgs/share/micro_ros_msgs/cmake/micro_ros_msgs__rosidl_typesupport_cExport.cmake
[0.485s] -- Up-to-date: /home/max/microros_ws4/install/micro_ros_msgs/share/micro_ros_msgs/cmake/micro_ros_msgs__rosidl_typesupport_cExport-noconfig.cmake
[0.485s] -- Up-to-date: /home/max/microros_ws4/install/micro_ros_msgs/share/micro_ros_msgs/cmake/micro_ros_msgs__rosidl_generator_cppExport.cmake
[0.485s] -- Up-to-date: /home/max/microros_ws4/install/micro_ros_msgs/share/micro_ros_msgs/cmake/micro_ros_msgs__rosidl_typesupport_introspection_cppExport.cmake
[0.485s] -- Up-to-date: /home/max/microros_ws4/install/micro_ros_msgs/share/micro_ros_msgs/cmake/micro_ros_msgs__rosidl_typesupport_introspection_cppExport-noconfig.cmake
[0.485s] -- Up-to-date: /home/max/microros_ws4/install/micro_ros_msgs/share/micro_ros_msgs/cmake/micro_ros_msgs__rosidl_typesupport_cppExport.cmake
[0.485s] -- Up-to-date: /home/max/microros_ws4/install/micro_ros_msgs/share/micro_ros_msgs/cmake/micro_ros_msgs__rosidl_typesupport_cppExport-noconfig.cmake
[0.486s] -- Up-to-date: /home/max/microros_ws4/install/micro_ros_msgs/share/micro_ros_msgs/cmake/rosidl_cmake-extras.cmake
[0.486s] -- Up-to-date: /home/max/microros_ws4/install/micro_ros_msgs/share/micro_ros_msgs/cmake/ament_cmake_export_dependencies-extras.cmake
[0.486s] -- Up-to-date: /home/max/microros_ws4/install/micro_ros_msgs/share/micro_ros_msgs/cmake/ament_cmake_export_libraries-extras.cmake
[0.486s] -- Up-to-date: /home/max/microros_ws4/install/micro_ros_msgs/share/micro_ros_msgs/cmake/ament_cmake_export_targets-extras.cmake
[0.486s] -- Up-to-date: /home/max/microros_ws4/install/micro_ros_msgs/share/micro_ros_msgs/cmake/ament_cmake_export_include_directories-extras.cmake
[0.486s] -- Up-to-date: /home/max/microros_ws4/install/micro_ros_msgs/share/micro_ros_msgs/cmake/rosidl_cmake_export_typesupport_libraries-extras.cmake
[0.486s] -- Up-to-date: /home/max/microros_ws4/install/micro_ros_msgs/share/micro_ros_msgs/cmake/rosidl_cmake_export_typesupport_targets-extras.cmake
[0.486s] -- Up-to-date: /home/max/microros_ws4/install/micro_ros_msgs/share/micro_ros_msgs/cmake/micro_ros_msgsConfig.cmake
[0.486s] -- Up-to-date: /home/max/microros_ws4/install/micro_ros_msgs/share/micro_ros_msgs/cmake/micro_ros_msgsConfig-version.cmake
[0.486s] -- Up-to-date: /home/max/microros_ws4/install/micro_ros_msgs/share/micro_ros_msgs/package.xml
[0.488s] Invoked command in '/home/max/microros_ws4/build/micro_ros_msgs' returned '0': CMAKE_PREFIX_PATH=${CMAKE_PREFIX_PATH}:/opt/ros/foxy /usr/bin/cmake --install /home/max/microros_ws4/build/micro_ros_msgs
