[0.713s] Invoking command in '/home/max/microros_ws4/firmware/mcu_ws/uros/tracetools/tracetools_trace': PYTHONPATH=/home/max/microros_ws4/firmware/mcu_ws/build/tracetools_trace/prefix_override:/home/max/microros_ws4/firmware/mcu_ws/install/lib/python3.8/site-packages:${PYTHONPATH} /usr/bin/python3 setup.py egg_info --egg-base ../../../build/tracetools_trace build --build-base /home/max/microros_ws4/firmware/mcu_ws/build/tracetools_trace/build install --record /home/max/microros_ws4/firmware/mcu_ws/build/tracetools_trace/install.log --install-scripts $base/lib/tracetools_trace --single-version-externally-managed
[0.935s] running egg_info
[0.935s] creating ../../../build/tracetools_trace/tracetools_trace.egg-info
[0.935s] writing ../../../build/tracetools_trace/tracetools_trace.egg-info/PKG-INFO
[0.936s] writing dependency_links to ../../../build/tracetools_trace/tracetools_trace.egg-info/dependency_links.txt
[0.936s] writing entry points to ../../../build/tracetools_trace/tracetools_trace.egg-info/entry_points.txt
[0.936s] writing requirements to ../../../build/tracetools_trace/tracetools_trace.egg-info/requires.txt
[0.936s] writing top-level names to ../../../build/tracetools_trace/tracetools_trace.egg-info/top_level.txt
[0.937s] writing manifest file '../../../build/tracetools_trace/tracetools_trace.egg-info/SOURCES.txt'
[0.974s] reading manifest file '../../../build/tracetools_trace/tracetools_trace.egg-info/SOURCES.txt'
[0.975s] writing manifest file '../../../build/tracetools_trace/tracetools_trace.egg-info/SOURCES.txt'
[0.975s] running build
[0.975s] running build_py
[0.975s] creating /home/max/microros_ws4/firmware/mcu_ws/build/tracetools_trace/build
[0.975s] creating /home/max/microros_ws4/firmware/mcu_ws/build/tracetools_trace/build/lib
[0.976s] creating /home/max/microros_ws4/firmware/mcu_ws/build/tracetools_trace/build/lib/tracetools_trace
[0.976s] copying tracetools_trace/__init__.py -> /home/max/microros_ws4/firmware/mcu_ws/build/tracetools_trace/build/lib/tracetools_trace
[0.976s] copying tracetools_trace/trace.py -> /home/max/microros_ws4/firmware/mcu_ws/build/tracetools_trace/build/lib/tracetools_trace
[0.977s] creating /home/max/microros_ws4/firmware/mcu_ws/build/tracetools_trace/build/lib/tracetools_trace/tools
[0.977s] copying tracetools_trace/tools/lttng_stub.py -> /home/max/microros_ws4/firmware/mcu_ws/build/tracetools_trace/build/lib/tracetools_trace/tools
[0.977s] copying tracetools_trace/tools/args.py -> /home/max/microros_ws4/firmware/mcu_ws/build/tracetools_trace/build/lib/tracetools_trace/tools
[0.977s] copying tracetools_trace/tools/__init__.py -> /home/max/microros_ws4/firmware/mcu_ws/build/tracetools_trace/build/lib/tracetools_trace/tools
[0.977s] copying tracetools_trace/tools/names.py -> /home/max/microros_ws4/firmware/mcu_ws/build/tracetools_trace/build/lib/tracetools_trace/tools
[0.978s] copying tracetools_trace/tools/lttng.py -> /home/max/microros_ws4/firmware/mcu_ws/build/tracetools_trace/build/lib/tracetools_trace/tools
[0.978s] copying tracetools_trace/tools/lttng_impl.py -> /home/max/microros_ws4/firmware/mcu_ws/build/tracetools_trace/build/lib/tracetools_trace/tools
[0.978s] copying tracetools_trace/tools/path.py -> /home/max/microros_ws4/firmware/mcu_ws/build/tracetools_trace/build/lib/tracetools_trace/tools
[0.979s] running install
[0.980s] running install_lib
[0.981s] creating /home/max/microros_ws4/firmware/mcu_ws/install/lib/python3.8/site-packages/tracetools_trace
[0.981s] copying /home/max/microros_ws4/firmware/mcu_ws/build/tracetools_trace/build/lib/tracetools_trace/__init__.py -> /home/max/microros_ws4/firmware/mcu_ws/install/lib/python3.8/site-packages/tracetools_trace
[0.981s] creating /home/max/microros_ws4/firmware/mcu_ws/install/lib/python3.8/site-packages/tracetools_trace/tools
[0.981s] copying /home/max/microros_ws4/firmware/mcu_ws/build/tracetools_trace/build/lib/tracetools_trace/tools/lttng_stub.py -> /home/max/microros_ws4/firmware/mcu_ws/install/lib/python3.8/site-packages/tracetools_trace/tools
[0.982s] copying /home/max/microros_ws4/firmware/mcu_ws/build/tracetools_trace/build/lib/tracetools_trace/tools/args.py -> /home/max/microros_ws4/firmware/mcu_ws/install/lib/python3.8/site-packages/tracetools_trace/tools
[0.982s] copying /home/max/microros_ws4/firmware/mcu_ws/build/tracetools_trace/build/lib/tracetools_trace/tools/__init__.py -> /home/max/microros_ws4/firmware/mcu_ws/install/lib/python3.8/site-packages/tracetools_trace/tools
[0.982s] copying /home/max/microros_ws4/firmware/mcu_ws/build/tracetools_trace/build/lib/tracetools_trace/tools/names.py -> /home/max/microros_ws4/firmware/mcu_ws/install/lib/python3.8/site-packages/tracetools_trace/tools
[0.982s] copying /home/max/microros_ws4/firmware/mcu_ws/build/tracetools_trace/build/lib/tracetools_trace/tools/lttng.py -> /home/max/microros_ws4/firmware/mcu_ws/install/lib/python3.8/site-packages/tracetools_trace/tools
[0.982s] copying /home/max/microros_ws4/firmware/mcu_ws/build/tracetools_trace/build/lib/tracetools_trace/tools/lttng_impl.py -> /home/max/microros_ws4/firmware/mcu_ws/install/lib/python3.8/site-packages/tracetools_trace/tools
[0.982s] copying /home/max/microros_ws4/firmware/mcu_ws/build/tracetools_trace/build/lib/tracetools_trace/tools/path.py -> /home/max/microros_ws4/firmware/mcu_ws/install/lib/python3.8/site-packages/tracetools_trace/tools
[0.982s] copying /home/max/microros_ws4/firmware/mcu_ws/build/tracetools_trace/build/lib/tracetools_trace/trace.py -> /home/max/microros_ws4/firmware/mcu_ws/install/lib/python3.8/site-packages/tracetools_trace
[0.983s] byte-compiling /home/max/microros_ws4/firmware/mcu_ws/install/lib/python3.8/site-packages/tracetools_trace/__init__.py to __init__.cpython-38.pyc
[0.985s] byte-compiling /home/max/microros_ws4/firmware/mcu_ws/install/lib/python3.8/site-packages/tracetools_trace/tools/lttng_stub.py to lttng_stub.cpython-38.pyc
[0.985s] byte-compiling /home/max/microros_ws4/firmware/mcu_ws/install/lib/python3.8/site-packages/tracetools_trace/tools/args.py to args.cpython-38.pyc
[0.986s] byte-compiling /home/max/microros_ws4/firmware/mcu_ws/install/lib/python3.8/site-packages/tracetools_trace/tools/__init__.py to __init__.cpython-38.pyc
[0.986s] byte-compiling /home/max/microros_ws4/firmware/mcu_ws/install/lib/python3.8/site-packages/tracetools_trace/tools/names.py to names.cpython-38.pyc
[0.987s] byte-compiling /home/max/microros_ws4/firmware/mcu_ws/install/lib/python3.8/site-packages/tracetools_trace/tools/lttng.py to lttng.cpython-38.pyc
[0.987s] byte-compiling /home/max/microros_ws4/firmware/mcu_ws/install/lib/python3.8/site-packages/tracetools_trace/tools/lttng_impl.py to lttng_impl.cpython-38.pyc
[0.989s] byte-compiling /home/max/microros_ws4/firmware/mcu_ws/install/lib/python3.8/site-packages/tracetools_trace/tools/path.py to path.cpython-38.pyc
[0.989s] byte-compiling /home/max/microros_ws4/firmware/mcu_ws/install/lib/python3.8/site-packages/tracetools_trace/trace.py to trace.cpython-38.pyc
[0.990s] running install_data
[0.990s] copying package.xml -> /home/max/microros_ws4/firmware/mcu_ws/install/share/tracetools_trace
[0.991s] copying resource/tracetools_trace -> /home/max/microros_ws4/firmware/mcu_ws/install/share/ament_index/resource_index/packages
[0.991s] running install_egg_info
[0.992s] Copying ../../../build/tracetools_trace/tracetools_trace.egg-info to /home/max/microros_ws4/firmware/mcu_ws/install/lib/python3.8/site-packages/tracetools_trace-1.0.2-py3.8.egg-info
[0.993s] running install_scripts
[1.012s] Installing trace script to /home/max/microros_ws4/firmware/mcu_ws/install/lib/tracetools_trace
[1.013s] writing list of installed files to '/home/max/microros_ws4/firmware/mcu_ws/build/tracetools_trace/install.log'
[1.069s] Invoked command in '/home/max/microros_ws4/firmware/mcu_ws/uros/tracetools/tracetools_trace' returned '0': PYTHONPATH=/home/max/microros_ws4/firmware/mcu_ws/build/tracetools_trace/prefix_override:/home/max/microros_ws4/firmware/mcu_ws/install/lib/python3.8/site-packages:${PYTHONPATH} /usr/bin/python3 setup.py egg_info --egg-base ../../../build/tracetools_trace build --build-base /home/max/microros_ws4/firmware/mcu_ws/build/tracetools_trace/build install --record /home/max/microros_ws4/firmware/mcu_ws/build/tracetools_trace/install.log --install-scripts $base/lib/tracetools_trace --single-version-externally-managed
