[0.571s] Invoking command in '/home/max/PycharmProjects/my_ros2_ws/src/py_pubsub': PYTHONPATH=/home/max/PycharmProjects/my_ros2_ws/build/py_pubsub/prefix_override:/home/max/PycharmProjects/my_ros2_ws/install/py_pubsub/lib/python3.8/site-packages:${PYTHONPATH} /usr/bin/python3 setup.py egg_info --egg-base ../../build/py_pubsub build --build-base /home/max/PycharmProjects/my_ros2_ws/build/py_pubsub/build install --record /home/max/PycharmProjects/my_ros2_ws/build/py_pubsub/install.log --install-scripts $base/lib/py_pubsub --single-version-externally-managed
[0.739s] running egg_info
[0.739s] writing ../../build/py_pubsub/py_pubsub.egg-info/PKG-INFO
[0.740s] writing dependency_links to ../../build/py_pubsub/py_pubsub.egg-info/dependency_links.txt
[0.740s] writing entry points to ../../build/py_pubsub/py_pubsub.egg-info/entry_points.txt
[0.740s] writing requirements to ../../build/py_pubsub/py_pubsub.egg-info/requires.txt
[0.740s] writing top-level names to ../../build/py_pubsub/py_pubsub.egg-info/top_level.txt
[0.769s] reading manifest file '../../build/py_pubsub/py_pubsub.egg-info/SOURCES.txt'
[0.769s] writing manifest file '../../build/py_pubsub/py_pubsub.egg-info/SOURCES.txt'
[0.770s] running build
[0.770s] running build_py
[0.770s] copying py_pubsub/publisher_member_function.py -> /home/max/PycharmProjects/my_ros2_ws/build/py_pubsub/build/lib/py_pubsub
[0.770s] running install
[0.771s] running install_lib
[0.771s] copying /home/max/PycharmProjects/my_ros2_ws/build/py_pubsub/build/lib/py_pubsub/publisher_member_function.py -> /home/max/PycharmProjects/my_ros2_ws/install/py_pubsub/lib/python3.8/site-packages/py_pubsub
[0.772s] byte-compiling /home/max/PycharmProjects/my_ros2_ws/install/py_pubsub/lib/python3.8/site-packages/py_pubsub/publisher_member_function.py to publisher_member_function.cpython-38.pyc
[0.773s] running install_data
[0.774s] running install_egg_info
[0.775s] removing '/home/max/PycharmProjects/my_ros2_ws/install/py_pubsub/lib/python3.8/site-packages/py_pubsub-0.0.0-py3.8.egg-info' (and everything under it)
[0.775s] Copying ../../build/py_pubsub/py_pubsub.egg-info to /home/max/PycharmProjects/my_ros2_ws/install/py_pubsub/lib/python3.8/site-packages/py_pubsub-0.0.0-py3.8.egg-info
[0.776s] running install_scripts
[0.790s] Installing talker script to /home/max/PycharmProjects/my_ros2_ws/install/py_pubsub/lib/py_pubsub
[0.790s] writing list of installed files to '/home/max/PycharmProjects/my_ros2_ws/build/py_pubsub/install.log'
[0.823s] Invoked command in '/home/max/PycharmProjects/my_ros2_ws/src/py_pubsub' returned '0': PYTHONPATH=/home/max/PycharmProjects/my_ros2_ws/build/py_pubsub/prefix_override:/home/max/PycharmProjects/my_ros2_ws/install/py_pubsub/lib/python3.8/site-packages:${PYTHONPATH} /usr/bin/python3 setup.py egg_info --egg-base ../../build/py_pubsub build --build-base /home/max/PycharmProjects/my_ros2_ws/build/py_pubsub/build install --record /home/max/PycharmProjects/my_ros2_ws/build/py_pubsub/install.log --install-scripts $base/lib/py_pubsub --single-version-externally-managed
