[0.041s] Invoking command in '/home/max/microros_ws4/firmware/mcu_ws/build/rosidl_adapter': CMAKE_PREFIX_PATH=${CMAKE_PREFIX_PATH}:/home/max/microros_ws4/firmware/dev_ws/install/ament_uncrustify:/home/max/microros_ws4/firmware/dev_ws/install/domain_coordinator:/home/max/microros_ws4/firmware/dev_ws/install/ament_xmllint:/home/max/microros_ws4/firmware/dev_ws/install/ament_pyflakes:/home/max/microros_ws4/firmware/dev_ws/install/ament_pycodestyle:/home/max/microros_ws4/firmware/dev_ws/install/ament_pep257:/home/max/microros_ws4/firmware/dev_ws/install/ament_pclint:/home/max/microros_ws4/firmware/dev_ws/install/ament_package:/home/max/microros_ws4/firmware/dev_ws/install/ament_mypy:/home/max/microros_ws4/firmware/dev_ws/install/ament_lint_cmake:/home/max/microros_ws4/firmware/dev_ws/install/ament_flake8:/home/max/microros_ws4/firmware/dev_ws/install/ament_copyright:/home/max/microros_ws4/firmware/dev_ws/install/ament_lint:/home/max/microros_ws4/firmware/dev_ws/install/ament_index_python:/home/max/microros_ws4/firmware/dev_ws/install/ament_cpplint:/home/max/microros_ws4/firmware/dev_ws/install/ament_cppcheck:/home/max/microros_ws4/firmware/dev_ws/install/ament_clang_tidy:/home/max/microros_ws4/firmware/dev_ws/install/ament_clang_format /usr/bin/cmake /home/max/microros_ws4/firmware/mcu_ws/ros2/rosidl/rosidl_adapter --no-warn-unused-cli -DCMAKE_POSITION_INDEPENDENT_CODE:BOOL=OFF -DTHIRDPARTY=ON -DBUILD_SHARED_LIBS=OFF -DBUILD_TESTING=OFF -DCMAKE_BUILD_TYPE=Debug -DCMAKE_TOOLCHAIN_FILE=/home/max/microros_ws4/firmware/freertos_apps/microros_esp32_extensions/esp32_toolchain.cmake -DCMAKE_VERBOSE_MAKEFILE=ON -DCMAKE_INSTALL_PREFIX=/home/max/microros_ws4/firmware/mcu_ws/install
[0.053s] Not searching for unused variables given on the command line.
[0.064s] -- Found ament_cmake: 0.9.11 (/home/max/microros_ws4/firmware/dev_ws/install/ament_cmake/share/ament_cmake/cmake)
[0.087s] -- Found PythonInterp: /home/max/microros_ws4/firmware/toolchain/espressif/python_env/idf4.1_py3.8_env/bin/python3 (found suitable version "3.8.10", minimum required is "3") 
[0.088s] -- Using PYTHON_EXECUTABLE: /home/max/microros_ws4/firmware/toolchain/espressif/python_env/idf4.1_py3.8_env/bin/python3
[0.602s] -- Configuring done
[0.604s] -- Generating done
[0.605s] -- Build files have been written to: /home/max/microros_ws4/firmware/mcu_ws/build/rosidl_adapter
[0.608s] Invoked command in '/home/max/microros_ws4/firmware/mcu_ws/build/rosidl_adapter' returned '0': CMAKE_PREFIX_PATH=${CMAKE_PREFIX_PATH}:/home/max/microros_ws4/firmware/dev_ws/install/ament_uncrustify:/home/max/microros_ws4/firmware/dev_ws/install/domain_coordinator:/home/max/microros_ws4/firmware/dev_ws/install/ament_xmllint:/home/max/microros_ws4/firmware/dev_ws/install/ament_pyflakes:/home/max/microros_ws4/firmware/dev_ws/install/ament_pycodestyle:/home/max/microros_ws4/firmware/dev_ws/install/ament_pep257:/home/max/microros_ws4/firmware/dev_ws/install/ament_pclint:/home/max/microros_ws4/firmware/dev_ws/install/ament_package:/home/max/microros_ws4/firmware/dev_ws/install/ament_mypy:/home/max/microros_ws4/firmware/dev_ws/install/ament_lint_cmake:/home/max/microros_ws4/firmware/dev_ws/install/ament_flake8:/home/max/microros_ws4/firmware/dev_ws/install/ament_copyright:/home/max/microros_ws4/firmware/dev_ws/install/ament_lint:/home/max/microros_ws4/firmware/dev_ws/install/ament_index_python:/home/max/microros_ws4/firmware/dev_ws/install/ament_cpplint:/home/max/microros_ws4/firmware/dev_ws/install/ament_cppcheck:/home/max/microros_ws4/firmware/dev_ws/install/ament_clang_tidy:/home/max/microros_ws4/firmware/dev_ws/install/ament_clang_format /usr/bin/cmake /home/max/microros_ws4/firmware/mcu_ws/ros2/rosidl/rosidl_adapter --no-warn-unused-cli -DCMAKE_POSITION_INDEPENDENT_CODE:BOOL=OFF -DTHIRDPARTY=ON -DBUILD_SHARED_LIBS=OFF -DBUILD_TESTING=OFF -DCMAKE_BUILD_TYPE=Debug -DCMAKE_TOOLCHAIN_FILE=/home/max/microros_ws4/firmware/freertos_apps/microros_esp32_extensions/esp32_toolchain.cmake -DCMAKE_VERBOSE_MAKEFILE=ON -DCMAKE_INSTALL_PREFIX=/home/max/microros_ws4/firmware/mcu_ws/install
[0.611s] Invoking command in '/home/max/microros_ws4/firmware/mcu_ws/build/rosidl_adapter': CMAKE_PREFIX_PATH=${CMAKE_PREFIX_PATH}:/home/max/microros_ws4/firmware/dev_ws/install/ament_uncrustify:/home/max/microros_ws4/firmware/dev_ws/install/domain_coordinator:/home/max/microros_ws4/firmware/dev_ws/install/ament_xmllint:/home/max/microros_ws4/firmware/dev_ws/install/ament_pyflakes:/home/max/microros_ws4/firmware/dev_ws/install/ament_pycodestyle:/home/max/microros_ws4/firmware/dev_ws/install/ament_pep257:/home/max/microros_ws4/firmware/dev_ws/install/ament_pclint:/home/max/microros_ws4/firmware/dev_ws/install/ament_package:/home/max/microros_ws4/firmware/dev_ws/install/ament_mypy:/home/max/microros_ws4/firmware/dev_ws/install/ament_lint_cmake:/home/max/microros_ws4/firmware/dev_ws/install/ament_flake8:/home/max/microros_ws4/firmware/dev_ws/install/ament_copyright:/home/max/microros_ws4/firmware/dev_ws/install/ament_lint:/home/max/microros_ws4/firmware/dev_ws/install/ament_index_python:/home/max/microros_ws4/firmware/dev_ws/install/ament_cpplint:/home/max/microros_ws4/firmware/dev_ws/install/ament_cppcheck:/home/max/microros_ws4/firmware/dev_ws/install/ament_clang_tidy:/home/max/microros_ws4/firmware/dev_ws/install/ament_clang_format /usr/bin/cmake --build /home/max/microros_ws4/firmware/mcu_ws/build/rosidl_adapter -- -j4 -l4
[0.636s] make[4]: Entering directory '/home/max/microros_ws4/firmware/mcu_ws/build/rosidl_adapter'
[0.636s] /usr/bin/cmake -S/home/max/microros_ws4/firmware/mcu_ws/ros2/rosidl/rosidl_adapter -B/home/max/microros_ws4/firmware/mcu_ws/build/rosidl_adapter --check-build-system CMakeFiles/Makefile.cmake 0
[0.650s] /usr/bin/cmake -E cmake_progress_start /home/max/microros_ws4/firmware/mcu_ws/build/rosidl_adapter/CMakeFiles /home/max/microros_ws4/firmware/mcu_ws/build/rosidl_adapter/CMakeFiles/progress.marks
[0.666s] /usr/bin/make -f CMakeFiles/Makefile2 all
[0.668s] make[5]: Entering directory '/home/max/microros_ws4/firmware/mcu_ws/build/rosidl_adapter'
[0.668s] make[5]: Nothing to be done for 'all'.
[0.668s] make[5]: Leaving directory '/home/max/microros_ws4/firmware/mcu_ws/build/rosidl_adapter'
[0.668s] /usr/bin/cmake -E cmake_progress_start /home/max/microros_ws4/firmware/mcu_ws/build/rosidl_adapter/CMakeFiles 0
[0.680s] make[4]: Leaving directory '/home/max/microros_ws4/firmware/mcu_ws/build/rosidl_adapter'
[0.686s] Invoked command in '/home/max/microros_ws4/firmware/mcu_ws/build/rosidl_adapter' returned '0': CMAKE_PREFIX_PATH=${CMAKE_PREFIX_PATH}:/home/max/microros_ws4/firmware/dev_ws/install/ament_uncrustify:/home/max/microros_ws4/firmware/dev_ws/install/domain_coordinator:/home/max/microros_ws4/firmware/dev_ws/install/ament_xmllint:/home/max/microros_ws4/firmware/dev_ws/install/ament_pyflakes:/home/max/microros_ws4/firmware/dev_ws/install/ament_pycodestyle:/home/max/microros_ws4/firmware/dev_ws/install/ament_pep257:/home/max/microros_ws4/firmware/dev_ws/install/ament_pclint:/home/max/microros_ws4/firmware/dev_ws/install/ament_package:/home/max/microros_ws4/firmware/dev_ws/install/ament_mypy:/home/max/microros_ws4/firmware/dev_ws/install/ament_lint_cmake:/home/max/microros_ws4/firmware/dev_ws/install/ament_flake8:/home/max/microros_ws4/firmware/dev_ws/install/ament_copyright:/home/max/microros_ws4/firmware/dev_ws/install/ament_lint:/home/max/microros_ws4/firmware/dev_ws/install/ament_index_python:/home/max/microros_ws4/firmware/dev_ws/install/ament_cpplint:/home/max/microros_ws4/firmware/dev_ws/install/ament_cppcheck:/home/max/microros_ws4/firmware/dev_ws/install/ament_clang_tidy:/home/max/microros_ws4/firmware/dev_ws/install/ament_clang_format /usr/bin/cmake --build /home/max/microros_ws4/firmware/mcu_ws/build/rosidl_adapter -- -j4 -l4
[0.730s] Invoking command in '/home/max/microros_ws4/firmware/mcu_ws/build/rosidl_adapter': CMAKE_PREFIX_PATH=${CMAKE_PREFIX_PATH}:/home/max/microros_ws4/firmware/dev_ws/install/ament_uncrustify:/home/max/microros_ws4/firmware/dev_ws/install/domain_coordinator:/home/max/microros_ws4/firmware/dev_ws/install/ament_xmllint:/home/max/microros_ws4/firmware/dev_ws/install/ament_pyflakes:/home/max/microros_ws4/firmware/dev_ws/install/ament_pycodestyle:/home/max/microros_ws4/firmware/dev_ws/install/ament_pep257:/home/max/microros_ws4/firmware/dev_ws/install/ament_pclint:/home/max/microros_ws4/firmware/dev_ws/install/ament_package:/home/max/microros_ws4/firmware/dev_ws/install/ament_mypy:/home/max/microros_ws4/firmware/dev_ws/install/ament_lint_cmake:/home/max/microros_ws4/firmware/dev_ws/install/ament_flake8:/home/max/microros_ws4/firmware/dev_ws/install/ament_copyright:/home/max/microros_ws4/firmware/dev_ws/install/ament_lint:/home/max/microros_ws4/firmware/dev_ws/install/ament_index_python:/home/max/microros_ws4/firmware/dev_ws/install/ament_cpplint:/home/max/microros_ws4/firmware/dev_ws/install/ament_cppcheck:/home/max/microros_ws4/firmware/dev_ws/install/ament_clang_tidy:/home/max/microros_ws4/firmware/dev_ws/install/ament_clang_format /usr/bin/cmake --install /home/max/microros_ws4/firmware/mcu_ws/build/rosidl_adapter
[0.741s] -- Install configuration: "Debug"
[0.741s] -- Installing: /home/max/microros_ws4/firmware/mcu_ws/install/share/rosidl_adapter/environment/pythonpath.sh
[0.741s] -- Installing: /home/max/microros_ws4/firmware/mcu_ws/install/share/rosidl_adapter/environment/pythonpath.dsv
[0.741s] -- Installing: /home/max/microros_ws4/firmware/mcu_ws/install/lib/python3.8/site-packages/rosidl_adapter
[0.741s] -- Installing: /home/max/microros_ws4/firmware/mcu_ws/install/lib/python3.8/site-packages/rosidl_adapter/main.py
[0.741s] -- Installing: /home/max/microros_ws4/firmware/mcu_ws/install/lib/python3.8/site-packages/rosidl_adapter/__init__.py
[0.741s] -- Installing: /home/max/microros_ws4/firmware/mcu_ws/install/lib/python3.8/site-packages/rosidl_adapter/srv
[0.742s] -- Installing: /home/max/microros_ws4/firmware/mcu_ws/install/lib/python3.8/site-packages/rosidl_adapter/srv/__init__.py
[0.742s] -- Installing: /home/max/microros_ws4/firmware/mcu_ws/install/lib/python3.8/site-packages/rosidl_adapter/action
[0.742s] -- Installing: /home/max/microros_ws4/firmware/mcu_ws/install/lib/python3.8/site-packages/rosidl_adapter/action/__init__.py
[0.742s] -- Installing: /home/max/microros_ws4/firmware/mcu_ws/install/lib/python3.8/site-packages/rosidl_adapter/parser.py
[0.743s] -- Installing: /home/max/microros_ws4/firmware/mcu_ws/install/lib/python3.8/site-packages/rosidl_adapter/resource
[0.743s] -- Installing: /home/max/microros_ws4/firmware/mcu_ws/install/lib/python3.8/site-packages/rosidl_adapter/resource/action.idl.em
[0.743s] -- Installing: /home/max/microros_ws4/firmware/mcu_ws/install/lib/python3.8/site-packages/rosidl_adapter/resource/__init__.py
[0.744s] -- Installing: /home/max/microros_ws4/firmware/mcu_ws/install/lib/python3.8/site-packages/rosidl_adapter/resource/srv.idl.em
[0.744s] -- Installing: /home/max/microros_ws4/firmware/mcu_ws/install/lib/python3.8/site-packages/rosidl_adapter/resource/msg.idl.em
[0.744s] -- Installing: /home/max/microros_ws4/firmware/mcu_ws/install/lib/python3.8/site-packages/rosidl_adapter/resource/struct.idl.em
[0.745s] -- Installing: /home/max/microros_ws4/firmware/mcu_ws/install/lib/python3.8/site-packages/rosidl_adapter/msg
[0.745s] -- Installing: /home/max/microros_ws4/firmware/mcu_ws/install/lib/python3.8/site-packages/rosidl_adapter/msg/__init__.py
[0.745s] -- Installing: /home/max/microros_ws4/firmware/mcu_ws/install/lib/python3.8/site-packages/rosidl_adapter/cli.py
[0.746s] -- Installing: /home/max/microros_ws4/firmware/mcu_ws/install/lib/python3.8/site-packages/rosidl_adapter/__main__.py
[0.792s] Listing '/home/max/microros_ws4/firmware/mcu_ws/install/lib/python3.8/site-packages/rosidl_adapter'...
[0.793s] Compiling '/home/max/microros_ws4/firmware/mcu_ws/install/lib/python3.8/site-packages/rosidl_adapter/__init__.py'...
[0.793s] Compiling '/home/max/microros_ws4/firmware/mcu_ws/install/lib/python3.8/site-packages/rosidl_adapter/__main__.py'...
[0.793s] Listing '/home/max/microros_ws4/firmware/mcu_ws/install/lib/python3.8/site-packages/rosidl_adapter/action'...
[0.793s] Compiling '/home/max/microros_ws4/firmware/mcu_ws/install/lib/python3.8/site-packages/rosidl_adapter/action/__init__.py'...
[0.793s] Compiling '/home/max/microros_ws4/firmware/mcu_ws/install/lib/python3.8/site-packages/rosidl_adapter/cli.py'...
[0.793s] Compiling '/home/max/microros_ws4/firmware/mcu_ws/install/lib/python3.8/site-packages/rosidl_adapter/main.py'...
[0.793s] Listing '/home/max/microros_ws4/firmware/mcu_ws/install/lib/python3.8/site-packages/rosidl_adapter/msg'...
[0.793s] Compiling '/home/max/microros_ws4/firmware/mcu_ws/install/lib/python3.8/site-packages/rosidl_adapter/msg/__init__.py'...
[0.793s] Compiling '/home/max/microros_ws4/firmware/mcu_ws/install/lib/python3.8/site-packages/rosidl_adapter/parser.py'...
[0.793s] Listing '/home/max/microros_ws4/firmware/mcu_ws/install/lib/python3.8/site-packages/rosidl_adapter/resource'...
[0.793s] Compiling '/home/max/microros_ws4/firmware/mcu_ws/install/lib/python3.8/site-packages/rosidl_adapter/resource/__init__.py'...
[0.793s] Listing '/home/max/microros_ws4/firmware/mcu_ws/install/lib/python3.8/site-packages/rosidl_adapter/srv'...
[0.793s] Compiling '/home/max/microros_ws4/firmware/mcu_ws/install/lib/python3.8/site-packages/rosidl_adapter/srv/__init__.py'...
[0.802s] -- Installing: /home/max/microros_ws4/firmware/mcu_ws/install/share/ament_index/resource_index/package_run_dependencies/rosidl_adapter
[0.803s] -- Installing: /home/max/microros_ws4/firmware/mcu_ws/install/share/ament_index/resource_index/parent_prefix_path/rosidl_adapter
[0.803s] -- Installing: /home/max/microros_ws4/firmware/mcu_ws/install/share/rosidl_adapter/environment/ament_prefix_path.sh
[0.803s] -- Installing: /home/max/microros_ws4/firmware/mcu_ws/install/share/rosidl_adapter/environment/ament_prefix_path.dsv
[0.804s] -- Installing: /home/max/microros_ws4/firmware/mcu_ws/install/share/rosidl_adapter/environment/path.sh
[0.804s] -- Installing: /home/max/microros_ws4/firmware/mcu_ws/install/share/rosidl_adapter/environment/path.dsv
[0.804s] -- Installing: /home/max/microros_ws4/firmware/mcu_ws/install/share/rosidl_adapter/local_setup.bash
[0.804s] -- Installing: /home/max/microros_ws4/firmware/mcu_ws/install/share/rosidl_adapter/local_setup.sh
[0.804s] -- Installing: /home/max/microros_ws4/firmware/mcu_ws/install/share/rosidl_adapter/local_setup.zsh
[0.805s] -- Installing: /home/max/microros_ws4/firmware/mcu_ws/install/share/rosidl_adapter/local_setup.dsv
[0.805s] -- Installing: /home/max/microros_ws4/firmware/mcu_ws/install/share/rosidl_adapter/package.dsv
[0.805s] -- Installing: /home/max/microros_ws4/firmware/mcu_ws/install/share/ament_index/resource_index/packages/rosidl_adapter
[0.806s] -- Installing: /home/max/microros_ws4/firmware/mcu_ws/install/share/rosidl_adapter/cmake/rosidl_adapter-extras.cmake
[0.806s] -- Installing: /home/max/microros_ws4/firmware/mcu_ws/install/share/rosidl_adapter/cmake/rosidl_adapterConfig.cmake
[0.806s] -- Installing: /home/max/microros_ws4/firmware/mcu_ws/install/share/rosidl_adapter/cmake/rosidl_adapterConfig-version.cmake
[0.807s] -- Installing: /home/max/microros_ws4/firmware/mcu_ws/install/share/rosidl_adapter/package.xml
[0.807s] -- Up-to-date: /home/max/microros_ws4/firmware/mcu_ws/install/share/rosidl_adapter/cmake
[0.807s] -- Installing: /home/max/microros_ws4/firmware/mcu_ws/install/share/rosidl_adapter/cmake/rosidl_adapt_interfaces.cmake
[0.807s] -- Installing: /home/max/microros_ws4/firmware/mcu_ws/install/lib/rosidl_adapter/msg2idl.py
[0.808s] -- Installing: /home/max/microros_ws4/firmware/mcu_ws/install/lib/rosidl_adapter/srv2idl.py
[0.814s] Invoked command in '/home/max/microros_ws4/firmware/mcu_ws/build/rosidl_adapter' returned '0': CMAKE_PREFIX_PATH=${CMAKE_PREFIX_PATH}:/home/max/microros_ws4/firmware/dev_ws/install/ament_uncrustify:/home/max/microros_ws4/firmware/dev_ws/install/domain_coordinator:/home/max/microros_ws4/firmware/dev_ws/install/ament_xmllint:/home/max/microros_ws4/firmware/dev_ws/install/ament_pyflakes:/home/max/microros_ws4/firmware/dev_ws/install/ament_pycodestyle:/home/max/microros_ws4/firmware/dev_ws/install/ament_pep257:/home/max/microros_ws4/firmware/dev_ws/install/ament_pclint:/home/max/microros_ws4/firmware/dev_ws/install/ament_package:/home/max/microros_ws4/firmware/dev_ws/install/ament_mypy:/home/max/microros_ws4/firmware/dev_ws/install/ament_lint_cmake:/home/max/microros_ws4/firmware/dev_ws/install/ament_flake8:/home/max/microros_ws4/firmware/dev_ws/install/ament_copyright:/home/max/microros_ws4/firmware/dev_ws/install/ament_lint:/home/max/microros_ws4/firmware/dev_ws/install/ament_index_python:/home/max/microros_ws4/firmware/dev_ws/install/ament_cpplint:/home/max/microros_ws4/firmware/dev_ws/install/ament_cppcheck:/home/max/microros_ws4/firmware/dev_ws/install/ament_clang_tidy:/home/max/microros_ws4/firmware/dev_ws/install/ament_clang_format /usr/bin/cmake --install /home/max/microros_ws4/firmware/mcu_ws/build/rosidl_adapter
