[0.015s] Invoking command in '/home/max/microros_ws4/firmware/mcu_ws/build/tracetools': CMAKE_PREFIX_PATH=${CMAKE_PREFIX_PATH}:/home/max/microros_ws4/firmware/dev_ws/install/ament_uncrustify:/home/max/microros_ws4/firmware/dev_ws/install/domain_coordinator:/home/max/microros_ws4/firmware/dev_ws/install/ament_xmllint:/home/max/microros_ws4/firmware/dev_ws/install/ament_pyflakes:/home/max/microros_ws4/firmware/dev_ws/install/ament_pycodestyle:/home/max/microros_ws4/firmware/dev_ws/install/ament_pep257:/home/max/microros_ws4/firmware/dev_ws/install/ament_pclint:/home/max/microros_ws4/firmware/dev_ws/install/ament_package:/home/max/microros_ws4/firmware/dev_ws/install/ament_mypy:/home/max/microros_ws4/firmware/dev_ws/install/ament_lint_cmake:/home/max/microros_ws4/firmware/dev_ws/install/ament_flake8:/home/max/microros_ws4/firmware/dev_ws/install/ament_copyright:/home/max/microros_ws4/firmware/dev_ws/install/ament_lint:/home/max/microros_ws4/firmware/dev_ws/install/ament_index_python:/home/max/microros_ws4/firmware/dev_ws/install/ament_cpplint:/home/max/microros_ws4/firmware/dev_ws/install/ament_cppcheck:/home/max/microros_ws4/firmware/dev_ws/install/ament_clang_tidy:/home/max/microros_ws4/firmware/dev_ws/install/ament_clang_format /usr/bin/cmake --build /home/max/microros_ws4/firmware/mcu_ws/build/tracetools -- -j4 -l4
[0.067s] make[4]: Entering directory '/home/max/microros_ws4/firmware/mcu_ws/build/tracetools'
[0.067s] /usr/bin/cmake -S/home/max/microros_ws4/firmware/mcu_ws/uros/tracetools/tracetools -B/home/max/microros_ws4/firmware/mcu_ws/build/tracetools --check-build-system CMakeFiles/Makefile.cmake 0
[0.078s] Re-run cmake file: Makefile older than: /home/max/microros_ws4/firmware/freertos_apps/microros_esp32_extensions/esp32_toolchain.cmake
[0.084s] -- Found ament_cmake_ros: 0.9.2 (/home/max/microros_ws4/firmware/dev_ws/install/ament_cmake_ros/share/ament_cmake_ros/cmake)
[0.107s] -- Using PYTHON_EXECUTABLE: /home/max/microros_ws4/firmware/toolchain/espressif/python_env/idf4.1_py3.8_env/bin/python3
[0.346s] -- Configuring done
[0.352s] -- Generating done
[0.352s] -- Build files have been written to: /home/max/microros_ws4/firmware/mcu_ws/build/tracetools
[0.356s] /usr/bin/cmake -E cmake_progress_start /home/max/microros_ws4/firmware/mcu_ws/build/tracetools/CMakeFiles /home/max/microros_ws4/firmware/mcu_ws/build/tracetools/CMakeFiles/progress.marks
[0.376s] /usr/bin/make -f CMakeFiles/Makefile2 all
[0.378s] make[5]: Entering directory '/home/max/microros_ws4/firmware/mcu_ws/build/tracetools'
[0.378s] /usr/bin/make -f CMakeFiles/tracetools.dir/build.make CMakeFiles/tracetools.dir/depend
[0.386s] make[6]: Entering directory '/home/max/microros_ws4/firmware/mcu_ws/build/tracetools'
[0.386s] cd /home/max/microros_ws4/firmware/mcu_ws/build/tracetools && /usr/bin/cmake -E cmake_depends "Unix Makefiles" /home/max/microros_ws4/firmware/mcu_ws/uros/tracetools/tracetools /home/max/microros_ws4/firmware/mcu_ws/uros/tracetools/tracetools /home/max/microros_ws4/firmware/mcu_ws/build/tracetools /home/max/microros_ws4/firmware/mcu_ws/build/tracetools /home/max/microros_ws4/firmware/mcu_ws/build/tracetools/CMakeFiles/tracetools.dir/DependInfo.cmake --color=
[0.413s] make[6]: Leaving directory '/home/max/microros_ws4/firmware/mcu_ws/build/tracetools'
[0.414s] /usr/bin/make -f CMakeFiles/tracetools.dir/build.make CMakeFiles/tracetools.dir/build
[0.421s] make[6]: Entering directory '/home/max/microros_ws4/firmware/mcu_ws/build/tracetools'
[0.421s] make[6]: Nothing to be done for 'CMakeFiles/tracetools.dir/build'.
[0.421s] make[6]: Leaving directory '/home/max/microros_ws4/firmware/mcu_ws/build/tracetools'
[0.442s] [100%] Built target tracetools
[0.443s] make[5]: Leaving directory '/home/max/microros_ws4/firmware/mcu_ws/build/tracetools'
[0.443s] /usr/bin/cmake -E cmake_progress_start /home/max/microros_ws4/firmware/mcu_ws/build/tracetools/CMakeFiles 0
[0.458s] make[4]: Leaving directory '/home/max/microros_ws4/firmware/mcu_ws/build/tracetools'
[0.681s] Invoked command in '/home/max/microros_ws4/firmware/mcu_ws/build/tracetools' returned '0': CMAKE_PREFIX_PATH=${CMAKE_PREFIX_PATH}:/home/max/microros_ws4/firmware/dev_ws/install/ament_uncrustify:/home/max/microros_ws4/firmware/dev_ws/install/domain_coordinator:/home/max/microros_ws4/firmware/dev_ws/install/ament_xmllint:/home/max/microros_ws4/firmware/dev_ws/install/ament_pyflakes:/home/max/microros_ws4/firmware/dev_ws/install/ament_pycodestyle:/home/max/microros_ws4/firmware/dev_ws/install/ament_pep257:/home/max/microros_ws4/firmware/dev_ws/install/ament_pclint:/home/max/microros_ws4/firmware/dev_ws/install/ament_package:/home/max/microros_ws4/firmware/dev_ws/install/ament_mypy:/home/max/microros_ws4/firmware/dev_ws/install/ament_lint_cmake:/home/max/microros_ws4/firmware/dev_ws/install/ament_flake8:/home/max/microros_ws4/firmware/dev_ws/install/ament_copyright:/home/max/microros_ws4/firmware/dev_ws/install/ament_lint:/home/max/microros_ws4/firmware/dev_ws/install/ament_index_python:/home/max/microros_ws4/firmware/dev_ws/install/ament_cpplint:/home/max/microros_ws4/firmware/dev_ws/install/ament_cppcheck:/home/max/microros_ws4/firmware/dev_ws/install/ament_clang_tidy:/home/max/microros_ws4/firmware/dev_ws/install/ament_clang_format /usr/bin/cmake --build /home/max/microros_ws4/firmware/mcu_ws/build/tracetools -- -j4 -l4
[0.744s] Invoking command in '/home/max/microros_ws4/firmware/mcu_ws/build/tracetools': CMAKE_PREFIX_PATH=${CMAKE_PREFIX_PATH}:/home/max/microros_ws4/firmware/dev_ws/install/ament_uncrustify:/home/max/microros_ws4/firmware/dev_ws/install/domain_coordinator:/home/max/microros_ws4/firmware/dev_ws/install/ament_xmllint:/home/max/microros_ws4/firmware/dev_ws/install/ament_pyflakes:/home/max/microros_ws4/firmware/dev_ws/install/ament_pycodestyle:/home/max/microros_ws4/firmware/dev_ws/install/ament_pep257:/home/max/microros_ws4/firmware/dev_ws/install/ament_pclint:/home/max/microros_ws4/firmware/dev_ws/install/ament_package:/home/max/microros_ws4/firmware/dev_ws/install/ament_mypy:/home/max/microros_ws4/firmware/dev_ws/install/ament_lint_cmake:/home/max/microros_ws4/firmware/dev_ws/install/ament_flake8:/home/max/microros_ws4/firmware/dev_ws/install/ament_copyright:/home/max/microros_ws4/firmware/dev_ws/install/ament_lint:/home/max/microros_ws4/firmware/dev_ws/install/ament_index_python:/home/max/microros_ws4/firmware/dev_ws/install/ament_cpplint:/home/max/microros_ws4/firmware/dev_ws/install/ament_cppcheck:/home/max/microros_ws4/firmware/dev_ws/install/ament_clang_tidy:/home/max/microros_ws4/firmware/dev_ws/install/ament_clang_format /usr/bin/cmake --install /home/max/microros_ws4/firmware/mcu_ws/build/tracetools
[0.757s] -- Install configuration: "Debug"
[0.757s] -- Up-to-date: /home/max/microros_ws4/firmware/mcu_ws/install/include
[0.757s] -- Up-to-date: /home/max/microros_ws4/firmware/mcu_ws/install/include/tracetools
[0.757s] -- Up-to-date: /home/max/microros_ws4/firmware/mcu_ws/install/include/tracetools/tracetools.h
[0.757s] -- Up-to-date: /home/max/microros_ws4/firmware/mcu_ws/install/include/tracetools/config.h
[0.757s] -- Up-to-date: /home/max/microros_ws4/firmware/mcu_ws/install/include/tracetools/utils.hpp
[0.757s] -- Up-to-date: /home/max/microros_ws4/firmware/mcu_ws/install/include/tracetools/visibility_control.hpp
[0.757s] -- Up-to-date: /home/max/microros_ws4/firmware/mcu_ws/install/lib/libtracetools.a
[0.757s] -- Up-to-date: /home/max/microros_ws4/firmware/mcu_ws/install/share/ament_index/resource_index/package_run_dependencies/tracetools
[0.758s] -- Up-to-date: /home/max/microros_ws4/firmware/mcu_ws/install/share/ament_index/resource_index/parent_prefix_path/tracetools
[0.758s] -- Up-to-date: /home/max/microros_ws4/firmware/mcu_ws/install/share/tracetools/environment/ament_prefix_path.sh
[0.758s] -- Installing: /home/max/microros_ws4/firmware/mcu_ws/install/share/tracetools/environment/ament_prefix_path.dsv
[0.758s] -- Up-to-date: /home/max/microros_ws4/firmware/mcu_ws/install/share/tracetools/environment/path.sh
[0.758s] -- Installing: /home/max/microros_ws4/firmware/mcu_ws/install/share/tracetools/environment/path.dsv
[0.758s] -- Up-to-date: /home/max/microros_ws4/firmware/mcu_ws/install/share/tracetools/local_setup.bash
[0.758s] -- Up-to-date: /home/max/microros_ws4/firmware/mcu_ws/install/share/tracetools/local_setup.sh
[0.758s] -- Up-to-date: /home/max/microros_ws4/firmware/mcu_ws/install/share/tracetools/local_setup.zsh
[0.758s] -- Installing: /home/max/microros_ws4/firmware/mcu_ws/install/share/tracetools/local_setup.dsv
[0.758s] -- Installing: /home/max/microros_ws4/firmware/mcu_ws/install/share/tracetools/package.dsv
[0.758s] -- Up-to-date: /home/max/microros_ws4/firmware/mcu_ws/install/share/ament_index/resource_index/packages/tracetools
[0.758s] -- Up-to-date: /home/max/microros_ws4/firmware/mcu_ws/install/share/tracetools/cmake/ament_cmake_export_include_directories-extras.cmake
[0.758s] -- Up-to-date: /home/max/microros_ws4/firmware/mcu_ws/install/share/tracetools/cmake/tracetoolsConfig.cmake
[0.759s] -- Up-to-date: /home/max/microros_ws4/firmware/mcu_ws/install/share/tracetools/cmake/tracetoolsConfig-version.cmake
[0.759s] -- Up-to-date: /home/max/microros_ws4/firmware/mcu_ws/install/share/tracetools/package.xml
[0.776s] Invoked command in '/home/max/microros_ws4/firmware/mcu_ws/build/tracetools' returned '0': CMAKE_PREFIX_PATH=${CMAKE_PREFIX_PATH}:/home/max/microros_ws4/firmware/dev_ws/install/ament_uncrustify:/home/max/microros_ws4/firmware/dev_ws/install/domain_coordinator:/home/max/microros_ws4/firmware/dev_ws/install/ament_xmllint:/home/max/microros_ws4/firmware/dev_ws/install/ament_pyflakes:/home/max/microros_ws4/firmware/dev_ws/install/ament_pycodestyle:/home/max/microros_ws4/firmware/dev_ws/install/ament_pep257:/home/max/microros_ws4/firmware/dev_ws/install/ament_pclint:/home/max/microros_ws4/firmware/dev_ws/install/ament_package:/home/max/microros_ws4/firmware/dev_ws/install/ament_mypy:/home/max/microros_ws4/firmware/dev_ws/install/ament_lint_cmake:/home/max/microros_ws4/firmware/dev_ws/install/ament_flake8:/home/max/microros_ws4/firmware/dev_ws/install/ament_copyright:/home/max/microros_ws4/firmware/dev_ws/install/ament_lint:/home/max/microros_ws4/firmware/dev_ws/install/ament_index_python:/home/max/microros_ws4/firmware/dev_ws/install/ament_cpplint:/home/max/microros_ws4/firmware/dev_ws/install/ament_cppcheck:/home/max/microros_ws4/firmware/dev_ws/install/ament_clang_tidy:/home/max/microros_ws4/firmware/dev_ws/install/ament_clang_format /usr/bin/cmake --install /home/max/microros_ws4/firmware/mcu_ws/build/tracetools
