Not searching for unused variables given on the command line.
-- The C compiler identification is GNU 8.2.0
-- The CXX compiler identification is GNU 8.2.0
-- Check for working C compiler: /home/max/microros_ws4/firmware/toolchain/espressif/tools/xtensa-esp32-elf/esp-2020r2-8.2.0/xtensa-esp32-elf/bin/xtensa-esp32-elf-gcc
-- Check for working C compiler: /home/max/microros_ws4/firmware/toolchain/espressif/tools/xtensa-esp32-elf/esp-2020r2-8.2.0/xtensa-esp32-elf/bin/xtensa-esp32-elf-gcc -- works
-- Detecting C compiler ABI info
-- Detecting C compiler ABI info - done
-- Detecting C compile features
-- Detecting C compile features - done
-- Check for working CXX compiler: /home/max/microros_ws4/firmware/toolchain/espressif/tools/xtensa-esp32-elf/esp-2020r2-8.2.0/xtensa-esp32-elf/bin/xtensa-esp32-elf-g++
-- Check for working CXX compiler: /home/max/microros_ws4/firmware/toolchain/espressif/tools/xtensa-esp32-elf/esp-2020r2-8.2.0/xtensa-esp32-elf/bin/xtensa-esp32-elf-g++ -- works
-- Detecting CXX compiler ABI info
-- Detecting CXX compiler ABI info - done
-- Detecting CXX compile features
-- Detecting CXX compile features - done
-- Found PythonInterp: /home/max/microros_ws4/firmware/toolchain/espressif/python_env/idf4.1_py3.8_env/bin/python3 (found suitable version "3.8.10", minimum required is "3") 
-- Using PYTHON_EXECUTABLE: /home/max/microros_ws4/firmware/toolchain/espressif/python_env/idf4.1_py3.8_env/bin/python3
-- Configuring done
-- Generating done
-- Build files have been written to: /home/max/microros_ws4/firmware/mcu_ws/build/tinydir_vendor
make[4]: Entering directory '/home/max/microros_ws4/firmware/mcu_ws/build/tinydir_vendor'
/usr/bin/cmake -S/home/max/microros_ws4/firmware/mcu_ws/ros2/tinydir_vendor -B/home/max/microros_ws4/firmware/mcu_ws/build/tinydir_vendor --check-build-system CMakeFiles/Makefile.cmake 0
/usr/bin/cmake -E cmake_progress_start /home/max/microros_ws4/firmware/mcu_ws/build/tinydir_vendor/CMakeFiles /home/max/microros_ws4/firmware/mcu_ws/build/tinydir_vendor/CMakeFiles/progress.marks
/usr/bin/make -f CMakeFiles/Makefile2 all
make[5]: Entering directory '/home/max/microros_ws4/firmware/mcu_ws/build/tinydir_vendor'
/usr/bin/make -f CMakeFiles/tinydir-1.2.4.dir/build.make CMakeFiles/tinydir-1.2.4.dir/depend
make[6]: Entering directory '/home/max/microros_ws4/firmware/mcu_ws/build/tinydir_vendor'
cd /home/max/microros_ws4/firmware/mcu_ws/build/tinydir_vendor && /usr/bin/cmake -E cmake_depends "Unix Makefiles" /home/max/microros_ws4/firmware/mcu_ws/ros2/tinydir_vendor /home/max/microros_ws4/firmware/mcu_ws/ros2/tinydir_vendor /home/max/microros_ws4/firmware/mcu_ws/build/tinydir_vendor /home/max/microros_ws4/firmware/mcu_ws/build/tinydir_vendor /home/max/microros_ws4/firmware/mcu_ws/build/tinydir_vendor/CMakeFiles/tinydir-1.2.4.dir/DependInfo.cmake --color=
Dependee "/home/max/microros_ws4/firmware/mcu_ws/build/tinydir_vendor/CMakeFiles/tinydir-1.2.4.dir/DependInfo.cmake" is newer than depender "/home/max/microros_ws4/firmware/mcu_ws/build/tinydir_vendor/CMakeFiles/tinydir-1.2.4.dir/depend.internal".
Dependee "/home/max/microros_ws4/firmware/mcu_ws/build/tinydir_vendor/CMakeFiles/CMakeDirectoryInformation.cmake" is newer than depender "/home/max/microros_ws4/firmware/mcu_ws/build/tinydir_vendor/CMakeFiles/tinydir-1.2.4.dir/depend.internal".
[35m[1mScanning dependencies of target tinydir-1.2.4[0m
make[6]: Leaving directory '/home/max/microros_ws4/firmware/mcu_ws/build/tinydir_vendor'
/usr/bin/make -f CMakeFiles/tinydir-1.2.4.dir/build.make CMakeFiles/tinydir-1.2.4.dir/build
make[6]: Entering directory '/home/max/microros_ws4/firmware/mcu_ws/build/tinydir_vendor'
[ 12%] [34m[1mCreating directories for 'tinydir-1.2.4'[0m
/usr/bin/cmake -E make_directory /home/max/microros_ws4/firmware/mcu_ws/build/tinydir_vendor/tinydir-1.2.4/src/tinydir-1.2.4
/usr/bin/cmake -E make_directory /home/max/microros_ws4/firmware/mcu_ws/build/tinydir_vendor/tinydir-1.2.4/src/tinydir-1.2.4
/usr/bin/cmake -E make_directory /home/max/microros_ws4/firmware/mcu_ws/build/tinydir_vendor/tinydir-1.2.4
/usr/bin/cmake -E make_directory /home/max/microros_ws4/firmware/mcu_ws/build/tinydir_vendor/tinydir-1.2.4/tmp
/usr/bin/cmake -E make_directory /home/max/microros_ws4/firmware/mcu_ws/build/tinydir_vendor/tinydir-1.2.4/src/tinydir-1.2.4-stamp
/usr/bin/cmake -E make_directory /home/max/microros_ws4/firmware/mcu_ws/build/tinydir_vendor/tinydir-1.2.4/src
/usr/bin/cmake -E make_directory /home/max/microros_ws4/firmware/mcu_ws/build/tinydir_vendor/tinydir-1.2.4/src/tinydir-1.2.4-stamp
/usr/bin/cmake -E touch /home/max/microros_ws4/firmware/mcu_ws/build/tinydir_vendor/tinydir-1.2.4/src/tinydir-1.2.4-stamp/tinydir-1.2.4-mkdir
[ 25%] [34m[1mPerforming download step (download, verify and extract) for 'tinydir-1.2.4'[0m
cd /home/max/microros_ws4/firmware/mcu_ws/build/tinydir_vendor/tinydir-1.2.4/src && /usr/bin/cmake -P /home/max/microros_ws4/firmware/mcu_ws/build/tinydir_vendor/tinydir-1.2.4/src/tinydir-1.2.4-stamp/download-tinydir-1.2.4.cmake
-- Downloading...
   dst='/home/max/microros_ws4/firmware/mcu_ws/build/tinydir_vendor/tinydir-1.2.4/src/1.2.4.tar.gz'
   timeout='none'
-- Using src='https://github.com/cxong/tinydir/archive/1.2.4.tar.gz'
-- verifying file...
       file='/home/max/microros_ws4/firmware/mcu_ws/build/tinydir_vendor/tinydir-1.2.4/src/1.2.4.tar.gz'
-- Downloading... done
cd /home/max/microros_ws4/firmware/mcu_ws/build/tinydir_vendor/tinydir-1.2.4/src && /usr/bin/cmake -P /home/max/microros_ws4/firmware/mcu_ws/build/tinydir_vendor/tinydir-1.2.4/src/tinydir-1.2.4-stamp/verify-tinydir-1.2.4.cmake
cd /home/max/microros_ws4/firmware/mcu_ws/build/tinydir_vendor/tinydir-1.2.4/src && /usr/bin/cmake -P /home/max/microros_ws4/firmware/mcu_ws/build/tinydir_vendor/tinydir-1.2.4/src/tinydir-1.2.4-stamp/extract-tinydir-1.2.4.cmake
-- extracting...
     src='/home/max/microros_ws4/firmware/mcu_ws/build/tinydir_vendor/tinydir-1.2.4/src/1.2.4.tar.gz'
     dst='/home/max/microros_ws4/firmware/mcu_ws/build/tinydir_vendor/tinydir-1.2.4/src/tinydir-1.2.4'
-- extracting... [tar xfz]
-- extracting... [analysis]
-- extracting... [rename]
-- extracting... [clean up]
-- extracting... done
cd /home/max/microros_ws4/firmware/mcu_ws/build/tinydir_vendor/tinydir-1.2.4/src && /usr/bin/cmake -E touch /home/max/microros_ws4/firmware/mcu_ws/build/tinydir_vendor/tinydir-1.2.4/src/tinydir-1.2.4-stamp/tinydir-1.2.4-download
[ 37%] [34m[1mPerforming patch step for 'tinydir-1.2.4'[0m
cd /home/max/microros_ws4/firmware/mcu_ws/build/tinydir_vendor/tinydir-1.2.4/src/tinydir-1.2.4 && /usr/bin/cmake -E copy /home/max/microros_ws4/firmware/mcu_ws/ros2/tinydir_vendor/tinydir_cmakelists.txt /home/max/microros_ws4/firmware/mcu_ws/build/tinydir_vendor/tinydir-1.2.4/src/tinydir-1.2.4/CMakeLists.txt
[ 50%] [34m[1mNo update step for 'tinydir-1.2.4'[0m
/usr/bin/cmake -E echo_append
cd /home/max/microros_ws4/firmware/mcu_ws/build/tinydir_vendor/tinydir-1.2.4/src/tinydir-1.2.4 && /usr/bin/cmake -E touch /home/max/microros_ws4/firmware/mcu_ws/build/tinydir_vendor/tinydir-1.2.4/src/tinydir-1.2.4-stamp/tinydir-1.2.4-patch
/usr/bin/cmake -E touch /home/max/microros_ws4/firmware/mcu_ws/build/tinydir_vendor/tinydir-1.2.4/src/tinydir-1.2.4-stamp/tinydir-1.2.4-update
[ 62%] [34m[1mPerforming configure step for 'tinydir-1.2.4'[0m
cd /home/max/microros_ws4/firmware/mcu_ws/build/tinydir_vendor/tinydir-1.2.4/src/tinydir-1.2.4 && /usr/bin/cmake -DCMAKE_INSTALL_PREFIX=/home/max/microros_ws4/firmware/mcu_ws/build/tinydir_vendor/tinydir_vendor_install "-DCMAKE_CXX_FLAGS=-mlongcalls -Wno-frame-address -mlongcalls -Wno-frame-address" -DCMAKE_C_COMPILER=/home/max/microros_ws4/firmware/toolchain/espressif/tools/xtensa-esp32-elf/esp-2020r2-8.2.0/xtensa-esp32-elf/bin/xtensa-esp32-elf-gcc -DCMAKE_CXX_COMPILER=/home/max/microros_ws4/firmware/toolchain/espressif/tools/xtensa-esp32-elf/esp-2020r2-8.2.0/xtensa-esp32-elf/bin/xtensa-esp32-elf-g++ -DCMAKE_TOOLCHAIN_FILE=/home/max/microros_ws4/firmware/freertos_apps/microros_esp32_extensions/esp32_toolchain.cmake "-GUnix Makefiles" /home/max/microros_ws4/firmware/mcu_ws/build/tinydir_vendor/tinydir-1.2.4/src/tinydir-1.2.4
Re-run cmake no build system arguments
-- The C compiler identification is GNU 8.2.0
-- The CXX compiler identification is GNU 8.2.0
-- Check for working C compiler: /home/max/microros_ws4/firmware/toolchain/espressif/tools/xtensa-esp32-elf/esp-2020r2-8.2.0/xtensa-esp32-elf/bin/xtensa-esp32-elf-gcc
-- Check for working C compiler: /home/max/microros_ws4/firmware/toolchain/espressif/tools/xtensa-esp32-elf/esp-2020r2-8.2.0/xtensa-esp32-elf/bin/xtensa-esp32-elf-gcc -- works
-- Detecting C compiler ABI info
-- Detecting C compiler ABI info - done
-- Detecting C compile features
-- Detecting C compile features - done
-- Check for working CXX compiler: /home/max/microros_ws4/firmware/toolchain/espressif/tools/xtensa-esp32-elf/esp-2020r2-8.2.0/xtensa-esp32-elf/bin/xtensa-esp32-elf-g++
-- Check for working CXX compiler: /home/max/microros_ws4/firmware/toolchain/espressif/tools/xtensa-esp32-elf/esp-2020r2-8.2.0/xtensa-esp32-elf/bin/xtensa-esp32-elf-g++ -- works
-- Detecting CXX compiler ABI info
-- Detecting CXX compiler ABI info - done
-- Detecting CXX compile features
-- Detecting CXX compile features - done
-- Configuring done
-- Generating done
-- Build files have been written to: /home/max/microros_ws4/firmware/mcu_ws/build/tinydir_vendor/tinydir-1.2.4/src/tinydir-1.2.4
cd /home/max/microros_ws4/firmware/mcu_ws/build/tinydir_vendor/tinydir-1.2.4/src/tinydir-1.2.4 && /usr/bin/cmake -E touch /home/max/microros_ws4/firmware/mcu_ws/build/tinydir_vendor/tinydir-1.2.4/src/tinydir-1.2.4-stamp/tinydir-1.2.4-configure
[ 75%] [34m[1mPerforming build step for 'tinydir-1.2.4'[0m
cd /home/max/microros_ws4/firmware/mcu_ws/build/tinydir_vendor/tinydir-1.2.4/src/tinydir-1.2.4 && /usr/bin/make
make[7]: Entering directory '/home/max/microros_ws4/firmware/mcu_ws/build/tinydir_vendor/tinydir-1.2.4/src/tinydir-1.2.4'
/usr/bin/cmake -S/home/max/microros_ws4/firmware/mcu_ws/build/tinydir_vendor/tinydir-1.2.4/src/tinydir-1.2.4 -B/home/max/microros_ws4/firmware/mcu_ws/build/tinydir_vendor/tinydir-1.2.4/src/tinydir-1.2.4 --check-build-system CMakeFiles/Makefile.cmake 0
/usr/bin/cmake -E cmake_progress_start /home/max/microros_ws4/firmware/mcu_ws/build/tinydir_vendor/tinydir-1.2.4/src/tinydir-1.2.4/CMakeFiles /home/max/microros_ws4/firmware/mcu_ws/build/tinydir_vendor/tinydir-1.2.4/src/tinydir-1.2.4/CMakeFiles/progress.marks
/usr/bin/make -f CMakeFiles/Makefile2 all
make[8]: Entering directory '/home/max/microros_ws4/firmware/mcu_ws/build/tinydir_vendor/tinydir-1.2.4/src/tinydir-1.2.4'
make[8]: Nothing to be done for 'all'.
make[8]: Leaving directory '/home/max/microros_ws4/firmware/mcu_ws/build/tinydir_vendor/tinydir-1.2.4/src/tinydir-1.2.4'
/usr/bin/cmake -E cmake_progress_start /home/max/microros_ws4/firmware/mcu_ws/build/tinydir_vendor/tinydir-1.2.4/src/tinydir-1.2.4/CMakeFiles 0
make[7]: Leaving directory '/home/max/microros_ws4/firmware/mcu_ws/build/tinydir_vendor/tinydir-1.2.4/src/tinydir-1.2.4'
cd /home/max/microros_ws4/firmware/mcu_ws/build/tinydir_vendor/tinydir-1.2.4/src/tinydir-1.2.4 && /usr/bin/cmake -E touch /home/max/microros_ws4/firmware/mcu_ws/build/tinydir_vendor/tinydir-1.2.4/src/tinydir-1.2.4-stamp/tinydir-1.2.4-build
[ 87%] [34m[1mPerforming install step for 'tinydir-1.2.4'[0m
cd /home/max/microros_ws4/firmware/mcu_ws/build/tinydir_vendor/tinydir-1.2.4/src/tinydir-1.2.4 && /usr/bin/make install
make[7]: Entering directory '/home/max/microros_ws4/firmware/mcu_ws/build/tinydir_vendor/tinydir-1.2.4/src/tinydir-1.2.4'
/usr/bin/cmake -S/home/max/microros_ws4/firmware/mcu_ws/build/tinydir_vendor/tinydir-1.2.4/src/tinydir-1.2.4 -B/home/max/microros_ws4/firmware/mcu_ws/build/tinydir_vendor/tinydir-1.2.4/src/tinydir-1.2.4 --check-build-system CMakeFiles/Makefile.cmake 0
/usr/bin/cmake -E cmake_progress_start /home/max/microros_ws4/firmware/mcu_ws/build/tinydir_vendor/tinydir-1.2.4/src/tinydir-1.2.4/CMakeFiles /home/max/microros_ws4/firmware/mcu_ws/build/tinydir_vendor/tinydir-1.2.4/src/tinydir-1.2.4/CMakeFiles/progress.marks
/usr/bin/make -f CMakeFiles/Makefile2 all
make[8]: Entering directory '/home/max/microros_ws4/firmware/mcu_ws/build/tinydir_vendor/tinydir-1.2.4/src/tinydir-1.2.4'
make[8]: Nothing to be done for 'all'.
make[8]: Leaving directory '/home/max/microros_ws4/firmware/mcu_ws/build/tinydir_vendor/tinydir-1.2.4/src/tinydir-1.2.4'
/usr/bin/cmake -E cmake_progress_start /home/max/microros_ws4/firmware/mcu_ws/build/tinydir_vendor/tinydir-1.2.4/src/tinydir-1.2.4/CMakeFiles 0
/usr/bin/make -f CMakeFiles/Makefile2 preinstall
make[8]: Entering directory '/home/max/microros_ws4/firmware/mcu_ws/build/tinydir_vendor/tinydir-1.2.4/src/tinydir-1.2.4'
make[8]: Nothing to be done for 'preinstall'.
make[8]: Leaving directory '/home/max/microros_ws4/firmware/mcu_ws/build/tinydir_vendor/tinydir-1.2.4/src/tinydir-1.2.4'
[36mInstall the project...[0m
/usr/bin/cmake -P cmake_install.cmake
-- Install configuration: ""
-- Installing: /home/max/microros_ws4/firmware/mcu_ws/build/tinydir_vendor/tinydir_vendor_install/include/tinydir/tinydir.h
make[7]: Leaving directory '/home/max/microros_ws4/firmware/mcu_ws/build/tinydir_vendor/tinydir-1.2.4/src/tinydir-1.2.4'
cd /home/max/microros_ws4/firmware/mcu_ws/build/tinydir_vendor/tinydir-1.2.4/src/tinydir-1.2.4 && /usr/bin/cmake -E touch /home/max/microros_ws4/firmware/mcu_ws/build/tinydir_vendor/tinydir-1.2.4/src/tinydir-1.2.4-stamp/tinydir-1.2.4-install
[100%] [34m[1mCompleted 'tinydir-1.2.4'[0m
/usr/bin/cmake -E make_directory /home/max/microros_ws4/firmware/mcu_ws/build/tinydir_vendor/CMakeFiles
/usr/bin/cmake -E touch /home/max/microros_ws4/firmware/mcu_ws/build/tinydir_vendor/CMakeFiles/tinydir-1.2.4-complete
/usr/bin/cmake -E touch /home/max/microros_ws4/firmware/mcu_ws/build/tinydir_vendor/tinydir-1.2.4/src/tinydir-1.2.4-stamp/tinydir-1.2.4-done
make[6]: Leaving directory '/home/max/microros_ws4/firmware/mcu_ws/build/tinydir_vendor'
[100%] Built target tinydir-1.2.4
make[5]: Leaving directory '/home/max/microros_ws4/firmware/mcu_ws/build/tinydir_vendor'
/usr/bin/cmake -E cmake_progress_start /home/max/microros_ws4/firmware/mcu_ws/build/tinydir_vendor/CMakeFiles 0
make[4]: Leaving directory '/home/max/microros_ws4/firmware/mcu_ws/build/tinydir_vendor'
-- Install configuration: "Debug"
-- Up-to-date: /home/max/microros_ws4/firmware/mcu_ws/install
-- Up-to-date: /home/max/microros_ws4/firmware/mcu_ws/install/include
-- Installing: /home/max/microros_ws4/firmware/mcu_ws/install/include/tinydir
-- Installing: /home/max/microros_ws4/firmware/mcu_ws/install/include/tinydir/tinydir.h
-- Installing: /home/max/microros_ws4/firmware/mcu_ws/install/share/tinydir_vendor/package.xml
-- Installing: /home/max/microros_ws4/firmware/mcu_ws/install/share/tinydir_vendor/cmake/tinydir_vendorConfig.cmake
-- Installing: /home/max/microros_ws4/firmware/mcu_ws/install/share/tinydir_vendor/cmake/tinydir_vendorConfig-version.cmake
