[0.077s] Invoking command in '/home/max/PycharmProjects/my_ros2_ws/build/servo_message': CMAKE_PREFIX_PATH=${CMAKE_PREFIX_PATH}:/home/max/PycharmProjects/my_ros2_ws/install/py_pubsub:/opt/ros/foxy /usr/bin/cmake --build /home/max/PycharmProjects/my_ros2_ws/build/servo_message -- -j4 -l4
[0.173s] [  9%] Built target servo_message__cpp
[0.173s] [ 12%] Built target servo_message__rosidl_generator_c
[0.197s] [ 22%] Built target servo_message__rosidl_typesupport_introspection_c
[0.202s] [ 32%] Built target servo_message__rosidl_typesupport_c
[0.224s] [ 41%] Built target servo_message__rosidl_typesupport_introspection_cpp
[0.229s] [ 51%] Built target servo_message__rosidl_typesupport_cpp
[0.229s] [ 61%] Built target servo_message__rosidl_typesupport_fastrtps_cpp
[0.261s] [ 70%] Built target servo_message__rosidl_typesupport_fastrtps_c
[0.290s] [ 70%] Built target servo_message
[0.321s] [ 74%] Built target servo_message__py
[0.359s] [ 80%] Built target servo_message__python
[0.388s] [ 93%] Built target servo_message__rosidl_typesupport_introspection_c__pyext
[0.388s] [ 93%] Built target servo_message__rosidl_typesupport_fastrtps_c__pyext
[0.392s] [100%] Built target servo_message__rosidl_typesupport_c__pyext
[0.405s] Invoked command in '/home/max/PycharmProjects/my_ros2_ws/build/servo_message' returned '0': CMAKE_PREFIX_PATH=${CMAKE_PREFIX_PATH}:/home/max/PycharmProjects/my_ros2_ws/install/py_pubsub:/opt/ros/foxy /usr/bin/cmake --build /home/max/PycharmProjects/my_ros2_ws/build/servo_message -- -j4 -l4
[0.483s] Invoking command in '/home/max/PycharmProjects/my_ros2_ws/build/servo_message': CMAKE_PREFIX_PATH=${CMAKE_PREFIX_PATH}:/home/max/PycharmProjects/my_ros2_ws/install/py_pubsub:/opt/ros/foxy /usr/bin/cmake --install /home/max/PycharmProjects/my_ros2_ws/build/servo_message
[0.503s] -- Install configuration: ""
[0.504s] -- Up-to-date: /home/max/PycharmProjects/my_ros2_ws/install/servo_message/share/ament_index/resource_index/rosidl_interfaces/servo_message
[0.504s] -- Up-to-date: /home/max/PycharmProjects/my_ros2_ws/install/servo_message/include/servo_message
[0.504s] -- Up-to-date: /home/max/PycharmProjects/my_ros2_ws/install/servo_message/include/servo_message/msg
[0.504s] -- Up-to-date: /home/max/PycharmProjects/my_ros2_ws/install/servo_message/include/servo_message/msg/servo_message.h
[0.505s] -- Up-to-date: /home/max/PycharmProjects/my_ros2_ws/install/servo_message/include/servo_message/msg/detail
[0.505s] -- Up-to-date: /home/max/PycharmProjects/my_ros2_ws/install/servo_message/include/servo_message/msg/detail/servo_message__functions.h
[0.505s] -- Up-to-date: /home/max/PycharmProjects/my_ros2_ws/install/servo_message/include/servo_message/msg/detail/servo_message__type_support.h
[0.505s] -- Up-to-date: /home/max/PycharmProjects/my_ros2_ws/install/servo_message/include/servo_message/msg/detail/servo_message__functions.c
[0.505s] -- Up-to-date: /home/max/PycharmProjects/my_ros2_ws/install/servo_message/include/servo_message/msg/detail/servo_message__struct.h
[0.505s] -- Up-to-date: /home/max/PycharmProjects/my_ros2_ws/install/servo_message/include/servo_message/msg/rosidl_generator_c__visibility_control.h
[0.506s] -- Up-to-date: /home/max/PycharmProjects/my_ros2_ws/install/servo_message/share/servo_message/environment/library_path.sh
[0.506s] -- Up-to-date: /home/max/PycharmProjects/my_ros2_ws/install/servo_message/share/servo_message/environment/library_path.dsv
[0.506s] -- Up-to-date: /home/max/PycharmProjects/my_ros2_ws/install/servo_message/lib/libservo_message__rosidl_generator_c.so
[0.506s] -- Up-to-date: /home/max/PycharmProjects/my_ros2_ws/install/servo_message/include/servo_message
[0.507s] -- Up-to-date: /home/max/PycharmProjects/my_ros2_ws/install/servo_message/include/servo_message/msg
[0.507s] -- Up-to-date: /home/max/PycharmProjects/my_ros2_ws/install/servo_message/include/servo_message/msg/rosidl_typesupport_fastrtps_c__visibility_control.h
[0.507s] -- Up-to-date: /home/max/PycharmProjects/my_ros2_ws/install/servo_message/include/servo_message/msg/detail
[0.507s] -- Up-to-date: /home/max/PycharmProjects/my_ros2_ws/install/servo_message/include/servo_message/msg/detail/servo_message__rosidl_typesupport_fastrtps_c.h
[0.507s] -- Up-to-date: /home/max/PycharmProjects/my_ros2_ws/install/servo_message/lib/libservo_message__rosidl_typesupport_fastrtps_c.so
[0.507s] -- Up-to-date: /home/max/PycharmProjects/my_ros2_ws/install/servo_message/include/servo_message
[0.507s] -- Up-to-date: /home/max/PycharmProjects/my_ros2_ws/install/servo_message/include/servo_message/msg
[0.508s] -- Up-to-date: /home/max/PycharmProjects/my_ros2_ws/install/servo_message/include/servo_message/msg/rosidl_typesupport_fastrtps_cpp__visibility_control.h
[0.508s] -- Up-to-date: /home/max/PycharmProjects/my_ros2_ws/install/servo_message/include/servo_message/msg/detail
[0.508s] -- Up-to-date: /home/max/PycharmProjects/my_ros2_ws/install/servo_message/include/servo_message/msg/detail/servo_message__rosidl_typesupport_fastrtps_cpp.hpp
[0.508s] -- Up-to-date: /home/max/PycharmProjects/my_ros2_ws/install/servo_message/include/servo_message/msg/detail/dds_fastrtps
[0.508s] -- Up-to-date: /home/max/PycharmProjects/my_ros2_ws/install/servo_message/lib/libservo_message__rosidl_typesupport_fastrtps_cpp.so
[0.508s] -- Up-to-date: /home/max/PycharmProjects/my_ros2_ws/install/servo_message/include/servo_message
[0.509s] -- Up-to-date: /home/max/PycharmProjects/my_ros2_ws/install/servo_message/include/servo_message/msg
[0.509s] -- Up-to-date: /home/max/PycharmProjects/my_ros2_ws/install/servo_message/include/servo_message/msg/detail
[0.509s] -- Up-to-date: /home/max/PycharmProjects/my_ros2_ws/install/servo_message/include/servo_message/msg/detail/servo_message__type_support.c
[0.509s] -- Up-to-date: /home/max/PycharmProjects/my_ros2_ws/install/servo_message/include/servo_message/msg/detail/servo_message__rosidl_typesupport_introspection_c.h
[0.509s] -- Up-to-date: /home/max/PycharmProjects/my_ros2_ws/install/servo_message/include/servo_message/msg/rosidl_typesupport_introspection_c__visibility_control.h
[0.509s] -- Up-to-date: /home/max/PycharmProjects/my_ros2_ws/install/servo_message/lib/libservo_message__rosidl_typesupport_introspection_c.so
[0.509s] -- Up-to-date: /home/max/PycharmProjects/my_ros2_ws/install/servo_message/lib/libservo_message__rosidl_typesupport_c.so
[0.509s] -- Up-to-date: /home/max/PycharmProjects/my_ros2_ws/install/servo_message/include/servo_message
[0.509s] -- Up-to-date: /home/max/PycharmProjects/my_ros2_ws/install/servo_message/include/servo_message/msg
[0.510s] -- Up-to-date: /home/max/PycharmProjects/my_ros2_ws/install/servo_message/include/servo_message/msg/servo_message.hpp
[0.510s] -- Up-to-date: /home/max/PycharmProjects/my_ros2_ws/install/servo_message/include/servo_message/msg/detail
[0.510s] -- Up-to-date: /home/max/PycharmProjects/my_ros2_ws/install/servo_message/include/servo_message/msg/detail/servo_message__struct.hpp
[0.510s] -- Up-to-date: /home/max/PycharmProjects/my_ros2_ws/install/servo_message/include/servo_message/msg/detail/servo_message__traits.hpp
[0.510s] -- Up-to-date: /home/max/PycharmProjects/my_ros2_ws/install/servo_message/include/servo_message/msg/detail/servo_message__builder.hpp
[0.510s] -- Up-to-date: /home/max/PycharmProjects/my_ros2_ws/install/servo_message/include/servo_message
[0.510s] -- Up-to-date: /home/max/PycharmProjects/my_ros2_ws/install/servo_message/include/servo_message/msg
[0.510s] -- Up-to-date: /home/max/PycharmProjects/my_ros2_ws/install/servo_message/include/servo_message/msg/detail
[0.511s] -- Up-to-date: /home/max/PycharmProjects/my_ros2_ws/install/servo_message/include/servo_message/msg/detail/servo_message__type_support.cpp
[0.511s] -- Up-to-date: /home/max/PycharmProjects/my_ros2_ws/install/servo_message/include/servo_message/msg/detail/servo_message__rosidl_typesupport_introspection_cpp.hpp
[0.511s] -- Up-to-date: /home/max/PycharmProjects/my_ros2_ws/install/servo_message/lib/libservo_message__rosidl_typesupport_introspection_cpp.so
[0.511s] -- Up-to-date: /home/max/PycharmProjects/my_ros2_ws/install/servo_message/lib/libservo_message__rosidl_typesupport_cpp.so
[0.511s] -- Up-to-date: /home/max/PycharmProjects/my_ros2_ws/install/servo_message/share/servo_message/environment/pythonpath.sh
[0.511s] -- Up-to-date: /home/max/PycharmProjects/my_ros2_ws/install/servo_message/share/servo_message/environment/pythonpath.dsv
[0.511s] -- Up-to-date: /home/max/PycharmProjects/my_ros2_ws/install/servo_message/lib/python3.8/site-packages/servo_message/__init__.py
[0.543s] -- Up-to-date: /home/max/PycharmProjects/my_ros2_ws/install/servo_message/lib/python3.8/site-packages/servo_message/msg
[0.544s] -- Up-to-date: /home/max/PycharmProjects/my_ros2_ws/install/servo_message/lib/python3.8/site-packages/servo_message/msg/__init__.py
[0.544s] -- Up-to-date: /home/max/PycharmProjects/my_ros2_ws/install/servo_message/lib/python3.8/site-packages/servo_message/msg/_servo_message_s.c
[0.544s] -- Up-to-date: /home/max/PycharmProjects/my_ros2_ws/install/servo_message/lib/python3.8/site-packages/servo_message/msg/_servo_message.py
[0.544s] -- Up-to-date: /home/max/PycharmProjects/my_ros2_ws/install/servo_message/lib/python3.8/site-packages/servo_message/servo_message_s__rosidl_typesupport_fastrtps_c.cpython-38-x86_64-linux-gnu.so
[0.546s] -- Up-to-date: /home/max/PycharmProjects/my_ros2_ws/install/servo_message/lib/python3.8/site-packages/servo_message/servo_message_s__rosidl_typesupport_introspection_c.cpython-38-x86_64-linux-gnu.so
[0.547s] -- Up-to-date: /home/max/PycharmProjects/my_ros2_ws/install/servo_message/lib/python3.8/site-packages/servo_message/servo_message_s__rosidl_typesupport_c.cpython-38-x86_64-linux-gnu.so
[0.548s] -- Up-to-date: /home/max/PycharmProjects/my_ros2_ws/install/servo_message/lib/libservo_message__python.so
[0.548s] -- Up-to-date: /home/max/PycharmProjects/my_ros2_ws/install/servo_message/share/servo_message/msg/ServoMessage.idl
[0.548s] -- Up-to-date: /home/max/PycharmProjects/my_ros2_ws/install/servo_message/share/servo_message/msg/ServoMessage.msg
[0.548s] -- Up-to-date: /home/max/PycharmProjects/my_ros2_ws/install/servo_message/share/ament_index/resource_index/package_run_dependencies/servo_message
[0.549s] -- Up-to-date: /home/max/PycharmProjects/my_ros2_ws/install/servo_message/share/ament_index/resource_index/parent_prefix_path/servo_message
[0.549s] -- Up-to-date: /home/max/PycharmProjects/my_ros2_ws/install/servo_message/share/servo_message/environment/ament_prefix_path.sh
[0.549s] -- Up-to-date: /home/max/PycharmProjects/my_ros2_ws/install/servo_message/share/servo_message/environment/ament_prefix_path.dsv
[0.549s] -- Up-to-date: /home/max/PycharmProjects/my_ros2_ws/install/servo_message/share/servo_message/environment/path.sh
[0.549s] -- Up-to-date: /home/max/PycharmProjects/my_ros2_ws/install/servo_message/share/servo_message/environment/path.dsv
[0.550s] -- Up-to-date: /home/max/PycharmProjects/my_ros2_ws/install/servo_message/share/servo_message/local_setup.bash
[0.550s] -- Up-to-date: /home/max/PycharmProjects/my_ros2_ws/install/servo_message/share/servo_message/local_setup.sh
[0.550s] -- Up-to-date: /home/max/PycharmProjects/my_ros2_ws/install/servo_message/share/servo_message/local_setup.zsh
[0.550s] -- Up-to-date: /home/max/PycharmProjects/my_ros2_ws/install/servo_message/share/servo_message/local_setup.dsv
[0.550s] -- Installing: /home/max/PycharmProjects/my_ros2_ws/install/servo_message/share/servo_message/package.dsv
[0.550s] -- Up-to-date: /home/max/PycharmProjects/my_ros2_ws/install/servo_message/share/ament_index/resource_index/packages/servo_message
[0.550s] -- Up-to-date: /home/max/PycharmProjects/my_ros2_ws/install/servo_message/share/servo_message/cmake/servo_message__rosidl_generator_cExport.cmake
[0.551s] -- Up-to-date: /home/max/PycharmProjects/my_ros2_ws/install/servo_message/share/servo_message/cmake/servo_message__rosidl_generator_cExport-noconfig.cmake
[0.551s] -- Up-to-date: /home/max/PycharmProjects/my_ros2_ws/install/servo_message/share/servo_message/cmake/servo_message__rosidl_typesupport_introspection_cExport.cmake
[0.551s] -- Up-to-date: /home/max/PycharmProjects/my_ros2_ws/install/servo_message/share/servo_message/cmake/servo_message__rosidl_typesupport_introspection_cExport-noconfig.cmake
[0.551s] -- Up-to-date: /home/max/PycharmProjects/my_ros2_ws/install/servo_message/share/servo_message/cmake/servo_message__rosidl_typesupport_cExport.cmake
[0.551s] -- Up-to-date: /home/max/PycharmProjects/my_ros2_ws/install/servo_message/share/servo_message/cmake/servo_message__rosidl_typesupport_cExport-noconfig.cmake
[0.552s] -- Up-to-date: /home/max/PycharmProjects/my_ros2_ws/install/servo_message/share/servo_message/cmake/servo_message__rosidl_generator_cppExport.cmake
[0.552s] -- Up-to-date: /home/max/PycharmProjects/my_ros2_ws/install/servo_message/share/servo_message/cmake/servo_message__rosidl_typesupport_introspection_cppExport.cmake
[0.552s] -- Up-to-date: /home/max/PycharmProjects/my_ros2_ws/install/servo_message/share/servo_message/cmake/servo_message__rosidl_typesupport_introspection_cppExport-noconfig.cmake
[0.552s] -- Up-to-date: /home/max/PycharmProjects/my_ros2_ws/install/servo_message/share/servo_message/cmake/servo_message__rosidl_typesupport_cppExport.cmake
[0.553s] -- Up-to-date: /home/max/PycharmProjects/my_ros2_ws/install/servo_message/share/servo_message/cmake/servo_message__rosidl_typesupport_cppExport-noconfig.cmake
[0.553s] -- Up-to-date: /home/max/PycharmProjects/my_ros2_ws/install/servo_message/share/servo_message/cmake/rosidl_cmake-extras.cmake
[0.553s] -- Up-to-date: /home/max/PycharmProjects/my_ros2_ws/install/servo_message/share/servo_message/cmake/ament_cmake_export_dependencies-extras.cmake
[0.553s] -- Up-to-date: /home/max/PycharmProjects/my_ros2_ws/install/servo_message/share/servo_message/cmake/ament_cmake_export_libraries-extras.cmake
[0.553s] -- Up-to-date: /home/max/PycharmProjects/my_ros2_ws/install/servo_message/share/servo_message/cmake/ament_cmake_export_targets-extras.cmake
[0.553s] -- Up-to-date: /home/max/PycharmProjects/my_ros2_ws/install/servo_message/share/servo_message/cmake/ament_cmake_export_include_directories-extras.cmake
[0.553s] -- Up-to-date: /home/max/PycharmProjects/my_ros2_ws/install/servo_message/share/servo_message/cmake/rosidl_cmake_export_typesupport_libraries-extras.cmake
[0.553s] -- Up-to-date: /home/max/PycharmProjects/my_ros2_ws/install/servo_message/share/servo_message/cmake/rosidl_cmake_export_typesupport_targets-extras.cmake
[0.554s] -- Up-to-date: /home/max/PycharmProjects/my_ros2_ws/install/servo_message/share/servo_message/cmake/servo_messageConfig.cmake
[0.554s] -- Up-to-date: /home/max/PycharmProjects/my_ros2_ws/install/servo_message/share/servo_message/cmake/servo_messageConfig-version.cmake
[0.554s] -- Up-to-date: /home/max/PycharmProjects/my_ros2_ws/install/servo_message/share/servo_message/package.xml
[0.558s] Invoked command in '/home/max/PycharmProjects/my_ros2_ws/build/servo_message' returned '0': CMAKE_PREFIX_PATH=${CMAKE_PREFIX_PATH}:/home/max/PycharmProjects/my_ros2_ws/install/py_pubsub:/opt/ros/foxy /usr/bin/cmake --install /home/max/PycharmProjects/my_ros2_ws/build/servo_message
