-- Found ament_cmake: 0.9.11 (/opt/ros/foxy/share/ament_cmake/cmake)
-- Found PythonInterp: /usr/bin/python3 (found suitable version "3.8.10", minimum required is "3") 
-- Using PYTHON_EXECUTABLE: /usr/bin/python3
-- Found ament_lint_auto: 0.9.8 (/opt/ros/foxy/share/ament_lint_auto/cmake)
-- Found rosidl_default_generators: 1.0.1 (/opt/ros/foxy/share/rosidl_default_generators/cmake)
-- Using all available rosidl_typesupport_c: rosidl_typesupport_fastrtps_c;rosidl_typesupport_introspection_c
-- Found rosidl_adapter: 1.3.0 (/opt/ros/foxy/share/rosidl_adapter/cmake)
-- Using all available rosidl_typesupport_cpp: rosidl_typesupport_fastrtps_cpp;rosidl_typesupport_introspection_cpp
-- Found PythonInterp: /usr/bin/python3 (found version "3.8.10") 
-- Found ament_cmake_ros: 0.9.2 (/opt/ros/foxy/share/ament_cmake_ros/cmake)
-- Using all available rosidl_typesupport_c: rosidl_typesupport_fastrtps_c;rosidl_typesupport_introspection_c
-- Using all available rosidl_typesupport_cpp: rosidl_typesupport_fastrtps_cpp;rosidl_typesupport_introspection_cpp
-- Found PythonInterp: /usr/bin/python3 (found suitable version "3.8.10", minimum required is "3.5") 
-- Found python_cmake_module: 0.8.1 (/opt/ros/foxy/share/python_cmake_module/cmake)
-- Using PYTHON_EXECUTABLE: /usr/bin/python3
-- Using PYTHON_INCLUDE_DIRS: /usr/include/python3.8
-- Using PYTHON_LIBRARIES: /usr/lib/x86_64-linux-gnu/libpython3.8.so
-- Added test 'copyright' to check source files copyright and LICENSE
-- Added test 'cppcheck' to perform static code analysis on C / C++ code
-- Configured cppcheck include dirs: 
-- Configured cppcheck exclude dirs and/or files: 
-- Added test 'cpplint' to check C / C++ code against the Google style
-- Configured cpplint exclude dirs and/or files: 
-- Added test 'flake8' to check Python code syntax and style conventions
-- Added test 'lint_cmake' to check CMake code style
-- Added test 'pep257' to check Python code against some of the style conventions in PEP 257
-- Added test 'uncrustify' to check C / C++ code style
-- Configured uncrustify additional arguments: 
-- Added test 'xmllint' to check XML markup files
-- Configuring done
-- Generating done
-- Build files have been written to: /home/max/PycharmProjects/my_ros2_ws/build/servo_message
[  9%] Built target servo_message__rosidl_generator_c
[ 12%] Built target servo_message__cpp
[ 22%] Built target servo_message__rosidl_typesupport_cpp
[ 32%] Built target servo_message__rosidl_typesupport_c
[ 51%] Built target servo_message__rosidl_typesupport_introspection_cpp
[ 51%] Built target servo_message__rosidl_typesupport_introspection_c
[ 61%] Built target servo_message__rosidl_typesupport_fastrtps_cpp
[ 70%] Built target servo_message__rosidl_typesupport_fastrtps_c
[ 70%] Built target servo_message
[ 74%] Built target servo_message__py
[ 80%] Built target servo_message__python
[ 87%] Built target servo_message__rosidl_typesupport_fastrtps_c__pyext
[ 93%] Built target servo_message__rosidl_typesupport_c__pyext
[100%] Built target servo_message__rosidl_typesupport_introspection_c__pyext
-- Install configuration: ""
-- Up-to-date: /home/max/PycharmProjects/my_ros2_ws/install/servo_message/share/ament_index/resource_index/rosidl_interfaces/servo_message
-- Up-to-date: /home/max/PycharmProjects/my_ros2_ws/install/servo_message/include/servo_message
-- Up-to-date: /home/max/PycharmProjects/my_ros2_ws/install/servo_message/include/servo_message/msg
-- Up-to-date: /home/max/PycharmProjects/my_ros2_ws/install/servo_message/include/servo_message/msg/servo_message.h
-- Up-to-date: /home/max/PycharmProjects/my_ros2_ws/install/servo_message/include/servo_message/msg/detail
-- Up-to-date: /home/max/PycharmProjects/my_ros2_ws/install/servo_message/include/servo_message/msg/detail/servo_message__functions.h
-- Up-to-date: /home/max/PycharmProjects/my_ros2_ws/install/servo_message/include/servo_message/msg/detail/servo_message__type_support.h
-- Up-to-date: /home/max/PycharmProjects/my_ros2_ws/install/servo_message/include/servo_message/msg/detail/servo_message__functions.c
-- Up-to-date: /home/max/PycharmProjects/my_ros2_ws/install/servo_message/include/servo_message/msg/detail/servo_message__struct.h
-- Up-to-date: /home/max/PycharmProjects/my_ros2_ws/install/servo_message/include/servo_message/msg/rosidl_generator_c__visibility_control.h
-- Up-to-date: /home/max/PycharmProjects/my_ros2_ws/install/servo_message/share/servo_message/environment/library_path.sh
-- Installing: /home/max/PycharmProjects/my_ros2_ws/install/servo_message/share/servo_message/environment/library_path.dsv
-- Up-to-date: /home/max/PycharmProjects/my_ros2_ws/install/servo_message/lib/libservo_message__rosidl_generator_c.so
-- Up-to-date: /home/max/PycharmProjects/my_ros2_ws/install/servo_message/include/servo_message
-- Up-to-date: /home/max/PycharmProjects/my_ros2_ws/install/servo_message/include/servo_message/msg
-- Up-to-date: /home/max/PycharmProjects/my_ros2_ws/install/servo_message/include/servo_message/msg/rosidl_typesupport_fastrtps_c__visibility_control.h
-- Up-to-date: /home/max/PycharmProjects/my_ros2_ws/install/servo_message/include/servo_message/msg/detail
-- Up-to-date: /home/max/PycharmProjects/my_ros2_ws/install/servo_message/include/servo_message/msg/detail/servo_message__rosidl_typesupport_fastrtps_c.h
-- Up-to-date: /home/max/PycharmProjects/my_ros2_ws/install/servo_message/lib/libservo_message__rosidl_typesupport_fastrtps_c.so
-- Up-to-date: /home/max/PycharmProjects/my_ros2_ws/install/servo_message/include/servo_message
-- Up-to-date: /home/max/PycharmProjects/my_ros2_ws/install/servo_message/include/servo_message/msg
-- Up-to-date: /home/max/PycharmProjects/my_ros2_ws/install/servo_message/include/servo_message/msg/rosidl_typesupport_fastrtps_cpp__visibility_control.h
-- Up-to-date: /home/max/PycharmProjects/my_ros2_ws/install/servo_message/include/servo_message/msg/detail
-- Up-to-date: /home/max/PycharmProjects/my_ros2_ws/install/servo_message/include/servo_message/msg/detail/servo_message__rosidl_typesupport_fastrtps_cpp.hpp
-- Up-to-date: /home/max/PycharmProjects/my_ros2_ws/install/servo_message/include/servo_message/msg/detail/dds_fastrtps
-- Up-to-date: /home/max/PycharmProjects/my_ros2_ws/install/servo_message/lib/libservo_message__rosidl_typesupport_fastrtps_cpp.so
-- Up-to-date: /home/max/PycharmProjects/my_ros2_ws/install/servo_message/include/servo_message
-- Up-to-date: /home/max/PycharmProjects/my_ros2_ws/install/servo_message/include/servo_message/msg
-- Up-to-date: /home/max/PycharmProjects/my_ros2_ws/install/servo_message/include/servo_message/msg/detail
-- Up-to-date: /home/max/PycharmProjects/my_ros2_ws/install/servo_message/include/servo_message/msg/detail/servo_message__type_support.c
-- Up-to-date: /home/max/PycharmProjects/my_ros2_ws/install/servo_message/include/servo_message/msg/detail/servo_message__rosidl_typesupport_introspection_c.h
-- Up-to-date: /home/max/PycharmProjects/my_ros2_ws/install/servo_message/include/servo_message/msg/rosidl_typesupport_introspection_c__visibility_control.h
-- Up-to-date: /home/max/PycharmProjects/my_ros2_ws/install/servo_message/lib/libservo_message__rosidl_typesupport_introspection_c.so
-- Up-to-date: /home/max/PycharmProjects/my_ros2_ws/install/servo_message/lib/libservo_message__rosidl_typesupport_c.so
-- Up-to-date: /home/max/PycharmProjects/my_ros2_ws/install/servo_message/include/servo_message
-- Up-to-date: /home/max/PycharmProjects/my_ros2_ws/install/servo_message/include/servo_message/msg
-- Up-to-date: /home/max/PycharmProjects/my_ros2_ws/install/servo_message/include/servo_message/msg/servo_message.hpp
-- Up-to-date: /home/max/PycharmProjects/my_ros2_ws/install/servo_message/include/servo_message/msg/detail
-- Up-to-date: /home/max/PycharmProjects/my_ros2_ws/install/servo_message/include/servo_message/msg/detail/servo_message__struct.hpp
-- Up-to-date: /home/max/PycharmProjects/my_ros2_ws/install/servo_message/include/servo_message/msg/detail/servo_message__traits.hpp
-- Up-to-date: /home/max/PycharmProjects/my_ros2_ws/install/servo_message/include/servo_message/msg/detail/servo_message__builder.hpp
-- Up-to-date: /home/max/PycharmProjects/my_ros2_ws/install/servo_message/include/servo_message
-- Up-to-date: /home/max/PycharmProjects/my_ros2_ws/install/servo_message/include/servo_message/msg
-- Up-to-date: /home/max/PycharmProjects/my_ros2_ws/install/servo_message/include/servo_message/msg/detail
-- Up-to-date: /home/max/PycharmProjects/my_ros2_ws/install/servo_message/include/servo_message/msg/detail/servo_message__type_support.cpp
-- Up-to-date: /home/max/PycharmProjects/my_ros2_ws/install/servo_message/include/servo_message/msg/detail/servo_message__rosidl_typesupport_introspection_cpp.hpp
-- Up-to-date: /home/max/PycharmProjects/my_ros2_ws/install/servo_message/lib/libservo_message__rosidl_typesupport_introspection_cpp.so
-- Up-to-date: /home/max/PycharmProjects/my_ros2_ws/install/servo_message/lib/libservo_message__rosidl_typesupport_cpp.so
-- Up-to-date: /home/max/PycharmProjects/my_ros2_ws/install/servo_message/share/servo_message/environment/pythonpath.sh
-- Installing: /home/max/PycharmProjects/my_ros2_ws/install/servo_message/share/servo_message/environment/pythonpath.dsv
-- Installing: /home/max/PycharmProjects/my_ros2_ws/install/servo_message/lib/python3.8/site-packages/servo_message/__init__.py
Compiling '/home/max/PycharmProjects/my_ros2_ws/install/servo_message/lib/python3.8/site-packages/servo_message/__init__.py'...
-- Up-to-date: /home/max/PycharmProjects/my_ros2_ws/install/servo_message/lib/python3.8/site-packages/servo_message/msg
-- Up-to-date: /home/max/PycharmProjects/my_ros2_ws/install/servo_message/lib/python3.8/site-packages/servo_message/msg/__init__.py
-- Up-to-date: /home/max/PycharmProjects/my_ros2_ws/install/servo_message/lib/python3.8/site-packages/servo_message/msg/_servo_message_s.c
-- Up-to-date: /home/max/PycharmProjects/my_ros2_ws/install/servo_message/lib/python3.8/site-packages/servo_message/msg/_servo_message.py
-- Up-to-date: /home/max/PycharmProjects/my_ros2_ws/install/servo_message/lib/python3.8/site-packages/servo_message/servo_message_s__rosidl_typesupport_fastrtps_c.cpython-38-x86_64-linux-gnu.so
-- Up-to-date: /home/max/PycharmProjects/my_ros2_ws/install/servo_message/lib/python3.8/site-packages/servo_message/servo_message_s__rosidl_typesupport_introspection_c.cpython-38-x86_64-linux-gnu.so
-- Up-to-date: /home/max/PycharmProjects/my_ros2_ws/install/servo_message/lib/python3.8/site-packages/servo_message/servo_message_s__rosidl_typesupport_c.cpython-38-x86_64-linux-gnu.so
-- Up-to-date: /home/max/PycharmProjects/my_ros2_ws/install/servo_message/lib/libservo_message__python.so
-- Up-to-date: /home/max/PycharmProjects/my_ros2_ws/install/servo_message/share/servo_message/msg/ServoMessage.idl
-- Up-to-date: /home/max/PycharmProjects/my_ros2_ws/install/servo_message/share/servo_message/msg/ServoMessage.msg
-- Up-to-date: /home/max/PycharmProjects/my_ros2_ws/install/servo_message/share/ament_index/resource_index/package_run_dependencies/servo_message
-- Installing: /home/max/PycharmProjects/my_ros2_ws/install/servo_message/share/ament_index/resource_index/parent_prefix_path/servo_message
-- Up-to-date: /home/max/PycharmProjects/my_ros2_ws/install/servo_message/share/servo_message/environment/ament_prefix_path.sh
-- Installing: /home/max/PycharmProjects/my_ros2_ws/install/servo_message/share/servo_message/environment/ament_prefix_path.dsv
-- Up-to-date: /home/max/PycharmProjects/my_ros2_ws/install/servo_message/share/servo_message/environment/path.sh
-- Installing: /home/max/PycharmProjects/my_ros2_ws/install/servo_message/share/servo_message/environment/path.dsv
-- Up-to-date: /home/max/PycharmProjects/my_ros2_ws/install/servo_message/share/servo_message/local_setup.bash
-- Up-to-date: /home/max/PycharmProjects/my_ros2_ws/install/servo_message/share/servo_message/local_setup.sh
-- Up-to-date: /home/max/PycharmProjects/my_ros2_ws/install/servo_message/share/servo_message/local_setup.zsh
-- Installing: /home/max/PycharmProjects/my_ros2_ws/install/servo_message/share/servo_message/local_setup.dsv
-- Installing: /home/max/PycharmProjects/my_ros2_ws/install/servo_message/share/servo_message/package.dsv
-- Up-to-date: /home/max/PycharmProjects/my_ros2_ws/install/servo_message/share/ament_index/resource_index/packages/servo_message
-- Up-to-date: /home/max/PycharmProjects/my_ros2_ws/install/servo_message/share/servo_message/cmake/servo_message__rosidl_generator_cExport.cmake
-- Installing: /home/max/PycharmProjects/my_ros2_ws/install/servo_message/share/servo_message/cmake/servo_message__rosidl_generator_cExport-noconfig.cmake
-- Up-to-date: /home/max/PycharmProjects/my_ros2_ws/install/servo_message/share/servo_message/cmake/servo_message__rosidl_typesupport_introspection_cExport.cmake
-- Installing: /home/max/PycharmProjects/my_ros2_ws/install/servo_message/share/servo_message/cmake/servo_message__rosidl_typesupport_introspection_cExport-noconfig.cmake
-- Up-to-date: /home/max/PycharmProjects/my_ros2_ws/install/servo_message/share/servo_message/cmake/servo_message__rosidl_typesupport_cExport.cmake
-- Installing: /home/max/PycharmProjects/my_ros2_ws/install/servo_message/share/servo_message/cmake/servo_message__rosidl_typesupport_cExport-noconfig.cmake
-- Up-to-date: /home/max/PycharmProjects/my_ros2_ws/install/servo_message/share/servo_message/cmake/servo_message__rosidl_generator_cppExport.cmake
-- Up-to-date: /home/max/PycharmProjects/my_ros2_ws/install/servo_message/share/servo_message/cmake/servo_message__rosidl_typesupport_introspection_cppExport.cmake
-- Installing: /home/max/PycharmProjects/my_ros2_ws/install/servo_message/share/servo_message/cmake/servo_message__rosidl_typesupport_introspection_cppExport-noconfig.cmake
-- Up-to-date: /home/max/PycharmProjects/my_ros2_ws/install/servo_message/share/servo_message/cmake/servo_message__rosidl_typesupport_cppExport.cmake
-- Installing: /home/max/PycharmProjects/my_ros2_ws/install/servo_message/share/servo_message/cmake/servo_message__rosidl_typesupport_cppExport-noconfig.cmake
-- Up-to-date: /home/max/PycharmProjects/my_ros2_ws/install/servo_message/share/servo_message/cmake/rosidl_cmake-extras.cmake
-- Up-to-date: /home/max/PycharmProjects/my_ros2_ws/install/servo_message/share/servo_message/cmake/ament_cmake_export_dependencies-extras.cmake
-- Up-to-date: /home/max/PycharmProjects/my_ros2_ws/install/servo_message/share/servo_message/cmake/ament_cmake_export_libraries-extras.cmake
-- Up-to-date: /home/max/PycharmProjects/my_ros2_ws/install/servo_message/share/servo_message/cmake/ament_cmake_export_targets-extras.cmake
-- Up-to-date: /home/max/PycharmProjects/my_ros2_ws/install/servo_message/share/servo_message/cmake/ament_cmake_export_include_directories-extras.cmake
-- Up-to-date: /home/max/PycharmProjects/my_ros2_ws/install/servo_message/share/servo_message/cmake/rosidl_cmake_export_typesupport_libraries-extras.cmake
-- Up-to-date: /home/max/PycharmProjects/my_ros2_ws/install/servo_message/share/servo_message/cmake/rosidl_cmake_export_typesupport_targets-extras.cmake
-- Up-to-date: /home/max/PycharmProjects/my_ros2_ws/install/servo_message/share/servo_message/cmake/servo_messageConfig.cmake
-- Up-to-date: /home/max/PycharmProjects/my_ros2_ws/install/servo_message/share/servo_message/cmake/servo_messageConfig-version.cmake
-- Up-to-date: /home/max/PycharmProjects/my_ros2_ws/install/servo_message/share/servo_message/package.xml
