In file included from [01m[K/home/max/microros_ws4/firmware/mcu_ws/uros/rcutils/include/rcutils/error_handling.h:28[m[K,
                 from [01m[K/home/max/microros_ws4/firmware/mcu_ws/uros/rcutils/src/allocator.c:20[m[K:
[01m[K/home/max/microros_ws4/firmware/toolchain/esp-idf/components/newlib/platform_include/assert.h:24:2:[m[K [01;35m[Kwarning: [m[K#include_next is a GCC extension
 #[01;35m[Kinclude_next[m[K <assert.h>
  [01;35m[K^~~~~~~~~~~~[m[K
In file included from [01m[K/home/max/microros_ws4/firmware/mcu_ws/uros/rcutils/include/rcutils/error_handling.h:28[m[K,
                 from [01m[K/home/max/microros_ws4/firmware/mcu_ws/uros/rcutils/src/array_list.c:23[m[K:
[01m[K/home/max/microros_ws4/firmware/toolchain/esp-idf/components/newlib/platform_include/assert.h:24:2:[m[K [01;35m[Kwarning: [m[K#include_next is a GCC extension
 #[01;35m[Kinclude_next[m[K <assert.h>
  [01;35m[K^~~~~~~~~~~~[m[K
In file included from [01m[K/home/max/microros_ws4/firmware/mcu_ws/uros/rcutils/src/env.c:20[m[K:
[01m[K/home/max/microros_ws4/firmware/toolchain/esp-idf/components/newlib/platform_include/errno.h:18:2:[m[K [01;35m[Kwarning: [m[K#include_next is a GCC extension
 #[01;35m[Kinclude_next[m[K "errno.h"
  [01;35m[K^~~~~~~~~~~~[m[K
In file included from [01m[K/home/max/microros_ws4/firmware/mcu_ws/uros/rcutils/include/rcutils/error_handling.h:28[m[K,
                 from [01m[K/home/max/microros_ws4/firmware/mcu_ws/uros/rcutils/src/env.c:24[m[K:
[01m[K/home/max/microros_ws4/firmware/toolchain/esp-idf/components/newlib/platform_include/assert.h:24:2:[m[K [01;35m[Kwarning: [m[K#include_next is a GCC extension
 #[01;35m[Kinclude_next[m[K <assert.h>
  [01;35m[K^~~~~~~~~~~~[m[K
In file included from [01m[K/home/max/microros_ws4/firmware/mcu_ws/uros/rcutils/include/rcutils/error_handling.h:28[m[K,
                 from [01m[K/home/max/microros_ws4/firmware/mcu_ws/uros/rcutils/src/char_array.c:16[m[K:
[01m[K/home/max/microros_ws4/firmware/toolchain/esp-idf/components/newlib/platform_include/assert.h:24:2:[m[K [01;35m[Kwarning: [m[K#include_next is a GCC extension
 #[01;35m[Kinclude_next[m[K <assert.h>
  [01;35m[K^~~~~~~~~~~~[m[K
In file included from [01m[K/home/max/microros_ws4/firmware/mcu_ws/uros/rcutils/include/rcutils/error_handling.h:28[m[K,
                 from [01m[K/home/max/microros_ws4/firmware/mcu_ws/uros/rcutils/src/error_handling.c:22[m[K:
[01m[K/home/max/microros_ws4/firmware/toolchain/esp-idf/components/newlib/platform_include/assert.h:24:2:[m[K [01;35m[Kwarning: [m[K#include_next is a GCC extension
 #[01;35m[Kinclude_next[m[K <assert.h>
  [01;35m[K^~~~~~~~~~~~[m[K
In file included from [01m[K/home/max/microros_ws4/firmware/mcu_ws/uros/rcutils/src/filesystem.c:21[m[K:
[01m[K/home/max/microros_ws4/firmware/toolchain/esp-idf/components/newlib/platform_include/errno.h:18:2:[m[K [01;35m[Kwarning: [m[K#include_next is a GCC extension
 #[01;35m[Kinclude_next[m[K "errno.h"
  [01;35m[K^~~~~~~~~~~~[m[K
In file included from [01m[K/home/max/microros_ws4/firmware/mcu_ws/uros/rcutils/include/rcutils/error_handling.h:28[m[K,
                 from [01m[K/home/max/microros_ws4/firmware/mcu_ws/uros/rcutils/src/filesystem.c:51[m[K:
[01m[K/home/max/microros_ws4/firmware/toolchain/esp-idf/components/newlib/platform_include/assert.h:24:2:[m[K [01;35m[Kwarning: [m[K#include_next is a GCC extension
 #[01;35m[Kinclude_next[m[K <assert.h>
  [01;35m[K^~~~~~~~~~~~[m[K
In file included from [01m[K/home/max/microros_ws4/firmware/mcu_ws/uros/rcutils/src/process.c:20[m[K:
[01m[K/home/max/microros_ws4/firmware/toolchain/esp-idf/components/newlib/platform_include/errno.h:18:2:[m[K [01;35m[Kwarning: [m[K#include_next is a GCC extension
 #[01;35m[Kinclude_next[m[K "errno.h"
  [01;35m[K^~~~~~~~~~~~[m[K
In file included from [01m[K/home/max/microros_ws4/firmware/mcu_ws/uros/rcutils/include/rcutils/error_handling.h:28[m[K,
                 from [01m[K/home/max/microros_ws4/firmware/mcu_ws/uros/rcutils/src/hash_map.c:24[m[K:
[01m[K/home/max/microros_ws4/firmware/toolchain/esp-idf/components/newlib/platform_include/assert.h:24:2:[m[K [01;35m[Kwarning: [m[K#include_next is a GCC extension
 #[01;35m[Kinclude_next[m[K <assert.h>
  [01;35m[K^~~~~~~~~~~~[m[K
In file included from [01m[K/home/max/microros_ws4/firmware/mcu_ws/uros/rcutils/src/logging.c:21[m[K:
[01m[K/home/max/microros_ws4/firmware/toolchain/esp-idf/components/newlib/platform_include/errno.h:18:2:[m[K [01;35m[Kwarning: [m[K#include_next is a GCC extension
 #[01;35m[Kinclude_next[m[K "errno.h"
  [01;35m[K^~~~~~~~~~~~[m[K
In file included from [01m[K/home/max/microros_ws4/firmware/mcu_ws/uros/rcutils/include/rcutils/error_handling.h:28[m[K,
                 from [01m[K/home/max/microros_ws4/firmware/mcu_ws/uros/rcutils/src/process.c:43[m[K:
[01m[K/home/max/microros_ws4/firmware/toolchain/esp-idf/components/newlib/platform_include/assert.h:24:2:[m[K [01;35m[Kwarning: [m[K#include_next is a GCC extension
 #[01;35m[Kinclude_next[m[K <assert.h>
  [01;35m[K^~~~~~~~~~~~[m[K
In file included from [01m[K/home/max/microros_ws4/firmware/mcu_ws/uros/rcutils/include/rcutils/error_handling.h:28[m[K,
                 from [01m[K/home/max/microros_ws4/firmware/mcu_ws/uros/rcutils/include/rcutils/types/string_array.h:26[m[K,
                 from [01m[K/home/max/microros_ws4/firmware/mcu_ws/uros/rcutils/include/rcutils/types.h:26[m[K,
                 from [01m[K/home/max/microros_ws4/firmware/mcu_ws/uros/rcutils/include/rcutils/find.h:23[m[K,
                 from [01m[K/home/max/microros_ws4/firmware/mcu_ws/uros/rcutils/src/find.c:25[m[K:
[01m[K/home/max/microros_ws4/firmware/toolchain/esp-idf/components/newlib/platform_include/assert.h:24:2:[m[K [01;35m[Kwarning: [m[K#include_next is a GCC extension
 #[01;35m[Kinclude_next[m[K <assert.h>
  [01;35m[K^~~~~~~~~~~~[m[K
In file included from [01m[K/home/max/microros_ws4/firmware/mcu_ws/uros/rcutils/include/rcutils/error_handling.h:28[m[K,
                 from [01m[K/home/max/microros_ws4/firmware/mcu_ws/uros/rcutils/src/logging.c:46[m[K:
[01m[K/home/max/microros_ws4/firmware/toolchain/esp-idf/components/newlib/platform_include/assert.h:24:2:[m[K [01;35m[Kwarning: [m[K#include_next is a GCC extension
 #[01;35m[Kinclude_next[m[K <assert.h>
  [01;35m[K^~~~~~~~~~~~[m[K
In file included from [01m[K/home/max/microros_ws4/firmware/mcu_ws/uros/rcutils/include/rcutils/error_handling.h:28[m[K,
                 from [01m[K/home/max/microros_ws4/firmware/mcu_ws/uros/rcutils/src/qsort.c:22[m[K:
[01m[K/home/max/microros_ws4/firmware/toolchain/esp-idf/components/newlib/platform_include/assert.h:24:2:[m[K [01;35m[Kwarning: [m[K#include_next is a GCC extension
 #[01;35m[Kinclude_next[m[K <assert.h>
  [01;35m[K^~~~~~~~~~~~[m[K
In file included from [01m[K/home/max/microros_ws4/firmware/mcu_ws/uros/rcutils/include/rcutils/error_handling.h:28[m[K,
                 from [01m[K/home/max/microros_ws4/firmware/mcu_ws/uros/rcutils/src/shared_library.c:46[m[K:
[01m[K/home/max/microros_ws4/firmware/toolchain/esp-idf/components/newlib/platform_include/assert.h:24:2:[m[K [01;35m[Kwarning: [m[K#include_next is a GCC extension
 #[01;35m[Kinclude_next[m[K <assert.h>
  [01;35m[K^~~~~~~~~~~~[m[K
[01m[K/home/max/microros_ws4/firmware/mcu_ws/uros/rcutils/src/shared_library.c:[m[K In function '[01m[Krcutils_get_symbol[m[K':
[01m[K/home/max/microros_ws4/firmware/mcu_ws/uros/rcutils/src/shared_library.c:121:23:[m[K [01;35m[Kwarning: [m[Kimplicit declaration of function '[01m[Kdlsym[m[K' [[01;35m[K-Wimplicit-function-declaration[m[K]
   void * lib_symbol = [01;35m[Kdlsym[m[K(lib->lib_pointer, symbol_name);
                       [01;35m[K^~~~~[m[K
[01m[K/home/max/microros_ws4/firmware/mcu_ws/uros/rcutils/src/shared_library.c:121:23:[m[K [01;35m[Kwarning: [m[Kinitialization of '[01m[Kvoid *[m[K' from '[01m[Kint[m[K' makes pointer from integer without a cast [[01;35m[K-Wint-conversion[m[K]
[01m[K/home/max/microros_ws4/firmware/mcu_ws/uros/rcutils/src/shared_library.c:122:18:[m[K [01;35m[Kwarning: [m[Kimplicit declaration of function '[01m[Kdlerror[m[K'; did you mean '[01m[Kperror[m[K'? [[01;35m[K-Wimplicit-function-declaration[m[K]
   char * error = [01;35m[Kdlerror[m[K();
                  [01;35m[K^~~~~~~[m[K
                  [32m[Kperror[m[K
[01m[K/home/max/microros_ws4/firmware/mcu_ws/uros/rcutils/src/shared_library.c:122:18:[m[K [01;35m[Kwarning: [m[Kinitialization of '[01m[Kchar *[m[K' from '[01m[Kint[m[K' makes pointer from integer without a cast [[01;35m[K-Wint-conversion[m[K]
[01m[K/home/max/microros_ws4/firmware/mcu_ws/uros/rcutils/src/shared_library.c:[m[K In function '[01m[Krcutils_has_symbol[m[K':
[01m[K/home/max/microros_ws4/firmware/mcu_ws/uros/rcutils/src/shared_library.c:159:23:[m[K [01;35m[Kwarning: [m[Kinitialization of '[01m[Kvoid *[m[K' from '[01m[Kint[m[K' makes pointer from integer without a cast [[01;35m[K-Wint-conversion[m[K]
   void * lib_symbol = [01;35m[Kdlsym[m[K(lib->lib_pointer, symbol_name);
                       [01;35m[K^~~~~[m[K
[01m[K/home/max/microros_ws4/firmware/mcu_ws/uros/rcutils/src/shared_library.c:160:20:[m[K [01;35m[Kwarning: [m[Kcomparison between pointer and integer
   return dlerror() [01;35m[K==[m[K NULL && lib_symbol != 0;
                    [01;35m[K^~[m[K
[01m[K/home/max/microros_ws4/firmware/mcu_ws/uros/rcutils/src/shared_library.c:[m[K In function '[01m[Krcutils_unload_shared_library[m[K':
[01m[K/home/max/microros_ws4/firmware/mcu_ws/uros/rcutils/src/shared_library.c:178:20:[m[K [01;35m[Kwarning: [m[Kimplicit declaration of function '[01m[Kdlclose[m[K'; did you mean '[01m[Kpclose[m[K'? [[01;35m[K-Wimplicit-function-declaration[m[K]
   int error_code = [01;35m[Kdlclose[m[K(lib->lib_pointer);
                    [01;35m[K^~~~~~~[m[K
                    [32m[Kpclose[m[K
In file included from [01m[K/home/max/microros_ws4/firmware/mcu_ws/uros/rcutils/src/shared_library.c:46[m[K:
[01m[K/home/max/microros_ws4/firmware/mcu_ws/uros/rcutils/src/shared_library.c:180:46:[m[K [01;35m[Kwarning: [m[Kformat '[01m[K%s[m[K' expects argument of type '[01m[Kchar *[m[K', but argument 4 has type '[01m[Kint[m[K' [[01;35m[K-Wformat=[m[K]
     RCUTILS_SET_ERROR_MSG_WITH_FORMAT_STRING([01;35m[K"dlclose error: %s"[m[K, [32m[Kdlerror()[m[K);
                                              [01;35m[K^~~~~~~~~~~~~~~~~~~[m[K  [32m[K~~~~~~~~~[m[K
[01m[K/home/max/microros_ws4/firmware/mcu_ws/uros/rcutils/include/rcutils/error_handling.h:237:64:[m[K [01;36m[Knote: [m[Kin definition of macro '[01m[KRCUTILS_SET_ERROR_MSG_WITH_FORMAT_STRING[m[K'
     int ret = rcutils_snprintf(output_msg, sizeof(output_msg), [01;36m[Kformat_string[m[K, __VA_ARGS__); \
                                                                [01;36m[K^~~~~~~~~~~~~[m[K
[01m[K/home/max/microros_ws4/firmware/mcu_ws/uros/rcutils/src/shared_library.c:[m[K In function '[01m[Krcutils_get_platform_library_name[m[K':
[01m[K/home/max/microros_ws4/firmware/mcu_ws/uros/rcutils/src/shared_library.c:201:16:[m[K [01;35m[Kwarning: [m[Kunused parameter '[01m[Kbuffer_size[m[K' [[01;35m[K-Wunused-parameter[m[K]
   [01;35m[Kunsigned int buffer_size[m[K,
   [01;35m[K~~~~~~~~~~~~~^~~~~~~~~~~[m[K
[01m[K/home/max/microros_ws4/firmware/mcu_ws/uros/rcutils/src/shared_library.c:202:8:[m[K [01;35m[Kwarning: [m[Kunused parameter '[01m[Kdebug[m[K' [[01;35m[K-Wunused-parameter[m[K]
   bool [01;35m[Kd[m[Kebug)
        [01;35m[K^[m[K
In file included from [01m[K/home/max/microros_ws4/firmware/mcu_ws/uros/rcutils/include/rcutils/error_handling.h:28[m[K,
                 from [01m[K/home/max/microros_ws4/firmware/mcu_ws/uros/rcutils/src/./common.h:23[m[K,
                 from [01m[K/home/max/microros_ws4/firmware/mcu_ws/uros/rcutils/src/strdup.c:25[m[K:
[01m[K/home/max/microros_ws4/firmware/toolchain/esp-idf/components/newlib/platform_include/assert.h:24:2:[m[K [01;35m[Kwarning: [m[K#include_next is a GCC extension
 #[01;35m[Kinclude_next[m[K <assert.h>
  [01;35m[K^~~~~~~~~~~~[m[K
In file included from [01m[K/home/max/microros_ws4/firmware/mcu_ws/uros/rcutils/include/rcutils/error_handling.h:28[m[K,
                 from [01m[K/home/max/microros_ws4/firmware/mcu_ws/uros/rcutils/src/split.c:24[m[K:
[01m[K/home/max/microros_ws4/firmware/toolchain/esp-idf/components/newlib/platform_include/assert.h:24:2:[m[K [01;35m[Kwarning: [m[K#include_next is a GCC extension
 #[01;35m[Kinclude_next[m[K <assert.h>
  [01;35m[K^~~~~~~~~~~~[m[K
In file included from [01m[K/home/max/microros_ws4/firmware/mcu_ws/uros/rcutils/include/rcutils/error_handling.h:28[m[K,
                 from [01m[K/home/max/microros_ws4/firmware/mcu_ws/uros/rcutils/src/string_array.c:24[m[K:
[01m[K/home/max/microros_ws4/firmware/toolchain/esp-idf/components/newlib/platform_include/assert.h:24:2:[m[K [01;35m[Kwarning: [m[K#include_next is a GCC extension
 #[01;35m[Kinclude_next[m[K <assert.h>
  [01;35m[K^~~~~~~~~~~~[m[K
In file included from [01m[K/home/max/microros_ws4/firmware/mcu_ws/uros/rcutils/src/string_map.c:22[m[K:
[01m[K/home/max/microros_ws4/firmware/toolchain/esp-idf/components/newlib/platform_include/assert.h:24:2:[m[K [01;35m[Kwarning: [m[K#include_next is a GCC extension
 #[01;35m[Kinclude_next[m[K <assert.h>
  [01;35m[K^~~~~~~~~~~~[m[K
In file included from [01m[K/home/max/microros_ws4/firmware/mcu_ws/uros/rcutils/include/rcutils/error_handling.h:28[m[K,
                 from [01m[K/home/max/microros_ws4/firmware/mcu_ws/uros/rcutils/include/rcutils/types/string_array.h:26[m[K,
                 from [01m[K/home/max/microros_ws4/firmware/mcu_ws/uros/rcutils/include/rcutils/types.h:26[m[K,
                 from [01m[K/home/max/microros_ws4/firmware/mcu_ws/uros/rcutils/include/rcutils/time.h:26[m[K,
                 from [01m[K/home/max/microros_ws4/firmware/mcu_ws/uros/rcutils/src/time.c:20[m[K:
[01m[K/home/max/microros_ws4/firmware/toolchain/esp-idf/components/newlib/platform_include/assert.h:24:2:[m[K [01;35m[Kwarning: [m[K#include_next is a GCC extension
 #[01;35m[Kinclude_next[m[K <assert.h>
  [01;35m[K^~~~~~~~~~~~[m[K
In file included from [01m[K/home/max/microros_ws4/firmware/mcu_ws/uros/rcutils/include/rcutils/error_handling.h:28[m[K,
                 from [01m[K/home/max/microros_ws4/firmware/mcu_ws/uros/rcutils/include/rcutils/types/string_array.h:26[m[K,
                 from [01m[K/home/max/microros_ws4/firmware/mcu_ws/uros/rcutils/include/rcutils/types.h:26[m[K,
                 from [01m[K/home/max/microros_ws4/firmware/mcu_ws/uros/rcutils/include/rcutils/time.h:26[m[K,
                 from [01m[K/home/max/microros_ws4/firmware/mcu_ws/uros/rcutils/src/time_unix.c:24[m[K:
[01m[K/home/max/microros_ws4/firmware/toolchain/esp-idf/components/newlib/platform_include/assert.h:24:2:[m[K [01;35m[Kwarning: [m[K#include_next is a GCC extension
 #[01;35m[Kinclude_next[m[K <assert.h>
  [01;35m[K^~~~~~~~~~~~[m[K
In file included from [01m[K/home/max/microros_ws4/firmware/mcu_ws/uros/rcutils/src/time_unix.c:40[m[K:
[01m[K/home/max/microros_ws4/firmware/toolchain/esp-idf/components/newlib/platform_include/time.h:22:2:[m[K [01;35m[Kwarning: [m[K#include_next is a GCC extension
 #[01;35m[Kinclude_next[m[K <time.h>
  [01;35m[K^~~~~~~~~~~~[m[K
In file included from [01m[K/home/max/microros_ws4/firmware/mcu_ws/uros/rcutils/include/rcutils/error_handling.h:28[m[K,
                 from [01m[K/home/max/microros_ws4/firmware/mcu_ws/uros/rcutils/src/uint8_array.c:15[m[K:
[01m[K/home/max/microros_ws4/firmware/toolchain/esp-idf/components/newlib/platform_include/assert.h:24:2:[m[K [01;35m[Kwarning: [m[K#include_next is a GCC extension
 #[01;35m[Kinclude_next[m[K <assert.h>
  [01;35m[K^~~~~~~~~~~~[m[K
