[0.042s] Invoking command in '/home/max/microros_ws4/firmware/mcu_ws/build/microcdr': /usr/bin/cmake --build /home/max/microros_ws4/firmware/mcu_ws/build/microcdr -- -j4 -l4
[0.065s] make[4]: Entering directory '/home/max/microros_ws4/firmware/mcu_ws/build/microcdr'
[0.065s] /usr/bin/cmake -S/home/max/microros_ws4/firmware/mcu_ws/eProsima/Micro-CDR -B/home/max/microros_ws4/firmware/mcu_ws/build/microcdr --check-build-system CMakeFiles/Makefile.cmake 0
[0.081s] Re-run cmake file: Makefile older than: /home/max/microros_ws4/firmware/freertos_apps/microros_esp32_extensions/esp32_toolchain.cmake
[0.089s] -- Configuring done
[0.093s] -- Generating done
[0.094s] -- Build files have been written to: /home/max/microros_ws4/firmware/mcu_ws/build/microcdr
[0.095s] /usr/bin/cmake -E cmake_progress_start /home/max/microros_ws4/firmware/mcu_ws/build/microcdr/CMakeFiles /home/max/microros_ws4/firmware/mcu_ws/build/microcdr/CMakeFiles/progress.marks
[0.105s] /usr/bin/make -f CMakeFiles/Makefile2 all
[0.107s] make[5]: Entering directory '/home/max/microros_ws4/firmware/mcu_ws/build/microcdr'
[0.107s] /usr/bin/make -f CMakeFiles/microcdr.dir/build.make CMakeFiles/microcdr.dir/depend
[0.108s] make[6]: Entering directory '/home/max/microros_ws4/firmware/mcu_ws/build/microcdr'
[0.108s] cd /home/max/microros_ws4/firmware/mcu_ws/build/microcdr && /usr/bin/cmake -E cmake_depends "Unix Makefiles" /home/max/microros_ws4/firmware/mcu_ws/eProsima/Micro-CDR /home/max/microros_ws4/firmware/mcu_ws/eProsima/Micro-CDR /home/max/microros_ws4/firmware/mcu_ws/build/microcdr /home/max/microros_ws4/firmware/mcu_ws/build/microcdr /home/max/microros_ws4/firmware/mcu_ws/build/microcdr/CMakeFiles/microcdr.dir/DependInfo.cmake --color=
[0.119s] make[6]: Leaving directory '/home/max/microros_ws4/firmware/mcu_ws/build/microcdr'
[0.119s] /usr/bin/make -f CMakeFiles/microcdr.dir/build.make CMakeFiles/microcdr.dir/build
[0.121s] make[6]: Entering directory '/home/max/microros_ws4/firmware/mcu_ws/build/microcdr'
[0.121s] make[6]: Nothing to be done for 'CMakeFiles/microcdr.dir/build'.
[0.121s] make[6]: Leaving directory '/home/max/microros_ws4/firmware/mcu_ws/build/microcdr'
[0.129s] [100%] Built target microcdr
[0.131s] make[5]: Leaving directory '/home/max/microros_ws4/firmware/mcu_ws/build/microcdr'
[0.131s] /usr/bin/cmake -E cmake_progress_start /home/max/microros_ws4/firmware/mcu_ws/build/microcdr/CMakeFiles 0
[0.140s] make[4]: Leaving directory '/home/max/microros_ws4/firmware/mcu_ws/build/microcdr'
[0.145s] Invoked command in '/home/max/microros_ws4/firmware/mcu_ws/build/microcdr' returned '0': /usr/bin/cmake --build /home/max/microros_ws4/firmware/mcu_ws/build/microcdr -- -j4 -l4
[0.203s] Invoking command in '/home/max/microros_ws4/firmware/mcu_ws/build/microcdr': /usr/bin/cmake --install /home/max/microros_ws4/firmware/mcu_ws/build/microcdr
[0.212s] -- Install configuration: "Debug"
[0.212s] -- Up-to-date: /home/max/microros_ws4/firmware/mcu_ws/install/lib/libmicrocdr.a
[0.212s] -- Up-to-date: /home/max/microros_ws4/firmware/mcu_ws/install/include/ucdr
[0.212s] -- Up-to-date: /home/max/microros_ws4/firmware/mcu_ws/install/include/ucdr/visibility.h
[0.212s] -- Up-to-date: /home/max/microros_ws4/firmware/mcu_ws/install/include/ucdr/microcdr.h
[0.212s] -- Up-to-date: /home/max/microros_ws4/firmware/mcu_ws/install/include/ucdr/config.h
[0.212s] -- Up-to-date: /home/max/microros_ws4/firmware/mcu_ws/install/share/microcdr/cmake/microcdrTargets.cmake
[0.212s] -- Installing: /home/max/microros_ws4/firmware/mcu_ws/install/share/microcdr/cmake/microcdrTargets-debug.cmake
[0.212s] -- Up-to-date: /home/max/microros_ws4/firmware/mcu_ws/install/share/microcdr/cmake/microcdrConfig.cmake
[0.212s] -- Up-to-date: /home/max/microros_ws4/firmware/mcu_ws/install/share/microcdr/cmake/microcdrConfigVersion.cmake
[0.219s] Invoked command in '/home/max/microros_ws4/firmware/mcu_ws/build/microcdr' returned '0': /usr/bin/cmake --install /home/max/microros_ws4/firmware/mcu_ws/build/microcdr
