[0.837s] Invoking command in '/home/max/microros_ws4/firmware/mcu_ws/uros/tracetools/tracetools_trace': PYTHONPATH=/home/max/microros_ws4/firmware/mcu_ws/build/tracetools_trace/prefix_override:/home/max/microros_ws4/firmware/mcu_ws/install/lib/python3.8/site-packages:${PYTHONPATH} /usr/bin/python3 setup.py egg_info --egg-base ../../../build/tracetools_trace build --build-base /home/max/microros_ws4/firmware/mcu_ws/build/tracetools_trace/build install --record /home/max/microros_ws4/firmware/mcu_ws/build/tracetools_trace/install.log --install-scripts $base/lib/tracetools_trace --single-version-externally-managed
[1.072s] running egg_info
[1.073s] writing ../../../build/tracetools_trace/tracetools_trace.egg-info/PKG-INFO
[1.073s] writing dependency_links to ../../../build/tracetools_trace/tracetools_trace.egg-info/dependency_links.txt
[1.073s] writing entry points to ../../../build/tracetools_trace/tracetools_trace.egg-info/entry_points.txt
[1.073s] writing requirements to ../../../build/tracetools_trace/tracetools_trace.egg-info/requires.txt
[1.073s] writing top-level names to ../../../build/tracetools_trace/tracetools_trace.egg-info/top_level.txt
[1.105s] reading manifest file '../../../build/tracetools_trace/tracetools_trace.egg-info/SOURCES.txt'
[1.106s] writing manifest file '../../../build/tracetools_trace/tracetools_trace.egg-info/SOURCES.txt'
[1.106s] running build
[1.106s] running build_py
[1.107s] running install
[1.108s] running install_lib
[1.110s] running install_data
[1.111s] running install_egg_info
[1.113s] removing '/home/max/microros_ws4/firmware/mcu_ws/install/lib/python3.8/site-packages/tracetools_trace-1.0.2-py3.8.egg-info' (and everything under it)
[1.113s] Copying ../../../build/tracetools_trace/tracetools_trace.egg-info to /home/max/microros_ws4/firmware/mcu_ws/install/lib/python3.8/site-packages/tracetools_trace-1.0.2-py3.8.egg-info
[1.113s] running install_scripts
[1.133s] Installing trace script to /home/max/microros_ws4/firmware/mcu_ws/install/lib/tracetools_trace
[1.134s] writing list of installed files to '/home/max/microros_ws4/firmware/mcu_ws/build/tracetools_trace/install.log'
[1.383s] Invoked command in '/home/max/microros_ws4/firmware/mcu_ws/uros/tracetools/tracetools_trace' returned '0': PYTHONPATH=/home/max/microros_ws4/firmware/mcu_ws/build/tracetools_trace/prefix_override:/home/max/microros_ws4/firmware/mcu_ws/install/lib/python3.8/site-packages:${PYTHONPATH} /usr/bin/python3 setup.py egg_info --egg-base ../../../build/tracetools_trace build --build-base /home/max/microros_ws4/firmware/mcu_ws/build/tracetools_trace/build install --record /home/max/microros_ws4/firmware/mcu_ws/build/tracetools_trace/install.log --install-scripts $base/lib/tracetools_trace --single-version-externally-managed
