Not searching for unused variables given on the command line.
-- The C compiler identification is GNU 8.2.0
-- Check for working C compiler: /home/max/microros_ws4/firmware/toolchain/espressif/tools/xtensa-esp32-elf/esp-2020r2-8.2.0/xtensa-esp32-elf/bin/xtensa-esp32-elf-gcc
-- Check for working C compiler: /home/max/microros_ws4/firmware/toolchain/espressif/tools/xtensa-esp32-elf/esp-2020r2-8.2.0/xtensa-esp32-elf/bin/xtensa-esp32-elf-gcc -- works
-- Detecting C compiler ABI info
-- Detecting C compiler ABI info - done
-- Detecting C compile features
-- Detecting C compile features - done
-- Found ament_cmake_python: 0.9.11 (/home/max/microros_ws4/firmware/dev_ws/install/ament_cmake_python/share/ament_cmake_python/cmake)
-- Found ament_cmake_ros: 0.9.2 (/home/max/microros_ws4/firmware/dev_ws/install/ament_cmake_ros/share/ament_cmake_ros/cmake)
-- Found PythonInterp: /home/max/microros_ws4/firmware/toolchain/espressif/python_env/idf4.1_py3.8_env/bin/python3 (found suitable version "3.8.10", minimum required is "3") 
-- Using PYTHON_EXECUTABLE: /home/max/microros_ws4/firmware/toolchain/espressif/python_env/idf4.1_py3.8_env/bin/python3
-- Configuring done
-- Generating done
-- Build files have been written to: /home/max/microros_ws4/firmware/mcu_ws/build/rosidl_generator_c
make[4]: Entering directory '/home/max/microros_ws4/firmware/mcu_ws/build/rosidl_generator_c'
/usr/bin/cmake -S/home/max/microros_ws4/firmware/mcu_ws/ros2/rosidl/rosidl_generator_c -B/home/max/microros_ws4/firmware/mcu_ws/build/rosidl_generator_c --check-build-system CMakeFiles/Makefile.cmake 0
/usr/bin/cmake -E cmake_progress_start /home/max/microros_ws4/firmware/mcu_ws/build/rosidl_generator_c/CMakeFiles /home/max/microros_ws4/firmware/mcu_ws/build/rosidl_generator_c/CMakeFiles/progress.marks
/usr/bin/make -f CMakeFiles/Makefile2 all
make[5]: Entering directory '/home/max/microros_ws4/firmware/mcu_ws/build/rosidl_generator_c'
make[5]: Nothing to be done for 'all'.
make[5]: Leaving directory '/home/max/microros_ws4/firmware/mcu_ws/build/rosidl_generator_c'
/usr/bin/cmake -E cmake_progress_start /home/max/microros_ws4/firmware/mcu_ws/build/rosidl_generator_c/CMakeFiles 0
make[4]: Leaving directory '/home/max/microros_ws4/firmware/mcu_ws/build/rosidl_generator_c'
-- Install configuration: "Debug"
-- Installing: /home/max/microros_ws4/firmware/mcu_ws/install/share/ament_index/resource_index/rosidl_generator_packages/rosidl_generator_c
-- Installing: /home/max/microros_ws4/firmware/mcu_ws/install/share/rosidl_generator_c/environment/pythonpath.sh
-- Installing: /home/max/microros_ws4/firmware/mcu_ws/install/share/rosidl_generator_c/environment/pythonpath.dsv
-- Installing: /home/max/microros_ws4/firmware/mcu_ws/install/lib/python3.8/site-packages/rosidl_generator_c
-- Installing: /home/max/microros_ws4/firmware/mcu_ws/install/lib/python3.8/site-packages/rosidl_generator_c/__init__.py
Listing '/home/max/microros_ws4/firmware/mcu_ws/install/lib/python3.8/site-packages/rosidl_generator_c'...
Compiling '/home/max/microros_ws4/firmware/mcu_ws/install/lib/python3.8/site-packages/rosidl_generator_c/__init__.py'...
-- Installing: /home/max/microros_ws4/firmware/mcu_ws/install/share/ament_index/resource_index/package_run_dependencies/rosidl_generator_c
-- Installing: /home/max/microros_ws4/firmware/mcu_ws/install/share/ament_index/resource_index/parent_prefix_path/rosidl_generator_c
-- Installing: /home/max/microros_ws4/firmware/mcu_ws/install/share/rosidl_generator_c/environment/ament_prefix_path.sh
-- Installing: /home/max/microros_ws4/firmware/mcu_ws/install/share/rosidl_generator_c/environment/ament_prefix_path.dsv
-- Installing: /home/max/microros_ws4/firmware/mcu_ws/install/share/rosidl_generator_c/environment/path.sh
-- Installing: /home/max/microros_ws4/firmware/mcu_ws/install/share/rosidl_generator_c/environment/path.dsv
-- Installing: /home/max/microros_ws4/firmware/mcu_ws/install/share/rosidl_generator_c/local_setup.bash
-- Installing: /home/max/microros_ws4/firmware/mcu_ws/install/share/rosidl_generator_c/local_setup.sh
-- Installing: /home/max/microros_ws4/firmware/mcu_ws/install/share/rosidl_generator_c/local_setup.zsh
-- Installing: /home/max/microros_ws4/firmware/mcu_ws/install/share/rosidl_generator_c/local_setup.dsv
-- Installing: /home/max/microros_ws4/firmware/mcu_ws/install/share/rosidl_generator_c/package.dsv
-- Installing: /home/max/microros_ws4/firmware/mcu_ws/install/share/ament_index/resource_index/packages/rosidl_generator_c
-- Installing: /home/max/microros_ws4/firmware/mcu_ws/install/share/rosidl_generator_c/cmake/rosidl_generator_c-extras.cmake
-- Installing: /home/max/microros_ws4/firmware/mcu_ws/install/share/rosidl_generator_c/cmake/ament_cmake_export_dependencies-extras.cmake
-- Installing: /home/max/microros_ws4/firmware/mcu_ws/install/share/rosidl_generator_c/cmake/rosidl_generator_cConfig.cmake
-- Installing: /home/max/microros_ws4/firmware/mcu_ws/install/share/rosidl_generator_c/cmake/rosidl_generator_cConfig-version.cmake
-- Installing: /home/max/microros_ws4/firmware/mcu_ws/install/share/rosidl_generator_c/package.xml
-- Installing: /home/max/microros_ws4/firmware/mcu_ws/install/lib/rosidl_generator_c/rosidl_generator_c
-- Up-to-date: /home/max/microros_ws4/firmware/mcu_ws/install/share/rosidl_generator_c/cmake
-- Installing: /home/max/microros_ws4/firmware/mcu_ws/install/share/rosidl_generator_c/cmake/register_c.cmake
-- Installing: /home/max/microros_ws4/firmware/mcu_ws/install/share/rosidl_generator_c/cmake/rosidl_generator_c_generate_interfaces.cmake
-- Installing: /home/max/microros_ws4/firmware/mcu_ws/install/share/rosidl_generator_c/resource
-- Installing: /home/max/microros_ws4/firmware/mcu_ws/install/share/rosidl_generator_c/resource/msg__functions.c.em
-- Installing: /home/max/microros_ws4/firmware/mcu_ws/install/share/rosidl_generator_c/resource/rosidl_generator_c__visibility_control.h.in
-- Installing: /home/max/microros_ws4/firmware/mcu_ws/install/share/rosidl_generator_c/resource/idl.h.em
-- Installing: /home/max/microros_ws4/firmware/mcu_ws/install/share/rosidl_generator_c/resource/srv__type_support.h.em
-- Installing: /home/max/microros_ws4/firmware/mcu_ws/install/share/rosidl_generator_c/resource/idl__struct.h.em
-- Installing: /home/max/microros_ws4/firmware/mcu_ws/install/share/rosidl_generator_c/resource/msg__struct.h.em
-- Installing: /home/max/microros_ws4/firmware/mcu_ws/install/share/rosidl_generator_c/resource/idl__functions.c.em
-- Installing: /home/max/microros_ws4/firmware/mcu_ws/install/share/rosidl_generator_c/resource/msg__type_support.h.em
-- Installing: /home/max/microros_ws4/firmware/mcu_ws/install/share/rosidl_generator_c/resource/msg__functions.h.em
-- Installing: /home/max/microros_ws4/firmware/mcu_ws/install/share/rosidl_generator_c/resource/idl__functions.h.em
-- Installing: /home/max/microros_ws4/firmware/mcu_ws/install/share/rosidl_generator_c/resource/idl__type_support.h.em
-- Installing: /home/max/microros_ws4/firmware/mcu_ws/install/share/rosidl_generator_c/resource/action__type_support.h.em
