make[4]: Entering directory '/home/max/microros_ws4/firmware/mcu_ws/build/rmw_implementation_cmake'
/usr/bin/cmake -S/home/max/microros_ws4/firmware/mcu_ws/ros2/rmw/rmw_implementation_cmake -B/home/max/microros_ws4/firmware/mcu_ws/build/rmw_implementation_cmake --check-build-system CMakeFiles/Makefile.cmake 0
Re-run cmake file: Makefile older than: /home/max/microros_ws4/firmware/freertos_apps/microros_esp32_extensions/esp32_toolchain.cmake
-- Found ament_cmake: 0.9.11 (/home/max/microros_ws4/firmware/dev_ws/install/ament_cmake/share/ament_cmake/cmake)
-- Using PYTHON_EXECUTABLE: /home/max/microros_ws4/firmware/toolchain/espressif/python_env/idf4.1_py3.8_env/bin/python3
-- Configuring done
-- Generating done
-- Build files have been written to: /home/max/microros_ws4/firmware/mcu_ws/build/rmw_implementation_cmake
/usr/bin/cmake -E cmake_progress_start /home/max/microros_ws4/firmware/mcu_ws/build/rmw_implementation_cmake/CMakeFiles /home/max/microros_ws4/firmware/mcu_ws/build/rmw_implementation_cmake/CMakeFiles/progress.marks
/usr/bin/make -f CMakeFiles/Makefile2 all
make[5]: Entering directory '/home/max/microros_ws4/firmware/mcu_ws/build/rmw_implementation_cmake'
make[5]: Nothing to be done for 'all'.
make[5]: Leaving directory '/home/max/microros_ws4/firmware/mcu_ws/build/rmw_implementation_cmake'
/usr/bin/cmake -E cmake_progress_start /home/max/microros_ws4/firmware/mcu_ws/build/rmw_implementation_cmake/CMakeFiles 0
make[4]: Leaving directory '/home/max/microros_ws4/firmware/mcu_ws/build/rmw_implementation_cmake'
-- Install configuration: "Debug"
-- Up-to-date: /home/max/microros_ws4/firmware/mcu_ws/install/share/ament_index/resource_index/package_run_dependencies/rmw_implementation_cmake
-- Up-to-date: /home/max/microros_ws4/firmware/mcu_ws/install/share/ament_index/resource_index/parent_prefix_path/rmw_implementation_cmake
-- Up-to-date: /home/max/microros_ws4/firmware/mcu_ws/install/share/rmw_implementation_cmake/environment/ament_prefix_path.sh
-- Installing: /home/max/microros_ws4/firmware/mcu_ws/install/share/rmw_implementation_cmake/environment/ament_prefix_path.dsv
-- Up-to-date: /home/max/microros_ws4/firmware/mcu_ws/install/share/rmw_implementation_cmake/environment/path.sh
-- Installing: /home/max/microros_ws4/firmware/mcu_ws/install/share/rmw_implementation_cmake/environment/path.dsv
-- Up-to-date: /home/max/microros_ws4/firmware/mcu_ws/install/share/rmw_implementation_cmake/local_setup.bash
-- Up-to-date: /home/max/microros_ws4/firmware/mcu_ws/install/share/rmw_implementation_cmake/local_setup.sh
-- Up-to-date: /home/max/microros_ws4/firmware/mcu_ws/install/share/rmw_implementation_cmake/local_setup.zsh
-- Installing: /home/max/microros_ws4/firmware/mcu_ws/install/share/rmw_implementation_cmake/local_setup.dsv
-- Installing: /home/max/microros_ws4/firmware/mcu_ws/install/share/rmw_implementation_cmake/package.dsv
-- Up-to-date: /home/max/microros_ws4/firmware/mcu_ws/install/share/ament_index/resource_index/packages/rmw_implementation_cmake
-- Up-to-date: /home/max/microros_ws4/firmware/mcu_ws/install/share/rmw_implementation_cmake/cmake/rmw_implementation_cmake-extras.cmake
-- Up-to-date: /home/max/microros_ws4/firmware/mcu_ws/install/share/rmw_implementation_cmake/cmake/ament_cmake_export_dependencies-extras.cmake
-- Up-to-date: /home/max/microros_ws4/firmware/mcu_ws/install/share/rmw_implementation_cmake/cmake/rmw_implementation_cmakeConfig.cmake
-- Up-to-date: /home/max/microros_ws4/firmware/mcu_ws/install/share/rmw_implementation_cmake/cmake/rmw_implementation_cmakeConfig-version.cmake
-- Up-to-date: /home/max/microros_ws4/firmware/mcu_ws/install/share/rmw_implementation_cmake/package.xml
-- Up-to-date: /home/max/microros_ws4/firmware/mcu_ws/install/share/rmw_implementation_cmake/cmake
-- Up-to-date: /home/max/microros_ws4/firmware/mcu_ws/install/share/rmw_implementation_cmake/cmake/get_available_rmw_implementations.cmake
-- Up-to-date: /home/max/microros_ws4/firmware/mcu_ws/install/share/rmw_implementation_cmake/cmake/get_default_rmw_implementation.cmake
-- Up-to-date: /home/max/microros_ws4/firmware/mcu_ws/install/share/rmw_implementation_cmake/cmake/call_for_each_rmw_implementation.cmake
