make[4]: Entering directory '/home/max/microros_ws4/firmware/mcu_ws/build/tinydir_vendor'
/usr/bin/cmake -S/home/max/microros_ws4/firmware/mcu_ws/ros2/tinydir_vendor -B/home/max/microros_ws4/firmware/mcu_ws/build/tinydir_vendor --check-build-system CMakeFiles/Makefile.cmake 0
Re-run cmake file: Makefile older than: /home/max/microros_ws4/firmware/freertos_apps/microros_esp32_extensions/esp32_toolchain.cmake
-- Using PYTHON_EXECUTABLE: /home/max/microros_ws4/firmware/toolchain/espressif/python_env/idf4.1_py3.8_env/bin/python3
-- Configuring done
-- Generating done
-- Build files have been written to: /home/max/microros_ws4/firmware/mcu_ws/build/tinydir_vendor
/usr/bin/cmake -E cmake_progress_start /home/max/microros_ws4/firmware/mcu_ws/build/tinydir_vendor/CMakeFiles /home/max/microros_ws4/firmware/mcu_ws/build/tinydir_vendor/CMakeFiles/progress.marks
/usr/bin/make -f CMakeFiles/Makefile2 all
make[5]: Entering directory '/home/max/microros_ws4/firmware/mcu_ws/build/tinydir_vendor'
/usr/bin/make -f CMakeFiles/tinydir-1.2.4.dir/build.make CMakeFiles/tinydir-1.2.4.dir/depend
make[6]: Entering directory '/home/max/microros_ws4/firmware/mcu_ws/build/tinydir_vendor'
cd /home/max/microros_ws4/firmware/mcu_ws/build/tinydir_vendor && /usr/bin/cmake -E cmake_depends "Unix Makefiles" /home/max/microros_ws4/firmware/mcu_ws/ros2/tinydir_vendor /home/max/microros_ws4/firmware/mcu_ws/ros2/tinydir_vendor /home/max/microros_ws4/firmware/mcu_ws/build/tinydir_vendor /home/max/microros_ws4/firmware/mcu_ws/build/tinydir_vendor /home/max/microros_ws4/firmware/mcu_ws/build/tinydir_vendor/CMakeFiles/tinydir-1.2.4.dir/DependInfo.cmake --color=
make[6]: Leaving directory '/home/max/microros_ws4/firmware/mcu_ws/build/tinydir_vendor'
/usr/bin/make -f CMakeFiles/tinydir-1.2.4.dir/build.make CMakeFiles/tinydir-1.2.4.dir/build
make[6]: Entering directory '/home/max/microros_ws4/firmware/mcu_ws/build/tinydir_vendor'
make[6]: Nothing to be done for 'CMakeFiles/tinydir-1.2.4.dir/build'.
make[6]: Leaving directory '/home/max/microros_ws4/firmware/mcu_ws/build/tinydir_vendor'
[100%] Built target tinydir-1.2.4
make[5]: Leaving directory '/home/max/microros_ws4/firmware/mcu_ws/build/tinydir_vendor'
/usr/bin/cmake -E cmake_progress_start /home/max/microros_ws4/firmware/mcu_ws/build/tinydir_vendor/CMakeFiles 0
make[4]: Leaving directory '/home/max/microros_ws4/firmware/mcu_ws/build/tinydir_vendor'
-- Install configuration: "Debug"
-- Up-to-date: /home/max/microros_ws4/firmware/mcu_ws/install
-- Up-to-date: /home/max/microros_ws4/firmware/mcu_ws/install/include
-- Up-to-date: /home/max/microros_ws4/firmware/mcu_ws/install/include/tinydir
-- Up-to-date: /home/max/microros_ws4/firmware/mcu_ws/install/include/tinydir/tinydir.h
-- Up-to-date: /home/max/microros_ws4/firmware/mcu_ws/install/share/tinydir_vendor/package.xml
-- Up-to-date: /home/max/microros_ws4/firmware/mcu_ws/install/share/tinydir_vendor/cmake/tinydir_vendorConfig.cmake
-- Up-to-date: /home/max/microros_ws4/firmware/mcu_ws/install/share/tinydir_vendor/cmake/tinydir_vendorConfig-version.cmake
