[0.016s] Invoking command in '/home/max/PycharmProjects/my_ros2_ws/servo_message/build/servo_message': CMAKE_PREFIX_PATH=/home/max/PycharmProjects/my_ros2_ws/install/py_pubsub:/opt/ros/foxy /usr/bin/cmake --build /home/max/PycharmProjects/my_ros2_ws/servo_message/build/servo_message -- -j4 -l4
[0.051s] -- Found ament_cmake: 0.9.11 (/opt/ros/foxy/share/ament_cmake/cmake)
[0.075s] -- Found PythonInterp: /usr/bin/python3 (found suitable version "3.8.10", minimum required is "3") 
[0.075s] -- Using PYTHON_EXECUTABLE: /usr/bin/python3
[0.246s] -- Found ament_lint_auto: 0.9.8 (/opt/ros/foxy/share/ament_lint_auto/cmake)
[0.324s] -- Found rosidl_default_generators: 1.0.1 (/opt/ros/foxy/share/rosidl_default_generators/cmake)
[0.326s] -- Using all available rosidl_typesupport_c: rosidl_typesupport_fastrtps_c;rosidl_typesupport_introspection_c
[0.329s] -- Found rosidl_adapter: 1.3.0 (/opt/ros/foxy/share/rosidl_adapter/cmake)
[0.455s] -- Using all available rosidl_typesupport_cpp: rosidl_typesupport_fastrtps_cpp;rosidl_typesupport_introspection_cpp
[0.499s] -- Found PythonInterp: /usr/bin/python3 (found version "3.8.10") 
[0.556s] -- Found ament_cmake_ros: 0.9.2 (/opt/ros/foxy/share/ament_cmake_ros/cmake)
[0.644s] -- Using all available rosidl_typesupport_c: rosidl_typesupport_fastrtps_c;rosidl_typesupport_introspection_c
[0.649s] -- Using all available rosidl_typesupport_cpp: rosidl_typesupport_fastrtps_cpp;rosidl_typesupport_introspection_cpp
[0.676s] -- Found PythonInterp: /usr/bin/python3 (found suitable version "3.8.10", minimum required is "3.5") 
[0.677s] -- Found python_cmake_module: 0.8.1 (/opt/ros/foxy/share/python_cmake_module/cmake)
[0.705s] -- Using PYTHON_EXECUTABLE: /usr/bin/python3
[0.705s] -- Using PYTHON_INCLUDE_DIRS: /usr/include/python3.8
[0.705s] -- Using PYTHON_LIBRARIES: /usr/lib/x86_64-linux-gnu/libpython3.8.so
[0.721s] -- Added test 'copyright' to check source files copyright and LICENSE
[0.740s] -- Added test 'cppcheck' to perform static code analysis on C / C++ code
[0.742s] -- Configured cppcheck include dirs: $<BUILD_INTERFACE:/home/max/PycharmProjects/my_ros2_ws/servo_message/build/servo_message/rosidl_generator_c>;/home/max/PycharmProjects/my_ros2_ws/servo_message/build/servo_message/rosidl_generator_c;/home/max/PycharmProjects/my_ros2_ws/servo_message/build/servo_message/rosidl_generator_cpp;/home/max/PycharmProjects/my_ros2_ws/servo_message/build/servo_message/rosidl_typesupport_fastrtps_c;/home/max/PycharmProjects/my_ros2_ws/servo_message/build/servo_message/rosidl_typesupport_fastrtps_cpp;$<BUILD_INTERFACE:/home/max/PycharmProjects/my_ros2_ws/servo_message/build/servo_message/rosidl_typesupport_introspection_c>;$<BUILD_INTERFACE:/home/max/PycharmProjects/my_ros2_ws/servo_message/build/servo_message/rosidl_typesupport_c>;$<BUILD_INTERFACE:/home/max/PycharmProjects/my_ros2_ws/servo_message/build/servo_message/rosidl_generator_cpp>;/home/max/PycharmProjects/my_ros2_ws/servo_message/build/servo_message/rosidl_generator_py
[0.742s] -- Configured cppcheck exclude dirs and/or files: 
[0.761s] -- Added test 'cpplint' to check C / C++ code against the Google style
[0.761s] -- Configured cpplint exclude dirs and/or files: 
[0.764s] -- Added test 'flake8' to check Python code syntax and style conventions
[0.769s] -- Added test 'lint_cmake' to check CMake code style
[0.772s] -- Added test 'pep257' to check Python code against some of the style conventions in PEP 257
[0.791s] -- Added test 'uncrustify' to check C / C++ code style
[0.791s] -- Configured uncrustify additional arguments: 
[0.793s] -- Added test 'xmllint' to check XML markup files
[0.798s] -- Configuring done
[0.821s] -- Generating done
[0.824s] -- Build files have been written to: /home/max/PycharmProjects/my_ros2_ws/servo_message/build/servo_message
[0.856s] [  3%] [34m[1mGenerating C code for ROS interfaces[0m
[0.865s] [  6%] [34m[1mGenerating C++ code for ROS interfaces[0m
[1.077s] [  6%] Built target servo_message__cpp
[1.087s] [ 12%] [34m[1mGenerating C++ type support dispatch for ROS interfaces[0m
[1.087s] [ 12%] [34m[1mGenerating C++ introspection for ROS interfaces[0m
[1.090s] [35m[1mScanning dependencies of target servo_message__rosidl_generator_c[0m
[1.092s] [ 16%] [34m[1mGenerating C++ type support for eProsima Fast-RTPS[0m
[1.104s] [ 19%] [32mBuilding C object CMakeFiles/servo_message__rosidl_generator_c.dir/rosidl_generator_c/servo_message/msg/detail/servo_message__functions.c.o[0m
[1.154s] [ 22%] [32m[1mLinking C shared library libservo_message__rosidl_generator_c.so[0m
[1.190s] [ 22%] Built target servo_message__rosidl_generator_c
[1.200s] [ 25%] [34m[1mGenerating C introspection for ROS interfaces[0m
[1.302s] [35m[1mScanning dependencies of target servo_message__rosidl_typesupport_cpp[0m
[1.316s] [ 29%] [32mBuilding CXX object CMakeFiles/servo_message__rosidl_typesupport_cpp.dir/rosidl_typesupport_cpp/servo_message/msg/servo_message__type_support.cpp.o[0m
[1.345s] [35m[1mScanning dependencies of target servo_message__rosidl_typesupport_fastrtps_cpp[0m
[1.346s] [35m[1mScanning dependencies of target servo_message__rosidl_typesupport_introspection_cpp[0m
[1.358s] [ 32%] [32mBuilding CXX object CMakeFiles/servo_message__rosidl_typesupport_introspection_cpp.dir/rosidl_typesupport_introspection_cpp/servo_message/msg/detail/servo_message__type_support.cpp.o[0m
[1.363s] [ 35%] [32mBuilding CXX object CMakeFiles/servo_message__rosidl_typesupport_fastrtps_cpp.dir/rosidl_typesupport_fastrtps_cpp/servo_message/msg/detail/dds_fastrtps/servo_message__type_support.cpp.o[0m
[1.446s] [35m[1mScanning dependencies of target servo_message__rosidl_typesupport_introspection_c[0m
[1.459s] [ 38%] [32mBuilding C object CMakeFiles/servo_message__rosidl_typesupport_introspection_c.dir/rosidl_typesupport_introspection_c/servo_message/msg/detail/servo_message__type_support.c.o[0m
[1.497s] [ 41%] [32m[1mLinking C shared library libservo_message__rosidl_typesupport_introspection_c.so[0m
[1.529s] [ 41%] Built target servo_message__rosidl_typesupport_introspection_c
[1.541s] [ 45%] [34m[1mGenerating C type support dispatch for ROS interfaces[0m
[1.608s] [ 48%] [32m[1mLinking CXX shared library libservo_message__rosidl_typesupport_cpp.so[0m
[1.651s] [ 51%] [32m[1mLinking CXX shared library libservo_message__rosidl_typesupport_introspection_cpp.so[0m
[1.651s] [ 51%] Built target servo_message__rosidl_typesupport_cpp
[1.698s] [ 51%] Built target servo_message__rosidl_typesupport_introspection_cpp
[1.760s] [35m[1mScanning dependencies of target servo_message__rosidl_typesupport_c[0m
[1.776s] [ 54%] [32mBuilding CXX object CMakeFiles/servo_message__rosidl_typesupport_c.dir/rosidl_typesupport_c/servo_message/msg/servo_message__type_support.cpp.o[0m
[1.776s] [ 58%] [32m[1mLinking CXX shared library libservo_message__rosidl_typesupport_fastrtps_cpp.so[0m
[1.812s] [ 61%] [32m[1mLinking CXX shared library libservo_message__rosidl_typesupport_c.so[0m
[1.864s] [ 61%] Built target servo_message__rosidl_typesupport_c
[1.896s] [ 61%] Built target servo_message__rosidl_typesupport_fastrtps_cpp
[1.907s] [ 64%] [34m[1mGenerating C type support for eProsima Fast-RTPS[0m
[2.114s] [35m[1mScanning dependencies of target servo_message__rosidl_typesupport_fastrtps_c[0m
[2.132s] [ 67%] [32mBuilding CXX object CMakeFiles/servo_message__rosidl_typesupport_fastrtps_c.dir/rosidl_typesupport_fastrtps_c/servo_message/msg/detail/servo_message__type_support_c.cpp.o[0m
[2.431s] [ 70%] [32m[1mLinking CXX shared library libservo_message__rosidl_typesupport_fastrtps_c.so[0m
[2.548s] [ 70%] Built target servo_message__rosidl_typesupport_fastrtps_c
[2.576s] [ 70%] Built target servo_message
[2.607s] [ 74%] [34m[1mGenerating Python code for ROS interfaces[0m
[2.920s] [ 74%] Built target servo_message__py
[2.937s] [35m[1mScanning dependencies of target servo_message__python[0m
[2.959s] [ 77%] [32mBuilding C object CMakeFiles/servo_message__python.dir/rosidl_generator_py/servo_message/msg/_servo_message_s.c.o[0m
[3.044s] [ 80%] [32m[1mLinking C shared library rosidl_generator_py/servo_message/libservo_message__python.so[0m
[3.099s] [ 80%] Built target servo_message__python
[3.112s] [35m[1mScanning dependencies of target servo_message__rosidl_typesupport_fastrtps_c__pyext[0m
[3.114s] [35m[1mScanning dependencies of target servo_message__rosidl_typesupport_introspection_c__pyext[0m
[3.115s] [35m[1mScanning dependencies of target servo_message__rosidl_typesupport_c__pyext[0m
[3.130s] [ 90%] [32mBuilding C object CMakeFiles/servo_message__rosidl_typesupport_introspection_c__pyext.dir/rosidl_generator_py/servo_message/_servo_message_s.ep.rosidl_typesupport_introspection_c.c.o[0m
[3.131s] [ 90%] [32mBuilding C object CMakeFiles/servo_message__rosidl_typesupport_c__pyext.dir/rosidl_generator_py/servo_message/_servo_message_s.ep.rosidl_typesupport_c.c.o[0m
[3.131s] [ 90%] [32mBuilding C object CMakeFiles/servo_message__rosidl_typesupport_fastrtps_c__pyext.dir/rosidl_generator_py/servo_message/_servo_message_s.ep.rosidl_typesupport_fastrtps_c.c.o[0m
[3.211s] [ 96%] [32m[1mLinking C shared library rosidl_generator_py/servo_message/servo_message_s__rosidl_typesupport_c.cpython-38-x86_64-linux-gnu.so[0m
[3.211s] [ 96%] [32m[1mLinking C shared library rosidl_generator_py/servo_message/servo_message_s__rosidl_typesupport_introspection_c.cpython-38-x86_64-linux-gnu.so[0m
[3.218s] [100%] [32m[1mLinking CXX shared library rosidl_generator_py/servo_message/servo_message_s__rosidl_typesupport_fastrtps_c.cpython-38-x86_64-linux-gnu.so[0m
[3.246s] [100%] Built target servo_message__rosidl_typesupport_c__pyext
[3.255s] [100%] Built target servo_message__rosidl_typesupport_introspection_c__pyext
[3.288s] [100%] Built target servo_message__rosidl_typesupport_fastrtps_c__pyext
[3.300s] Invoked command in '/home/max/PycharmProjects/my_ros2_ws/servo_message/build/servo_message' returned '0': CMAKE_PREFIX_PATH=/home/max/PycharmProjects/my_ros2_ws/install/py_pubsub:/opt/ros/foxy /usr/bin/cmake --build /home/max/PycharmProjects/my_ros2_ws/servo_message/build/servo_message -- -j4 -l4
[3.375s] Invoking command in '/home/max/PycharmProjects/my_ros2_ws/servo_message/build/servo_message': CMAKE_PREFIX_PATH=/home/max/PycharmProjects/my_ros2_ws/install/py_pubsub:/opt/ros/foxy /usr/bin/cmake --install /home/max/PycharmProjects/my_ros2_ws/servo_message/build/servo_message
[3.383s] -- Install configuration: ""
[3.383s] -- Up-to-date: /home/max/PycharmProjects/my_ros2_ws/servo_message/install/servo_message/share/ament_index/resource_index/rosidl_interfaces/servo_message
[3.383s] -- Up-to-date: /home/max/PycharmProjects/my_ros2_ws/servo_message/install/servo_message/include/servo_message
[3.383s] -- Up-to-date: /home/max/PycharmProjects/my_ros2_ws/servo_message/install/servo_message/include/servo_message/msg
[3.384s] -- Installing: /home/max/PycharmProjects/my_ros2_ws/servo_message/install/servo_message/include/servo_message/msg/servo_message.h
[3.384s] -- Up-to-date: /home/max/PycharmProjects/my_ros2_ws/servo_message/install/servo_message/include/servo_message/msg/detail
[3.384s] -- Installing: /home/max/PycharmProjects/my_ros2_ws/servo_message/install/servo_message/include/servo_message/msg/detail/servo_message__functions.h
[3.384s] -- Installing: /home/max/PycharmProjects/my_ros2_ws/servo_message/install/servo_message/include/servo_message/msg/detail/servo_message__type_support.h
[3.384s] -- Installing: /home/max/PycharmProjects/my_ros2_ws/servo_message/install/servo_message/include/servo_message/msg/detail/servo_message__functions.c
[3.384s] -- Installing: /home/max/PycharmProjects/my_ros2_ws/servo_message/install/servo_message/include/servo_message/msg/detail/servo_message__struct.h
[3.384s] -- Up-to-date: /home/max/PycharmProjects/my_ros2_ws/servo_message/install/servo_message/include/servo_message/msg/rosidl_generator_c__visibility_control.h
[3.384s] -- Up-to-date: /home/max/PycharmProjects/my_ros2_ws/servo_message/install/servo_message/share/servo_message/environment/library_path.sh
[3.385s] -- Installing: /home/max/PycharmProjects/my_ros2_ws/servo_message/install/servo_message/share/servo_message/environment/library_path.dsv
[3.385s] -- Installing: /home/max/PycharmProjects/my_ros2_ws/servo_message/install/servo_message/lib/libservo_message__rosidl_generator_c.so
[3.385s] -- Set runtime path of "/home/max/PycharmProjects/my_ros2_ws/servo_message/install/servo_message/lib/libservo_message__rosidl_generator_c.so" to ""
[3.385s] -- Up-to-date: /home/max/PycharmProjects/my_ros2_ws/servo_message/install/servo_message/include/servo_message
[3.385s] -- Up-to-date: /home/max/PycharmProjects/my_ros2_ws/servo_message/install/servo_message/include/servo_message/msg
[3.385s] -- Up-to-date: /home/max/PycharmProjects/my_ros2_ws/servo_message/install/servo_message/include/servo_message/msg/rosidl_typesupport_fastrtps_c__visibility_control.h
[3.385s] -- Up-to-date: /home/max/PycharmProjects/my_ros2_ws/servo_message/install/servo_message/include/servo_message/msg/detail
[3.386s] -- Installing: /home/max/PycharmProjects/my_ros2_ws/servo_message/install/servo_message/include/servo_message/msg/detail/servo_message__rosidl_typesupport_fastrtps_c.h
[3.386s] -- Installing: /home/max/PycharmProjects/my_ros2_ws/servo_message/install/servo_message/lib/libservo_message__rosidl_typesupport_fastrtps_c.so
[3.386s] -- Set runtime path of "/home/max/PycharmProjects/my_ros2_ws/servo_message/install/servo_message/lib/libservo_message__rosidl_typesupport_fastrtps_c.so" to ""
[3.386s] -- Up-to-date: /home/max/PycharmProjects/my_ros2_ws/servo_message/install/servo_message/include/servo_message
[3.386s] -- Up-to-date: /home/max/PycharmProjects/my_ros2_ws/servo_message/install/servo_message/include/servo_message/msg
[3.386s] -- Up-to-date: /home/max/PycharmProjects/my_ros2_ws/servo_message/install/servo_message/include/servo_message/msg/rosidl_typesupport_fastrtps_cpp__visibility_control.h
[3.386s] -- Up-to-date: /home/max/PycharmProjects/my_ros2_ws/servo_message/install/servo_message/include/servo_message/msg/detail
[3.386s] -- Installing: /home/max/PycharmProjects/my_ros2_ws/servo_message/install/servo_message/include/servo_message/msg/detail/servo_message__rosidl_typesupport_fastrtps_cpp.hpp
[3.387s] -- Up-to-date: /home/max/PycharmProjects/my_ros2_ws/servo_message/install/servo_message/include/servo_message/msg/detail/dds_fastrtps
[3.387s] -- Installing: /home/max/PycharmProjects/my_ros2_ws/servo_message/install/servo_message/lib/libservo_message__rosidl_typesupport_fastrtps_cpp.so
[3.387s] -- Set runtime path of "/home/max/PycharmProjects/my_ros2_ws/servo_message/install/servo_message/lib/libservo_message__rosidl_typesupport_fastrtps_cpp.so" to ""
[3.387s] -- Up-to-date: /home/max/PycharmProjects/my_ros2_ws/servo_message/install/servo_message/include/servo_message
[3.387s] -- Up-to-date: /home/max/PycharmProjects/my_ros2_ws/servo_message/install/servo_message/include/servo_message/msg
[3.387s] -- Up-to-date: /home/max/PycharmProjects/my_ros2_ws/servo_message/install/servo_message/include/servo_message/msg/detail
[3.387s] -- Installing: /home/max/PycharmProjects/my_ros2_ws/servo_message/install/servo_message/include/servo_message/msg/detail/servo_message__type_support.c
[3.387s] -- Installing: /home/max/PycharmProjects/my_ros2_ws/servo_message/install/servo_message/include/servo_message/msg/detail/servo_message__rosidl_typesupport_introspection_c.h
[3.388s] -- Up-to-date: /home/max/PycharmProjects/my_ros2_ws/servo_message/install/servo_message/include/servo_message/msg/rosidl_typesupport_introspection_c__visibility_control.h
[3.388s] -- Installing: /home/max/PycharmProjects/my_ros2_ws/servo_message/install/servo_message/lib/libservo_message__rosidl_typesupport_introspection_c.so
[3.388s] -- Set runtime path of "/home/max/PycharmProjects/my_ros2_ws/servo_message/install/servo_message/lib/libservo_message__rosidl_typesupport_introspection_c.so" to ""
[3.388s] -- Installing: /home/max/PycharmProjects/my_ros2_ws/servo_message/install/servo_message/lib/libservo_message__rosidl_typesupport_c.so
[3.388s] -- Set runtime path of "/home/max/PycharmProjects/my_ros2_ws/servo_message/install/servo_message/lib/libservo_message__rosidl_typesupport_c.so" to ""
[3.388s] -- Up-to-date: /home/max/PycharmProjects/my_ros2_ws/servo_message/install/servo_message/include/servo_message
[3.388s] -- Up-to-date: /home/max/PycharmProjects/my_ros2_ws/servo_message/install/servo_message/include/servo_message/msg
[3.389s] -- Installing: /home/max/PycharmProjects/my_ros2_ws/servo_message/install/servo_message/include/servo_message/msg/servo_message.hpp
[3.389s] -- Up-to-date: /home/max/PycharmProjects/my_ros2_ws/servo_message/install/servo_message/include/servo_message/msg/detail
[3.389s] -- Installing: /home/max/PycharmProjects/my_ros2_ws/servo_message/install/servo_message/include/servo_message/msg/detail/servo_message__struct.hpp
[3.389s] -- Installing: /home/max/PycharmProjects/my_ros2_ws/servo_message/install/servo_message/include/servo_message/msg/detail/servo_message__traits.hpp
[3.389s] -- Installing: /home/max/PycharmProjects/my_ros2_ws/servo_message/install/servo_message/include/servo_message/msg/detail/servo_message__builder.hpp
[3.389s] -- Up-to-date: /home/max/PycharmProjects/my_ros2_ws/servo_message/install/servo_message/include/servo_message
[3.389s] -- Up-to-date: /home/max/PycharmProjects/my_ros2_ws/servo_message/install/servo_message/include/servo_message/msg
[3.389s] -- Up-to-date: /home/max/PycharmProjects/my_ros2_ws/servo_message/install/servo_message/include/servo_message/msg/detail
[3.389s] -- Installing: /home/max/PycharmProjects/my_ros2_ws/servo_message/install/servo_message/include/servo_message/msg/detail/servo_message__type_support.cpp
[3.389s] -- Installing: /home/max/PycharmProjects/my_ros2_ws/servo_message/install/servo_message/include/servo_message/msg/detail/servo_message__rosidl_typesupport_introspection_cpp.hpp
[3.390s] -- Installing: /home/max/PycharmProjects/my_ros2_ws/servo_message/install/servo_message/lib/libservo_message__rosidl_typesupport_introspection_cpp.so
[3.390s] -- Set runtime path of "/home/max/PycharmProjects/my_ros2_ws/servo_message/install/servo_message/lib/libservo_message__rosidl_typesupport_introspection_cpp.so" to ""
[3.390s] -- Installing: /home/max/PycharmProjects/my_ros2_ws/servo_message/install/servo_message/lib/libservo_message__rosidl_typesupport_cpp.so
[3.390s] -- Set runtime path of "/home/max/PycharmProjects/my_ros2_ws/servo_message/install/servo_message/lib/libservo_message__rosidl_typesupport_cpp.so" to ""
[3.390s] -- Up-to-date: /home/max/PycharmProjects/my_ros2_ws/servo_message/install/servo_message/share/servo_message/environment/pythonpath.sh
[3.390s] -- Installing: /home/max/PycharmProjects/my_ros2_ws/servo_message/install/servo_message/share/servo_message/environment/pythonpath.dsv
[3.390s] -- Installing: /home/max/PycharmProjects/my_ros2_ws/servo_message/install/servo_message/lib/python3.8/site-packages/servo_message/__init__.py
[3.423s] Compiling '/home/max/PycharmProjects/my_ros2_ws/servo_message/install/servo_message/lib/python3.8/site-packages/servo_message/__init__.py'...
[3.427s] -- Up-to-date: /home/max/PycharmProjects/my_ros2_ws/servo_message/install/servo_message/lib/python3.8/site-packages/servo_message/msg
[3.427s] -- Installing: /home/max/PycharmProjects/my_ros2_ws/servo_message/install/servo_message/lib/python3.8/site-packages/servo_message/msg/__init__.py
[3.427s] -- Installing: /home/max/PycharmProjects/my_ros2_ws/servo_message/install/servo_message/lib/python3.8/site-packages/servo_message/msg/_servo_message_s.c
[3.427s] -- Installing: /home/max/PycharmProjects/my_ros2_ws/servo_message/install/servo_message/lib/python3.8/site-packages/servo_message/msg/_servo_message.py
[3.428s] -- Installing: /home/max/PycharmProjects/my_ros2_ws/servo_message/install/servo_message/lib/python3.8/site-packages/servo_message/servo_message_s__rosidl_typesupport_fastrtps_c.cpython-38-x86_64-linux-gnu.so
[3.429s] -- Set runtime path of "/home/max/PycharmProjects/my_ros2_ws/servo_message/install/servo_message/lib/python3.8/site-packages/servo_message/servo_message_s__rosidl_typesupport_fastrtps_c.cpython-38-x86_64-linux-gnu.so" to ""
[3.430s] -- Installing: /home/max/PycharmProjects/my_ros2_ws/servo_message/install/servo_message/lib/python3.8/site-packages/servo_message/servo_message_s__rosidl_typesupport_introspection_c.cpython-38-x86_64-linux-gnu.so
[3.431s] -- Set runtime path of "/home/max/PycharmProjects/my_ros2_ws/servo_message/install/servo_message/lib/python3.8/site-packages/servo_message/servo_message_s__rosidl_typesupport_introspection_c.cpython-38-x86_64-linux-gnu.so" to ""
[3.431s] -- Installing: /home/max/PycharmProjects/my_ros2_ws/servo_message/install/servo_message/lib/python3.8/site-packages/servo_message/servo_message_s__rosidl_typesupport_c.cpython-38-x86_64-linux-gnu.so
[3.432s] -- Set runtime path of "/home/max/PycharmProjects/my_ros2_ws/servo_message/install/servo_message/lib/python3.8/site-packages/servo_message/servo_message_s__rosidl_typesupport_c.cpython-38-x86_64-linux-gnu.so" to ""
[3.432s] -- Installing: /home/max/PycharmProjects/my_ros2_ws/servo_message/install/servo_message/lib/libservo_message__python.so
[3.433s] -- Set runtime path of "/home/max/PycharmProjects/my_ros2_ws/servo_message/install/servo_message/lib/libservo_message__python.so" to ""
[3.433s] -- Installing: /home/max/PycharmProjects/my_ros2_ws/servo_message/install/servo_message/share/servo_message/msg/ServoMessage.idl
[3.433s] -- Installing: /home/max/PycharmProjects/my_ros2_ws/servo_message/install/servo_message/share/servo_message/msg/ServoMessage.msg
[3.433s] -- Up-to-date: /home/max/PycharmProjects/my_ros2_ws/servo_message/install/servo_message/share/ament_index/resource_index/package_run_dependencies/servo_message
[3.434s] -- Up-to-date: /home/max/PycharmProjects/my_ros2_ws/servo_message/install/servo_message/share/ament_index/resource_index/parent_prefix_path/servo_message
[3.434s] -- Up-to-date: /home/max/PycharmProjects/my_ros2_ws/servo_message/install/servo_message/share/servo_message/environment/ament_prefix_path.sh
[3.434s] -- Installing: /home/max/PycharmProjects/my_ros2_ws/servo_message/install/servo_message/share/servo_message/environment/ament_prefix_path.dsv
[3.434s] -- Up-to-date: /home/max/PycharmProjects/my_ros2_ws/servo_message/install/servo_message/share/servo_message/environment/path.sh
[3.434s] -- Installing: /home/max/PycharmProjects/my_ros2_ws/servo_message/install/servo_message/share/servo_message/environment/path.dsv
[3.434s] -- Up-to-date: /home/max/PycharmProjects/my_ros2_ws/servo_message/install/servo_message/share/servo_message/local_setup.bash
[3.435s] -- Up-to-date: /home/max/PycharmProjects/my_ros2_ws/servo_message/install/servo_message/share/servo_message/local_setup.sh
[3.435s] -- Up-to-date: /home/max/PycharmProjects/my_ros2_ws/servo_message/install/servo_message/share/servo_message/local_setup.zsh
[3.435s] -- Installing: /home/max/PycharmProjects/my_ros2_ws/servo_message/install/servo_message/share/servo_message/local_setup.dsv
[3.435s] -- Installing: /home/max/PycharmProjects/my_ros2_ws/servo_message/install/servo_message/share/servo_message/package.dsv
[3.435s] -- Up-to-date: /home/max/PycharmProjects/my_ros2_ws/servo_message/install/servo_message/share/ament_index/resource_index/packages/servo_message
[3.435s] -- Up-to-date: /home/max/PycharmProjects/my_ros2_ws/servo_message/install/servo_message/share/servo_message/cmake/servo_message__rosidl_generator_cExport.cmake
[3.435s] -- Installing: /home/max/PycharmProjects/my_ros2_ws/servo_message/install/servo_message/share/servo_message/cmake/servo_message__rosidl_generator_cExport-noconfig.cmake
[3.435s] -- Up-to-date: /home/max/PycharmProjects/my_ros2_ws/servo_message/install/servo_message/share/servo_message/cmake/servo_message__rosidl_typesupport_introspection_cExport.cmake
[3.436s] -- Installing: /home/max/PycharmProjects/my_ros2_ws/servo_message/install/servo_message/share/servo_message/cmake/servo_message__rosidl_typesupport_introspection_cExport-noconfig.cmake
[3.436s] -- Up-to-date: /home/max/PycharmProjects/my_ros2_ws/servo_message/install/servo_message/share/servo_message/cmake/servo_message__rosidl_typesupport_cExport.cmake
[3.436s] -- Installing: /home/max/PycharmProjects/my_ros2_ws/servo_message/install/servo_message/share/servo_message/cmake/servo_message__rosidl_typesupport_cExport-noconfig.cmake
[3.436s] -- Up-to-date: /home/max/PycharmProjects/my_ros2_ws/servo_message/install/servo_message/share/servo_message/cmake/servo_message__rosidl_generator_cppExport.cmake
[3.436s] -- Up-to-date: /home/max/PycharmProjects/my_ros2_ws/servo_message/install/servo_message/share/servo_message/cmake/servo_message__rosidl_typesupport_introspection_cppExport.cmake
[3.436s] -- Installing: /home/max/PycharmProjects/my_ros2_ws/servo_message/install/servo_message/share/servo_message/cmake/servo_message__rosidl_typesupport_introspection_cppExport-noconfig.cmake
[3.436s] -- Up-to-date: /home/max/PycharmProjects/my_ros2_ws/servo_message/install/servo_message/share/servo_message/cmake/servo_message__rosidl_typesupport_cppExport.cmake
[3.437s] -- Installing: /home/max/PycharmProjects/my_ros2_ws/servo_message/install/servo_message/share/servo_message/cmake/servo_message__rosidl_typesupport_cppExport-noconfig.cmake
[3.437s] -- Up-to-date: /home/max/PycharmProjects/my_ros2_ws/servo_message/install/servo_message/share/servo_message/cmake/rosidl_cmake-extras.cmake
[3.437s] -- Up-to-date: /home/max/PycharmProjects/my_ros2_ws/servo_message/install/servo_message/share/servo_message/cmake/ament_cmake_export_dependencies-extras.cmake
[3.437s] -- Up-to-date: /home/max/PycharmProjects/my_ros2_ws/servo_message/install/servo_message/share/servo_message/cmake/ament_cmake_export_libraries-extras.cmake
[3.437s] -- Up-to-date: /home/max/PycharmProjects/my_ros2_ws/servo_message/install/servo_message/share/servo_message/cmake/ament_cmake_export_targets-extras.cmake
[3.437s] -- Up-to-date: /home/max/PycharmProjects/my_ros2_ws/servo_message/install/servo_message/share/servo_message/cmake/ament_cmake_export_include_directories-extras.cmake
[3.437s] -- Up-to-date: /home/max/PycharmProjects/my_ros2_ws/servo_message/install/servo_message/share/servo_message/cmake/rosidl_cmake_export_typesupport_libraries-extras.cmake
[3.437s] -- Up-to-date: /home/max/PycharmProjects/my_ros2_ws/servo_message/install/servo_message/share/servo_message/cmake/rosidl_cmake_export_typesupport_targets-extras.cmake
[3.437s] -- Up-to-date: /home/max/PycharmProjects/my_ros2_ws/servo_message/install/servo_message/share/servo_message/cmake/servo_messageConfig.cmake
[3.438s] -- Up-to-date: /home/max/PycharmProjects/my_ros2_ws/servo_message/install/servo_message/share/servo_message/cmake/servo_messageConfig-version.cmake
[3.438s] -- Up-to-date: /home/max/PycharmProjects/my_ros2_ws/servo_message/install/servo_message/share/servo_message/package.xml
[3.439s] Invoked command in '/home/max/PycharmProjects/my_ros2_ws/servo_message/build/servo_message' returned '0': CMAKE_PREFIX_PATH=/home/max/PycharmProjects/my_ros2_ws/install/py_pubsub:/opt/ros/foxy /usr/bin/cmake --install /home/max/PycharmProjects/my_ros2_ws/servo_message/build/servo_message
