[0.765s] Invoking command in '/home/max/microros_ws4/firmware/mcu_ws/uros/tracetools/ros2trace': AMENT_PREFIX_PATH=/home/max/microros_ws4/firmware/mcu_ws/install:${AMENT_PREFIX_PATH} CMAKE_PREFIX_PATH=/home/max/microros_ws4/firmware/mcu_ws/install:${CMAKE_PREFIX_PATH} PYTHONPATH=/home/max/microros_ws4/firmware/mcu_ws/build/ros2trace/prefix_override:/home/max/microros_ws4/firmware/mcu_ws/install/lib/python3.8/site-packages:/home/max/microros_ws4/firmware/mcu_ws/install/lib/python3.8/site-packages:${PYTHONPATH} /usr/bin/python3 setup.py egg_info --egg-base ../../../build/ros2trace build --build-base /home/max/microros_ws4/firmware/mcu_ws/build/ros2trace/build install --record /home/max/microros_ws4/firmware/mcu_ws/build/ros2trace/install.log --single-version-externally-managed
[0.972s] running egg_info
[0.973s] writing ../../../build/ros2trace/ros2trace.egg-info/PKG-INFO
[0.973s] writing dependency_links to ../../../build/ros2trace/ros2trace.egg-info/dependency_links.txt
[0.973s] writing entry points to ../../../build/ros2trace/ros2trace.egg-info/entry_points.txt
[0.973s] writing requirements to ../../../build/ros2trace/ros2trace.egg-info/requires.txt
[0.973s] writing top-level names to ../../../build/ros2trace/ros2trace.egg-info/top_level.txt
[1.003s] reading manifest file '../../../build/ros2trace/ros2trace.egg-info/SOURCES.txt'
[1.004s] writing manifest file '../../../build/ros2trace/ros2trace.egg-info/SOURCES.txt'
[1.004s] running build
[1.004s] running build_py
[1.004s] running install
[1.005s] running install_lib
[1.007s] running install_data
[1.007s] running install_egg_info
[1.009s] removing '/home/max/microros_ws4/firmware/mcu_ws/install/lib/python3.8/site-packages/ros2trace-1.0.2-py3.8.egg-info' (and everything under it)
[1.009s] Copying ../../../build/ros2trace/ros2trace.egg-info to /home/max/microros_ws4/firmware/mcu_ws/install/lib/python3.8/site-packages/ros2trace-1.0.2-py3.8.egg-info
[1.010s] running install_scripts
[1.029s] writing list of installed files to '/home/max/microros_ws4/firmware/mcu_ws/build/ros2trace/install.log'
[1.068s] Invoked command in '/home/max/microros_ws4/firmware/mcu_ws/uros/tracetools/ros2trace' returned '0': AMENT_PREFIX_PATH=/home/max/microros_ws4/firmware/mcu_ws/install:${AMENT_PREFIX_PATH} CMAKE_PREFIX_PATH=/home/max/microros_ws4/firmware/mcu_ws/install:${CMAKE_PREFIX_PATH} PYTHONPATH=/home/max/microros_ws4/firmware/mcu_ws/build/ros2trace/prefix_override:/home/max/microros_ws4/firmware/mcu_ws/install/lib/python3.8/site-packages:/home/max/microros_ws4/firmware/mcu_ws/install/lib/python3.8/site-packages:${PYTHONPATH} /usr/bin/python3 setup.py egg_info --egg-base ../../../build/ros2trace build --build-base /home/max/microros_ws4/firmware/mcu_ws/build/ros2trace/build install --record /home/max/microros_ws4/firmware/mcu_ws/build/ros2trace/install.log --single-version-externally-managed
