running egg_info
creating ../../../build/tracetools_read/tracetools_read.egg-info
writing ../../../build/tracetools_read/tracetools_read.egg-info/PKG-INFO
writing dependency_links to ../../../build/tracetools_read/tracetools_read.egg-info/dependency_links.txt
writing requirements to ../../../build/tracetools_read/tracetools_read.egg-info/requires.txt
writing top-level names to ../../../build/tracetools_read/tracetools_read.egg-info/top_level.txt
writing manifest file '../../../build/tracetools_read/tracetools_read.egg-info/SOURCES.txt'
reading manifest file '../../../build/tracetools_read/tracetools_read.egg-info/SOURCES.txt'
writing manifest file '../../../build/tracetools_read/tracetools_read.egg-info/SOURCES.txt'
running build
running build_py
creating /home/max/microros_ws4/firmware/mcu_ws/build/tracetools_read/build
creating /home/max/microros_ws4/firmware/mcu_ws/build/tracetools_read/build/lib
creating /home/max/microros_ws4/firmware/mcu_ws/build/tracetools_read/build/lib/tracetools_read
copying tracetools_read/__init__.py -> /home/max/microros_ws4/firmware/mcu_ws/build/tracetools_read/build/lib/tracetools_read
copying tracetools_read/trace.py -> /home/max/microros_ws4/firmware/mcu_ws/build/tracetools_read/build/lib/tracetools_read
running install
running install_lib
creating /home/max/microros_ws4/firmware/mcu_ws/install/lib/python3.8/site-packages/tracetools_read
copying /home/max/microros_ws4/firmware/mcu_ws/build/tracetools_read/build/lib/tracetools_read/__init__.py -> /home/max/microros_ws4/firmware/mcu_ws/install/lib/python3.8/site-packages/tracetools_read
copying /home/max/microros_ws4/firmware/mcu_ws/build/tracetools_read/build/lib/tracetools_read/trace.py -> /home/max/microros_ws4/firmware/mcu_ws/install/lib/python3.8/site-packages/tracetools_read
byte-compiling /home/max/microros_ws4/firmware/mcu_ws/install/lib/python3.8/site-packages/tracetools_read/__init__.py to __init__.cpython-38.pyc
byte-compiling /home/max/microros_ws4/firmware/mcu_ws/install/lib/python3.8/site-packages/tracetools_read/trace.py to trace.cpython-38.pyc
running install_data
copying package.xml -> /home/max/microros_ws4/firmware/mcu_ws/install/share/tracetools_read
copying resource/tracetools_read -> /home/max/microros_ws4/firmware/mcu_ws/install/share/ament_index/resource_index/packages
running install_egg_info
Copying ../../../build/tracetools_read/tracetools_read.egg-info to /home/max/microros_ws4/firmware/mcu_ws/install/lib/python3.8/site-packages/tracetools_read-1.0.2-py3.8.egg-info
running install_scripts
writing list of installed files to '/home/max/microros_ws4/firmware/mcu_ws/build/tracetools_read/install.log'
