[1.015s] Invoking command in '/home/max/microros_ws4/firmware/mcu_ws/uros/tracetools/tracetools_read': PYTHONPATH=/home/max/microros_ws4/firmware/mcu_ws/build/tracetools_read/prefix_override:/home/max/microros_ws4/firmware/mcu_ws/install/lib/python3.8/site-packages:${PYTHONPATH} /usr/bin/python3 setup.py egg_info --egg-base ../../../build/tracetools_read build --build-base /home/max/microros_ws4/firmware/mcu_ws/build/tracetools_read/build install --record /home/max/microros_ws4/firmware/mcu_ws/build/tracetools_read/install.log --install-scripts $base/lib/tracetools_read --single-version-externally-managed
[1.250s] running egg_info
[1.251s] creating ../../../build/tracetools_read/tracetools_read.egg-info
[1.251s] writing ../../../build/tracetools_read/tracetools_read.egg-info/PKG-INFO
[1.251s] writing dependency_links to ../../../build/tracetools_read/tracetools_read.egg-info/dependency_links.txt
[1.251s] writing requirements to ../../../build/tracetools_read/tracetools_read.egg-info/requires.txt
[1.251s] writing top-level names to ../../../build/tracetools_read/tracetools_read.egg-info/top_level.txt
[1.253s] writing manifest file '../../../build/tracetools_read/tracetools_read.egg-info/SOURCES.txt'
[1.291s] reading manifest file '../../../build/tracetools_read/tracetools_read.egg-info/SOURCES.txt'
[1.292s] writing manifest file '../../../build/tracetools_read/tracetools_read.egg-info/SOURCES.txt'
[1.292s] running build
[1.292s] running build_py
[1.292s] creating /home/max/microros_ws4/firmware/mcu_ws/build/tracetools_read/build
[1.293s] creating /home/max/microros_ws4/firmware/mcu_ws/build/tracetools_read/build/lib
[1.293s] creating /home/max/microros_ws4/firmware/mcu_ws/build/tracetools_read/build/lib/tracetools_read
[1.293s] copying tracetools_read/__init__.py -> /home/max/microros_ws4/firmware/mcu_ws/build/tracetools_read/build/lib/tracetools_read
[1.299s] copying tracetools_read/trace.py -> /home/max/microros_ws4/firmware/mcu_ws/build/tracetools_read/build/lib/tracetools_read
[1.300s] running install
[1.302s] running install_lib
[1.306s] creating /home/max/microros_ws4/firmware/mcu_ws/install/lib/python3.8/site-packages/tracetools_read
[1.312s] copying /home/max/microros_ws4/firmware/mcu_ws/build/tracetools_read/build/lib/tracetools_read/__init__.py -> /home/max/microros_ws4/firmware/mcu_ws/install/lib/python3.8/site-packages/tracetools_read
[1.312s] copying /home/max/microros_ws4/firmware/mcu_ws/build/tracetools_read/build/lib/tracetools_read/trace.py -> /home/max/microros_ws4/firmware/mcu_ws/install/lib/python3.8/site-packages/tracetools_read
[1.312s] byte-compiling /home/max/microros_ws4/firmware/mcu_ws/install/lib/python3.8/site-packages/tracetools_read/__init__.py to __init__.cpython-38.pyc
[1.312s] byte-compiling /home/max/microros_ws4/firmware/mcu_ws/install/lib/python3.8/site-packages/tracetools_read/trace.py to trace.cpython-38.pyc
[1.313s] running install_data
[1.317s] copying package.xml -> /home/max/microros_ws4/firmware/mcu_ws/install/share/tracetools_read
[1.317s] copying resource/tracetools_read -> /home/max/microros_ws4/firmware/mcu_ws/install/share/ament_index/resource_index/packages
[1.317s] running install_egg_info
[1.318s] Copying ../../../build/tracetools_read/tracetools_read.egg-info to /home/max/microros_ws4/firmware/mcu_ws/install/lib/python3.8/site-packages/tracetools_read-1.0.2-py3.8.egg-info
[1.318s] running install_scripts
[1.340s] writing list of installed files to '/home/max/microros_ws4/firmware/mcu_ws/build/tracetools_read/install.log'
[1.399s] Invoked command in '/home/max/microros_ws4/firmware/mcu_ws/uros/tracetools/tracetools_read' returned '0': PYTHONPATH=/home/max/microros_ws4/firmware/mcu_ws/build/tracetools_read/prefix_override:/home/max/microros_ws4/firmware/mcu_ws/install/lib/python3.8/site-packages:${PYTHONPATH} /usr/bin/python3 setup.py egg_info --egg-base ../../../build/tracetools_read build --build-base /home/max/microros_ws4/firmware/mcu_ws/build/tracetools_read/build install --record /home/max/microros_ws4/firmware/mcu_ws/build/tracetools_read/install.log --install-scripts $base/lib/tracetools_read --single-version-externally-managed
