make[4]: Entering directory '/home/max/microros_ws4/firmware/mcu_ws/build/servo_message'
/usr/bin/cmake -S/home/max/microros_ws4/firmware/mcu_ws/servo_message -B/home/max/microros_ws4/firmware/mcu_ws/build/servo_message --check-build-system CMakeFiles/Makefile.cmake 0
Re-run cmake file: Makefile older than: /home/max/microros_ws4/firmware/mcu_ws/install/share/rosidl_typesupport_c/cmake/rosidl_typesupport_cExport-debug.cmake
-- Found ament_cmake: 0.9.11 (/home/max/microros_ws4/firmware/dev_ws/install/ament_cmake/share/ament_cmake/cmake)
-- Found PythonInterp: /home/max/microros_ws4/firmware/toolchain/espressif/python_env/idf4.1_py3.8_env/bin/python3 (found suitable version "3.8.10", minimum required is "3") 
-- Using PYTHON_EXECUTABLE: /home/max/microros_ws4/firmware/toolchain/espressif/python_env/idf4.1_py3.8_env/bin/python3
-- Found rosidl_default_generators: 1.0.1 (/home/max/microros_ws4/firmware/mcu_ws/install/share/rosidl_default_generators/cmake)
-- Using single rosidl_typesupport_c: rosidl_typesupport_microxrcedds_c
-- Found rosidl_adapter: 1.3.0 (/home/max/microros_ws4/firmware/mcu_ws/install/share/rosidl_adapter/cmake)
-- Found PythonInterp: /home/max/microros_ws4/firmware/toolchain/espressif/python_env/idf4.1_py3.8_env/bin/python3 (found version "3.8.10") 
-- Found ament_cmake_ros: 0.9.2 (/home/max/microros_ws4/firmware/dev_ws/install/ament_cmake_ros/share/ament_cmake_ros/cmake)
-- Using single rosidl_typesupport_c: rosidl_typesupport_microxrcedds_c
-- Configuring done
-- Generating done
-- Build files have been written to: /home/max/microros_ws4/firmware/mcu_ws/build/servo_message
/usr/bin/cmake -E cmake_progress_start /home/max/microros_ws4/firmware/mcu_ws/build/servo_message/CMakeFiles /home/max/microros_ws4/firmware/mcu_ws/build/servo_message/CMakeFiles/progress.marks
/usr/bin/make -f CMakeFiles/Makefile2 all
make[5]: Entering directory '/home/max/microros_ws4/firmware/mcu_ws/build/servo_message'
/usr/bin/make -f CMakeFiles/servo_message__rosidl_generator_c.dir/build.make CMakeFiles/servo_message__rosidl_generator_c.dir/depend
make[6]: Entering directory '/home/max/microros_ws4/firmware/mcu_ws/build/servo_message'
cd /home/max/microros_ws4/firmware/mcu_ws/build/servo_message && /usr/bin/cmake -E cmake_depends "Unix Makefiles" /home/max/microros_ws4/firmware/mcu_ws/servo_message /home/max/microros_ws4/firmware/mcu_ws/servo_message /home/max/microros_ws4/firmware/mcu_ws/build/servo_message /home/max/microros_ws4/firmware/mcu_ws/build/servo_message /home/max/microros_ws4/firmware/mcu_ws/build/servo_message/CMakeFiles/servo_message__rosidl_generator_c.dir/DependInfo.cmake --color=
Dependee "/home/max/microros_ws4/firmware/freertos_apps/microros_esp32_extensions/build/config/sdkconfig.h" is newer than depender "CMakeFiles/servo_message__rosidl_generator_c.dir/rosidl_generator_c/servo_message/msg/detail/servo_message__functions.c.obj".
Clearing dependencies in "/home/max/microros_ws4/firmware/mcu_ws/build/servo_message/CMakeFiles/servo_message__rosidl_generator_c.dir/depend.make".
[35m[1mScanning dependencies of target servo_message__rosidl_generator_c[0m
make[6]: Leaving directory '/home/max/microros_ws4/firmware/mcu_ws/build/servo_message'
/usr/bin/make -f CMakeFiles/servo_message__rosidl_generator_c.dir/build.make CMakeFiles/servo_message__rosidl_generator_c.dir/build
make[6]: Entering directory '/home/max/microros_ws4/firmware/mcu_ws/build/servo_message'
[ 11%] [32mBuilding C object CMakeFiles/servo_message__rosidl_generator_c.dir/rosidl_generator_c/servo_message/msg/detail/servo_message__functions.c.obj[0m
/home/max/microros_ws4/firmware/toolchain/espressif/tools/xtensa-esp32-elf/esp-2020r2-8.2.0/xtensa-esp32-elf/bin/xtensa-esp32-elf-gcc -DLWIP_IPV4 -DLWIP_IPV6 -DROS_PACKAGE_NAME=\"servo_message\" -I/home/max/microros_ws4/firmware/freertos_apps/microros_esp32_extensions/build/config -I/home/max/microros_ws4/firmware/toolchain/esp-idf/components/newlib/platform_include -I/home/max/microros_ws4/firmware/toolchain/esp-idf/components/protocomm/include -I/home/max/microros_ws4/firmware/toolchain/esp-idf/components/esp_rom/include -I/home/max/microros_ws4/firmware/toolchain/esp-idf/components/driver/include -I/home/max/microros_ws4/firmware/toolchain/esp-idf/components/wear_levelling/include -I/home/max/microros_ws4/firmware/toolchain/esp-idf/components/vfs/include -I/home/max/microros_ws4/firmware/toolchain/esp-idf/components/log/include -I/home/max/microros_ws4/firmware/toolchain/esp-idf/components/freertos/include -I/home/max/microros_ws4/firmware/toolchain/esp-idf/components/wifi_provisioning/include -I/home/max/microros_ws4/firmware/toolchain/esp-idf/components/pthread/include -I/home/max/microros_ws4/firmware/toolchain/esp-idf/components/libsodium/libsodium/src/libsodium/include -I/home/max/microros_ws4/firmware/toolchain/esp-idf/components/coap/port/include -I/home/max/microros_ws4/firmware/toolchain/esp-idf/components/coap/libcoap/include -I/home/max/microros_ws4/firmware/toolchain/esp-idf/components/tcp_transport/include -I/home/max/microros_ws4/firmware/toolchain/esp-idf/components/unity/include -I/home/max/microros_ws4/firmware/toolchain/esp-idf/components/esp32/include -I/home/max/microros_ws4/firmware/toolchain/esp-idf/components/asio/port/include -I/home/max/microros_ws4/firmware/toolchain/esp-idf/components/asio/asio/asio/include -I/home/max/microros_ws4/firmware/toolchain/esp-idf/components/app_update/include -I/home/max/microros_ws4/firmware/toolchain/esp-idf/components/esp_ringbuf/include -I/home/max/microros_ws4/firmware/toolchain/esp-idf/components/soc/esp32/include -I/home/max/microros_ws4/firmware/toolchain/esp-idf/components/soc/include -I/home/max/microros_ws4/firmware/toolchain/esp-idf/components/efuse/test/include -I/home/max/microros_ws4/firmware/toolchain/esp-idf/components/efuse/esp32/include -I/home/max/microros_ws4/firmware/toolchain/esp-idf/components/efuse/include -I/home/max/microros_ws4/firmware/toolchain/esp-idf/components/mbedtls/port/include -I/home/max/microros_ws4/firmware/toolchain/esp-idf/components/mbedtls/mbedtls/include -I/home/max/microros_ws4/firmware/toolchain/esp-idf/components/xtensa/esp32/include -I/home/max/microros_ws4/firmware/toolchain/esp-idf/components/xtensa/include -I/home/max/microros_ws4/firmware/toolchain/esp-idf/components/app_trace/include -I/home/max/microros_ws4/firmware/toolchain/esp-idf/components/nvs_flash/include -I/home/max/microros_ws4/firmware/toolchain/esp-idf/components/jsmn/include -I/home/max/microros_ws4/firmware/toolchain/esp-idf/components/esp_eth/include -I/home/max/microros_ws4/firmware/toolchain/esp-idf/components/spiffs/include -I/home/max/microros_ws4/firmware/toolchain/esp-idf/components/ulp/include -I/home/max/microros_ws4/firmware/toolchain/esp-idf/components/mdns/include -I/home/max/microros_ws4/firmware/toolchain/esp-idf/components/freemodbus/modbus/include -I/home/max/microros_ws4/firmware/toolchain/esp-idf/components/freemodbus/common/include -I/home/max/microros_ws4/firmware/toolchain/esp-idf/components/esp_event/include -I/home/max/microros_ws4/firmware/toolchain/esp-idf/components/expat/port/include -I/home/max/microros_ws4/firmware/toolchain/esp-idf/components/bootloader_support/include -I/home/max/microros_ws4/firmware/toolchain/esp-idf/components/heap/include -I/home/max/microros_ws4/firmware/toolchain/esp-idf/components/wpa_supplicant/port/include -I/home/max/microros_ws4/firmware/toolchain/esp-idf/components/wpa_supplicant/include -I/home/max/microros_ws4/firmware/toolchain/esp-idf/components/tcpip_adapter/include -I/home/max/microros_ws4/firmware/toolchain/esp-idf/components/openssl/include -I/home/max/microros_ws4/firmware/toolchain/esp-idf/components/sdmmc/include -I/home/max/microros_ws4/firmware/toolchain/esp-idf/components/esp_local_ctrl/include -I/home/max/microros_ws4/firmware/toolchain/esp-idf/components/esp_common/include -I/home/max/microros_ws4/firmware/toolchain/esp-idf/components/lwip/lwip/src/include/lwip/apps -I/home/max/microros_ws4/firmware/toolchain/esp-idf/components/lwip/lwip/src/include/compat/posix -I/home/max/microros_ws4/firmware/toolchain/esp-idf/components/lwip/lwip/src/include -I/home/max/microros_ws4/firmware/toolchain/esp-idf/components/lwip/port/esp32/include -I/home/max/microros_ws4/firmware/mcu_ws/build/servo_message/rosidl_generator_c -isystem /home/max/microros_ws4/firmware/mcu_ws/install/include -isystem /home/max/microros_ws4/firmware/mcu_ws/install/share/tinydir_vendor/cmake/../../../include  -mlongcalls -Wno-frame-address -mlongcalls -Wno-frame-address -g   -Wall -std=gnu11 -o CMakeFiles/servo_message__rosidl_generator_c.dir/rosidl_generator_c/servo_message/msg/detail/servo_message__functions.c.obj   -c /home/max/microros_ws4/firmware/mcu_ws/build/servo_message/rosidl_generator_c/servo_message/msg/detail/servo_message__functions.c
[ 22%] [32m[1mLinking C static library libservo_message__rosidl_generator_c.a[0m
/usr/bin/cmake -P CMakeFiles/servo_message__rosidl_generator_c.dir/cmake_clean_target.cmake
/usr/bin/cmake -E cmake_link_script CMakeFiles/servo_message__rosidl_generator_c.dir/link.txt --verbose=1
/home/max/microros_ws4/firmware/toolchain/espressif/tools/xtensa-esp32-elf/esp-2020r2-8.2.0/xtensa-esp32-elf/bin/xtensa-esp32-elf-ar qc libservo_message__rosidl_generator_c.a  CMakeFiles/servo_message__rosidl_generator_c.dir/rosidl_generator_c/servo_message/msg/detail/servo_message__functions.c.obj
/home/max/microros_ws4/firmware/toolchain/espressif/tools/xtensa-esp32-elf/esp-2020r2-8.2.0/xtensa-esp32-elf/bin/xtensa-esp32-elf-ranlib libservo_message__rosidl_generator_c.a
make[6]: Leaving directory '/home/max/microros_ws4/firmware/mcu_ws/build/servo_message'
[ 33%] Built target servo_message__rosidl_generator_c
/usr/bin/make -f CMakeFiles/servo_message__rosidl_typesupport_microxrcedds_c.dir/build.make CMakeFiles/servo_message__rosidl_typesupport_microxrcedds_c.dir/depend
make[6]: Entering directory '/home/max/microros_ws4/firmware/mcu_ws/build/servo_message'
cd /home/max/microros_ws4/firmware/mcu_ws/build/servo_message && /usr/bin/cmake -E cmake_depends "Unix Makefiles" /home/max/microros_ws4/firmware/mcu_ws/servo_message /home/max/microros_ws4/firmware/mcu_ws/servo_message /home/max/microros_ws4/firmware/mcu_ws/build/servo_message /home/max/microros_ws4/firmware/mcu_ws/build/servo_message /home/max/microros_ws4/firmware/mcu_ws/build/servo_message/CMakeFiles/servo_message__rosidl_typesupport_microxrcedds_c.dir/DependInfo.cmake --color=
make[6]: Leaving directory '/home/max/microros_ws4/firmware/mcu_ws/build/servo_message'
/usr/bin/make -f CMakeFiles/servo_message__rosidl_typesupport_microxrcedds_c.dir/build.make CMakeFiles/servo_message__rosidl_typesupport_microxrcedds_c.dir/build
make[6]: Entering directory '/home/max/microros_ws4/firmware/mcu_ws/build/servo_message'
make[6]: Nothing to be done for 'CMakeFiles/servo_message__rosidl_typesupport_microxrcedds_c.dir/build'.
make[6]: Leaving directory '/home/max/microros_ws4/firmware/mcu_ws/build/servo_message'
[ 66%] Built target servo_message__rosidl_typesupport_microxrcedds_c
/usr/bin/make -f CMakeFiles/servo_message__rosidl_typesupport_c.dir/build.make CMakeFiles/servo_message__rosidl_typesupport_c.dir/depend
make[6]: Entering directory '/home/max/microros_ws4/firmware/mcu_ws/build/servo_message'
cd /home/max/microros_ws4/firmware/mcu_ws/build/servo_message && /usr/bin/cmake -E cmake_depends "Unix Makefiles" /home/max/microros_ws4/firmware/mcu_ws/servo_message /home/max/microros_ws4/firmware/mcu_ws/servo_message /home/max/microros_ws4/firmware/mcu_ws/build/servo_message /home/max/microros_ws4/firmware/mcu_ws/build/servo_message /home/max/microros_ws4/firmware/mcu_ws/build/servo_message/CMakeFiles/servo_message__rosidl_typesupport_c.dir/DependInfo.cmake --color=
make[6]: Leaving directory '/home/max/microros_ws4/firmware/mcu_ws/build/servo_message'
/usr/bin/make -f CMakeFiles/servo_message__rosidl_typesupport_c.dir/build.make CMakeFiles/servo_message__rosidl_typesupport_c.dir/build
make[6]: Entering directory '/home/max/microros_ws4/firmware/mcu_ws/build/servo_message'
make[6]: Nothing to be done for 'CMakeFiles/servo_message__rosidl_typesupport_c.dir/build'.
make[6]: Leaving directory '/home/max/microros_ws4/firmware/mcu_ws/build/servo_message'
[100%] Built target servo_message__rosidl_typesupport_c
/usr/bin/make -f CMakeFiles/servo_message.dir/build.make CMakeFiles/servo_message.dir/depend
make[6]: Entering directory '/home/max/microros_ws4/firmware/mcu_ws/build/servo_message'
cd /home/max/microros_ws4/firmware/mcu_ws/build/servo_message && /usr/bin/cmake -E cmake_depends "Unix Makefiles" /home/max/microros_ws4/firmware/mcu_ws/servo_message /home/max/microros_ws4/firmware/mcu_ws/servo_message /home/max/microros_ws4/firmware/mcu_ws/build/servo_message /home/max/microros_ws4/firmware/mcu_ws/build/servo_message /home/max/microros_ws4/firmware/mcu_ws/build/servo_message/CMakeFiles/servo_message.dir/DependInfo.cmake --color=
make[6]: Leaving directory '/home/max/microros_ws4/firmware/mcu_ws/build/servo_message'
/usr/bin/make -f CMakeFiles/servo_message.dir/build.make CMakeFiles/servo_message.dir/build
make[6]: Entering directory '/home/max/microros_ws4/firmware/mcu_ws/build/servo_message'
make[6]: Nothing to be done for 'CMakeFiles/servo_message.dir/build'.
make[6]: Leaving directory '/home/max/microros_ws4/firmware/mcu_ws/build/servo_message'
[100%] Built target servo_message
make[5]: Leaving directory '/home/max/microros_ws4/firmware/mcu_ws/build/servo_message'
/usr/bin/cmake -E cmake_progress_start /home/max/microros_ws4/firmware/mcu_ws/build/servo_message/CMakeFiles 0
make[4]: Leaving directory '/home/max/microros_ws4/firmware/mcu_ws/build/servo_message'
-- Install configuration: "Debug"
-- Up-to-date: /home/max/microros_ws4/firmware/mcu_ws/install/share/ament_index/resource_index/rosidl_interfaces/servo_message
-- Up-to-date: /home/max/microros_ws4/firmware/mcu_ws/install/include/servo_message
-- Up-to-date: /home/max/microros_ws4/firmware/mcu_ws/install/include/servo_message/msg
-- Up-to-date: /home/max/microros_ws4/firmware/mcu_ws/install/include/servo_message/msg/servo_message.h
-- Up-to-date: /home/max/microros_ws4/firmware/mcu_ws/install/include/servo_message/msg/detail
-- Up-to-date: /home/max/microros_ws4/firmware/mcu_ws/install/include/servo_message/msg/detail/servo_message__functions.h
-- Up-to-date: /home/max/microros_ws4/firmware/mcu_ws/install/include/servo_message/msg/detail/servo_message__type_support.h
-- Up-to-date: /home/max/microros_ws4/firmware/mcu_ws/install/include/servo_message/msg/detail/servo_message__functions.c
-- Up-to-date: /home/max/microros_ws4/firmware/mcu_ws/install/include/servo_message/msg/detail/servo_message__struct.h
-- Up-to-date: /home/max/microros_ws4/firmware/mcu_ws/install/include/servo_message/msg/rosidl_generator_c__visibility_control.h
-- Up-to-date: /home/max/microros_ws4/firmware/mcu_ws/install/share/servo_message/environment/library_path.sh
-- Installing: /home/max/microros_ws4/firmware/mcu_ws/install/share/servo_message/environment/library_path.dsv
-- Installing: /home/max/microros_ws4/firmware/mcu_ws/install/lib/libservo_message__rosidl_generator_c.a
-- Up-to-date: /home/max/microros_ws4/firmware/mcu_ws/install/include/servo_message
-- Up-to-date: /home/max/microros_ws4/firmware/mcu_ws/install/include/servo_message/msg
-- Up-to-date: /home/max/microros_ws4/firmware/mcu_ws/install/include/servo_message/msg/detail
-- Up-to-date: /home/max/microros_ws4/firmware/mcu_ws/install/include/servo_message/msg/detail/servo_message__rosidl_typesupport_microxrcedds_c.h
-- Up-to-date: /home/max/microros_ws4/firmware/mcu_ws/install/include/servo_message/msg/detail/microxrcedds
-- Up-to-date: /home/max/microros_ws4/firmware/mcu_ws/install/include/servo_message/msg/rosidl_typesupport_microxrcedds_c__visibility_control.h
-- Up-to-date: /home/max/microros_ws4/firmware/mcu_ws/install/lib/libservo_message__rosidl_typesupport_microxrcedds_c.a
-- Up-to-date: /home/max/microros_ws4/firmware/mcu_ws/install/lib/libservo_message__rosidl_typesupport_c.a
-- Up-to-date: /home/max/microros_ws4/firmware/mcu_ws/install/lib/libservo_message__rosidl_typesupport_microxrcedds_c.a
-- Up-to-date: /home/max/microros_ws4/firmware/mcu_ws/install/share/servo_message/msg/ServoMessage.idl
-- Up-to-date: /home/max/microros_ws4/firmware/mcu_ws/install/share/servo_message/msg/ServoMessage.msg
-- Up-to-date: /home/max/microros_ws4/firmware/mcu_ws/install/share/ament_index/resource_index/package_run_dependencies/servo_message
-- Up-to-date: /home/max/microros_ws4/firmware/mcu_ws/install/share/ament_index/resource_index/parent_prefix_path/servo_message
-- Up-to-date: /home/max/microros_ws4/firmware/mcu_ws/install/share/servo_message/environment/ament_prefix_path.sh
-- Installing: /home/max/microros_ws4/firmware/mcu_ws/install/share/servo_message/environment/ament_prefix_path.dsv
-- Up-to-date: /home/max/microros_ws4/firmware/mcu_ws/install/share/servo_message/environment/path.sh
-- Installing: /home/max/microros_ws4/firmware/mcu_ws/install/share/servo_message/environment/path.dsv
-- Up-to-date: /home/max/microros_ws4/firmware/mcu_ws/install/share/servo_message/local_setup.bash
-- Up-to-date: /home/max/microros_ws4/firmware/mcu_ws/install/share/servo_message/local_setup.sh
-- Up-to-date: /home/max/microros_ws4/firmware/mcu_ws/install/share/servo_message/local_setup.zsh
-- Installing: /home/max/microros_ws4/firmware/mcu_ws/install/share/servo_message/local_setup.dsv
-- Installing: /home/max/microros_ws4/firmware/mcu_ws/install/share/servo_message/package.dsv
-- Up-to-date: /home/max/microros_ws4/firmware/mcu_ws/install/share/ament_index/resource_index/packages/servo_message
-- Up-to-date: /home/max/microros_ws4/firmware/mcu_ws/install/share/servo_message/cmake/servo_message__rosidl_generator_cExport.cmake
-- Installing: /home/max/microros_ws4/firmware/mcu_ws/install/share/servo_message/cmake/servo_message__rosidl_generator_cExport-debug.cmake
-- Up-to-date: /home/max/microros_ws4/firmware/mcu_ws/install/share/servo_message/cmake/servo_message__rosidl_typesupport_cExport.cmake
-- Installing: /home/max/microros_ws4/firmware/mcu_ws/install/share/servo_message/cmake/servo_message__rosidl_typesupport_cExport-debug.cmake
-- Up-to-date: /home/max/microros_ws4/firmware/mcu_ws/install/share/servo_message/cmake/rosidl_cmake-extras.cmake
-- Up-to-date: /home/max/microros_ws4/firmware/mcu_ws/install/share/servo_message/cmake/ament_cmake_export_dependencies-extras.cmake
-- Up-to-date: /home/max/microros_ws4/firmware/mcu_ws/install/share/servo_message/cmake/ament_cmake_export_libraries-extras.cmake
-- Up-to-date: /home/max/microros_ws4/firmware/mcu_ws/install/share/servo_message/cmake/ament_cmake_export_targets-extras.cmake
-- Up-to-date: /home/max/microros_ws4/firmware/mcu_ws/install/share/servo_message/cmake/ament_cmake_export_include_directories-extras.cmake
-- Up-to-date: /home/max/microros_ws4/firmware/mcu_ws/install/share/servo_message/cmake/rosidl_cmake_export_typesupport_libraries-extras.cmake
-- Up-to-date: /home/max/microros_ws4/firmware/mcu_ws/install/share/servo_message/cmake/servo_messageConfig.cmake
-- Up-to-date: /home/max/microros_ws4/firmware/mcu_ws/install/share/servo_message/cmake/servo_messageConfig-version.cmake
-- Up-to-date: /home/max/microros_ws4/firmware/mcu_ws/install/share/servo_message/package.xml
