make[4]: Entering directory '/home/max/microros_ws4/firmware/mcu_ws/build/rosidl_parser'
/usr/bin/cmake -S/home/max/microros_ws4/firmware/mcu_ws/ros2/rosidl/rosidl_parser -B/home/max/microros_ws4/firmware/mcu_ws/build/rosidl_parser --check-build-system CMakeFiles/Makefile.cmake 0
Re-run cmake file: Makefile older than: /home/max/microros_ws4/firmware/freertos_apps/microros_esp32_extensions/esp32_toolchain.cmake
-- Found ament_cmake: 0.9.11 (/home/max/microros_ws4/firmware/dev_ws/install/ament_cmake/share/ament_cmake/cmake)
-- Using PYTHON_EXECUTABLE: /home/max/microros_ws4/firmware/toolchain/espressif/python_env/idf4.1_py3.8_env/bin/python3
-- Configuring done
-- Generating done
-- Build files have been written to: /home/max/microros_ws4/firmware/mcu_ws/build/rosidl_parser
/usr/bin/cmake -E cmake_progress_start /home/max/microros_ws4/firmware/mcu_ws/build/rosidl_parser/CMakeFiles /home/max/microros_ws4/firmware/mcu_ws/build/rosidl_parser/CMakeFiles/progress.marks
/usr/bin/make -f CMakeFiles/Makefile2 all
make[5]: Entering directory '/home/max/microros_ws4/firmware/mcu_ws/build/rosidl_parser'
make[5]: Nothing to be done for 'all'.
make[5]: Leaving directory '/home/max/microros_ws4/firmware/mcu_ws/build/rosidl_parser'
/usr/bin/cmake -E cmake_progress_start /home/max/microros_ws4/firmware/mcu_ws/build/rosidl_parser/CMakeFiles 0
make[4]: Leaving directory '/home/max/microros_ws4/firmware/mcu_ws/build/rosidl_parser'
-- Install configuration: "Debug"
-- Up-to-date: /home/max/microros_ws4/firmware/mcu_ws/install/share/rosidl_parser/environment/pythonpath.sh
-- Installing: /home/max/microros_ws4/firmware/mcu_ws/install/share/rosidl_parser/environment/pythonpath.dsv
-- Up-to-date: /home/max/microros_ws4/firmware/mcu_ws/install/lib/python3.8/site-packages/rosidl_parser
-- Up-to-date: /home/max/microros_ws4/firmware/mcu_ws/install/lib/python3.8/site-packages/rosidl_parser/grammar.lark
-- Up-to-date: /home/max/microros_ws4/firmware/mcu_ws/install/lib/python3.8/site-packages/rosidl_parser/__init__.py
-- Up-to-date: /home/max/microros_ws4/firmware/mcu_ws/install/lib/python3.8/site-packages/rosidl_parser/parser.py
-- Up-to-date: /home/max/microros_ws4/firmware/mcu_ws/install/lib/python3.8/site-packages/rosidl_parser/definition.py
Listing '/home/max/microros_ws4/firmware/mcu_ws/install/lib/python3.8/site-packages/rosidl_parser'...
-- Up-to-date: /home/max/microros_ws4/firmware/mcu_ws/install/share/ament_index/resource_index/package_run_dependencies/rosidl_parser
-- Up-to-date: /home/max/microros_ws4/firmware/mcu_ws/install/share/ament_index/resource_index/parent_prefix_path/rosidl_parser
-- Up-to-date: /home/max/microros_ws4/firmware/mcu_ws/install/share/rosidl_parser/environment/ament_prefix_path.sh
-- Installing: /home/max/microros_ws4/firmware/mcu_ws/install/share/rosidl_parser/environment/ament_prefix_path.dsv
-- Up-to-date: /home/max/microros_ws4/firmware/mcu_ws/install/share/rosidl_parser/environment/path.sh
-- Installing: /home/max/microros_ws4/firmware/mcu_ws/install/share/rosidl_parser/environment/path.dsv
-- Up-to-date: /home/max/microros_ws4/firmware/mcu_ws/install/share/rosidl_parser/local_setup.bash
-- Up-to-date: /home/max/microros_ws4/firmware/mcu_ws/install/share/rosidl_parser/local_setup.sh
-- Up-to-date: /home/max/microros_ws4/firmware/mcu_ws/install/share/rosidl_parser/local_setup.zsh
-- Installing: /home/max/microros_ws4/firmware/mcu_ws/install/share/rosidl_parser/local_setup.dsv
-- Installing: /home/max/microros_ws4/firmware/mcu_ws/install/share/rosidl_parser/package.dsv
-- Up-to-date: /home/max/microros_ws4/firmware/mcu_ws/install/share/ament_index/resource_index/packages/rosidl_parser
-- Up-to-date: /home/max/microros_ws4/firmware/mcu_ws/install/share/rosidl_parser/cmake/rosidl_parserConfig.cmake
-- Up-to-date: /home/max/microros_ws4/firmware/mcu_ws/install/share/rosidl_parser/cmake/rosidl_parserConfig-version.cmake
-- Up-to-date: /home/max/microros_ws4/firmware/mcu_ws/install/share/rosidl_parser/package.xml
-- Up-to-date: /home/max/microros_ws4/firmware/mcu_ws/install/lib/rosidl_parser/idl2png
