[0.023s] Invoking command in '/home/max/microros_ws4/firmware/mcu_ws/build/libyaml_vendor': CMAKE_PREFIX_PATH=${CMAKE_PREFIX_PATH}:/home/max/microros_ws4/firmware/dev_ws/install/ament_uncrustify:/home/max/microros_ws4/firmware/dev_ws/install/domain_coordinator:/home/max/microros_ws4/firmware/dev_ws/install/ament_xmllint:/home/max/microros_ws4/firmware/dev_ws/install/ament_pyflakes:/home/max/microros_ws4/firmware/dev_ws/install/ament_pycodestyle:/home/max/microros_ws4/firmware/dev_ws/install/ament_pep257:/home/max/microros_ws4/firmware/dev_ws/install/ament_pclint:/home/max/microros_ws4/firmware/dev_ws/install/ament_package:/home/max/microros_ws4/firmware/dev_ws/install/ament_mypy:/home/max/microros_ws4/firmware/dev_ws/install/ament_lint_cmake:/home/max/microros_ws4/firmware/dev_ws/install/ament_flake8:/home/max/microros_ws4/firmware/dev_ws/install/ament_copyright:/home/max/microros_ws4/firmware/dev_ws/install/ament_lint:/home/max/microros_ws4/firmware/dev_ws/install/ament_index_python:/home/max/microros_ws4/firmware/dev_ws/install/ament_cpplint:/home/max/microros_ws4/firmware/dev_ws/install/ament_cppcheck:/home/max/microros_ws4/firmware/dev_ws/install/ament_clang_tidy:/home/max/microros_ws4/firmware/dev_ws/install/ament_clang_format /usr/bin/cmake --build /home/max/microros_ws4/firmware/mcu_ws/build/libyaml_vendor -- -j4 -l4
[0.049s] make[4]: Entering directory '/home/max/microros_ws4/firmware/mcu_ws/build/libyaml_vendor'
[0.049s] /usr/bin/cmake -S/home/max/microros_ws4/firmware/mcu_ws/ros2/libyaml_vendor -B/home/max/microros_ws4/firmware/mcu_ws/build/libyaml_vendor --check-build-system CMakeFiles/Makefile.cmake 0
[0.064s] Re-run cmake file: Makefile older than: /home/max/microros_ws4/firmware/freertos_apps/microros_esp32_extensions/esp32_toolchain.cmake
[0.072s] -- Found ament_cmake: 0.9.11 (/home/max/microros_ws4/firmware/dev_ws/install/ament_cmake/share/ament_cmake/cmake)
[0.092s] -- Using PYTHON_EXECUTABLE: /home/max/microros_ws4/firmware/toolchain/espressif/python_env/idf4.1_py3.8_env/bin/python3
[0.359s] -- Configuring done
[0.367s] -- Generating done
[0.368s] -- Build files have been written to: /home/max/microros_ws4/firmware/mcu_ws/build/libyaml_vendor
[0.371s] /usr/bin/cmake -E cmake_progress_start /home/max/microros_ws4/firmware/mcu_ws/build/libyaml_vendor/CMakeFiles /home/max/microros_ws4/firmware/mcu_ws/build/libyaml_vendor/CMakeFiles/progress.marks
[0.386s] /usr/bin/make -f CMakeFiles/Makefile2 all
[0.387s] make[5]: Entering directory '/home/max/microros_ws4/firmware/mcu_ws/build/libyaml_vendor'
[0.387s] /usr/bin/make -f CMakeFiles/libyaml-10c9078.dir/build.make CMakeFiles/libyaml-10c9078.dir/depend
[0.388s] make[6]: Entering directory '/home/max/microros_ws4/firmware/mcu_ws/build/libyaml_vendor'
[0.388s] cd /home/max/microros_ws4/firmware/mcu_ws/build/libyaml_vendor && /usr/bin/cmake -E cmake_depends "Unix Makefiles" /home/max/microros_ws4/firmware/mcu_ws/ros2/libyaml_vendor /home/max/microros_ws4/firmware/mcu_ws/ros2/libyaml_vendor /home/max/microros_ws4/firmware/mcu_ws/build/libyaml_vendor /home/max/microros_ws4/firmware/mcu_ws/build/libyaml_vendor /home/max/microros_ws4/firmware/mcu_ws/build/libyaml_vendor/CMakeFiles/libyaml-10c9078.dir/DependInfo.cmake --color=
[0.414s] make[6]: Leaving directory '/home/max/microros_ws4/firmware/mcu_ws/build/libyaml_vendor'
[0.414s] /usr/bin/make -f CMakeFiles/libyaml-10c9078.dir/build.make CMakeFiles/libyaml-10c9078.dir/build
[0.415s] make[6]: Entering directory '/home/max/microros_ws4/firmware/mcu_ws/build/libyaml_vendor'
[0.415s] make[6]: Nothing to be done for 'CMakeFiles/libyaml-10c9078.dir/build'.
[0.415s] make[6]: Leaving directory '/home/max/microros_ws4/firmware/mcu_ws/build/libyaml_vendor'
[0.424s] [100%] Built target libyaml-10c9078
[0.425s] make[5]: Leaving directory '/home/max/microros_ws4/firmware/mcu_ws/build/libyaml_vendor'
[0.425s] /usr/bin/cmake -E cmake_progress_start /home/max/microros_ws4/firmware/mcu_ws/build/libyaml_vendor/CMakeFiles 0
[0.444s] make[4]: Leaving directory '/home/max/microros_ws4/firmware/mcu_ws/build/libyaml_vendor'
[0.459s] Invoked command in '/home/max/microros_ws4/firmware/mcu_ws/build/libyaml_vendor' returned '0': CMAKE_PREFIX_PATH=${CMAKE_PREFIX_PATH}:/home/max/microros_ws4/firmware/dev_ws/install/ament_uncrustify:/home/max/microros_ws4/firmware/dev_ws/install/domain_coordinator:/home/max/microros_ws4/firmware/dev_ws/install/ament_xmllint:/home/max/microros_ws4/firmware/dev_ws/install/ament_pyflakes:/home/max/microros_ws4/firmware/dev_ws/install/ament_pycodestyle:/home/max/microros_ws4/firmware/dev_ws/install/ament_pep257:/home/max/microros_ws4/firmware/dev_ws/install/ament_pclint:/home/max/microros_ws4/firmware/dev_ws/install/ament_package:/home/max/microros_ws4/firmware/dev_ws/install/ament_mypy:/home/max/microros_ws4/firmware/dev_ws/install/ament_lint_cmake:/home/max/microros_ws4/firmware/dev_ws/install/ament_flake8:/home/max/microros_ws4/firmware/dev_ws/install/ament_copyright:/home/max/microros_ws4/firmware/dev_ws/install/ament_lint:/home/max/microros_ws4/firmware/dev_ws/install/ament_index_python:/home/max/microros_ws4/firmware/dev_ws/install/ament_cpplint:/home/max/microros_ws4/firmware/dev_ws/install/ament_cppcheck:/home/max/microros_ws4/firmware/dev_ws/install/ament_clang_tidy:/home/max/microros_ws4/firmware/dev_ws/install/ament_clang_format /usr/bin/cmake --build /home/max/microros_ws4/firmware/mcu_ws/build/libyaml_vendor -- -j4 -l4
[0.516s] Invoking command in '/home/max/microros_ws4/firmware/mcu_ws/build/libyaml_vendor': CMAKE_PREFIX_PATH=${CMAKE_PREFIX_PATH}:/home/max/microros_ws4/firmware/dev_ws/install/ament_uncrustify:/home/max/microros_ws4/firmware/dev_ws/install/domain_coordinator:/home/max/microros_ws4/firmware/dev_ws/install/ament_xmllint:/home/max/microros_ws4/firmware/dev_ws/install/ament_pyflakes:/home/max/microros_ws4/firmware/dev_ws/install/ament_pycodestyle:/home/max/microros_ws4/firmware/dev_ws/install/ament_pep257:/home/max/microros_ws4/firmware/dev_ws/install/ament_pclint:/home/max/microros_ws4/firmware/dev_ws/install/ament_package:/home/max/microros_ws4/firmware/dev_ws/install/ament_mypy:/home/max/microros_ws4/firmware/dev_ws/install/ament_lint_cmake:/home/max/microros_ws4/firmware/dev_ws/install/ament_flake8:/home/max/microros_ws4/firmware/dev_ws/install/ament_copyright:/home/max/microros_ws4/firmware/dev_ws/install/ament_lint:/home/max/microros_ws4/firmware/dev_ws/install/ament_index_python:/home/max/microros_ws4/firmware/dev_ws/install/ament_cpplint:/home/max/microros_ws4/firmware/dev_ws/install/ament_cppcheck:/home/max/microros_ws4/firmware/dev_ws/install/ament_clang_tidy:/home/max/microros_ws4/firmware/dev_ws/install/ament_clang_format /usr/bin/cmake --install /home/max/microros_ws4/firmware/mcu_ws/build/libyaml_vendor
[0.527s] -- Install configuration: "Debug"
[0.528s] -- Up-to-date: /home/max/microros_ws4/firmware/mcu_ws/install
[0.528s] -- Up-to-date: /home/max/microros_ws4/firmware/mcu_ws/install/cmake
[0.528s] -- Up-to-date: /home/max/microros_ws4/firmware/mcu_ws/install/cmake/yamlTargets-debug.cmake
[0.528s] -- Up-to-date: /home/max/microros_ws4/firmware/mcu_ws/install/cmake/yamlConfig.cmake
[0.528s] -- Up-to-date: /home/max/microros_ws4/firmware/mcu_ws/install/cmake/yamlConfigVersion.cmake
[0.528s] -- Up-to-date: /home/max/microros_ws4/firmware/mcu_ws/install/cmake/yamlTargets.cmake
[0.528s] -- Up-to-date: /home/max/microros_ws4/firmware/mcu_ws/install/include
[0.528s] -- Up-to-date: /home/max/microros_ws4/firmware/mcu_ws/install/include/yaml.h
[0.529s] -- Up-to-date: /home/max/microros_ws4/firmware/mcu_ws/install/lib
[0.529s] -- Up-to-date: /home/max/microros_ws4/firmware/mcu_ws/install/lib/libyaml.a
[0.529s] -- Up-to-date: /home/max/microros_ws4/firmware/mcu_ws/install/share/libyaml_vendor/environment/library_path.sh
[0.529s] -- Installing: /home/max/microros_ws4/firmware/mcu_ws/install/share/libyaml_vendor/environment/library_path.dsv
[0.530s] -- Up-to-date: /home/max/microros_ws4/firmware/mcu_ws/install/share/ament_index/resource_index/package_run_dependencies/libyaml_vendor
[0.530s] -- Up-to-date: /home/max/microros_ws4/firmware/mcu_ws/install/share/ament_index/resource_index/parent_prefix_path/libyaml_vendor
[0.530s] -- Up-to-date: /home/max/microros_ws4/firmware/mcu_ws/install/share/libyaml_vendor/environment/ament_prefix_path.sh
[0.530s] -- Installing: /home/max/microros_ws4/firmware/mcu_ws/install/share/libyaml_vendor/environment/ament_prefix_path.dsv
[0.531s] -- Up-to-date: /home/max/microros_ws4/firmware/mcu_ws/install/share/libyaml_vendor/environment/path.sh
[0.531s] -- Installing: /home/max/microros_ws4/firmware/mcu_ws/install/share/libyaml_vendor/environment/path.dsv
[0.531s] -- Up-to-date: /home/max/microros_ws4/firmware/mcu_ws/install/share/libyaml_vendor/local_setup.bash
[0.531s] -- Up-to-date: /home/max/microros_ws4/firmware/mcu_ws/install/share/libyaml_vendor/local_setup.sh
[0.531s] -- Up-to-date: /home/max/microros_ws4/firmware/mcu_ws/install/share/libyaml_vendor/local_setup.zsh
[0.532s] -- Installing: /home/max/microros_ws4/firmware/mcu_ws/install/share/libyaml_vendor/local_setup.dsv
[0.532s] -- Installing: /home/max/microros_ws4/firmware/mcu_ws/install/share/libyaml_vendor/package.dsv
[0.532s] -- Up-to-date: /home/max/microros_ws4/firmware/mcu_ws/install/share/ament_index/resource_index/packages/libyaml_vendor
[0.533s] -- Up-to-date: /home/max/microros_ws4/firmware/mcu_ws/install/share/libyaml_vendor/cmake/libyaml_vendor-extras.cmake
[0.533s] -- Up-to-date: /home/max/microros_ws4/firmware/mcu_ws/install/share/libyaml_vendor/cmake/ament_cmake_export_libraries-extras.cmake
[0.533s] -- Up-to-date: /home/max/microros_ws4/firmware/mcu_ws/install/share/libyaml_vendor/cmake/ament_cmake_export_dependencies-extras.cmake
[0.533s] -- Up-to-date: /home/max/microros_ws4/firmware/mcu_ws/install/share/libyaml_vendor/cmake/libyaml_vendorConfig.cmake
[0.533s] -- Up-to-date: /home/max/microros_ws4/firmware/mcu_ws/install/share/libyaml_vendor/cmake/libyaml_vendorConfig-version.cmake
[0.534s] -- Up-to-date: /home/max/microros_ws4/firmware/mcu_ws/install/share/libyaml_vendor/package.xml
[0.544s] Invoked command in '/home/max/microros_ws4/firmware/mcu_ws/build/libyaml_vendor' returned '0': CMAKE_PREFIX_PATH=${CMAKE_PREFIX_PATH}:/home/max/microros_ws4/firmware/dev_ws/install/ament_uncrustify:/home/max/microros_ws4/firmware/dev_ws/install/domain_coordinator:/home/max/microros_ws4/firmware/dev_ws/install/ament_xmllint:/home/max/microros_ws4/firmware/dev_ws/install/ament_pyflakes:/home/max/microros_ws4/firmware/dev_ws/install/ament_pycodestyle:/home/max/microros_ws4/firmware/dev_ws/install/ament_pep257:/home/max/microros_ws4/firmware/dev_ws/install/ament_pclint:/home/max/microros_ws4/firmware/dev_ws/install/ament_package:/home/max/microros_ws4/firmware/dev_ws/install/ament_mypy:/home/max/microros_ws4/firmware/dev_ws/install/ament_lint_cmake:/home/max/microros_ws4/firmware/dev_ws/install/ament_flake8:/home/max/microros_ws4/firmware/dev_ws/install/ament_copyright:/home/max/microros_ws4/firmware/dev_ws/install/ament_lint:/home/max/microros_ws4/firmware/dev_ws/install/ament_index_python:/home/max/microros_ws4/firmware/dev_ws/install/ament_cpplint:/home/max/microros_ws4/firmware/dev_ws/install/ament_cppcheck:/home/max/microros_ws4/firmware/dev_ws/install/ament_clang_tidy:/home/max/microros_ws4/firmware/dev_ws/install/ament_clang_format /usr/bin/cmake --install /home/max/microros_ws4/firmware/mcu_ws/build/libyaml_vendor
