[0.253s] DEBUG:colcon:Command line arguments: ['/usr/bin/colcon', 'build']
[0.253s] DEBUG:colcon:Parsed command line arguments: Namespace(allow_overriding=[], ament_cmake_args=None, base_paths=['.'], build_base='build', catkin_cmake_args=None, catkin_skip_building_tests=False, cmake_args=None, cmake_clean_cache=False, cmake_clean_first=False, cmake_force_configure=False, cmake_target=None, cmake_target_skip_unavailable=False, continue_on_error=False, event_handlers=None, executor='parallel', ignore_user_meta=False, install_base='install', log_base=None, log_level=None, main=<bound method BuildVerb.main of <colcon_core.verb.build.BuildVerb object at 0x7f3f70e9f970>>, merge_install=False, metas=['./colcon.meta'], packages_above=None, packages_above_and_dependencies=None, packages_above_depth=None, packages_end=None, packages_ignore=None, packages_ignore_regex=None, packages_select=None, packages_select_build_failed=False, packages_select_by_dep=None, packages_select_regex=None, packages_select_test_failures=False, packages_skip=None, packages_skip_build_finished=False, packages_skip_by_dep=None, packages_skip_regex=None, packages_skip_test_passed=False, packages_skip_up_to=None, packages_start=None, packages_up_to=None, packages_up_to_regex=None, parallel_workers=4, paths=None, symlink_install=False, test_result_base=None, verb_extension=<colcon_core.verb.build.BuildVerb object at 0x7f3f70e9f970>, verb_name='build', verb_parser=<colcon_defaults.argument_parser.defaults.DefaultArgumentsDecorator object at 0x7f3f70e9fee0>)
[0.274s] Level 1:colcon.colcon_core.package_discovery:discover_packages(colcon_meta) check parameters
[0.274s] Level 1:colcon.colcon_core.package_discovery:discover_packages(recursive) check parameters
[0.274s] Level 1:colcon.colcon_core.package_discovery:discover_packages(ignore) check parameters
[0.274s] Level 1:colcon.colcon_core.package_discovery:discover_packages(path) check parameters
[0.274s] Level 1:colcon.colcon_core.package_discovery:discover_packages(colcon_meta) discover
[0.274s] Level 1:colcon.colcon_core.package_discovery:discover_packages(recursive) discover
[0.274s] INFO:colcon.colcon_core.package_discovery:Crawling recursively for packages in '/home/max/microros_ws4'
[0.274s] Level 1:colcon.colcon_core.package_identification:_identify(.) by extensions ['ignore', 'ignore_ament_install']
[0.275s] Level 1:colcon.colcon_core.package_identification:_identify(.) by extension 'ignore'
[0.275s] Level 1:colcon.colcon_core.package_identification:_identify(.) by extension 'ignore_ament_install'
[0.275s] Level 1:colcon.colcon_core.package_identification:_identify(.) by extensions ['colcon_pkg']
[0.275s] Level 1:colcon.colcon_core.package_identification:_identify(.) by extension 'colcon_pkg'
[0.275s] Level 1:colcon.colcon_core.package_identification:_identify(.) by extensions ['colcon_meta']
[0.275s] Level 1:colcon.colcon_core.package_identification:_identify(.) by extension 'colcon_meta'
[0.275s] Level 1:colcon.colcon_core.package_identification:_identify(.) by extensions ['ros']
[0.275s] Level 1:colcon.colcon_core.package_identification:_identify(.) by extension 'ros'
[0.304s] Level 1:colcon.colcon_core.package_identification:_identify(.) by extensions ['cmake', 'python']
[0.304s] Level 1:colcon.colcon_core.package_identification:_identify(.) by extension 'cmake'
[0.304s] Level 1:colcon.colcon_core.package_identification:_identify(.) by extension 'python'
[0.304s] Level 1:colcon.colcon_core.package_identification:_identify(.) by extensions ['python_setup_py']
[0.304s] Level 1:colcon.colcon_core.package_identification:_identify(.) by extension 'python_setup_py'
[0.304s] Level 1:colcon.colcon_core.package_identification:_identify(build) by extensions ['ignore', 'ignore_ament_install']
[0.304s] Level 1:colcon.colcon_core.package_identification:_identify(build) by extension 'ignore'
[0.304s] Level 1:colcon.colcon_core.package_identification:_identify(build) ignored
[0.304s] Level 1:colcon.colcon_core.package_identification:_identify(firmware) by extensions ['ignore', 'ignore_ament_install']
[0.304s] Level 1:colcon.colcon_core.package_identification:_identify(firmware) by extension 'ignore'
[0.304s] Level 1:colcon.colcon_core.package_identification:_identify(firmware) ignored
[0.304s] Level 1:colcon.colcon_core.package_identification:_identify(install) by extensions ['ignore', 'ignore_ament_install']
[0.305s] Level 1:colcon.colcon_core.package_identification:_identify(install) by extension 'ignore'
[0.305s] Level 1:colcon.colcon_core.package_identification:_identify(install) ignored
[0.305s] Level 1:colcon.colcon_core.package_identification:_identify(log) by extensions ['ignore', 'ignore_ament_install']
[0.305s] Level 1:colcon.colcon_core.package_identification:_identify(log) by extension 'ignore'
[0.305s] Level 1:colcon.colcon_core.package_identification:_identify(log) ignored
[0.305s] Level 1:colcon.colcon_core.package_identification:_identify(src) by extensions ['ignore', 'ignore_ament_install']
[0.305s] Level 1:colcon.colcon_core.package_identification:_identify(src) by extension 'ignore'
[0.305s] Level 1:colcon.colcon_core.package_identification:_identify(src) by extension 'ignore_ament_install'
[0.305s] Level 1:colcon.colcon_core.package_identification:_identify(src) by extensions ['colcon_pkg']
[0.305s] Level 1:colcon.colcon_core.package_identification:_identify(src) by extension 'colcon_pkg'
[0.305s] Level 1:colcon.colcon_core.package_identification:_identify(src) by extensions ['colcon_meta']
[0.305s] Level 1:colcon.colcon_core.package_identification:_identify(src) by extension 'colcon_meta'
[0.305s] Level 1:colcon.colcon_core.package_identification:_identify(src) by extensions ['ros']
[0.305s] Level 1:colcon.colcon_core.package_identification:_identify(src) by extension 'ros'
[0.305s] Level 1:colcon.colcon_core.package_identification:_identify(src) by extensions ['cmake', 'python']
[0.305s] Level 1:colcon.colcon_core.package_identification:_identify(src) by extension 'cmake'
[0.305s] Level 1:colcon.colcon_core.package_identification:_identify(src) by extension 'python'
[0.305s] Level 1:colcon.colcon_core.package_identification:_identify(src) by extensions ['python_setup_py']
[0.305s] Level 1:colcon.colcon_core.package_identification:_identify(src) by extension 'python_setup_py'
[0.305s] Level 1:colcon.colcon_core.package_identification:_identify(src/micro_ros_setup) by extensions ['ignore', 'ignore_ament_install']
[0.305s] Level 1:colcon.colcon_core.package_identification:_identify(src/micro_ros_setup) by extension 'ignore'
[0.305s] Level 1:colcon.colcon_core.package_identification:_identify(src/micro_ros_setup) by extension 'ignore_ament_install'
[0.305s] Level 1:colcon.colcon_core.package_identification:_identify(src/micro_ros_setup) by extensions ['colcon_pkg']
[0.306s] Level 1:colcon.colcon_core.package_identification:_identify(src/micro_ros_setup) by extension 'colcon_pkg'
[0.306s] Level 1:colcon.colcon_core.package_identification:_identify(src/micro_ros_setup) by extensions ['colcon_meta']
[0.306s] Level 1:colcon.colcon_core.package_identification:_identify(src/micro_ros_setup) by extension 'colcon_meta'
[0.306s] Level 1:colcon.colcon_core.package_identification:_identify(src/micro_ros_setup) by extensions ['ros']
[0.306s] Level 1:colcon.colcon_core.package_identification:_identify(src/micro_ros_setup) by extension 'ros'
[0.308s] DEBUG:colcon.colcon_core.package_identification:Package 'src/micro_ros_setup' with type 'ros.ament_cmake' and name 'micro_ros_setup'
[0.308s] Level 1:colcon.colcon_core.package_identification:_identify(src/uros) by extensions ['ignore', 'ignore_ament_install']
[0.308s] Level 1:colcon.colcon_core.package_identification:_identify(src/uros) by extension 'ignore'
[0.308s] Level 1:colcon.colcon_core.package_identification:_identify(src/uros) by extension 'ignore_ament_install'
[0.308s] Level 1:colcon.colcon_core.package_identification:_identify(src/uros) by extensions ['colcon_pkg']
[0.308s] Level 1:colcon.colcon_core.package_identification:_identify(src/uros) by extension 'colcon_pkg'
[0.308s] Level 1:colcon.colcon_core.package_identification:_identify(src/uros) by extensions ['colcon_meta']
[0.308s] Level 1:colcon.colcon_core.package_identification:_identify(src/uros) by extension 'colcon_meta'
[0.308s] Level 1:colcon.colcon_core.package_identification:_identify(src/uros) by extensions ['ros']
[0.308s] Level 1:colcon.colcon_core.package_identification:_identify(src/uros) by extension 'ros'
[0.308s] Level 1:colcon.colcon_core.package_identification:_identify(src/uros) by extensions ['cmake', 'python']
[0.308s] Level 1:colcon.colcon_core.package_identification:_identify(src/uros) by extension 'cmake'
[0.308s] Level 1:colcon.colcon_core.package_identification:_identify(src/uros) by extension 'python'
[0.308s] Level 1:colcon.colcon_core.package_identification:_identify(src/uros) by extensions ['python_setup_py']
[0.308s] Level 1:colcon.colcon_core.package_identification:_identify(src/uros) by extension 'python_setup_py'
[0.309s] Level 1:colcon.colcon_core.package_identification:_identify(src/uros/drive_base) by extensions ['ignore', 'ignore_ament_install']
[0.309s] Level 1:colcon.colcon_core.package_identification:_identify(src/uros/drive_base) by extension 'ignore'
[0.309s] Level 1:colcon.colcon_core.package_identification:_identify(src/uros/drive_base) by extension 'ignore_ament_install'
[0.309s] Level 1:colcon.colcon_core.package_identification:_identify(src/uros/drive_base) by extensions ['colcon_pkg']
[0.309s] Level 1:colcon.colcon_core.package_identification:_identify(src/uros/drive_base) by extension 'colcon_pkg'
[0.309s] Level 1:colcon.colcon_core.package_identification:_identify(src/uros/drive_base) by extensions ['colcon_meta']
[0.309s] Level 1:colcon.colcon_core.package_identification:_identify(src/uros/drive_base) by extension 'colcon_meta'
[0.309s] Level 1:colcon.colcon_core.package_identification:_identify(src/uros/drive_base) by extensions ['ros']
[0.309s] Level 1:colcon.colcon_core.package_identification:_identify(src/uros/drive_base) by extension 'ros'
[0.309s] Level 1:colcon.colcon_core.package_identification:_identify(src/uros/drive_base) by extensions ['cmake', 'python']
[0.309s] Level 1:colcon.colcon_core.package_identification:_identify(src/uros/drive_base) by extension 'cmake'
[0.309s] Level 1:colcon.colcon_core.package_identification:_identify(src/uros/drive_base) by extension 'python'
[0.309s] Level 1:colcon.colcon_core.package_identification:_identify(src/uros/drive_base) by extensions ['python_setup_py']
[0.309s] Level 1:colcon.colcon_core.package_identification:_identify(src/uros/drive_base) by extension 'python_setup_py'
[0.309s] Level 1:colcon.colcon_core.package_identification:_identify(src/uros/drive_base/drive_base_msgs) by extensions ['ignore', 'ignore_ament_install']
[0.309s] Level 1:colcon.colcon_core.package_identification:_identify(src/uros/drive_base/drive_base_msgs) by extension 'ignore'
[0.309s] Level 1:colcon.colcon_core.package_identification:_identify(src/uros/drive_base/drive_base_msgs) by extension 'ignore_ament_install'
[0.309s] Level 1:colcon.colcon_core.package_identification:_identify(src/uros/drive_base/drive_base_msgs) by extensions ['colcon_pkg']
[0.309s] Level 1:colcon.colcon_core.package_identification:_identify(src/uros/drive_base/drive_base_msgs) by extension 'colcon_pkg'
[0.309s] Level 1:colcon.colcon_core.package_identification:_identify(src/uros/drive_base/drive_base_msgs) by extensions ['colcon_meta']
[0.309s] Level 1:colcon.colcon_core.package_identification:_identify(src/uros/drive_base/drive_base_msgs) by extension 'colcon_meta'
[0.309s] Level 1:colcon.colcon_core.package_identification:_identify(src/uros/drive_base/drive_base_msgs) by extensions ['ros']
[0.309s] Level 1:colcon.colcon_core.package_identification:_identify(src/uros/drive_base/drive_base_msgs) by extension 'ros'
[0.310s] DEBUG:colcon.colcon_core.package_identification:Package 'src/uros/drive_base/drive_base_msgs' with type 'ros.ament_cmake' and name 'drive_base_msgs'
[0.310s] Level 1:colcon.colcon_core.package_identification:_identify(src/uros/micro-ROS-Agent) by extensions ['ignore', 'ignore_ament_install']
[0.310s] Level 1:colcon.colcon_core.package_identification:_identify(src/uros/micro-ROS-Agent) by extension 'ignore'
[0.310s] Level 1:colcon.colcon_core.package_identification:_identify(src/uros/micro-ROS-Agent) by extension 'ignore_ament_install'
[0.310s] Level 1:colcon.colcon_core.package_identification:_identify(src/uros/micro-ROS-Agent) by extensions ['colcon_pkg']
[0.310s] Level 1:colcon.colcon_core.package_identification:_identify(src/uros/micro-ROS-Agent) by extension 'colcon_pkg'
[0.310s] Level 1:colcon.colcon_core.package_identification:_identify(src/uros/micro-ROS-Agent) by extensions ['colcon_meta']
[0.310s] Level 1:colcon.colcon_core.package_identification:_identify(src/uros/micro-ROS-Agent) by extension 'colcon_meta'
[0.310s] Level 1:colcon.colcon_core.package_identification:_identify(src/uros/micro-ROS-Agent) by extensions ['ros']
[0.310s] Level 1:colcon.colcon_core.package_identification:_identify(src/uros/micro-ROS-Agent) by extension 'ros'
[0.310s] Level 1:colcon.colcon_core.package_identification:_identify(src/uros/micro-ROS-Agent) by extensions ['cmake', 'python']
[0.310s] Level 1:colcon.colcon_core.package_identification:_identify(src/uros/micro-ROS-Agent) by extension 'cmake'
[0.311s] Level 1:colcon.colcon_core.package_identification:_identify(src/uros/micro-ROS-Agent) by extension 'python'
[0.311s] Level 1:colcon.colcon_core.package_identification:_identify(src/uros/micro-ROS-Agent) by extensions ['python_setup_py']
[0.311s] Level 1:colcon.colcon_core.package_identification:_identify(src/uros/micro-ROS-Agent) by extension 'python_setup_py'
[0.311s] Level 1:colcon.colcon_core.package_identification:_identify(src/uros/micro-ROS-Agent/micro_ros_agent) by extensions ['ignore', 'ignore_ament_install']
[0.311s] Level 1:colcon.colcon_core.package_identification:_identify(src/uros/micro-ROS-Agent/micro_ros_agent) by extension 'ignore'
[0.311s] Level 1:colcon.colcon_core.package_identification:_identify(src/uros/micro-ROS-Agent/micro_ros_agent) by extension 'ignore_ament_install'
[0.311s] Level 1:colcon.colcon_core.package_identification:_identify(src/uros/micro-ROS-Agent/micro_ros_agent) by extensions ['colcon_pkg']
[0.311s] Level 1:colcon.colcon_core.package_identification:_identify(src/uros/micro-ROS-Agent/micro_ros_agent) by extension 'colcon_pkg'
[0.311s] Level 1:colcon.colcon_core.package_identification:_identify(src/uros/micro-ROS-Agent/micro_ros_agent) by extensions ['colcon_meta']
[0.311s] Level 1:colcon.colcon_core.package_identification:_identify(src/uros/micro-ROS-Agent/micro_ros_agent) by extension 'colcon_meta'
[0.311s] Level 1:colcon.colcon_core.package_identification:_identify(src/uros/micro-ROS-Agent/micro_ros_agent) by extensions ['ros']
[0.311s] Level 1:colcon.colcon_core.package_identification:_identify(src/uros/micro-ROS-Agent/micro_ros_agent) by extension 'ros'
[0.312s] DEBUG:colcon.colcon_core.package_identification:Package 'src/uros/micro-ROS-Agent/micro_ros_agent' with type 'ros.ament_cmake' and name 'micro_ros_agent'
[0.312s] Level 1:colcon.colcon_core.package_identification:_identify(src/uros/micro-ROS-Agent/snap) by extensions ['ignore', 'ignore_ament_install']
[0.312s] Level 1:colcon.colcon_core.package_identification:_identify(src/uros/micro-ROS-Agent/snap) by extension 'ignore'
[0.312s] Level 1:colcon.colcon_core.package_identification:_identify(src/uros/micro-ROS-Agent/snap) by extension 'ignore_ament_install'
[0.312s] Level 1:colcon.colcon_core.package_identification:_identify(src/uros/micro-ROS-Agent/snap) by extensions ['colcon_pkg']
[0.312s] Level 1:colcon.colcon_core.package_identification:_identify(src/uros/micro-ROS-Agent/snap) by extension 'colcon_pkg'
[0.312s] Level 1:colcon.colcon_core.package_identification:_identify(src/uros/micro-ROS-Agent/snap) by extensions ['colcon_meta']
[0.312s] Level 1:colcon.colcon_core.package_identification:_identify(src/uros/micro-ROS-Agent/snap) by extension 'colcon_meta'
[0.312s] Level 1:colcon.colcon_core.package_identification:_identify(src/uros/micro-ROS-Agent/snap) by extensions ['ros']
[0.312s] Level 1:colcon.colcon_core.package_identification:_identify(src/uros/micro-ROS-Agent/snap) by extension 'ros'
[0.312s] Level 1:colcon.colcon_core.package_identification:_identify(src/uros/micro-ROS-Agent/snap) by extensions ['cmake', 'python']
[0.312s] Level 1:colcon.colcon_core.package_identification:_identify(src/uros/micro-ROS-Agent/snap) by extension 'cmake'
[0.312s] Level 1:colcon.colcon_core.package_identification:_identify(src/uros/micro-ROS-Agent/snap) by extension 'python'
[0.312s] Level 1:colcon.colcon_core.package_identification:_identify(src/uros/micro-ROS-Agent/snap) by extensions ['python_setup_py']
[0.312s] Level 1:colcon.colcon_core.package_identification:_identify(src/uros/micro-ROS-Agent/snap) by extension 'python_setup_py'
[0.312s] Level 1:colcon.colcon_core.package_identification:_identify(src/uros/micro-ROS-Agent/snap/hooks) by extensions ['ignore', 'ignore_ament_install']
[0.312s] Level 1:colcon.colcon_core.package_identification:_identify(src/uros/micro-ROS-Agent/snap/hooks) by extension 'ignore'
[0.313s] Level 1:colcon.colcon_core.package_identification:_identify(src/uros/micro-ROS-Agent/snap/hooks) by extension 'ignore_ament_install'
[0.313s] Level 1:colcon.colcon_core.package_identification:_identify(src/uros/micro-ROS-Agent/snap/hooks) by extensions ['colcon_pkg']
[0.313s] Level 1:colcon.colcon_core.package_identification:_identify(src/uros/micro-ROS-Agent/snap/hooks) by extension 'colcon_pkg'
[0.313s] Level 1:colcon.colcon_core.package_identification:_identify(src/uros/micro-ROS-Agent/snap/hooks) by extensions ['colcon_meta']
[0.313s] Level 1:colcon.colcon_core.package_identification:_identify(src/uros/micro-ROS-Agent/snap/hooks) by extension 'colcon_meta'
[0.313s] Level 1:colcon.colcon_core.package_identification:_identify(src/uros/micro-ROS-Agent/snap/hooks) by extensions ['ros']
[0.313s] Level 1:colcon.colcon_core.package_identification:_identify(src/uros/micro-ROS-Agent/snap/hooks) by extension 'ros'
[0.313s] Level 1:colcon.colcon_core.package_identification:_identify(src/uros/micro-ROS-Agent/snap/hooks) by extensions ['cmake', 'python']
[0.313s] Level 1:colcon.colcon_core.package_identification:_identify(src/uros/micro-ROS-Agent/snap/hooks) by extension 'cmake'
[0.313s] Level 1:colcon.colcon_core.package_identification:_identify(src/uros/micro-ROS-Agent/snap/hooks) by extension 'python'
[0.313s] Level 1:colcon.colcon_core.package_identification:_identify(src/uros/micro-ROS-Agent/snap/hooks) by extensions ['python_setup_py']
[0.313s] Level 1:colcon.colcon_core.package_identification:_identify(src/uros/micro-ROS-Agent/snap/hooks) by extension 'python_setup_py'
[0.313s] Level 1:colcon.colcon_core.package_identification:_identify(src/uros/micro-ROS-Agent/snap/local) by extensions ['ignore', 'ignore_ament_install']
[0.313s] Level 1:colcon.colcon_core.package_identification:_identify(src/uros/micro-ROS-Agent/snap/local) by extension 'ignore'
[0.313s] Level 1:colcon.colcon_core.package_identification:_identify(src/uros/micro-ROS-Agent/snap/local) by extension 'ignore_ament_install'
[0.313s] Level 1:colcon.colcon_core.package_identification:_identify(src/uros/micro-ROS-Agent/snap/local) by extensions ['colcon_pkg']
[0.313s] Level 1:colcon.colcon_core.package_identification:_identify(src/uros/micro-ROS-Agent/snap/local) by extension 'colcon_pkg'
[0.313s] Level 1:colcon.colcon_core.package_identification:_identify(src/uros/micro-ROS-Agent/snap/local) by extensions ['colcon_meta']
[0.313s] Level 1:colcon.colcon_core.package_identification:_identify(src/uros/micro-ROS-Agent/snap/local) by extension 'colcon_meta'
[0.313s] Level 1:colcon.colcon_core.package_identification:_identify(src/uros/micro-ROS-Agent/snap/local) by extensions ['ros']
[0.313s] Level 1:colcon.colcon_core.package_identification:_identify(src/uros/micro-ROS-Agent/snap/local) by extension 'ros'
[0.313s] Level 1:colcon.colcon_core.package_identification:_identify(src/uros/micro-ROS-Agent/snap/local) by extensions ['cmake', 'python']
[0.313s] Level 1:colcon.colcon_core.package_identification:_identify(src/uros/micro-ROS-Agent/snap/local) by extension 'cmake'
[0.313s] Level 1:colcon.colcon_core.package_identification:_identify(src/uros/micro-ROS-Agent/snap/local) by extension 'python'
[0.313s] Level 1:colcon.colcon_core.package_identification:_identify(src/uros/micro-ROS-Agent/snap/local) by extensions ['python_setup_py']
[0.313s] Level 1:colcon.colcon_core.package_identification:_identify(src/uros/micro-ROS-Agent/snap/local) by extension 'python_setup_py'
[0.314s] Level 1:colcon.colcon_core.package_identification:_identify(src/uros/micro_ros_msgs) by extensions ['ignore', 'ignore_ament_install']
[0.314s] Level 1:colcon.colcon_core.package_identification:_identify(src/uros/micro_ros_msgs) by extension 'ignore'
[0.314s] Level 1:colcon.colcon_core.package_identification:_identify(src/uros/micro_ros_msgs) by extension 'ignore_ament_install'
[0.314s] Level 1:colcon.colcon_core.package_identification:_identify(src/uros/micro_ros_msgs) by extensions ['colcon_pkg']
[0.314s] Level 1:colcon.colcon_core.package_identification:_identify(src/uros/micro_ros_msgs) by extension 'colcon_pkg'
[0.314s] Level 1:colcon.colcon_core.package_identification:_identify(src/uros/micro_ros_msgs) by extensions ['colcon_meta']
[0.314s] Level 1:colcon.colcon_core.package_identification:_identify(src/uros/micro_ros_msgs) by extension 'colcon_meta'
[0.314s] Level 1:colcon.colcon_core.package_identification:_identify(src/uros/micro_ros_msgs) by extensions ['ros']
[0.314s] Level 1:colcon.colcon_core.package_identification:_identify(src/uros/micro_ros_msgs) by extension 'ros'
[0.314s] DEBUG:colcon.colcon_core.package_identification:Package 'src/uros/micro_ros_msgs' with type 'ros.ament_cmake' and name 'micro_ros_msgs'
[0.314s] Level 1:colcon.colcon_core.package_discovery:discover_packages(recursive) using defaults
[0.314s] Level 1:colcon.colcon_core.package_discovery:discover_packages(ignore) discover
[0.314s] Level 1:colcon.colcon_core.package_discovery:discover_packages(ignore) using defaults
[0.314s] Level 1:colcon.colcon_core.package_discovery:discover_packages(path) discover
[0.314s] Level 1:colcon.colcon_core.package_discovery:discover_packages(path) using defaults
[0.331s] Level 1:colcon.colcon_core.package_discovery:discover_packages(prefix_path) check parameters
[0.331s] Level 1:colcon.colcon_core.package_discovery:discover_packages(prefix_path) discover
[0.333s] DEBUG:colcon.colcon_installed_package_information.package_discovery:Found 3 installed packages in /home/max/microros_ws4/install
[0.334s] DEBUG:colcon.colcon_installed_package_information.package_discovery:Found 4 installed packages in /home/max/microros_ws3/install
[0.335s] DEBUG:colcon.colcon_installed_package_information.package_discovery:Found 258 installed packages in /opt/ros/foxy
[0.337s] Level 1:colcon.colcon_core.package_discovery:discover_packages(prefix_path) using defaults
[0.390s] Level 5:colcon.colcon_core.verb:set package 'drive_base_msgs' build argument 'cmake_args' from command line to 'None'
[0.390s] Level 5:colcon.colcon_core.verb:set package 'drive_base_msgs' build argument 'cmake_target' from command line to 'None'
[0.390s] Level 5:colcon.colcon_core.verb:set package 'drive_base_msgs' build argument 'cmake_target_skip_unavailable' from command line to 'False'
[0.390s] Level 5:colcon.colcon_core.verb:set package 'drive_base_msgs' build argument 'cmake_clean_cache' from command line to 'False'
[0.390s] Level 5:colcon.colcon_core.verb:set package 'drive_base_msgs' build argument 'cmake_clean_first' from command line to 'False'
[0.390s] Level 5:colcon.colcon_core.verb:set package 'drive_base_msgs' build argument 'cmake_force_configure' from command line to 'False'
[0.390s] Level 5:colcon.colcon_core.verb:set package 'drive_base_msgs' build argument 'ament_cmake_args' from command line to 'None'
[0.390s] Level 5:colcon.colcon_core.verb:set package 'drive_base_msgs' build argument 'catkin_cmake_args' from command line to 'None'
[0.390s] Level 5:colcon.colcon_core.verb:set package 'drive_base_msgs' build argument 'catkin_skip_building_tests' from command line to 'False'
[0.390s] DEBUG:colcon.colcon_core.verb:Building package 'drive_base_msgs' with the following arguments: {'ament_cmake_args': None, 'build_base': '/home/max/microros_ws4/build/drive_base_msgs', 'catkin_cmake_args': None, 'catkin_skip_building_tests': False, 'cmake_args': None, 'cmake_clean_cache': False, 'cmake_clean_first': False, 'cmake_force_configure': False, 'cmake_target': None, 'cmake_target_skip_unavailable': False, 'install_base': '/home/max/microros_ws4/install/drive_base_msgs', 'merge_install': False, 'path': '/home/max/microros_ws4/src/uros/drive_base/drive_base_msgs', 'symlink_install': False, 'test_result_base': None}
[0.391s] Level 5:colcon.colcon_core.verb:set package 'micro_ros_msgs' build argument 'cmake_args' from command line to 'None'
[0.391s] Level 5:colcon.colcon_core.verb:set package 'micro_ros_msgs' build argument 'cmake_target' from command line to 'None'
[0.391s] Level 5:colcon.colcon_core.verb:set package 'micro_ros_msgs' build argument 'cmake_target_skip_unavailable' from command line to 'False'
[0.391s] Level 5:colcon.colcon_core.verb:set package 'micro_ros_msgs' build argument 'cmake_clean_cache' from command line to 'False'
[0.391s] Level 5:colcon.colcon_core.verb:set package 'micro_ros_msgs' build argument 'cmake_clean_first' from command line to 'False'
[0.391s] Level 5:colcon.colcon_core.verb:set package 'micro_ros_msgs' build argument 'cmake_force_configure' from command line to 'False'
[0.391s] Level 5:colcon.colcon_core.verb:set package 'micro_ros_msgs' build argument 'ament_cmake_args' from command line to 'None'
[0.391s] Level 5:colcon.colcon_core.verb:set package 'micro_ros_msgs' build argument 'catkin_cmake_args' from command line to 'None'
[0.391s] Level 5:colcon.colcon_core.verb:set package 'micro_ros_msgs' build argument 'catkin_skip_building_tests' from command line to 'False'
[0.391s] DEBUG:colcon.colcon_core.verb:Building package 'micro_ros_msgs' with the following arguments: {'ament_cmake_args': None, 'build_base': '/home/max/microros_ws4/build/micro_ros_msgs', 'catkin_cmake_args': None, 'catkin_skip_building_tests': False, 'cmake_args': None, 'cmake_clean_cache': False, 'cmake_clean_first': False, 'cmake_force_configure': False, 'cmake_target': None, 'cmake_target_skip_unavailable': False, 'install_base': '/home/max/microros_ws4/install/micro_ros_msgs', 'merge_install': False, 'path': '/home/max/microros_ws4/src/uros/micro_ros_msgs', 'symlink_install': False, 'test_result_base': None}
[0.392s] Level 5:colcon.colcon_core.verb:set package 'micro_ros_setup' build argument 'cmake_args' from command line to 'None'
[0.392s] Level 5:colcon.colcon_core.verb:set package 'micro_ros_setup' build argument 'cmake_target' from command line to 'None'
[0.392s] Level 5:colcon.colcon_core.verb:set package 'micro_ros_setup' build argument 'cmake_target_skip_unavailable' from command line to 'False'
[0.392s] Level 5:colcon.colcon_core.verb:set package 'micro_ros_setup' build argument 'cmake_clean_cache' from command line to 'False'
[0.392s] Level 5:colcon.colcon_core.verb:set package 'micro_ros_setup' build argument 'cmake_clean_first' from command line to 'False'
[0.392s] Level 5:colcon.colcon_core.verb:set package 'micro_ros_setup' build argument 'cmake_force_configure' from command line to 'False'
[0.392s] Level 5:colcon.colcon_core.verb:set package 'micro_ros_setup' build argument 'ament_cmake_args' from command line to 'None'
[0.392s] Level 5:colcon.colcon_core.verb:set package 'micro_ros_setup' build argument 'catkin_cmake_args' from command line to 'None'
[0.392s] Level 5:colcon.colcon_core.verb:set package 'micro_ros_setup' build argument 'catkin_skip_building_tests' from command line to 'False'
[0.392s] DEBUG:colcon.colcon_core.verb:Building package 'micro_ros_setup' with the following arguments: {'ament_cmake_args': None, 'build_base': '/home/max/microros_ws4/build/micro_ros_setup', 'catkin_cmake_args': None, 'catkin_skip_building_tests': False, 'cmake_args': None, 'cmake_clean_cache': False, 'cmake_clean_first': False, 'cmake_force_configure': False, 'cmake_target': None, 'cmake_target_skip_unavailable': False, 'install_base': '/home/max/microros_ws4/install/micro_ros_setup', 'merge_install': False, 'path': '/home/max/microros_ws4/src/micro_ros_setup', 'symlink_install': False, 'test_result_base': None}
[0.393s] Level 5:colcon.colcon_core.verb:set package 'micro_ros_agent' build argument 'cmake_args' from command line to 'None'
[0.393s] Level 5:colcon.colcon_core.verb:set package 'micro_ros_agent' build argument 'cmake_target' from command line to 'None'
[0.393s] Level 5:colcon.colcon_core.verb:set package 'micro_ros_agent' build argument 'cmake_target_skip_unavailable' from command line to 'False'
[0.393s] Level 5:colcon.colcon_core.verb:set package 'micro_ros_agent' build argument 'cmake_clean_cache' from command line to 'False'
[0.393s] Level 5:colcon.colcon_core.verb:set package 'micro_ros_agent' build argument 'cmake_clean_first' from command line to 'False'
[0.393s] Level 5:colcon.colcon_core.verb:set package 'micro_ros_agent' build argument 'cmake_force_configure' from command line to 'False'
[0.393s] Level 5:colcon.colcon_core.verb:set package 'micro_ros_agent' build argument 'ament_cmake_args' from command line to 'None'
[0.393s] Level 5:colcon.colcon_core.verb:set package 'micro_ros_agent' build argument 'catkin_cmake_args' from command line to 'None'
[0.393s] Level 5:colcon.colcon_core.verb:set package 'micro_ros_agent' build argument 'catkin_skip_building_tests' from command line to 'False'
[0.393s] DEBUG:colcon.colcon_core.verb:Building package 'micro_ros_agent' with the following arguments: {'ament_cmake_args': None, 'build_base': '/home/max/microros_ws4/build/micro_ros_agent', 'catkin_cmake_args': None, 'catkin_skip_building_tests': False, 'cmake_args': None, 'cmake_clean_cache': False, 'cmake_clean_first': False, 'cmake_force_configure': False, 'cmake_target': None, 'cmake_target_skip_unavailable': False, 'install_base': '/home/max/microros_ws4/install/micro_ros_agent', 'merge_install': False, 'path': '/home/max/microros_ws4/src/uros/micro-ROS-Agent/micro_ros_agent', 'symlink_install': False, 'test_result_base': None}
[0.393s] INFO:colcon.colcon_core.executor:Executing jobs using 'parallel' executor
[0.396s] DEBUG:colcon.colcon_parallel_executor.executor.parallel:run_until_complete
[0.396s] INFO:colcon.colcon_ros.task.ament_cmake.build:Building ROS package in '/home/max/microros_ws4/src/uros/micro_ros_msgs' with build type 'ament_cmake'
[0.397s] INFO:colcon.colcon_cmake.task.cmake.build:Building CMake package in '/home/max/microros_ws4/src/uros/micro_ros_msgs'
[0.400s] INFO:colcon.colcon_core.plugin_system:Skipping extension 'colcon_core.shell.bat': Not used on non-Windows systems
[0.401s] INFO:colcon.colcon_core.shell:Skip shell extension 'powershell' for command environment: Not usable outside of PowerShell
[0.401s] DEBUG:colcon.colcon_core.shell:Skip shell extension 'dsv' for command environment
[0.407s] INFO:colcon.colcon_ros.task.ament_cmake.build:Building ROS package in '/home/max/microros_ws4/src/uros/drive_base/drive_base_msgs' with build type 'ament_cmake'
[0.407s] INFO:colcon.colcon_cmake.task.cmake.build:Building CMake package in '/home/max/microros_ws4/src/uros/drive_base/drive_base_msgs'
[0.409s] INFO:colcon.colcon_core.shell:Skip shell extension 'powershell' for command environment: Not usable outside of PowerShell
[0.409s] DEBUG:colcon.colcon_core.shell:Skip shell extension 'dsv' for command environment
[0.416s] INFO:colcon.colcon_ros.task.ament_cmake.build:Building ROS package in '/home/max/microros_ws4/src/micro_ros_setup' with build type 'ament_cmake'
[0.417s] INFO:colcon.colcon_cmake.task.cmake.build:Building CMake package in '/home/max/microros_ws4/src/micro_ros_setup'
[0.418s] INFO:colcon.colcon_core.shell:Skip shell extension 'powershell' for command environment: Not usable outside of PowerShell
[0.418s] DEBUG:colcon.colcon_core.shell:Skip shell extension 'dsv' for command environment
[0.435s] DEBUG:colcon.colcon_core.event_handler.log_command:Invoking command in '/home/max/microros_ws4/build/micro_ros_msgs': CMAKE_PREFIX_PATH=${CMAKE_PREFIX_PATH}:/opt/ros/foxy /usr/bin/cmake /home/max/microros_ws4/src/uros/micro_ros_msgs -DCMAKE_INSTALL_PREFIX=/home/max/microros_ws4/install/micro_ros_msgs
[0.439s] DEBUG:colcon.colcon_core.event_handler.log_command:Invoking command in '/home/max/microros_ws4/build/drive_base_msgs': CMAKE_PREFIX_PATH=${CMAKE_PREFIX_PATH}:/opt/ros/foxy /usr/bin/cmake /home/max/microros_ws4/src/uros/drive_base/drive_base_msgs -DCMAKE_INSTALL_PREFIX=/home/max/microros_ws4/install/drive_base_msgs
[0.452s] DEBUG:colcon.colcon_core.event_handler.log_command:Invoking command in '/home/max/microros_ws4/build/micro_ros_setup': CMAKE_PREFIX_PATH=${CMAKE_PREFIX_PATH}:/opt/ros/foxy /usr/bin/cmake --build /home/max/microros_ws4/build/micro_ros_setup -- -j4 -l4
[0.512s] DEBUG:colcon.colcon_core.event_handler.log_command:Invoked command in '/home/max/microros_ws4/build/micro_ros_setup' returned '0': CMAKE_PREFIX_PATH=${CMAKE_PREFIX_PATH}:/opt/ros/foxy /usr/bin/cmake --build /home/max/microros_ws4/build/micro_ros_setup -- -j4 -l4
[0.551s] DEBUG:colcon.colcon_core.event_handler.log_command:Invoking command in '/home/max/microros_ws4/build/micro_ros_setup': CMAKE_PREFIX_PATH=${CMAKE_PREFIX_PATH}:/opt/ros/foxy /usr/bin/cmake --install /home/max/microros_ws4/build/micro_ros_setup
[0.570s] Level 1:colcon.colcon_core.environment:create_environment_scripts_only(micro_ros_setup)
[0.577s] Level 1:colcon.colcon_core.environment:checking '/home/max/microros_ws4/install/micro_ros_setup' for CMake module files
[0.579s] Level 1:colcon.colcon_core.environment:checking '/home/max/microros_ws4/install/micro_ros_setup' for CMake config files
[0.582s] Level 1:colcon.colcon_core.shell:create_environment_hook('micro_ros_setup', 'cmake_prefix_path')
[0.583s] INFO:colcon.colcon_core.shell:Creating environment hook '/home/max/microros_ws4/install/micro_ros_setup/share/micro_ros_setup/hook/cmake_prefix_path.ps1'
[0.584s] INFO:colcon.colcon_core.shell:Creating environment descriptor '/home/max/microros_ws4/install/micro_ros_setup/share/micro_ros_setup/hook/cmake_prefix_path.dsv'
[0.585s] INFO:colcon.colcon_core.shell:Creating environment hook '/home/max/microros_ws4/install/micro_ros_setup/share/micro_ros_setup/hook/cmake_prefix_path.sh'
[0.587s] Level 1:colcon.colcon_core.environment:checking '/home/max/microros_ws4/install/micro_ros_setup/lib'
[0.587s] Level 1:colcon.colcon_core.environment:checking '/home/max/microros_ws4/install/micro_ros_setup/bin'
[0.588s] Level 1:colcon.colcon_core.environment:checking '/home/max/microros_ws4/install/micro_ros_setup/lib/pkgconfig/micro_ros_setup.pc'
[0.588s] Level 1:colcon.colcon_core.environment:checking '/home/max/microros_ws4/install/micro_ros_setup/lib/python3.8/site-packages'
[0.588s] Level 1:colcon.colcon_core.environment:checking '/home/max/microros_ws4/install/micro_ros_setup/bin'
[0.591s] INFO:colcon.colcon_core.shell:Creating package script '/home/max/microros_ws4/install/micro_ros_setup/share/micro_ros_setup/package.ps1'
[0.593s] INFO:colcon.colcon_core.shell:Creating package descriptor '/home/max/microros_ws4/install/micro_ros_setup/share/micro_ros_setup/package.dsv'
[0.594s] INFO:colcon.colcon_core.shell:Creating package script '/home/max/microros_ws4/install/micro_ros_setup/share/micro_ros_setup/package.sh'
[0.595s] INFO:colcon.colcon_core.shell:Creating package script '/home/max/microros_ws4/install/micro_ros_setup/share/micro_ros_setup/package.bash'
[0.596s] INFO:colcon.colcon_core.shell:Creating package script '/home/max/microros_ws4/install/micro_ros_setup/share/micro_ros_setup/package.zsh'
[0.597s] Level 1:colcon.colcon_core.environment:create_file_with_runtime_dependencies(/home/max/microros_ws4/install/micro_ros_setup/share/colcon-core/packages/micro_ros_setup)
[0.602s] DEBUG:colcon.colcon_core.event_handler.log_command:Invoked command in '/home/max/microros_ws4/build/micro_ros_setup' returned '0': CMAKE_PREFIX_PATH=${CMAKE_PREFIX_PATH}:/opt/ros/foxy /usr/bin/cmake --install /home/max/microros_ws4/build/micro_ros_setup
[0.622s] Level 1:colcon.colcon_core.environment:create_environment_scripts_only(micro_ros_setup)
[0.624s] Level 1:colcon.colcon_core.environment:checking '/home/max/microros_ws4/install/micro_ros_setup' for CMake module files
[0.624s] Level 1:colcon.colcon_core.environment:checking '/home/max/microros_ws4/install/micro_ros_setup' for CMake config files
[0.624s] Level 1:colcon.colcon_core.shell:create_environment_hook('micro_ros_setup', 'cmake_prefix_path')
[0.626s] INFO:colcon.colcon_core.shell:Creating environment hook '/home/max/microros_ws4/install/micro_ros_setup/share/micro_ros_setup/hook/cmake_prefix_path.ps1'
[0.627s] INFO:colcon.colcon_core.shell:Creating environment descriptor '/home/max/microros_ws4/install/micro_ros_setup/share/micro_ros_setup/hook/cmake_prefix_path.dsv'
[0.627s] INFO:colcon.colcon_core.shell:Creating environment hook '/home/max/microros_ws4/install/micro_ros_setup/share/micro_ros_setup/hook/cmake_prefix_path.sh'
[0.627s] Level 1:colcon.colcon_core.environment:checking '/home/max/microros_ws4/install/micro_ros_setup/lib'
[0.628s] Level 1:colcon.colcon_core.environment:checking '/home/max/microros_ws4/install/micro_ros_setup/bin'
[0.628s] Level 1:colcon.colcon_core.environment:checking '/home/max/microros_ws4/install/micro_ros_setup/lib/pkgconfig/micro_ros_setup.pc'
[0.628s] Level 1:colcon.colcon_core.environment:checking '/home/max/microros_ws4/install/micro_ros_setup/lib/python3.8/site-packages'
[0.628s] Level 1:colcon.colcon_core.environment:checking '/home/max/microros_ws4/install/micro_ros_setup/bin'
[0.629s] INFO:colcon.colcon_core.shell:Creating package script '/home/max/microros_ws4/install/micro_ros_setup/share/micro_ros_setup/package.ps1'
[0.630s] INFO:colcon.colcon_core.shell:Creating package descriptor '/home/max/microros_ws4/install/micro_ros_setup/share/micro_ros_setup/package.dsv'
[0.630s] INFO:colcon.colcon_core.shell:Creating package script '/home/max/microros_ws4/install/micro_ros_setup/share/micro_ros_setup/package.sh'
[0.631s] INFO:colcon.colcon_core.shell:Creating package script '/home/max/microros_ws4/install/micro_ros_setup/share/micro_ros_setup/package.bash'
[0.631s] INFO:colcon.colcon_core.shell:Creating package script '/home/max/microros_ws4/install/micro_ros_setup/share/micro_ros_setup/package.zsh'
[0.632s] Level 1:colcon.colcon_core.environment:create_file_with_runtime_dependencies(/home/max/microros_ws4/install/micro_ros_setup/share/colcon-core/packages/micro_ros_setup)
[1.265s] DEBUG:colcon.colcon_core.event_handler.log_command:Invoked command in '/home/max/microros_ws4/build/micro_ros_msgs' returned '0': CMAKE_PREFIX_PATH=${CMAKE_PREFIX_PATH}:/opt/ros/foxy /usr/bin/cmake /home/max/microros_ws4/src/uros/micro_ros_msgs -DCMAKE_INSTALL_PREFIX=/home/max/microros_ws4/install/micro_ros_msgs
[1.269s] DEBUG:colcon.colcon_core.event_handler.log_command:Invoking command in '/home/max/microros_ws4/build/micro_ros_msgs': CMAKE_PREFIX_PATH=${CMAKE_PREFIX_PATH}:/opt/ros/foxy /usr/bin/cmake --build /home/max/microros_ws4/build/micro_ros_msgs -- -j4 -l4
[1.524s] DEBUG:colcon.colcon_core.event_handler.log_command:Invoked command in '/home/max/microros_ws4/build/micro_ros_msgs' returned '0': CMAKE_PREFIX_PATH=${CMAKE_PREFIX_PATH}:/opt/ros/foxy /usr/bin/cmake --build /home/max/microros_ws4/build/micro_ros_msgs -- -j4 -l4
[1.622s] DEBUG:colcon.colcon_core.event_handler.log_command:Invoking command in '/home/max/microros_ws4/build/micro_ros_msgs': CMAKE_PREFIX_PATH=${CMAKE_PREFIX_PATH}:/opt/ros/foxy /usr/bin/cmake --install /home/max/microros_ws4/build/micro_ros_msgs
[1.679s] Level 1:colcon.colcon_core.environment:create_environment_scripts_only(micro_ros_msgs)
[1.681s] Level 1:colcon.colcon_core.environment:checking '/home/max/microros_ws4/install/micro_ros_msgs' for CMake module files
[1.681s] DEBUG:colcon.colcon_core.event_handler.log_command:Invoked command in '/home/max/microros_ws4/build/micro_ros_msgs' returned '0': CMAKE_PREFIX_PATH=${CMAKE_PREFIX_PATH}:/opt/ros/foxy /usr/bin/cmake --install /home/max/microros_ws4/build/micro_ros_msgs
[1.682s] Level 1:colcon.colcon_core.environment:checking '/home/max/microros_ws4/install/micro_ros_msgs' for CMake config files
[1.682s] Level 1:colcon.colcon_core.shell:create_environment_hook('micro_ros_msgs', 'cmake_prefix_path')
[1.683s] INFO:colcon.colcon_core.shell:Creating environment hook '/home/max/microros_ws4/install/micro_ros_msgs/share/micro_ros_msgs/hook/cmake_prefix_path.ps1'
[1.684s] INFO:colcon.colcon_core.shell:Creating environment descriptor '/home/max/microros_ws4/install/micro_ros_msgs/share/micro_ros_msgs/hook/cmake_prefix_path.dsv'
[1.684s] INFO:colcon.colcon_core.shell:Creating environment hook '/home/max/microros_ws4/install/micro_ros_msgs/share/micro_ros_msgs/hook/cmake_prefix_path.sh'
[1.685s] Level 1:colcon.colcon_core.environment:checking '/home/max/microros_ws4/install/micro_ros_msgs/lib'
[1.685s] Level 1:colcon.colcon_core.shell:create_environment_hook('micro_ros_msgs', 'ld_library_path_lib')
[1.686s] INFO:colcon.colcon_core.shell:Creating environment hook '/home/max/microros_ws4/install/micro_ros_msgs/share/micro_ros_msgs/hook/ld_library_path_lib.ps1'
[1.686s] INFO:colcon.colcon_core.shell:Creating environment descriptor '/home/max/microros_ws4/install/micro_ros_msgs/share/micro_ros_msgs/hook/ld_library_path_lib.dsv'
[1.687s] INFO:colcon.colcon_core.shell:Creating environment hook '/home/max/microros_ws4/install/micro_ros_msgs/share/micro_ros_msgs/hook/ld_library_path_lib.sh'
[1.687s] Level 1:colcon.colcon_core.environment:checking '/home/max/microros_ws4/install/micro_ros_msgs/bin'
[1.687s] Level 1:colcon.colcon_core.environment:checking '/home/max/microros_ws4/install/micro_ros_msgs/lib/pkgconfig/micro_ros_msgs.pc'
[1.687s] Level 1:colcon.colcon_core.environment:checking '/home/max/microros_ws4/install/micro_ros_msgs/lib/python3.8/site-packages'
[1.687s] Level 1:colcon.colcon_core.shell:create_environment_hook('micro_ros_msgs', 'pythonpath')
[1.688s] INFO:colcon.colcon_core.shell:Creating environment hook '/home/max/microros_ws4/install/micro_ros_msgs/share/micro_ros_msgs/hook/pythonpath.ps1'
[1.689s] INFO:colcon.colcon_core.shell:Creating environment descriptor '/home/max/microros_ws4/install/micro_ros_msgs/share/micro_ros_msgs/hook/pythonpath.dsv'
[1.689s] INFO:colcon.colcon_core.shell:Creating environment hook '/home/max/microros_ws4/install/micro_ros_msgs/share/micro_ros_msgs/hook/pythonpath.sh'
[1.690s] Level 1:colcon.colcon_core.environment:checking '/home/max/microros_ws4/install/micro_ros_msgs/bin'
[1.691s] INFO:colcon.colcon_core.shell:Creating package script '/home/max/microros_ws4/install/micro_ros_msgs/share/micro_ros_msgs/package.ps1'
[1.691s] INFO:colcon.colcon_core.shell:Creating package descriptor '/home/max/microros_ws4/install/micro_ros_msgs/share/micro_ros_msgs/package.dsv'
[1.692s] INFO:colcon.colcon_core.shell:Creating package script '/home/max/microros_ws4/install/micro_ros_msgs/share/micro_ros_msgs/package.sh'
[1.692s] INFO:colcon.colcon_core.shell:Creating package script '/home/max/microros_ws4/install/micro_ros_msgs/share/micro_ros_msgs/package.bash'
[1.693s] INFO:colcon.colcon_core.shell:Creating package script '/home/max/microros_ws4/install/micro_ros_msgs/share/micro_ros_msgs/package.zsh'
[1.693s] Level 1:colcon.colcon_core.environment:create_file_with_runtime_dependencies(/home/max/microros_ws4/install/micro_ros_msgs/share/colcon-core/packages/micro_ros_msgs)
[1.770s] Level 1:colcon.colcon_core.environment:create_environment_scripts_only(micro_ros_msgs)
[1.771s] Level 1:colcon.colcon_core.environment:checking '/home/max/microros_ws4/install/micro_ros_msgs' for CMake module files
[1.772s] Level 1:colcon.colcon_core.environment:checking '/home/max/microros_ws4/install/micro_ros_msgs' for CMake config files
[1.772s] Level 1:colcon.colcon_core.shell:create_environment_hook('micro_ros_msgs', 'cmake_prefix_path')
[1.773s] INFO:colcon.colcon_core.shell:Creating environment hook '/home/max/microros_ws4/install/micro_ros_msgs/share/micro_ros_msgs/hook/cmake_prefix_path.ps1'
[1.774s] INFO:colcon.colcon_core.shell:Creating environment descriptor '/home/max/microros_ws4/install/micro_ros_msgs/share/micro_ros_msgs/hook/cmake_prefix_path.dsv'
[1.774s] INFO:colcon.colcon_core.shell:Creating environment hook '/home/max/microros_ws4/install/micro_ros_msgs/share/micro_ros_msgs/hook/cmake_prefix_path.sh'
[1.774s] Level 1:colcon.colcon_core.environment:checking '/home/max/microros_ws4/install/micro_ros_msgs/lib'
[1.774s] Level 1:colcon.colcon_core.shell:create_environment_hook('micro_ros_msgs', 'ld_library_path_lib')
[1.776s] INFO:colcon.colcon_core.shell:Creating environment hook '/home/max/microros_ws4/install/micro_ros_msgs/share/micro_ros_msgs/hook/ld_library_path_lib.ps1'
[1.776s] INFO:colcon.colcon_core.shell:Creating environment descriptor '/home/max/microros_ws4/install/micro_ros_msgs/share/micro_ros_msgs/hook/ld_library_path_lib.dsv'
[1.776s] INFO:colcon.colcon_core.shell:Creating environment hook '/home/max/microros_ws4/install/micro_ros_msgs/share/micro_ros_msgs/hook/ld_library_path_lib.sh'
[1.776s] Level 1:colcon.colcon_core.environment:checking '/home/max/microros_ws4/install/micro_ros_msgs/bin'
[1.776s] Level 1:colcon.colcon_core.environment:checking '/home/max/microros_ws4/install/micro_ros_msgs/lib/pkgconfig/micro_ros_msgs.pc'
[1.777s] Level 1:colcon.colcon_core.environment:checking '/home/max/microros_ws4/install/micro_ros_msgs/lib/python3.8/site-packages'
[1.777s] Level 1:colcon.colcon_core.shell:create_environment_hook('micro_ros_msgs', 'pythonpath')
[1.778s] INFO:colcon.colcon_core.shell:Creating environment hook '/home/max/microros_ws4/install/micro_ros_msgs/share/micro_ros_msgs/hook/pythonpath.ps1'
[1.778s] INFO:colcon.colcon_core.shell:Creating environment descriptor '/home/max/microros_ws4/install/micro_ros_msgs/share/micro_ros_msgs/hook/pythonpath.dsv'
[1.779s] INFO:colcon.colcon_core.shell:Creating environment hook '/home/max/microros_ws4/install/micro_ros_msgs/share/micro_ros_msgs/hook/pythonpath.sh'
[1.779s] Level 1:colcon.colcon_core.environment:checking '/home/max/microros_ws4/install/micro_ros_msgs/bin'
[1.780s] INFO:colcon.colcon_core.shell:Creating package script '/home/max/microros_ws4/install/micro_ros_msgs/share/micro_ros_msgs/package.ps1'
[1.782s] INFO:colcon.colcon_core.shell:Creating package descriptor '/home/max/microros_ws4/install/micro_ros_msgs/share/micro_ros_msgs/package.dsv'
[1.782s] INFO:colcon.colcon_core.shell:Creating package script '/home/max/microros_ws4/install/micro_ros_msgs/share/micro_ros_msgs/package.sh'
[1.783s] INFO:colcon.colcon_core.shell:Creating package script '/home/max/microros_ws4/install/micro_ros_msgs/share/micro_ros_msgs/package.bash'
[1.783s] INFO:colcon.colcon_core.shell:Creating package script '/home/max/microros_ws4/install/micro_ros_msgs/share/micro_ros_msgs/package.zsh'
[1.783s] Level 1:colcon.colcon_core.environment:create_file_with_runtime_dependencies(/home/max/microros_ws4/install/micro_ros_msgs/share/colcon-core/packages/micro_ros_msgs)
[1.784s] INFO:colcon.colcon_ros.task.ament_cmake.build:Building ROS package in '/home/max/microros_ws4/src/uros/micro-ROS-Agent/micro_ros_agent' with build type 'ament_cmake'
[1.784s] INFO:colcon.colcon_cmake.task.cmake.build:Building CMake package in '/home/max/microros_ws4/src/uros/micro-ROS-Agent/micro_ros_agent'
[1.785s] INFO:colcon.colcon_core.shell:Skip shell extension 'powershell' for command environment: Not usable outside of PowerShell
[1.785s] DEBUG:colcon.colcon_core.shell:Skip shell extension 'dsv' for command environment
[1.809s] DEBUG:colcon.colcon_core.event_handler.log_command:Invoking command in '/home/max/microros_ws4/build/micro_ros_agent': CMAKE_PREFIX_PATH=/home/max/microros_ws4/install/micro_ros_msgs:/home/max/microros_ws4/install/micro_ros_agent:/home/max/microros_ws4/install/micro_ros_setup:/home/max/microros_ws3/install/micro_ros_setup:/home/max/microros_ws3/install/micro_ros_agent:/home/max/microros_ws3/install/micro_ros_msgs:/home/max/microros_ws3/install/drive_base_msgs:/opt/ros/foxy LD_LIBRARY_PATH=/home/max/microros_ws4/install/micro_ros_msgs/lib:/home/max/microros_ws4/install/micro_ros_agent/lib:/home/max/microros_ws3/install/micro_ros_agent/lib:/home/max/microros_ws3/install/micro_ros_msgs/lib:/home/max/microros_ws3/install/drive_base_msgs/lib:/opt/ros/foxy/opt/yaml_cpp_vendor/lib:/opt/ros/foxy/opt/rviz_ogre_vendor/lib:/opt/ros/foxy/lib/x86_64-linux-gnu:/opt/ros/foxy/lib /usr/bin/cmake /home/max/microros_ws4/src/uros/micro-ROS-Agent/micro_ros_agent -DCMAKE_INSTALL_PREFIX=/home/max/microros_ws4/install/micro_ros_agent
[2.258s] DEBUG:colcon.colcon_core.event_handler.log_command:Invoked command in '/home/max/microros_ws4/build/drive_base_msgs' returned '0': CMAKE_PREFIX_PATH=${CMAKE_PREFIX_PATH}:/opt/ros/foxy /usr/bin/cmake /home/max/microros_ws4/src/uros/drive_base/drive_base_msgs -DCMAKE_INSTALL_PREFIX=/home/max/microros_ws4/install/drive_base_msgs
[2.262s] DEBUG:colcon.colcon_core.event_handler.log_command:Invoking command in '/home/max/microros_ws4/build/drive_base_msgs': CMAKE_PREFIX_PATH=${CMAKE_PREFIX_PATH}:/opt/ros/foxy /usr/bin/cmake --build /home/max/microros_ws4/build/drive_base_msgs -- -j4 -l4
[2.359s] DEBUG:colcon.colcon_core.event_handler.log_command:Invoked command in '/home/max/microros_ws4/build/micro_ros_agent' returned '0': CMAKE_PREFIX_PATH=/home/max/microros_ws4/install/micro_ros_msgs:/home/max/microros_ws4/install/micro_ros_agent:/home/max/microros_ws4/install/micro_ros_setup:/home/max/microros_ws3/install/micro_ros_setup:/home/max/microros_ws3/install/micro_ros_agent:/home/max/microros_ws3/install/micro_ros_msgs:/home/max/microros_ws3/install/drive_base_msgs:/opt/ros/foxy LD_LIBRARY_PATH=/home/max/microros_ws4/install/micro_ros_msgs/lib:/home/max/microros_ws4/install/micro_ros_agent/lib:/home/max/microros_ws3/install/micro_ros_agent/lib:/home/max/microros_ws3/install/micro_ros_msgs/lib:/home/max/microros_ws3/install/drive_base_msgs/lib:/opt/ros/foxy/opt/yaml_cpp_vendor/lib:/opt/ros/foxy/opt/rviz_ogre_vendor/lib:/opt/ros/foxy/lib/x86_64-linux-gnu:/opt/ros/foxy/lib /usr/bin/cmake /home/max/microros_ws4/src/uros/micro-ROS-Agent/micro_ros_agent -DCMAKE_INSTALL_PREFIX=/home/max/microros_ws4/install/micro_ros_agent
[2.362s] DEBUG:colcon.colcon_core.event_handler.log_command:Invoking command in '/home/max/microros_ws4/build/micro_ros_agent': CMAKE_PREFIX_PATH=/home/max/microros_ws4/install/micro_ros_msgs:/home/max/microros_ws4/install/micro_ros_agent:/home/max/microros_ws4/install/micro_ros_setup:/home/max/microros_ws3/install/micro_ros_setup:/home/max/microros_ws3/install/micro_ros_agent:/home/max/microros_ws3/install/micro_ros_msgs:/home/max/microros_ws3/install/drive_base_msgs:/opt/ros/foxy LD_LIBRARY_PATH=/home/max/microros_ws4/install/micro_ros_msgs/lib:/home/max/microros_ws4/install/micro_ros_agent/lib:/home/max/microros_ws3/install/micro_ros_agent/lib:/home/max/microros_ws3/install/micro_ros_msgs/lib:/home/max/microros_ws3/install/drive_base_msgs/lib:/opt/ros/foxy/opt/yaml_cpp_vendor/lib:/opt/ros/foxy/opt/rviz_ogre_vendor/lib:/opt/ros/foxy/lib/x86_64-linux-gnu:/opt/ros/foxy/lib /usr/bin/cmake --build /home/max/microros_ws4/build/micro_ros_agent -- -j4 -l4
[2.457s] DEBUG:colcon.colcon_core.event_handler.log_command:Invoked command in '/home/max/microros_ws4/build/micro_ros_agent' returned '0': CMAKE_PREFIX_PATH=/home/max/microros_ws4/install/micro_ros_msgs:/home/max/microros_ws4/install/micro_ros_agent:/home/max/microros_ws4/install/micro_ros_setup:/home/max/microros_ws3/install/micro_ros_setup:/home/max/microros_ws3/install/micro_ros_agent:/home/max/microros_ws3/install/micro_ros_msgs:/home/max/microros_ws3/install/drive_base_msgs:/opt/ros/foxy LD_LIBRARY_PATH=/home/max/microros_ws4/install/micro_ros_msgs/lib:/home/max/microros_ws4/install/micro_ros_agent/lib:/home/max/microros_ws3/install/micro_ros_agent/lib:/home/max/microros_ws3/install/micro_ros_msgs/lib:/home/max/microros_ws3/install/drive_base_msgs/lib:/opt/ros/foxy/opt/yaml_cpp_vendor/lib:/opt/ros/foxy/opt/rviz_ogre_vendor/lib:/opt/ros/foxy/lib/x86_64-linux-gnu:/opt/ros/foxy/lib /usr/bin/cmake --build /home/max/microros_ws4/build/micro_ros_agent -- -j4 -l4
[2.488s] DEBUG:colcon.colcon_core.event_handler.log_command:Invoking command in '/home/max/microros_ws4/build/micro_ros_agent': CMAKE_PREFIX_PATH=/home/max/microros_ws4/install/micro_ros_msgs:/home/max/microros_ws4/install/micro_ros_agent:/home/max/microros_ws4/install/micro_ros_setup:/home/max/microros_ws3/install/micro_ros_setup:/home/max/microros_ws3/install/micro_ros_agent:/home/max/microros_ws3/install/micro_ros_msgs:/home/max/microros_ws3/install/drive_base_msgs:/opt/ros/foxy LD_LIBRARY_PATH=/home/max/microros_ws4/install/micro_ros_msgs/lib:/home/max/microros_ws4/install/micro_ros_agent/lib:/home/max/microros_ws3/install/micro_ros_agent/lib:/home/max/microros_ws3/install/micro_ros_msgs/lib:/home/max/microros_ws3/install/drive_base_msgs/lib:/opt/ros/foxy/opt/yaml_cpp_vendor/lib:/opt/ros/foxy/opt/rviz_ogre_vendor/lib:/opt/ros/foxy/lib/x86_64-linux-gnu:/opt/ros/foxy/lib /usr/bin/cmake --install /home/max/microros_ws4/build/micro_ros_agent
[2.500s] Level 1:colcon.colcon_core.environment:create_environment_scripts_only(micro_ros_agent)
[2.503s] Level 1:colcon.colcon_core.environment:checking '/home/max/microros_ws4/install/micro_ros_agent' for CMake module files
[2.503s] Level 1:colcon.colcon_core.environment:checking '/home/max/microros_ws4/install/micro_ros_agent' for CMake config files
[2.504s] Level 1:colcon.colcon_core.shell:create_environment_hook('micro_ros_agent', 'cmake_prefix_path')
[2.505s] INFO:colcon.colcon_core.shell:Creating environment hook '/home/max/microros_ws4/install/micro_ros_agent/share/micro_ros_agent/hook/cmake_prefix_path.ps1'
[2.506s] INFO:colcon.colcon_core.shell:Creating environment descriptor '/home/max/microros_ws4/install/micro_ros_agent/share/micro_ros_agent/hook/cmake_prefix_path.dsv'
[2.506s] INFO:colcon.colcon_core.shell:Creating environment hook '/home/max/microros_ws4/install/micro_ros_agent/share/micro_ros_agent/hook/cmake_prefix_path.sh'
[2.506s] Level 1:colcon.colcon_core.environment:checking '/home/max/microros_ws4/install/micro_ros_agent/lib'
[2.506s] Level 1:colcon.colcon_core.shell:create_environment_hook('micro_ros_agent', 'ld_library_path_lib')
[2.508s] INFO:colcon.colcon_core.shell:Creating environment hook '/home/max/microros_ws4/install/micro_ros_agent/share/micro_ros_agent/hook/ld_library_path_lib.ps1'
[2.508s] INFO:colcon.colcon_core.shell:Creating environment descriptor '/home/max/microros_ws4/install/micro_ros_agent/share/micro_ros_agent/hook/ld_library_path_lib.dsv'
[2.508s] INFO:colcon.colcon_core.shell:Creating environment hook '/home/max/microros_ws4/install/micro_ros_agent/share/micro_ros_agent/hook/ld_library_path_lib.sh'
[2.510s] DEBUG:colcon.colcon_core.event_handler.log_command:Invoked command in '/home/max/microros_ws4/build/micro_ros_agent' returned '0': CMAKE_PREFIX_PATH=/home/max/microros_ws4/install/micro_ros_msgs:/home/max/microros_ws4/install/micro_ros_agent:/home/max/microros_ws4/install/micro_ros_setup:/home/max/microros_ws3/install/micro_ros_setup:/home/max/microros_ws3/install/micro_ros_agent:/home/max/microros_ws3/install/micro_ros_msgs:/home/max/microros_ws3/install/drive_base_msgs:/opt/ros/foxy LD_LIBRARY_PATH=/home/max/microros_ws4/install/micro_ros_msgs/lib:/home/max/microros_ws4/install/micro_ros_agent/lib:/home/max/microros_ws3/install/micro_ros_agent/lib:/home/max/microros_ws3/install/micro_ros_msgs/lib:/home/max/microros_ws3/install/drive_base_msgs/lib:/opt/ros/foxy/opt/yaml_cpp_vendor/lib:/opt/ros/foxy/opt/rviz_ogre_vendor/lib:/opt/ros/foxy/lib/x86_64-linux-gnu:/opt/ros/foxy/lib /usr/bin/cmake --install /home/max/microros_ws4/build/micro_ros_agent
[2.510s] Level 1:colcon.colcon_core.environment:checking '/home/max/microros_ws4/install/micro_ros_agent/bin'
[2.510s] Level 1:colcon.colcon_core.environment:checking '/home/max/microros_ws4/install/micro_ros_agent/lib/pkgconfig/micro_ros_agent.pc'
[2.511s] Level 1:colcon.colcon_core.environment:checking '/home/max/microros_ws4/install/micro_ros_agent/lib/python3.8/site-packages'
[2.511s] Level 1:colcon.colcon_core.environment:checking '/home/max/microros_ws4/install/micro_ros_agent/bin'
[2.512s] INFO:colcon.colcon_core.shell:Creating package script '/home/max/microros_ws4/install/micro_ros_agent/share/micro_ros_agent/package.ps1'
[2.513s] INFO:colcon.colcon_core.shell:Creating package descriptor '/home/max/microros_ws4/install/micro_ros_agent/share/micro_ros_agent/package.dsv'
[2.513s] INFO:colcon.colcon_core.shell:Creating package script '/home/max/microros_ws4/install/micro_ros_agent/share/micro_ros_agent/package.sh'
[2.513s] INFO:colcon.colcon_core.shell:Creating package script '/home/max/microros_ws4/install/micro_ros_agent/share/micro_ros_agent/package.bash'
[2.514s] INFO:colcon.colcon_core.shell:Creating package script '/home/max/microros_ws4/install/micro_ros_agent/share/micro_ros_agent/package.zsh'
[2.514s] Level 1:colcon.colcon_core.environment:create_file_with_runtime_dependencies(/home/max/microros_ws4/install/micro_ros_agent/share/colcon-core/packages/micro_ros_agent)
[2.554s] Level 1:colcon.colcon_core.environment:create_environment_scripts_only(micro_ros_agent)
[2.558s] Level 1:colcon.colcon_core.environment:checking '/home/max/microros_ws4/install/micro_ros_agent' for CMake module files
[2.558s] Level 1:colcon.colcon_core.environment:checking '/home/max/microros_ws4/install/micro_ros_agent' for CMake config files
[2.560s] Level 1:colcon.colcon_core.shell:create_environment_hook('micro_ros_agent', 'cmake_prefix_path')
[2.561s] INFO:colcon.colcon_core.shell:Creating environment hook '/home/max/microros_ws4/install/micro_ros_agent/share/micro_ros_agent/hook/cmake_prefix_path.ps1'
[2.562s] INFO:colcon.colcon_core.shell:Creating environment descriptor '/home/max/microros_ws4/install/micro_ros_agent/share/micro_ros_agent/hook/cmake_prefix_path.dsv'
[2.562s] INFO:colcon.colcon_core.shell:Creating environment hook '/home/max/microros_ws4/install/micro_ros_agent/share/micro_ros_agent/hook/cmake_prefix_path.sh'
[2.563s] Level 1:colcon.colcon_core.environment:checking '/home/max/microros_ws4/install/micro_ros_agent/lib'
[2.563s] Level 1:colcon.colcon_core.shell:create_environment_hook('micro_ros_agent', 'ld_library_path_lib')
[2.564s] INFO:colcon.colcon_core.shell:Creating environment hook '/home/max/microros_ws4/install/micro_ros_agent/share/micro_ros_agent/hook/ld_library_path_lib.ps1'
[2.564s] INFO:colcon.colcon_core.shell:Creating environment descriptor '/home/max/microros_ws4/install/micro_ros_agent/share/micro_ros_agent/hook/ld_library_path_lib.dsv'
[2.565s] INFO:colcon.colcon_core.shell:Creating environment hook '/home/max/microros_ws4/install/micro_ros_agent/share/micro_ros_agent/hook/ld_library_path_lib.sh'
[2.565s] Level 1:colcon.colcon_core.environment:checking '/home/max/microros_ws4/install/micro_ros_agent/bin'
[2.565s] Level 1:colcon.colcon_core.environment:checking '/home/max/microros_ws4/install/micro_ros_agent/lib/pkgconfig/micro_ros_agent.pc'
[2.565s] Level 1:colcon.colcon_core.environment:checking '/home/max/microros_ws4/install/micro_ros_agent/lib/python3.8/site-packages'
[2.565s] Level 1:colcon.colcon_core.environment:checking '/home/max/microros_ws4/install/micro_ros_agent/bin'
[2.567s] INFO:colcon.colcon_core.shell:Creating package script '/home/max/microros_ws4/install/micro_ros_agent/share/micro_ros_agent/package.ps1'
[2.567s] INFO:colcon.colcon_core.shell:Creating package descriptor '/home/max/microros_ws4/install/micro_ros_agent/share/micro_ros_agent/package.dsv'
[2.568s] INFO:colcon.colcon_core.shell:Creating package script '/home/max/microros_ws4/install/micro_ros_agent/share/micro_ros_agent/package.sh'
[2.568s] INFO:colcon.colcon_core.shell:Creating package script '/home/max/microros_ws4/install/micro_ros_agent/share/micro_ros_agent/package.bash'
[2.568s] INFO:colcon.colcon_core.shell:Creating package script '/home/max/microros_ws4/install/micro_ros_agent/share/micro_ros_agent/package.zsh'
[2.569s] Level 1:colcon.colcon_core.environment:create_file_with_runtime_dependencies(/home/max/microros_ws4/install/micro_ros_agent/share/colcon-core/packages/micro_ros_agent)
[7.665s] DEBUG:colcon.colcon_core.event_handler.log_command:Invoked command in '/home/max/microros_ws4/build/drive_base_msgs' returned '0': CMAKE_PREFIX_PATH=${CMAKE_PREFIX_PATH}:/opt/ros/foxy /usr/bin/cmake --build /home/max/microros_ws4/build/drive_base_msgs -- -j4 -l4
[7.815s] DEBUG:colcon.colcon_core.event_handler.log_command:Invoking command in '/home/max/microros_ws4/build/drive_base_msgs': CMAKE_PREFIX_PATH=${CMAKE_PREFIX_PATH}:/opt/ros/foxy /usr/bin/cmake --install /home/max/microros_ws4/build/drive_base_msgs
[7.884s] Level 1:colcon.colcon_core.environment:create_environment_scripts_only(drive_base_msgs)
[7.888s] Level 1:colcon.colcon_core.environment:checking '/home/max/microros_ws4/install/drive_base_msgs' for CMake module files
[7.889s] DEBUG:colcon.colcon_core.event_handler.log_command:Invoked command in '/home/max/microros_ws4/build/drive_base_msgs' returned '0': CMAKE_PREFIX_PATH=${CMAKE_PREFIX_PATH}:/opt/ros/foxy /usr/bin/cmake --install /home/max/microros_ws4/build/drive_base_msgs
[7.889s] Level 1:colcon.colcon_core.environment:checking '/home/max/microros_ws4/install/drive_base_msgs' for CMake config files
[7.890s] Level 1:colcon.colcon_core.shell:create_environment_hook('drive_base_msgs', 'cmake_prefix_path')
[7.893s] INFO:colcon.colcon_core.shell:Creating environment hook '/home/max/microros_ws4/install/drive_base_msgs/share/drive_base_msgs/hook/cmake_prefix_path.ps1'
[7.893s] INFO:colcon.colcon_core.shell:Creating environment descriptor '/home/max/microros_ws4/install/drive_base_msgs/share/drive_base_msgs/hook/cmake_prefix_path.dsv'
[7.893s] INFO:colcon.colcon_core.shell:Creating environment hook '/home/max/microros_ws4/install/drive_base_msgs/share/drive_base_msgs/hook/cmake_prefix_path.sh'
[7.894s] Level 1:colcon.colcon_core.environment:checking '/home/max/microros_ws4/install/drive_base_msgs/lib'
[7.894s] Level 1:colcon.colcon_core.shell:create_environment_hook('drive_base_msgs', 'ld_library_path_lib')
[7.895s] INFO:colcon.colcon_core.shell:Creating environment hook '/home/max/microros_ws4/install/drive_base_msgs/share/drive_base_msgs/hook/ld_library_path_lib.ps1'
[7.895s] INFO:colcon.colcon_core.shell:Creating environment descriptor '/home/max/microros_ws4/install/drive_base_msgs/share/drive_base_msgs/hook/ld_library_path_lib.dsv'
[7.895s] INFO:colcon.colcon_core.shell:Creating environment hook '/home/max/microros_ws4/install/drive_base_msgs/share/drive_base_msgs/hook/ld_library_path_lib.sh'
[7.896s] Level 1:colcon.colcon_core.environment:checking '/home/max/microros_ws4/install/drive_base_msgs/bin'
[7.896s] Level 1:colcon.colcon_core.environment:checking '/home/max/microros_ws4/install/drive_base_msgs/lib/pkgconfig/drive_base_msgs.pc'
[7.896s] Level 1:colcon.colcon_core.environment:checking '/home/max/microros_ws4/install/drive_base_msgs/lib/python3.8/site-packages'
[7.896s] Level 1:colcon.colcon_core.shell:create_environment_hook('drive_base_msgs', 'pythonpath')
[7.897s] INFO:colcon.colcon_core.shell:Creating environment hook '/home/max/microros_ws4/install/drive_base_msgs/share/drive_base_msgs/hook/pythonpath.ps1'
[7.897s] INFO:colcon.colcon_core.shell:Creating environment descriptor '/home/max/microros_ws4/install/drive_base_msgs/share/drive_base_msgs/hook/pythonpath.dsv'
[7.898s] INFO:colcon.colcon_core.shell:Creating environment hook '/home/max/microros_ws4/install/drive_base_msgs/share/drive_base_msgs/hook/pythonpath.sh'
[7.898s] Level 1:colcon.colcon_core.environment:checking '/home/max/microros_ws4/install/drive_base_msgs/bin'
[7.899s] INFO:colcon.colcon_core.shell:Creating package script '/home/max/microros_ws4/install/drive_base_msgs/share/drive_base_msgs/package.ps1'
[7.899s] INFO:colcon.colcon_core.shell:Creating package descriptor '/home/max/microros_ws4/install/drive_base_msgs/share/drive_base_msgs/package.dsv'
[7.900s] INFO:colcon.colcon_core.shell:Creating package script '/home/max/microros_ws4/install/drive_base_msgs/share/drive_base_msgs/package.sh'
[7.900s] INFO:colcon.colcon_core.shell:Creating package script '/home/max/microros_ws4/install/drive_base_msgs/share/drive_base_msgs/package.bash'
[7.900s] INFO:colcon.colcon_core.shell:Creating package script '/home/max/microros_ws4/install/drive_base_msgs/share/drive_base_msgs/package.zsh'
[7.900s] Level 1:colcon.colcon_core.environment:create_file_with_runtime_dependencies(/home/max/microros_ws4/install/drive_base_msgs/share/colcon-core/packages/drive_base_msgs)
[8.052s] Level 1:colcon.colcon_core.environment:create_environment_scripts_only(drive_base_msgs)
[8.055s] Level 1:colcon.colcon_core.environment:checking '/home/max/microros_ws4/install/drive_base_msgs' for CMake module files
[8.056s] Level 1:colcon.colcon_core.environment:checking '/home/max/microros_ws4/install/drive_base_msgs' for CMake config files
[8.057s] Level 1:colcon.colcon_core.shell:create_environment_hook('drive_base_msgs', 'cmake_prefix_path')
[8.058s] INFO:colcon.colcon_core.shell:Creating environment hook '/home/max/microros_ws4/install/drive_base_msgs/share/drive_base_msgs/hook/cmake_prefix_path.ps1'
[8.060s] INFO:colcon.colcon_core.shell:Creating environment descriptor '/home/max/microros_ws4/install/drive_base_msgs/share/drive_base_msgs/hook/cmake_prefix_path.dsv'
[8.060s] INFO:colcon.colcon_core.shell:Creating environment hook '/home/max/microros_ws4/install/drive_base_msgs/share/drive_base_msgs/hook/cmake_prefix_path.sh'
[8.060s] Level 1:colcon.colcon_core.environment:checking '/home/max/microros_ws4/install/drive_base_msgs/lib'
[8.060s] Level 1:colcon.colcon_core.shell:create_environment_hook('drive_base_msgs', 'ld_library_path_lib')
[8.061s] INFO:colcon.colcon_core.shell:Creating environment hook '/home/max/microros_ws4/install/drive_base_msgs/share/drive_base_msgs/hook/ld_library_path_lib.ps1'
[8.062s] INFO:colcon.colcon_core.shell:Creating environment descriptor '/home/max/microros_ws4/install/drive_base_msgs/share/drive_base_msgs/hook/ld_library_path_lib.dsv'
[8.062s] INFO:colcon.colcon_core.shell:Creating environment hook '/home/max/microros_ws4/install/drive_base_msgs/share/drive_base_msgs/hook/ld_library_path_lib.sh'
[8.062s] Level 1:colcon.colcon_core.environment:checking '/home/max/microros_ws4/install/drive_base_msgs/bin'
[8.062s] Level 1:colcon.colcon_core.environment:checking '/home/max/microros_ws4/install/drive_base_msgs/lib/pkgconfig/drive_base_msgs.pc'
[8.062s] Level 1:colcon.colcon_core.environment:checking '/home/max/microros_ws4/install/drive_base_msgs/lib/python3.8/site-packages'
[8.062s] Level 1:colcon.colcon_core.shell:create_environment_hook('drive_base_msgs', 'pythonpath')
[8.064s] INFO:colcon.colcon_core.shell:Creating environment hook '/home/max/microros_ws4/install/drive_base_msgs/share/drive_base_msgs/hook/pythonpath.ps1'
[8.064s] INFO:colcon.colcon_core.shell:Creating environment descriptor '/home/max/microros_ws4/install/drive_base_msgs/share/drive_base_msgs/hook/pythonpath.dsv'
[8.064s] INFO:colcon.colcon_core.shell:Creating environment hook '/home/max/microros_ws4/install/drive_base_msgs/share/drive_base_msgs/hook/pythonpath.sh'
[8.064s] Level 1:colcon.colcon_core.environment:checking '/home/max/microros_ws4/install/drive_base_msgs/bin'
[8.066s] INFO:colcon.colcon_core.shell:Creating package script '/home/max/microros_ws4/install/drive_base_msgs/share/drive_base_msgs/package.ps1'
[8.066s] INFO:colcon.colcon_core.shell:Creating package descriptor '/home/max/microros_ws4/install/drive_base_msgs/share/drive_base_msgs/package.dsv'
[8.067s] INFO:colcon.colcon_core.shell:Creating package script '/home/max/microros_ws4/install/drive_base_msgs/share/drive_base_msgs/package.sh'
[8.067s] INFO:colcon.colcon_core.shell:Creating package script '/home/max/microros_ws4/install/drive_base_msgs/share/drive_base_msgs/package.bash'
[8.067s] INFO:colcon.colcon_core.shell:Creating package script '/home/max/microros_ws4/install/drive_base_msgs/share/drive_base_msgs/package.zsh'
[8.067s] Level 1:colcon.colcon_core.environment:create_file_with_runtime_dependencies(/home/max/microros_ws4/install/drive_base_msgs/share/colcon-core/packages/drive_base_msgs)
[8.068s] DEBUG:colcon.colcon_parallel_executor.executor.parallel:closing loop
[8.068s] DEBUG:colcon.colcon_parallel_executor.executor.parallel:loop closed
[8.068s] DEBUG:colcon.colcon_parallel_executor.executor.parallel:run_until_complete finished with '0'
[8.068s] DEBUG:colcon.colcon_core.event_reactor:joining thread
[8.077s] INFO:colcon.colcon_core.plugin_system:Skipping extension 'colcon_notification.desktop_notification.terminal_notifier': Not used on non-Darwin systems
[8.077s] INFO:colcon.colcon_core.plugin_system:Skipping extension 'colcon_notification.desktop_notification.win32': Not used on non-Windows systems
[8.077s] INFO:colcon.colcon_notification.desktop_notification:Sending desktop notification using 'notify2'
[8.081s] DEBUG:colcon.colcon_core.event_reactor:joined thread
[8.084s] INFO:colcon.colcon_core.shell:Creating prefix script '/home/max/microros_ws4/install/local_setup.ps1'
[8.085s] INFO:colcon.colcon_core.shell:Creating prefix util module '/home/max/microros_ws4/install/_local_setup_util_ps1.py'
[8.087s] INFO:colcon.colcon_core.shell:Creating prefix chain script '/home/max/microros_ws4/install/setup.ps1'
[8.088s] INFO:colcon.colcon_core.shell:Creating prefix script '/home/max/microros_ws4/install/local_setup.sh'
[8.089s] INFO:colcon.colcon_core.shell:Creating prefix util module '/home/max/microros_ws4/install/_local_setup_util_sh.py'
[8.089s] INFO:colcon.colcon_core.shell:Creating prefix chain script '/home/max/microros_ws4/install/setup.sh'
[8.091s] INFO:colcon.colcon_core.shell:Creating prefix script '/home/max/microros_ws4/install/local_setup.bash'
[8.091s] INFO:colcon.colcon_core.shell:Creating prefix chain script '/home/max/microros_ws4/install/setup.bash'
[8.094s] INFO:colcon.colcon_core.shell:Creating prefix script '/home/max/microros_ws4/install/local_setup.zsh'
[8.094s] INFO:colcon.colcon_core.shell:Creating prefix chain script '/home/max/microros_ws4/install/setup.zsh'
