[0.048s] Invoking command in '/home/max/microros_ws4/firmware/mcu_ws/build/microcdr': /usr/bin/cmake --build /home/max/microros_ws4/firmware/mcu_ws/build/microcdr -- -j4 -l4
[0.070s] make[4]: Entering directory '/home/max/microros_ws4/firmware/mcu_ws/build/microcdr'
[0.070s] /usr/bin/cmake -S/home/max/microros_ws4/firmware/mcu_ws/eProsima/Micro-CDR -B/home/max/microros_ws4/firmware/mcu_ws/build/microcdr --check-build-system CMakeFiles/Makefile.cmake 0
[0.085s] Re-run cmake file: Makefile older than: /home/max/microros_ws4/firmware/freertos_apps/microros_esp32_extensions/esp32_toolchain.cmake
[0.099s] -- Configuring done
[0.106s] -- Generating done
[0.107s] -- Build files have been written to: /home/max/microros_ws4/firmware/mcu_ws/build/microcdr
[0.109s] /usr/bin/cmake -E cmake_progress_start /home/max/microros_ws4/firmware/mcu_ws/build/microcdr/CMakeFiles /home/max/microros_ws4/firmware/mcu_ws/build/microcdr/CMakeFiles/progress.marks
[0.118s] /usr/bin/make -f CMakeFiles/Makefile2 all
[0.119s] make[5]: Entering directory '/home/max/microros_ws4/firmware/mcu_ws/build/microcdr'
[0.119s] /usr/bin/make -f CMakeFiles/microcdr.dir/build.make CMakeFiles/microcdr.dir/depend
[0.120s] make[6]: Entering directory '/home/max/microros_ws4/firmware/mcu_ws/build/microcdr'
[0.120s] cd /home/max/microros_ws4/firmware/mcu_ws/build/microcdr && /usr/bin/cmake -E cmake_depends "Unix Makefiles" /home/max/microros_ws4/firmware/mcu_ws/eProsima/Micro-CDR /home/max/microros_ws4/firmware/mcu_ws/eProsima/Micro-CDR /home/max/microros_ws4/firmware/mcu_ws/build/microcdr /home/max/microros_ws4/firmware/mcu_ws/build/microcdr /home/max/microros_ws4/firmware/mcu_ws/build/microcdr/CMakeFiles/microcdr.dir/DependInfo.cmake --color=
[0.132s] make[6]: Leaving directory '/home/max/microros_ws4/firmware/mcu_ws/build/microcdr'
[0.132s] /usr/bin/make -f CMakeFiles/microcdr.dir/build.make CMakeFiles/microcdr.dir/build
[0.134s] make[6]: Entering directory '/home/max/microros_ws4/firmware/mcu_ws/build/microcdr'
[0.134s] make[6]: Nothing to be done for 'CMakeFiles/microcdr.dir/build'.
[0.134s] make[6]: Leaving directory '/home/max/microros_ws4/firmware/mcu_ws/build/microcdr'
[0.142s] [100%] Built target microcdr
[0.143s] make[5]: Leaving directory '/home/max/microros_ws4/firmware/mcu_ws/build/microcdr'
[0.143s] /usr/bin/cmake -E cmake_progress_start /home/max/microros_ws4/firmware/mcu_ws/build/microcdr/CMakeFiles 0
[0.152s] make[4]: Leaving directory '/home/max/microros_ws4/firmware/mcu_ws/build/microcdr'
[0.157s] Invoked command in '/home/max/microros_ws4/firmware/mcu_ws/build/microcdr' returned '0': /usr/bin/cmake --build /home/max/microros_ws4/firmware/mcu_ws/build/microcdr -- -j4 -l4
[0.216s] Invoking command in '/home/max/microros_ws4/firmware/mcu_ws/build/microcdr': /usr/bin/cmake --install /home/max/microros_ws4/firmware/mcu_ws/build/microcdr
[0.229s] -- Install configuration: "Debug"
[0.229s] -- Up-to-date: /home/max/microros_ws4/firmware/mcu_ws/install/lib/libmicrocdr.a
[0.230s] -- Up-to-date: /home/max/microros_ws4/firmware/mcu_ws/install/include/ucdr
[0.230s] -- Up-to-date: /home/max/microros_ws4/firmware/mcu_ws/install/include/ucdr/visibility.h
[0.230s] -- Up-to-date: /home/max/microros_ws4/firmware/mcu_ws/install/include/ucdr/microcdr.h
[0.230s] -- Up-to-date: /home/max/microros_ws4/firmware/mcu_ws/install/include/ucdr/config.h
[0.230s] -- Up-to-date: /home/max/microros_ws4/firmware/mcu_ws/install/share/microcdr/cmake/microcdrTargets.cmake
[0.230s] -- Installing: /home/max/microros_ws4/firmware/mcu_ws/install/share/microcdr/cmake/microcdrTargets-debug.cmake
[0.230s] -- Up-to-date: /home/max/microros_ws4/firmware/mcu_ws/install/share/microcdr/cmake/microcdrConfig.cmake
[0.230s] -- Up-to-date: /home/max/microros_ws4/firmware/mcu_ws/install/share/microcdr/cmake/microcdrConfigVersion.cmake
[0.232s] Invoked command in '/home/max/microros_ws4/firmware/mcu_ws/build/microcdr' returned '0': /usr/bin/cmake --install /home/max/microros_ws4/firmware/mcu_ws/build/microcdr
