[0.053s] Invoking command in '/home/max/microros_ws4/firmware/mcu_ws/build/rosidl_adapter': CMAKE_PREFIX_PATH=${CMAKE_PREFIX_PATH}:/home/max/microros_ws4/firmware/dev_ws/install/ament_uncrustify:/home/max/microros_ws4/firmware/dev_ws/install/domain_coordinator:/home/max/microros_ws4/firmware/dev_ws/install/ament_xmllint:/home/max/microros_ws4/firmware/dev_ws/install/ament_pyflakes:/home/max/microros_ws4/firmware/dev_ws/install/ament_pycodestyle:/home/max/microros_ws4/firmware/dev_ws/install/ament_pep257:/home/max/microros_ws4/firmware/dev_ws/install/ament_pclint:/home/max/microros_ws4/firmware/dev_ws/install/ament_package:/home/max/microros_ws4/firmware/dev_ws/install/ament_mypy:/home/max/microros_ws4/firmware/dev_ws/install/ament_lint_cmake:/home/max/microros_ws4/firmware/dev_ws/install/ament_flake8:/home/max/microros_ws4/firmware/dev_ws/install/ament_copyright:/home/max/microros_ws4/firmware/dev_ws/install/ament_lint:/home/max/microros_ws4/firmware/dev_ws/install/ament_index_python:/home/max/microros_ws4/firmware/dev_ws/install/ament_cpplint:/home/max/microros_ws4/firmware/dev_ws/install/ament_cppcheck:/home/max/microros_ws4/firmware/dev_ws/install/ament_clang_tidy:/home/max/microros_ws4/firmware/dev_ws/install/ament_clang_format /usr/bin/cmake --build /home/max/microros_ws4/firmware/mcu_ws/build/rosidl_adapter -- -j4 -l4
[0.077s] make[4]: Entering directory '/home/max/microros_ws4/firmware/mcu_ws/build/rosidl_adapter'
[0.078s] /usr/bin/cmake -S/home/max/microros_ws4/firmware/mcu_ws/ros2/rosidl/rosidl_adapter -B/home/max/microros_ws4/firmware/mcu_ws/build/rosidl_adapter --check-build-system CMakeFiles/Makefile.cmake 0
[0.079s] Re-run cmake file: Makefile older than: /home/max/microros_ws4/firmware/freertos_apps/microros_esp32_extensions/esp32_toolchain.cmake
[0.080s] -- Found ament_cmake: 0.9.11 (/home/max/microros_ws4/firmware/dev_ws/install/ament_cmake/share/ament_cmake/cmake)
[0.097s] -- Using PYTHON_EXECUTABLE: /home/max/microros_ws4/firmware/toolchain/espressif/python_env/idf4.1_py3.8_env/bin/python3
[0.325s] -- Configuring done
[0.328s] -- Generating done
[0.328s] -- Build files have been written to: /home/max/microros_ws4/firmware/mcu_ws/build/rosidl_adapter
[0.338s] /usr/bin/cmake -E cmake_progress_start /home/max/microros_ws4/firmware/mcu_ws/build/rosidl_adapter/CMakeFiles /home/max/microros_ws4/firmware/mcu_ws/build/rosidl_adapter/CMakeFiles/progress.marks
[0.348s] /usr/bin/make -f CMakeFiles/Makefile2 all
[0.348s] make[5]: Entering directory '/home/max/microros_ws4/firmware/mcu_ws/build/rosidl_adapter'
[0.348s] make[5]: Nothing to be done for 'all'.
[0.348s] make[5]: Leaving directory '/home/max/microros_ws4/firmware/mcu_ws/build/rosidl_adapter'
[0.348s] /usr/bin/cmake -E cmake_progress_start /home/max/microros_ws4/firmware/mcu_ws/build/rosidl_adapter/CMakeFiles 0
[0.353s] make[4]: Leaving directory '/home/max/microros_ws4/firmware/mcu_ws/build/rosidl_adapter'
[0.359s] Invoked command in '/home/max/microros_ws4/firmware/mcu_ws/build/rosidl_adapter' returned '0': CMAKE_PREFIX_PATH=${CMAKE_PREFIX_PATH}:/home/max/microros_ws4/firmware/dev_ws/install/ament_uncrustify:/home/max/microros_ws4/firmware/dev_ws/install/domain_coordinator:/home/max/microros_ws4/firmware/dev_ws/install/ament_xmllint:/home/max/microros_ws4/firmware/dev_ws/install/ament_pyflakes:/home/max/microros_ws4/firmware/dev_ws/install/ament_pycodestyle:/home/max/microros_ws4/firmware/dev_ws/install/ament_pep257:/home/max/microros_ws4/firmware/dev_ws/install/ament_pclint:/home/max/microros_ws4/firmware/dev_ws/install/ament_package:/home/max/microros_ws4/firmware/dev_ws/install/ament_mypy:/home/max/microros_ws4/firmware/dev_ws/install/ament_lint_cmake:/home/max/microros_ws4/firmware/dev_ws/install/ament_flake8:/home/max/microros_ws4/firmware/dev_ws/install/ament_copyright:/home/max/microros_ws4/firmware/dev_ws/install/ament_lint:/home/max/microros_ws4/firmware/dev_ws/install/ament_index_python:/home/max/microros_ws4/firmware/dev_ws/install/ament_cpplint:/home/max/microros_ws4/firmware/dev_ws/install/ament_cppcheck:/home/max/microros_ws4/firmware/dev_ws/install/ament_clang_tidy:/home/max/microros_ws4/firmware/dev_ws/install/ament_clang_format /usr/bin/cmake --build /home/max/microros_ws4/firmware/mcu_ws/build/rosidl_adapter -- -j4 -l4
[0.409s] Invoking command in '/home/max/microros_ws4/firmware/mcu_ws/build/rosidl_adapter': CMAKE_PREFIX_PATH=${CMAKE_PREFIX_PATH}:/home/max/microros_ws4/firmware/dev_ws/install/ament_uncrustify:/home/max/microros_ws4/firmware/dev_ws/install/domain_coordinator:/home/max/microros_ws4/firmware/dev_ws/install/ament_xmllint:/home/max/microros_ws4/firmware/dev_ws/install/ament_pyflakes:/home/max/microros_ws4/firmware/dev_ws/install/ament_pycodestyle:/home/max/microros_ws4/firmware/dev_ws/install/ament_pep257:/home/max/microros_ws4/firmware/dev_ws/install/ament_pclint:/home/max/microros_ws4/firmware/dev_ws/install/ament_package:/home/max/microros_ws4/firmware/dev_ws/install/ament_mypy:/home/max/microros_ws4/firmware/dev_ws/install/ament_lint_cmake:/home/max/microros_ws4/firmware/dev_ws/install/ament_flake8:/home/max/microros_ws4/firmware/dev_ws/install/ament_copyright:/home/max/microros_ws4/firmware/dev_ws/install/ament_lint:/home/max/microros_ws4/firmware/dev_ws/install/ament_index_python:/home/max/microros_ws4/firmware/dev_ws/install/ament_cpplint:/home/max/microros_ws4/firmware/dev_ws/install/ament_cppcheck:/home/max/microros_ws4/firmware/dev_ws/install/ament_clang_tidy:/home/max/microros_ws4/firmware/dev_ws/install/ament_clang_format /usr/bin/cmake --install /home/max/microros_ws4/firmware/mcu_ws/build/rosidl_adapter
[0.420s] -- Install configuration: "Debug"
[0.420s] -- Up-to-date: /home/max/microros_ws4/firmware/mcu_ws/install/share/rosidl_adapter/environment/pythonpath.sh
[0.420s] -- Installing: /home/max/microros_ws4/firmware/mcu_ws/install/share/rosidl_adapter/environment/pythonpath.dsv
[0.420s] -- Up-to-date: /home/max/microros_ws4/firmware/mcu_ws/install/lib/python3.8/site-packages/rosidl_adapter
[0.420s] -- Up-to-date: /home/max/microros_ws4/firmware/mcu_ws/install/lib/python3.8/site-packages/rosidl_adapter/main.py
[0.420s] -- Up-to-date: /home/max/microros_ws4/firmware/mcu_ws/install/lib/python3.8/site-packages/rosidl_adapter/__init__.py
[0.420s] -- Up-to-date: /home/max/microros_ws4/firmware/mcu_ws/install/lib/python3.8/site-packages/rosidl_adapter/srv
[0.420s] -- Up-to-date: /home/max/microros_ws4/firmware/mcu_ws/install/lib/python3.8/site-packages/rosidl_adapter/srv/__init__.py
[0.420s] -- Up-to-date: /home/max/microros_ws4/firmware/mcu_ws/install/lib/python3.8/site-packages/rosidl_adapter/action
[0.420s] -- Up-to-date: /home/max/microros_ws4/firmware/mcu_ws/install/lib/python3.8/site-packages/rosidl_adapter/action/__init__.py
[0.420s] -- Up-to-date: /home/max/microros_ws4/firmware/mcu_ws/install/lib/python3.8/site-packages/rosidl_adapter/parser.py
[0.420s] -- Up-to-date: /home/max/microros_ws4/firmware/mcu_ws/install/lib/python3.8/site-packages/rosidl_adapter/resource
[0.420s] -- Up-to-date: /home/max/microros_ws4/firmware/mcu_ws/install/lib/python3.8/site-packages/rosidl_adapter/resource/action.idl.em
[0.421s] -- Up-to-date: /home/max/microros_ws4/firmware/mcu_ws/install/lib/python3.8/site-packages/rosidl_adapter/resource/__init__.py
[0.421s] -- Up-to-date: /home/max/microros_ws4/firmware/mcu_ws/install/lib/python3.8/site-packages/rosidl_adapter/resource/srv.idl.em
[0.421s] -- Up-to-date: /home/max/microros_ws4/firmware/mcu_ws/install/lib/python3.8/site-packages/rosidl_adapter/resource/msg.idl.em
[0.421s] -- Up-to-date: /home/max/microros_ws4/firmware/mcu_ws/install/lib/python3.8/site-packages/rosidl_adapter/resource/struct.idl.em
[0.421s] -- Up-to-date: /home/max/microros_ws4/firmware/mcu_ws/install/lib/python3.8/site-packages/rosidl_adapter/msg
[0.421s] -- Up-to-date: /home/max/microros_ws4/firmware/mcu_ws/install/lib/python3.8/site-packages/rosidl_adapter/msg/__init__.py
[0.421s] -- Up-to-date: /home/max/microros_ws4/firmware/mcu_ws/install/lib/python3.8/site-packages/rosidl_adapter/cli.py
[0.421s] -- Up-to-date: /home/max/microros_ws4/firmware/mcu_ws/install/lib/python3.8/site-packages/rosidl_adapter/__main__.py
[0.465s] Listing '/home/max/microros_ws4/firmware/mcu_ws/install/lib/python3.8/site-packages/rosidl_adapter'...
[0.465s] Listing '/home/max/microros_ws4/firmware/mcu_ws/install/lib/python3.8/site-packages/rosidl_adapter/action'...
[0.465s] Listing '/home/max/microros_ws4/firmware/mcu_ws/install/lib/python3.8/site-packages/rosidl_adapter/msg'...
[0.465s] Listing '/home/max/microros_ws4/firmware/mcu_ws/install/lib/python3.8/site-packages/rosidl_adapter/resource'...
[0.466s] Listing '/home/max/microros_ws4/firmware/mcu_ws/install/lib/python3.8/site-packages/rosidl_adapter/srv'...
[0.468s] -- Up-to-date: /home/max/microros_ws4/firmware/mcu_ws/install/share/ament_index/resource_index/package_run_dependencies/rosidl_adapter
[0.469s] -- Up-to-date: /home/max/microros_ws4/firmware/mcu_ws/install/share/ament_index/resource_index/parent_prefix_path/rosidl_adapter
[0.470s] -- Up-to-date: /home/max/microros_ws4/firmware/mcu_ws/install/share/rosidl_adapter/environment/ament_prefix_path.sh
[0.470s] -- Installing: /home/max/microros_ws4/firmware/mcu_ws/install/share/rosidl_adapter/environment/ament_prefix_path.dsv
[0.470s] -- Up-to-date: /home/max/microros_ws4/firmware/mcu_ws/install/share/rosidl_adapter/environment/path.sh
[0.470s] -- Installing: /home/max/microros_ws4/firmware/mcu_ws/install/share/rosidl_adapter/environment/path.dsv
[0.470s] -- Up-to-date: /home/max/microros_ws4/firmware/mcu_ws/install/share/rosidl_adapter/local_setup.bash
[0.470s] -- Up-to-date: /home/max/microros_ws4/firmware/mcu_ws/install/share/rosidl_adapter/local_setup.sh
[0.471s] -- Up-to-date: /home/max/microros_ws4/firmware/mcu_ws/install/share/rosidl_adapter/local_setup.zsh
[0.471s] -- Installing: /home/max/microros_ws4/firmware/mcu_ws/install/share/rosidl_adapter/local_setup.dsv
[0.471s] -- Installing: /home/max/microros_ws4/firmware/mcu_ws/install/share/rosidl_adapter/package.dsv
[0.473s] -- Up-to-date: /home/max/microros_ws4/firmware/mcu_ws/install/share/ament_index/resource_index/packages/rosidl_adapter
[0.474s] -- Up-to-date: /home/max/microros_ws4/firmware/mcu_ws/install/share/rosidl_adapter/cmake/rosidl_adapter-extras.cmake
[0.475s] -- Up-to-date: /home/max/microros_ws4/firmware/mcu_ws/install/share/rosidl_adapter/cmake/rosidl_adapterConfig.cmake
[0.475s] -- Up-to-date: /home/max/microros_ws4/firmware/mcu_ws/install/share/rosidl_adapter/cmake/rosidl_adapterConfig-version.cmake
[0.475s] -- Up-to-date: /home/max/microros_ws4/firmware/mcu_ws/install/share/rosidl_adapter/package.xml
[0.475s] -- Up-to-date: /home/max/microros_ws4/firmware/mcu_ws/install/share/rosidl_adapter/cmake
[0.476s] -- Up-to-date: /home/max/microros_ws4/firmware/mcu_ws/install/share/rosidl_adapter/cmake/rosidl_adapt_interfaces.cmake
[0.476s] -- Up-to-date: /home/max/microros_ws4/firmware/mcu_ws/install/lib/rosidl_adapter/msg2idl.py
[0.476s] -- Up-to-date: /home/max/microros_ws4/firmware/mcu_ws/install/lib/rosidl_adapter/srv2idl.py
[0.505s] Invoked command in '/home/max/microros_ws4/firmware/mcu_ws/build/rosidl_adapter' returned '0': CMAKE_PREFIX_PATH=${CMAKE_PREFIX_PATH}:/home/max/microros_ws4/firmware/dev_ws/install/ament_uncrustify:/home/max/microros_ws4/firmware/dev_ws/install/domain_coordinator:/home/max/microros_ws4/firmware/dev_ws/install/ament_xmllint:/home/max/microros_ws4/firmware/dev_ws/install/ament_pyflakes:/home/max/microros_ws4/firmware/dev_ws/install/ament_pycodestyle:/home/max/microros_ws4/firmware/dev_ws/install/ament_pep257:/home/max/microros_ws4/firmware/dev_ws/install/ament_pclint:/home/max/microros_ws4/firmware/dev_ws/install/ament_package:/home/max/microros_ws4/firmware/dev_ws/install/ament_mypy:/home/max/microros_ws4/firmware/dev_ws/install/ament_lint_cmake:/home/max/microros_ws4/firmware/dev_ws/install/ament_flake8:/home/max/microros_ws4/firmware/dev_ws/install/ament_copyright:/home/max/microros_ws4/firmware/dev_ws/install/ament_lint:/home/max/microros_ws4/firmware/dev_ws/install/ament_index_python:/home/max/microros_ws4/firmware/dev_ws/install/ament_cpplint:/home/max/microros_ws4/firmware/dev_ws/install/ament_cppcheck:/home/max/microros_ws4/firmware/dev_ws/install/ament_clang_tidy:/home/max/microros_ws4/firmware/dev_ws/install/ament_clang_format /usr/bin/cmake --install /home/max/microros_ws4/firmware/mcu_ws/build/rosidl_adapter
