[0.036s] Invoking command in '/home/max/microros_ws4/firmware/mcu_ws/build/rosidl_typesupport_interface': CMAKE_PREFIX_PATH=${CMAKE_PREFIX_PATH}:/home/max/microros_ws4/firmware/dev_ws/install/ament_uncrustify:/home/max/microros_ws4/firmware/dev_ws/install/domain_coordinator:/home/max/microros_ws4/firmware/dev_ws/install/ament_xmllint:/home/max/microros_ws4/firmware/dev_ws/install/ament_pyflakes:/home/max/microros_ws4/firmware/dev_ws/install/ament_pycodestyle:/home/max/microros_ws4/firmware/dev_ws/install/ament_pep257:/home/max/microros_ws4/firmware/dev_ws/install/ament_pclint:/home/max/microros_ws4/firmware/dev_ws/install/ament_package:/home/max/microros_ws4/firmware/dev_ws/install/ament_mypy:/home/max/microros_ws4/firmware/dev_ws/install/ament_lint_cmake:/home/max/microros_ws4/firmware/dev_ws/install/ament_flake8:/home/max/microros_ws4/firmware/dev_ws/install/ament_copyright:/home/max/microros_ws4/firmware/dev_ws/install/ament_lint:/home/max/microros_ws4/firmware/dev_ws/install/ament_index_python:/home/max/microros_ws4/firmware/dev_ws/install/ament_cpplint:/home/max/microros_ws4/firmware/dev_ws/install/ament_cppcheck:/home/max/microros_ws4/firmware/dev_ws/install/ament_clang_tidy:/home/max/microros_ws4/firmware/dev_ws/install/ament_clang_format /usr/bin/cmake --build /home/max/microros_ws4/firmware/mcu_ws/build/rosidl_typesupport_interface -- -j4 -l4
[0.057s] make[4]: Entering directory '/home/max/microros_ws4/firmware/mcu_ws/build/rosidl_typesupport_interface'
[0.058s] /usr/bin/cmake -S/home/max/microros_ws4/firmware/mcu_ws/ros2/rosidl/rosidl_typesupport_interface -B/home/max/microros_ws4/firmware/mcu_ws/build/rosidl_typesupport_interface --check-build-system CMakeFiles/Makefile.cmake 0
[0.065s] Re-run cmake file: Makefile older than: /home/max/microros_ws4/firmware/freertos_apps/microros_esp32_extensions/esp32_toolchain.cmake
[0.067s] -- Found ament_cmake: 0.9.11 (/home/max/microros_ws4/firmware/dev_ws/install/ament_cmake/share/ament_cmake/cmake)
[0.089s] -- Using PYTHON_EXECUTABLE: /home/max/microros_ws4/firmware/toolchain/espressif/python_env/idf4.1_py3.8_env/bin/python3
[0.328s] -- Configuring done
[0.331s] -- Generating done
[0.333s] -- Build files have been written to: /home/max/microros_ws4/firmware/mcu_ws/build/rosidl_typesupport_interface
[0.335s] /usr/bin/cmake -E cmake_progress_start /home/max/microros_ws4/firmware/mcu_ws/build/rosidl_typesupport_interface/CMakeFiles /home/max/microros_ws4/firmware/mcu_ws/build/rosidl_typesupport_interface/CMakeFiles/progress.marks
[0.349s] /usr/bin/make -f CMakeFiles/Makefile2 all
[0.351s] make[5]: Entering directory '/home/max/microros_ws4/firmware/mcu_ws/build/rosidl_typesupport_interface'
[0.351s] make[5]: Nothing to be done for 'all'.
[0.351s] make[5]: Leaving directory '/home/max/microros_ws4/firmware/mcu_ws/build/rosidl_typesupport_interface'
[0.352s] /usr/bin/cmake -E cmake_progress_start /home/max/microros_ws4/firmware/mcu_ws/build/rosidl_typesupport_interface/CMakeFiles 0
[0.359s] make[4]: Leaving directory '/home/max/microros_ws4/firmware/mcu_ws/build/rosidl_typesupport_interface'
[0.361s] Invoked command in '/home/max/microros_ws4/firmware/mcu_ws/build/rosidl_typesupport_interface' returned '0': CMAKE_PREFIX_PATH=${CMAKE_PREFIX_PATH}:/home/max/microros_ws4/firmware/dev_ws/install/ament_uncrustify:/home/max/microros_ws4/firmware/dev_ws/install/domain_coordinator:/home/max/microros_ws4/firmware/dev_ws/install/ament_xmllint:/home/max/microros_ws4/firmware/dev_ws/install/ament_pyflakes:/home/max/microros_ws4/firmware/dev_ws/install/ament_pycodestyle:/home/max/microros_ws4/firmware/dev_ws/install/ament_pep257:/home/max/microros_ws4/firmware/dev_ws/install/ament_pclint:/home/max/microros_ws4/firmware/dev_ws/install/ament_package:/home/max/microros_ws4/firmware/dev_ws/install/ament_mypy:/home/max/microros_ws4/firmware/dev_ws/install/ament_lint_cmake:/home/max/microros_ws4/firmware/dev_ws/install/ament_flake8:/home/max/microros_ws4/firmware/dev_ws/install/ament_copyright:/home/max/microros_ws4/firmware/dev_ws/install/ament_lint:/home/max/microros_ws4/firmware/dev_ws/install/ament_index_python:/home/max/microros_ws4/firmware/dev_ws/install/ament_cpplint:/home/max/microros_ws4/firmware/dev_ws/install/ament_cppcheck:/home/max/microros_ws4/firmware/dev_ws/install/ament_clang_tidy:/home/max/microros_ws4/firmware/dev_ws/install/ament_clang_format /usr/bin/cmake --build /home/max/microros_ws4/firmware/mcu_ws/build/rosidl_typesupport_interface -- -j4 -l4
[0.399s] Invoking command in '/home/max/microros_ws4/firmware/mcu_ws/build/rosidl_typesupport_interface': CMAKE_PREFIX_PATH=${CMAKE_PREFIX_PATH}:/home/max/microros_ws4/firmware/dev_ws/install/ament_uncrustify:/home/max/microros_ws4/firmware/dev_ws/install/domain_coordinator:/home/max/microros_ws4/firmware/dev_ws/install/ament_xmllint:/home/max/microros_ws4/firmware/dev_ws/install/ament_pyflakes:/home/max/microros_ws4/firmware/dev_ws/install/ament_pycodestyle:/home/max/microros_ws4/firmware/dev_ws/install/ament_pep257:/home/max/microros_ws4/firmware/dev_ws/install/ament_pclint:/home/max/microros_ws4/firmware/dev_ws/install/ament_package:/home/max/microros_ws4/firmware/dev_ws/install/ament_mypy:/home/max/microros_ws4/firmware/dev_ws/install/ament_lint_cmake:/home/max/microros_ws4/firmware/dev_ws/install/ament_flake8:/home/max/microros_ws4/firmware/dev_ws/install/ament_copyright:/home/max/microros_ws4/firmware/dev_ws/install/ament_lint:/home/max/microros_ws4/firmware/dev_ws/install/ament_index_python:/home/max/microros_ws4/firmware/dev_ws/install/ament_cpplint:/home/max/microros_ws4/firmware/dev_ws/install/ament_cppcheck:/home/max/microros_ws4/firmware/dev_ws/install/ament_clang_tidy:/home/max/microros_ws4/firmware/dev_ws/install/ament_clang_format /usr/bin/cmake --install /home/max/microros_ws4/firmware/mcu_ws/build/rosidl_typesupport_interface
[0.411s] -- Install configuration: "Debug"
[0.412s] -- Up-to-date: /home/max/microros_ws4/firmware/mcu_ws/install/share/ament_index/resource_index/package_run_dependencies/rosidl_typesupport_interface
[0.412s] -- Up-to-date: /home/max/microros_ws4/firmware/mcu_ws/install/share/ament_index/resource_index/parent_prefix_path/rosidl_typesupport_interface
[0.412s] -- Up-to-date: /home/max/microros_ws4/firmware/mcu_ws/install/share/rosidl_typesupport_interface/environment/ament_prefix_path.sh
[0.412s] -- Installing: /home/max/microros_ws4/firmware/mcu_ws/install/share/rosidl_typesupport_interface/environment/ament_prefix_path.dsv
[0.412s] -- Up-to-date: /home/max/microros_ws4/firmware/mcu_ws/install/share/rosidl_typesupport_interface/environment/path.sh
[0.412s] -- Installing: /home/max/microros_ws4/firmware/mcu_ws/install/share/rosidl_typesupport_interface/environment/path.dsv
[0.412s] -- Up-to-date: /home/max/microros_ws4/firmware/mcu_ws/install/share/rosidl_typesupport_interface/local_setup.bash
[0.412s] -- Up-to-date: /home/max/microros_ws4/firmware/mcu_ws/install/share/rosidl_typesupport_interface/local_setup.sh
[0.412s] -- Up-to-date: /home/max/microros_ws4/firmware/mcu_ws/install/share/rosidl_typesupport_interface/local_setup.zsh
[0.413s] -- Installing: /home/max/microros_ws4/firmware/mcu_ws/install/share/rosidl_typesupport_interface/local_setup.dsv
[0.413s] -- Installing: /home/max/microros_ws4/firmware/mcu_ws/install/share/rosidl_typesupport_interface/package.dsv
[0.413s] -- Up-to-date: /home/max/microros_ws4/firmware/mcu_ws/install/share/ament_index/resource_index/packages/rosidl_typesupport_interface
[0.413s] -- Up-to-date: /home/max/microros_ws4/firmware/mcu_ws/install/share/rosidl_typesupport_interface/cmake/rosidl_typesupport_interfaceExport.cmake
[0.413s] -- Up-to-date: /home/max/microros_ws4/firmware/mcu_ws/install/share/rosidl_typesupport_interface/cmake/ament_cmake_export_include_directories-extras.cmake
[0.413s] -- Up-to-date: /home/max/microros_ws4/firmware/mcu_ws/install/share/rosidl_typesupport_interface/cmake/ament_cmake_export_targets-extras.cmake
[0.413s] -- Up-to-date: /home/max/microros_ws4/firmware/mcu_ws/install/share/rosidl_typesupport_interface/cmake/rosidl_typesupport_interfaceConfig.cmake
[0.413s] -- Up-to-date: /home/max/microros_ws4/firmware/mcu_ws/install/share/rosidl_typesupport_interface/cmake/rosidl_typesupport_interfaceConfig-version.cmake
[0.413s] -- Up-to-date: /home/max/microros_ws4/firmware/mcu_ws/install/share/rosidl_typesupport_interface/package.xml
[0.413s] -- Up-to-date: /home/max/microros_ws4/firmware/mcu_ws/install/include
[0.413s] -- Up-to-date: /home/max/microros_ws4/firmware/mcu_ws/install/include/rosidl_typesupport_interface
[0.413s] -- Up-to-date: /home/max/microros_ws4/firmware/mcu_ws/install/include/rosidl_typesupport_interface/macros.h
[0.417s] Invoked command in '/home/max/microros_ws4/firmware/mcu_ws/build/rosidl_typesupport_interface' returned '0': CMAKE_PREFIX_PATH=${CMAKE_PREFIX_PATH}:/home/max/microros_ws4/firmware/dev_ws/install/ament_uncrustify:/home/max/microros_ws4/firmware/dev_ws/install/domain_coordinator:/home/max/microros_ws4/firmware/dev_ws/install/ament_xmllint:/home/max/microros_ws4/firmware/dev_ws/install/ament_pyflakes:/home/max/microros_ws4/firmware/dev_ws/install/ament_pycodestyle:/home/max/microros_ws4/firmware/dev_ws/install/ament_pep257:/home/max/microros_ws4/firmware/dev_ws/install/ament_pclint:/home/max/microros_ws4/firmware/dev_ws/install/ament_package:/home/max/microros_ws4/firmware/dev_ws/install/ament_mypy:/home/max/microros_ws4/firmware/dev_ws/install/ament_lint_cmake:/home/max/microros_ws4/firmware/dev_ws/install/ament_flake8:/home/max/microros_ws4/firmware/dev_ws/install/ament_copyright:/home/max/microros_ws4/firmware/dev_ws/install/ament_lint:/home/max/microros_ws4/firmware/dev_ws/install/ament_index_python:/home/max/microros_ws4/firmware/dev_ws/install/ament_cpplint:/home/max/microros_ws4/firmware/dev_ws/install/ament_cppcheck:/home/max/microros_ws4/firmware/dev_ws/install/ament_clang_tidy:/home/max/microros_ws4/firmware/dev_ws/install/ament_clang_format /usr/bin/cmake --install /home/max/microros_ws4/firmware/mcu_ws/build/rosidl_typesupport_interface
