-- Found ament_cmake: 0.9.11 (/opt/ros/foxy/share/ament_cmake/cmake)
-- Found PythonInterp: /usr/bin/python3 (found suitable version "3.8.10", minimum required is "3") 
-- Using PYTHON_EXECUTABLE: /usr/bin/python3
-- Found ament_lint_auto: 0.9.8 (/opt/ros/foxy/share/ament_lint_auto/cmake)
-- Found rosidl_default_generators: 1.0.1 (/opt/ros/foxy/share/rosidl_default_generators/cmake)
-- Using all available rosidl_typesupport_c: rosidl_typesupport_fastrtps_c;rosidl_typesupport_introspection_c
-- Found rosidl_adapter: 1.3.0 (/opt/ros/foxy/share/rosidl_adapter/cmake)
-- Using all available rosidl_typesupport_cpp: rosidl_typesupport_fastrtps_cpp;rosidl_typesupport_introspection_cpp
-- Found PythonInterp: /usr/bin/python3 (found version "3.8.10") 
-- Found ament_cmake_ros: 0.9.2 (/opt/ros/foxy/share/ament_cmake_ros/cmake)
-- Using all available rosidl_typesupport_c: rosidl_typesupport_fastrtps_c;rosidl_typesupport_introspection_c
-- Using all available rosidl_typesupport_cpp: rosidl_typesupport_fastrtps_cpp;rosidl_typesupport_introspection_cpp
-- Found PythonInterp: /usr/bin/python3 (found suitable version "3.8.10", minimum required is "3.5") 
-- Found python_cmake_module: 0.8.1 (/opt/ros/foxy/share/python_cmake_module/cmake)
-- Using PYTHON_EXECUTABLE: /usr/bin/python3
-- Using PYTHON_INCLUDE_DIRS: /usr/include/python3.8
-- Using PYTHON_LIBRARIES: /usr/lib/x86_64-linux-gnu/libpython3.8.so
-- Added test 'copyright' to check source files copyright and LICENSE
-- Added test 'cppcheck' to perform static code analysis on C / C++ code
-- Configured cppcheck include dirs: $<BUILD_INTERFACE:/home/max/PycharmProjects/my_ros2_ws/servo_message/build/servo_message/rosidl_generator_c>;/home/max/PycharmProjects/my_ros2_ws/servo_message/build/servo_message/rosidl_generator_c;/home/max/PycharmProjects/my_ros2_ws/servo_message/build/servo_message/rosidl_generator_cpp;/home/max/PycharmProjects/my_ros2_ws/servo_message/build/servo_message/rosidl_typesupport_fastrtps_c;/home/max/PycharmProjects/my_ros2_ws/servo_message/build/servo_message/rosidl_typesupport_fastrtps_cpp;$<BUILD_INTERFACE:/home/max/PycharmProjects/my_ros2_ws/servo_message/build/servo_message/rosidl_typesupport_introspection_c>;$<BUILD_INTERFACE:/home/max/PycharmProjects/my_ros2_ws/servo_message/build/servo_message/rosidl_typesupport_c>;$<BUILD_INTERFACE:/home/max/PycharmProjects/my_ros2_ws/servo_message/build/servo_message/rosidl_generator_cpp>;/home/max/PycharmProjects/my_ros2_ws/servo_message/build/servo_message/rosidl_generator_py
-- Configured cppcheck exclude dirs and/or files: 
-- Added test 'cpplint' to check C / C++ code against the Google style
-- Configured cpplint exclude dirs and/or files: 
-- Added test 'flake8' to check Python code syntax and style conventions
-- Added test 'lint_cmake' to check CMake code style
-- Added test 'pep257' to check Python code against some of the style conventions in PEP 257
-- Added test 'uncrustify' to check C / C++ code style
-- Configured uncrustify additional arguments: 
-- Added test 'xmllint' to check XML markup files
-- Configuring done
-- Generating done
-- Build files have been written to: /home/max/PycharmProjects/my_ros2_ws/servo_message/build/servo_message
[  3%] [34m[1mGenerating C code for ROS interfaces[0m
[  6%] [34m[1mGenerating C++ code for ROS interfaces[0m
[35m[1mScanning dependencies of target servo_message__rosidl_generator_c[0m
[  9%] [32mBuilding C object CMakeFiles/servo_message__rosidl_generator_c.dir/rosidl_generator_c/servo_message/msg/detail/servo_message__functions.c.o[0m
[  9%] Built target servo_message__cpp
[ 16%] [34m[1mGenerating C++ type support dispatch for ROS interfaces[0m
[ 16%] [34m[1mGenerating C++ type support for eProsima Fast-RTPS[0m
[ 19%] [34m[1mGenerating C++ introspection for ROS interfaces[0m
[ 22%] [32m[1mLinking C shared library libservo_message__rosidl_generator_c.so[0m
[ 22%] Built target servo_message__rosidl_generator_c
[ 25%] [34m[1mGenerating C introspection for ROS interfaces[0m
[35m[1mScanning dependencies of target servo_message__rosidl_typesupport_cpp[0m
[ 29%] [32mBuilding CXX object CMakeFiles/servo_message__rosidl_typesupport_cpp.dir/rosidl_typesupport_cpp/servo_message/msg/servo_message__type_support.cpp.o[0m
[35m[1mScanning dependencies of target servo_message__rosidl_typesupport_fastrtps_cpp[0m
[ 32%] [32mBuilding CXX object CMakeFiles/servo_message__rosidl_typesupport_fastrtps_cpp.dir/rosidl_typesupport_fastrtps_cpp/servo_message/msg/detail/dds_fastrtps/servo_message__type_support.cpp.o[0m
[35m[1mScanning dependencies of target servo_message__rosidl_typesupport_introspection_cpp[0m
[ 35%] [32mBuilding CXX object CMakeFiles/servo_message__rosidl_typesupport_introspection_cpp.dir/rosidl_typesupport_introspection_cpp/servo_message/msg/detail/servo_message__type_support.cpp.o[0m
[35m[1mScanning dependencies of target servo_message__rosidl_typesupport_introspection_c[0m
[ 38%] [32mBuilding C object CMakeFiles/servo_message__rosidl_typesupport_introspection_c.dir/rosidl_typesupport_introspection_c/servo_message/msg/detail/servo_message__type_support.c.o[0m
[ 41%] [32m[1mLinking C shared library libservo_message__rosidl_typesupport_introspection_c.so[0m
[ 41%] Built target servo_message__rosidl_typesupport_introspection_c
[ 45%] [34m[1mGenerating C type support dispatch for ROS interfaces[0m
[ 48%] [32m[1mLinking CXX shared library libservo_message__rosidl_typesupport_cpp.so[0m
[ 48%] Built target servo_message__rosidl_typesupport_cpp
[ 51%] [32m[1mLinking CXX shared library libservo_message__rosidl_typesupport_introspection_cpp.so[0m
[ 51%] Built target servo_message__rosidl_typesupport_introspection_cpp
[ 54%] [32m[1mLinking CXX shared library libservo_message__rosidl_typesupport_fastrtps_cpp.so[0m
[35m[1mScanning dependencies of target servo_message__rosidl_typesupport_c[0m
[ 58%] [32mBuilding CXX object CMakeFiles/servo_message__rosidl_typesupport_c.dir/rosidl_typesupport_c/servo_message/msg/servo_message__type_support.cpp.o[0m
[ 61%] [32m[1mLinking CXX shared library libservo_message__rosidl_typesupport_c.so[0m
[ 61%] Built target servo_message__rosidl_typesupport_c
[ 61%] Built target servo_message__rosidl_typesupport_fastrtps_cpp
[ 64%] [34m[1mGenerating C type support for eProsima Fast-RTPS[0m
[35m[1mScanning dependencies of target servo_message__rosidl_typesupport_fastrtps_c[0m
[ 67%] [32mBuilding CXX object CMakeFiles/servo_message__rosidl_typesupport_fastrtps_c.dir/rosidl_typesupport_fastrtps_c/servo_message/msg/detail/servo_message__type_support_c.cpp.o[0m
[ 70%] [32m[1mLinking CXX shared library libservo_message__rosidl_typesupport_fastrtps_c.so[0m
[ 70%] Built target servo_message__rosidl_typesupport_fastrtps_c
[ 70%] Built target servo_message
[ 74%] [34m[1mGenerating Python code for ROS interfaces[0m
[ 74%] Built target servo_message__py
[35m[1mScanning dependencies of target servo_message__python[0m
[ 77%] [32mBuilding C object CMakeFiles/servo_message__python.dir/rosidl_generator_py/servo_message/msg/_servo_message_s.c.o[0m
[ 80%] [32m[1mLinking C shared library rosidl_generator_py/servo_message/libservo_message__python.so[0m
[ 80%] Built target servo_message__python
[35m[1mScanning dependencies of target servo_message__rosidl_typesupport_introspection_c__pyext[0m
[35m[1mScanning dependencies of target servo_message__rosidl_typesupport_fastrtps_c__pyext[0m
[35m[1mScanning dependencies of target servo_message__rosidl_typesupport_c__pyext[0m
[ 83%] [32mBuilding C object CMakeFiles/servo_message__rosidl_typesupport_introspection_c__pyext.dir/rosidl_generator_py/servo_message/_servo_message_s.ep.rosidl_typesupport_introspection_c.c.o[0m
[ 90%] [32mBuilding C object CMakeFiles/servo_message__rosidl_typesupport_c__pyext.dir/rosidl_generator_py/servo_message/_servo_message_s.ep.rosidl_typesupport_c.c.o[0m
[ 90%] [32mBuilding C object CMakeFiles/servo_message__rosidl_typesupport_fastrtps_c__pyext.dir/rosidl_generator_py/servo_message/_servo_message_s.ep.rosidl_typesupport_fastrtps_c.c.o[0m
[ 96%] [32m[1mLinking C shared library rosidl_generator_py/servo_message/servo_message_s__rosidl_typesupport_c.cpython-38-x86_64-linux-gnu.so[0m
[ 96%] [32m[1mLinking C shared library rosidl_generator_py/servo_message/servo_message_s__rosidl_typesupport_introspection_c.cpython-38-x86_64-linux-gnu.so[0m
[100%] [32m[1mLinking CXX shared library rosidl_generator_py/servo_message/servo_message_s__rosidl_typesupport_fastrtps_c.cpython-38-x86_64-linux-gnu.so[0m
[100%] Built target servo_message__rosidl_typesupport_c__pyext
[100%] Built target servo_message__rosidl_typesupport_introspection_c__pyext
[100%] Built target servo_message__rosidl_typesupport_fastrtps_c__pyext
-- Install configuration: ""
-- Up-to-date: /home/max/PycharmProjects/my_ros2_ws/servo_message/install/servo_message/share/ament_index/resource_index/rosidl_interfaces/servo_message
-- Up-to-date: /home/max/PycharmProjects/my_ros2_ws/servo_message/install/servo_message/include/servo_message
-- Up-to-date: /home/max/PycharmProjects/my_ros2_ws/servo_message/install/servo_message/include/servo_message/msg
-- Installing: /home/max/PycharmProjects/my_ros2_ws/servo_message/install/servo_message/include/servo_message/msg/servo_message.h
-- Up-to-date: /home/max/PycharmProjects/my_ros2_ws/servo_message/install/servo_message/include/servo_message/msg/detail
-- Installing: /home/max/PycharmProjects/my_ros2_ws/servo_message/install/servo_message/include/servo_message/msg/detail/servo_message__functions.h
-- Installing: /home/max/PycharmProjects/my_ros2_ws/servo_message/install/servo_message/include/servo_message/msg/detail/servo_message__type_support.h
-- Installing: /home/max/PycharmProjects/my_ros2_ws/servo_message/install/servo_message/include/servo_message/msg/detail/servo_message__functions.c
-- Installing: /home/max/PycharmProjects/my_ros2_ws/servo_message/install/servo_message/include/servo_message/msg/detail/servo_message__struct.h
-- Up-to-date: /home/max/PycharmProjects/my_ros2_ws/servo_message/install/servo_message/include/servo_message/msg/rosidl_generator_c__visibility_control.h
-- Up-to-date: /home/max/PycharmProjects/my_ros2_ws/servo_message/install/servo_message/share/servo_message/environment/library_path.sh
-- Installing: /home/max/PycharmProjects/my_ros2_ws/servo_message/install/servo_message/share/servo_message/environment/library_path.dsv
-- Installing: /home/max/PycharmProjects/my_ros2_ws/servo_message/install/servo_message/lib/libservo_message__rosidl_generator_c.so
-- Set runtime path of "/home/max/PycharmProjects/my_ros2_ws/servo_message/install/servo_message/lib/libservo_message__rosidl_generator_c.so" to ""
-- Up-to-date: /home/max/PycharmProjects/my_ros2_ws/servo_message/install/servo_message/include/servo_message
-- Up-to-date: /home/max/PycharmProjects/my_ros2_ws/servo_message/install/servo_message/include/servo_message/msg
-- Up-to-date: /home/max/PycharmProjects/my_ros2_ws/servo_message/install/servo_message/include/servo_message/msg/rosidl_typesupport_fastrtps_c__visibility_control.h
-- Up-to-date: /home/max/PycharmProjects/my_ros2_ws/servo_message/install/servo_message/include/servo_message/msg/detail
-- Installing: /home/max/PycharmProjects/my_ros2_ws/servo_message/install/servo_message/include/servo_message/msg/detail/servo_message__rosidl_typesupport_fastrtps_c.h
-- Installing: /home/max/PycharmProjects/my_ros2_ws/servo_message/install/servo_message/lib/libservo_message__rosidl_typesupport_fastrtps_c.so
-- Set runtime path of "/home/max/PycharmProjects/my_ros2_ws/servo_message/install/servo_message/lib/libservo_message__rosidl_typesupport_fastrtps_c.so" to ""
-- Up-to-date: /home/max/PycharmProjects/my_ros2_ws/servo_message/install/servo_message/include/servo_message
-- Up-to-date: /home/max/PycharmProjects/my_ros2_ws/servo_message/install/servo_message/include/servo_message/msg
-- Up-to-date: /home/max/PycharmProjects/my_ros2_ws/servo_message/install/servo_message/include/servo_message/msg/rosidl_typesupport_fastrtps_cpp__visibility_control.h
-- Up-to-date: /home/max/PycharmProjects/my_ros2_ws/servo_message/install/servo_message/include/servo_message/msg/detail
-- Installing: /home/max/PycharmProjects/my_ros2_ws/servo_message/install/servo_message/include/servo_message/msg/detail/servo_message__rosidl_typesupport_fastrtps_cpp.hpp
-- Up-to-date: /home/max/PycharmProjects/my_ros2_ws/servo_message/install/servo_message/include/servo_message/msg/detail/dds_fastrtps
-- Installing: /home/max/PycharmProjects/my_ros2_ws/servo_message/install/servo_message/lib/libservo_message__rosidl_typesupport_fastrtps_cpp.so
-- Set runtime path of "/home/max/PycharmProjects/my_ros2_ws/servo_message/install/servo_message/lib/libservo_message__rosidl_typesupport_fastrtps_cpp.so" to ""
-- Up-to-date: /home/max/PycharmProjects/my_ros2_ws/servo_message/install/servo_message/include/servo_message
-- Up-to-date: /home/max/PycharmProjects/my_ros2_ws/servo_message/install/servo_message/include/servo_message/msg
-- Up-to-date: /home/max/PycharmProjects/my_ros2_ws/servo_message/install/servo_message/include/servo_message/msg/detail
-- Installing: /home/max/PycharmProjects/my_ros2_ws/servo_message/install/servo_message/include/servo_message/msg/detail/servo_message__type_support.c
-- Installing: /home/max/PycharmProjects/my_ros2_ws/servo_message/install/servo_message/include/servo_message/msg/detail/servo_message__rosidl_typesupport_introspection_c.h
-- Up-to-date: /home/max/PycharmProjects/my_ros2_ws/servo_message/install/servo_message/include/servo_message/msg/rosidl_typesupport_introspection_c__visibility_control.h
-- Installing: /home/max/PycharmProjects/my_ros2_ws/servo_message/install/servo_message/lib/libservo_message__rosidl_typesupport_introspection_c.so
-- Set runtime path of "/home/max/PycharmProjects/my_ros2_ws/servo_message/install/servo_message/lib/libservo_message__rosidl_typesupport_introspection_c.so" to ""
-- Installing: /home/max/PycharmProjects/my_ros2_ws/servo_message/install/servo_message/lib/libservo_message__rosidl_typesupport_c.so
-- Set runtime path of "/home/max/PycharmProjects/my_ros2_ws/servo_message/install/servo_message/lib/libservo_message__rosidl_typesupport_c.so" to ""
-- Up-to-date: /home/max/PycharmProjects/my_ros2_ws/servo_message/install/servo_message/include/servo_message
-- Up-to-date: /home/max/PycharmProjects/my_ros2_ws/servo_message/install/servo_message/include/servo_message/msg
-- Installing: /home/max/PycharmProjects/my_ros2_ws/servo_message/install/servo_message/include/servo_message/msg/servo_message.hpp
-- Up-to-date: /home/max/PycharmProjects/my_ros2_ws/servo_message/install/servo_message/include/servo_message/msg/detail
-- Installing: /home/max/PycharmProjects/my_ros2_ws/servo_message/install/servo_message/include/servo_message/msg/detail/servo_message__struct.hpp
-- Installing: /home/max/PycharmProjects/my_ros2_ws/servo_message/install/servo_message/include/servo_message/msg/detail/servo_message__traits.hpp
-- Installing: /home/max/PycharmProjects/my_ros2_ws/servo_message/install/servo_message/include/servo_message/msg/detail/servo_message__builder.hpp
-- Up-to-date: /home/max/PycharmProjects/my_ros2_ws/servo_message/install/servo_message/include/servo_message
-- Up-to-date: /home/max/PycharmProjects/my_ros2_ws/servo_message/install/servo_message/include/servo_message/msg
-- Up-to-date: /home/max/PycharmProjects/my_ros2_ws/servo_message/install/servo_message/include/servo_message/msg/detail
-- Installing: /home/max/PycharmProjects/my_ros2_ws/servo_message/install/servo_message/include/servo_message/msg/detail/servo_message__type_support.cpp
-- Installing: /home/max/PycharmProjects/my_ros2_ws/servo_message/install/servo_message/include/servo_message/msg/detail/servo_message__rosidl_typesupport_introspection_cpp.hpp
-- Installing: /home/max/PycharmProjects/my_ros2_ws/servo_message/install/servo_message/lib/libservo_message__rosidl_typesupport_introspection_cpp.so
-- Set runtime path of "/home/max/PycharmProjects/my_ros2_ws/servo_message/install/servo_message/lib/libservo_message__rosidl_typesupport_introspection_cpp.so" to ""
-- Installing: /home/max/PycharmProjects/my_ros2_ws/servo_message/install/servo_message/lib/libservo_message__rosidl_typesupport_cpp.so
-- Set runtime path of "/home/max/PycharmProjects/my_ros2_ws/servo_message/install/servo_message/lib/libservo_message__rosidl_typesupport_cpp.so" to ""
-- Up-to-date: /home/max/PycharmProjects/my_ros2_ws/servo_message/install/servo_message/share/servo_message/environment/pythonpath.sh
-- Installing: /home/max/PycharmProjects/my_ros2_ws/servo_message/install/servo_message/share/servo_message/environment/pythonpath.dsv
-- Installing: /home/max/PycharmProjects/my_ros2_ws/servo_message/install/servo_message/lib/python3.8/site-packages/servo_message/__init__.py
Compiling '/home/max/PycharmProjects/my_ros2_ws/servo_message/install/servo_message/lib/python3.8/site-packages/servo_message/__init__.py'...
-- Up-to-date: /home/max/PycharmProjects/my_ros2_ws/servo_message/install/servo_message/lib/python3.8/site-packages/servo_message/msg
-- Installing: /home/max/PycharmProjects/my_ros2_ws/servo_message/install/servo_message/lib/python3.8/site-packages/servo_message/msg/__init__.py
-- Installing: /home/max/PycharmProjects/my_ros2_ws/servo_message/install/servo_message/lib/python3.8/site-packages/servo_message/msg/_servo_message_s.c
-- Installing: /home/max/PycharmProjects/my_ros2_ws/servo_message/install/servo_message/lib/python3.8/site-packages/servo_message/msg/_servo_message.py
-- Installing: /home/max/PycharmProjects/my_ros2_ws/servo_message/install/servo_message/lib/python3.8/site-packages/servo_message/servo_message_s__rosidl_typesupport_fastrtps_c.cpython-38-x86_64-linux-gnu.so
-- Set runtime path of "/home/max/PycharmProjects/my_ros2_ws/servo_message/install/servo_message/lib/python3.8/site-packages/servo_message/servo_message_s__rosidl_typesupport_fastrtps_c.cpython-38-x86_64-linux-gnu.so" to ""
-- Installing: /home/max/PycharmProjects/my_ros2_ws/servo_message/install/servo_message/lib/python3.8/site-packages/servo_message/servo_message_s__rosidl_typesupport_introspection_c.cpython-38-x86_64-linux-gnu.so
-- Set runtime path of "/home/max/PycharmProjects/my_ros2_ws/servo_message/install/servo_message/lib/python3.8/site-packages/servo_message/servo_message_s__rosidl_typesupport_introspection_c.cpython-38-x86_64-linux-gnu.so" to ""
-- Installing: /home/max/PycharmProjects/my_ros2_ws/servo_message/install/servo_message/lib/python3.8/site-packages/servo_message/servo_message_s__rosidl_typesupport_c.cpython-38-x86_64-linux-gnu.so
-- Set runtime path of "/home/max/PycharmProjects/my_ros2_ws/servo_message/install/servo_message/lib/python3.8/site-packages/servo_message/servo_message_s__rosidl_typesupport_c.cpython-38-x86_64-linux-gnu.so" to ""
-- Installing: /home/max/PycharmProjects/my_ros2_ws/servo_message/install/servo_message/lib/libservo_message__python.so
-- Set runtime path of "/home/max/PycharmProjects/my_ros2_ws/servo_message/install/servo_message/lib/libservo_message__python.so" to ""
-- Installing: /home/max/PycharmProjects/my_ros2_ws/servo_message/install/servo_message/share/servo_message/msg/ServoMessage.idl
-- Installing: /home/max/PycharmProjects/my_ros2_ws/servo_message/install/servo_message/share/servo_message/msg/ServoMessage.msg
-- Up-to-date: /home/max/PycharmProjects/my_ros2_ws/servo_message/install/servo_message/share/ament_index/resource_index/package_run_dependencies/servo_message
-- Up-to-date: /home/max/PycharmProjects/my_ros2_ws/servo_message/install/servo_message/share/ament_index/resource_index/parent_prefix_path/servo_message
-- Up-to-date: /home/max/PycharmProjects/my_ros2_ws/servo_message/install/servo_message/share/servo_message/environment/ament_prefix_path.sh
-- Installing: /home/max/PycharmProjects/my_ros2_ws/servo_message/install/servo_message/share/servo_message/environment/ament_prefix_path.dsv
-- Up-to-date: /home/max/PycharmProjects/my_ros2_ws/servo_message/install/servo_message/share/servo_message/environment/path.sh
-- Installing: /home/max/PycharmProjects/my_ros2_ws/servo_message/install/servo_message/share/servo_message/environment/path.dsv
-- Up-to-date: /home/max/PycharmProjects/my_ros2_ws/servo_message/install/servo_message/share/servo_message/local_setup.bash
-- Up-to-date: /home/max/PycharmProjects/my_ros2_ws/servo_message/install/servo_message/share/servo_message/local_setup.sh
-- Up-to-date: /home/max/PycharmProjects/my_ros2_ws/servo_message/install/servo_message/share/servo_message/local_setup.zsh
-- Installing: /home/max/PycharmProjects/my_ros2_ws/servo_message/install/servo_message/share/servo_message/local_setup.dsv
-- Installing: /home/max/PycharmProjects/my_ros2_ws/servo_message/install/servo_message/share/servo_message/package.dsv
-- Up-to-date: /home/max/PycharmProjects/my_ros2_ws/servo_message/install/servo_message/share/ament_index/resource_index/packages/servo_message
-- Up-to-date: /home/max/PycharmProjects/my_ros2_ws/servo_message/install/servo_message/share/servo_message/cmake/servo_message__rosidl_generator_cExport.cmake
-- Installing: /home/max/PycharmProjects/my_ros2_ws/servo_message/install/servo_message/share/servo_message/cmake/servo_message__rosidl_generator_cExport-noconfig.cmake
-- Up-to-date: /home/max/PycharmProjects/my_ros2_ws/servo_message/install/servo_message/share/servo_message/cmake/servo_message__rosidl_typesupport_introspection_cExport.cmake
-- Installing: /home/max/PycharmProjects/my_ros2_ws/servo_message/install/servo_message/share/servo_message/cmake/servo_message__rosidl_typesupport_introspection_cExport-noconfig.cmake
-- Up-to-date: /home/max/PycharmProjects/my_ros2_ws/servo_message/install/servo_message/share/servo_message/cmake/servo_message__rosidl_typesupport_cExport.cmake
-- Installing: /home/max/PycharmProjects/my_ros2_ws/servo_message/install/servo_message/share/servo_message/cmake/servo_message__rosidl_typesupport_cExport-noconfig.cmake
-- Up-to-date: /home/max/PycharmProjects/my_ros2_ws/servo_message/install/servo_message/share/servo_message/cmake/servo_message__rosidl_generator_cppExport.cmake
-- Up-to-date: /home/max/PycharmProjects/my_ros2_ws/servo_message/install/servo_message/share/servo_message/cmake/servo_message__rosidl_typesupport_introspection_cppExport.cmake
-- Installing: /home/max/PycharmProjects/my_ros2_ws/servo_message/install/servo_message/share/servo_message/cmake/servo_message__rosidl_typesupport_introspection_cppExport-noconfig.cmake
-- Up-to-date: /home/max/PycharmProjects/my_ros2_ws/servo_message/install/servo_message/share/servo_message/cmake/servo_message__rosidl_typesupport_cppExport.cmake
-- Installing: /home/max/PycharmProjects/my_ros2_ws/servo_message/install/servo_message/share/servo_message/cmake/servo_message__rosidl_typesupport_cppExport-noconfig.cmake
-- Up-to-date: /home/max/PycharmProjects/my_ros2_ws/servo_message/install/servo_message/share/servo_message/cmake/rosidl_cmake-extras.cmake
-- Up-to-date: /home/max/PycharmProjects/my_ros2_ws/servo_message/install/servo_message/share/servo_message/cmake/ament_cmake_export_dependencies-extras.cmake
-- Up-to-date: /home/max/PycharmProjects/my_ros2_ws/servo_message/install/servo_message/share/servo_message/cmake/ament_cmake_export_libraries-extras.cmake
-- Up-to-date: /home/max/PycharmProjects/my_ros2_ws/servo_message/install/servo_message/share/servo_message/cmake/ament_cmake_export_targets-extras.cmake
-- Up-to-date: /home/max/PycharmProjects/my_ros2_ws/servo_message/install/servo_message/share/servo_message/cmake/ament_cmake_export_include_directories-extras.cmake
-- Up-to-date: /home/max/PycharmProjects/my_ros2_ws/servo_message/install/servo_message/share/servo_message/cmake/rosidl_cmake_export_typesupport_libraries-extras.cmake
-- Up-to-date: /home/max/PycharmProjects/my_ros2_ws/servo_message/install/servo_message/share/servo_message/cmake/rosidl_cmake_export_typesupport_targets-extras.cmake
-- Up-to-date: /home/max/PycharmProjects/my_ros2_ws/servo_message/install/servo_message/share/servo_message/cmake/servo_messageConfig.cmake
-- Up-to-date: /home/max/PycharmProjects/my_ros2_ws/servo_message/install/servo_message/share/servo_message/cmake/servo_messageConfig-version.cmake
-- Up-to-date: /home/max/PycharmProjects/my_ros2_ws/servo_message/install/servo_message/share/servo_message/package.xml
